#
# There is insufficient memory for the Java Runtime Environment to continue.
# Native memory allocation (malloc) failed to allocate 1090416 bytes for Chunk::new
# Possible reasons:
#   The system is out of physical RAM or swap space
#   The process is running with CompressedOops enabled, and the Java Heap may be blocking the growth of the native heap
# Possible solutions:
#   Reduce memory load on the system
#   Increase physical memory or swap space
#   Check if swap backing store is full
#   Decrease Java heap size (-Xmx/-Xms)
#   Decrease number of Java threads
#   Decrease Java thread stack sizes (-Xss)
#   Set larger code cache with -XX:ReservedCodeCacheSize=
#   JVM is running with Unscaled Compressed Oops mode in which the Java heap is
#     placed in the first 4GB address space. The Java Heap base address is the
#     maximum limit for the native heap growth. Please use -XX:HeapBaseMinAddress
#     to set the Java Heap base and to place the Java Heap above 4GB virtual address.
# This output file may be truncated or incomplete.
#
#  Out of Memory Error (./src/hotspot/share/memory/arena.cpp:197), pid=17996, tid=6472
#
# JRE version: OpenJDK Runtime Environment (11.0.10) (build 11.0.10+0-b96-7249189)
# Java VM: OpenJDK 64-Bit Server VM (11.0.10+0-b96-7249189, mixed mode, tiered, compressed oops, g1 gc, windows-amd64)
# No core dump will be written. Minidumps are not enabled by default on client versions of Windows
#

---------------  S U M M A R Y ------------

Command Line: --add-opens=java.base/java.util=ALL-UNNAMED --add-opens=java.base/java.lang=ALL-UNNAMED --add-opens=java.base/java.lang.invoke=ALL-UNNAMED --add-opens=java.base/java.util=ALL-UNNAMED --add-opens=java.prefs/java.util.prefs=ALL-UNNAMED --add-opens=java.prefs/java.util.prefs=ALL-UNNAMED --add-opens=java.base/java.nio.charset=ALL-UNNAMED --add-opens=java.base/java.net=ALL-UNNAMED --add-opens=java.base/java.util.concurrent.atomic=ALL-UNNAMED -Xmx2048m -Dfile.encoding=UTF-8 -Duser.country=US -Duser.language=en -Duser.variant org.gradle.launcher.daemon.bootstrap.GradleDaemon 7.0.2

Host: Intel(R) Core(TM) i7-6700 CPU @ 3.40GHz, 8 cores, 15G,  Windows 10 , 64 bit Build 19041 (10.0.19041.1202)
Time: Fri Nov  5 12:58:24 2021 W. Europe Standard Time elapsed time: 7.366034 seconds (0d 0h 0m 7s)

---------------  T H R E A D  ---------------

Current thread (0x0000017dfecc5000):  JavaThread "C2 CompilerThread0" daemon [_thread_in_native, id=6472, stack(0x00000079c6600000,0x00000079c6700000)]


Current CompileTask:
C2:   7366 6169       4       java.util.TreeMap::put (247 bytes)

Stack: [0x00000079c6600000,0x00000079c6700000]
Native frames: (J=compiled Java code, j=interpreted, Vv=VM code, C=native code)
V  [jvm.dll+0x5ecfaa]
V  [jvm.dll+0x722bd5]
V  [jvm.dll+0x72412d]
V  [jvm.dll+0x7247e3]
V  [jvm.dll+0x242928]
V  [jvm.dll+0xbc4fc]
V  [jvm.dll+0xbca0c]
V  [jvm.dll+0x352d3b]
V  [jvm.dll+0x320ad3]
V  [jvm.dll+0x31ffca]
V  [jvm.dll+0x1fb602]
V  [jvm.dll+0x1fa7f4]
V  [jvm.dll+0x18354c]
V  [jvm.dll+0x208ee7]
V  [jvm.dll+0x207731]
V  [jvm.dll+0x6eb1cf]
V  [jvm.dll+0x6e3d45]
V  [jvm.dll+0x5ebe96]
C  [ucrtbase.dll+0x21bb2]
C  [KERNEL32.DLL+0x17034]
C  [ntdll.dll+0x52651]


---------------  P R O C E S S  ---------------

Threads class SMR info:
_java_thread_list=0x0000017d91cd79a0, length=52, elements={
0x0000017df2f6f800, 0x0000017dfec53800, 0x0000017dfec57000, 0x0000017dfecb8800,
0x0000017dfecba000, 0x0000017dfecbc000, 0x0000017dfecc5000, 0x0000017dfeccf000,
0x0000017dfecd6800, 0x0000017dfee29800, 0x0000017d8f3f1000, 0x0000017d8f3f2000,
0x0000017d8f3ed000, 0x0000017d8f3ee000, 0x0000017d8f3ef000, 0x0000017d8f3f0800,
0x0000017d8f3f3000, 0x0000017d8f3ef800, 0x0000017d8f3f3800, 0x0000017d90534800,
0x0000017d90533000, 0x0000017d90535800, 0x0000017d90532000, 0x0000017d90537000,
0x0000017d90531800, 0x0000017d90538800, 0x0000017d90538000, 0x0000017d90539800,
0x0000017d90533800, 0x0000017d9053b000, 0x0000017d9053a800, 0x0000017d9053c000,
0x0000017d90540000, 0x0000017d9053d800, 0x0000017d9053f000, 0x0000017d91c7b000,
0x0000017d91c79800, 0x0000017d91c7d800, 0x0000017d91c7e800, 0x0000017d91c7f800,
0x0000017d91c80000, 0x0000017d91c7a800, 0x0000017d91c81000, 0x0000017d91c81800,
0x0000017d91c88800, 0x0000017d91c84000, 0x0000017d91c86000, 0x0000017d91c85000,
0x0000017d91c83800, 0x0000017d91c82800, 0x0000017d91c86800, 0x0000017d91c87800
}

Java Threads: ( => current thread )
  0x0000017df2f6f800 JavaThread "main" [_thread_blocked, id=840, stack(0x00000079c5a00000,0x00000079c5b00000)]
  0x0000017dfec53800 JavaThread "Reference Handler" daemon [_thread_blocked, id=17328, stack(0x00000079c6100000,0x00000079c6200000)]
  0x0000017dfec57000 JavaThread "Finalizer" daemon [_thread_blocked, id=15932, stack(0x00000079c6200000,0x00000079c6300000)]
  0x0000017dfecb8800 JavaThread "Signal Dispatcher" daemon [_thread_blocked, id=4540, stack(0x00000079c6300000,0x00000079c6400000)]
  0x0000017dfecba000 JavaThread "Attach Listener" daemon [_thread_blocked, id=16404, stack(0x00000079c6400000,0x00000079c6500000)]
  0x0000017dfecbc000 JavaThread "Service Thread" daemon [_thread_blocked, id=2552, stack(0x00000079c6500000,0x00000079c6600000)]
=>0x0000017dfecc5000 JavaThread "C2 CompilerThread0" daemon [_thread_in_native, id=6472, stack(0x00000079c6600000,0x00000079c6700000)]
  0x0000017dfeccf000 JavaThread "C1 CompilerThread0" daemon [_thread_blocked, id=8304, stack(0x00000079c6700000,0x00000079c6800000)]
  0x0000017dfecd6800 JavaThread "Sweeper thread" daemon [_thread_blocked, id=3612, stack(0x00000079c6800000,0x00000079c6900000)]
  0x0000017dfee29800 JavaThread "Common-Cleaner" daemon [_thread_blocked, id=16072, stack(0x00000079c6900000,0x00000079c6a00000)]
  0x0000017d8f3f1000 JavaThread "Daemon health stats" [_thread_blocked, id=18260, stack(0x00000079c7200000,0x00000079c7300000)]
  0x0000017d8f3f2000 JavaThread "Incoming local TCP Connector on port 59074" [_thread_in_native, id=11824, stack(0x00000079c6b00000,0x00000079c6c00000)]
  0x0000017d8f3ed000 JavaThread "Daemon periodic checks" [_thread_blocked, id=13304, stack(0x00000079c6c00000,0x00000079c6d00000)]
  0x0000017d8f3ee000 JavaThread "Daemon" [_thread_blocked, id=988, stack(0x00000079c7300000,0x00000079c7400000)]
  0x0000017d8f3ef000 JavaThread "Handler for socket connection from /127.0.0.1:59074 to /127.0.0.1:59075" [_thread_in_native, id=17352, stack(0x00000079c7400000,0x00000079c7500000)]
  0x0000017d8f3f0800 JavaThread "Cancel handler" [_thread_blocked, id=15344, stack(0x00000079c7500000,0x00000079c7600000)]
  0x0000017d8f3f3000 JavaThread "Daemon worker" [_thread_in_vm, id=2656, stack(0x00000079c7600000,0x00000079c7700000)]
  0x0000017d8f3ef800 JavaThread "Asynchronous log dispatcher for DefaultDaemonConnection: socket connection from /127.0.0.1:59074 to /127.0.0.1:59075" [_thread_blocked, id=16148, stack(0x00000079c7700000,0x00000079c7800000)]
  0x0000017d8f3f3800 JavaThread "Stdin handler" [_thread_blocked, id=12760, stack(0x00000079c7800000,0x00000079c7900000)]
  0x0000017d90534800 JavaThread "Daemon client event forwarder" [_thread_blocked, id=5100, stack(0x00000079c7900000,0x00000079c7a00000)]
  0x0000017d90533000 JavaThread "Cache worker for file hash cache (C:\Users\Ando\.gradle\caches\7.0.2\fileHashes)" [_thread_blocked, id=7092, stack(0x00000079c7a00000,0x00000079c7b00000)]
  0x0000017d90535800 JavaThread "File lock request listener" [_thread_in_native, id=12176, stack(0x00000079c7b00000,0x00000079c7c00000)]
  0x0000017d90532000 JavaThread "Cache worker for journal cache (C:\Users\Ando\.gradle\caches\journal-1)" [_thread_blocked, id=4504, stack(0x00000079c7f00000,0x00000079c8000000)]
  0x0000017d90537000 JavaThread "C2 CompilerThread1" daemon [_thread_blocked, id=16884, stack(0x00000079c8000000,0x00000079c8100000)]
  0x0000017d90531800 JavaThread "Cache worker for file hash cache (C:\Users\Ando\Documents\skole\mobilprog\Hovedprojekt\Homework_Planer\.gradle\7.0.2\fileHashes)" [_thread_blocked, id=14388, stack(0x00000079c8100000,0x00000079c8200000)]
  0x0000017d90538800 JavaThread "File watcher server" daemon [_thread_in_native, id=6900, stack(0x00000079c8200000,0x00000079c8300000)]
  0x0000017d90538000 JavaThread "File watcher consumer" daemon [_thread_blocked, id=13792, stack(0x00000079c8300000,0x00000079c8400000)]
  0x0000017d90539800 JavaThread "Cache worker for checksums cache (C:\Users\Ando\Documents\skole\mobilprog\Hovedprojekt\Homework_Planer\.gradle\checksums)" [_thread_blocked, id=15444, stack(0x00000079c8400000,0x00000079c8500000)]
  0x0000017d90533800 JavaThread "Cache worker for cache directory md-supplier (C:\Users\Ando\.gradle\caches\7.0.2\md-supplier)" [_thread_blocked, id=9436, stack(0x00000079c8500000,0x00000079c8600000)]
  0x0000017d9053b000 JavaThread "C2 CompilerThread2" daemon [_thread_blocked, id=16564, stack(0x00000079c8600000,0x00000079c8700000)]
  0x0000017d9053a800 JavaThread "Cache worker for cache directory md-rule (C:\Users\Ando\.gradle\caches\7.0.2\md-rule)" [_thread_blocked, id=8216, stack(0x00000079c8700000,0x00000079c8800000)]
  0x0000017d9053c000 JavaThread "Cache worker for execution history cache (C:\Users\Ando\.gradle\caches\7.0.2\executionHistory)" [_thread_blocked, id=8688, stack(0x00000079c8800000,0x00000079c8900000)]
  0x0000017d90540000 JavaThread "jar transforms" [_thread_blocked, id=8412, stack(0x00000079c8900000,0x00000079c8a00000)]
  0x0000017d9053d800 JavaThread "jar transforms Thread 2" [_thread_blocked, id=3740, stack(0x00000079c8a00000,0x00000079c8b00000)]
  0x0000017d9053f000 JavaThread "Cache worker for file content cache (C:\Users\Ando\.gradle\caches\7.0.2\fileContent)" [_thread_blocked, id=4500, stack(0x00000079c8b00000,0x00000079c8c00000)]
  0x0000017d91c7b000 JavaThread "Cache worker for dependencies-accessors (C:\Users\Ando\Documents\skole\mobilprog\Hovedprojekt\Homework_Planer\.gradle\7.0.2\dependencies-accessors)" [_thread_blocked, id=6880, stack(0x00000079c8c00000,0x00000079c8d00000)]
  0x0000017d91c79800 JavaThread "jar transforms Thread 3" [_thread_blocked, id=5044, stack(0x00000079c8d00000,0x00000079c8e00000)]
  0x0000017d91c7d800 JavaThread "Cache worker for Build Output Cleanup Cache (C:\Users\Ando\Documents\skole\mobilprog\Hovedprojekt\Homework_Planer\.gradle\buildOutputCleanup)" [_thread_blocked, id=17868, stack(0x00000079c8e00000,0x00000079c8f00000)]
  0x0000017d91c7e800 JavaThread "Build operations" [_thread_blocked, id=13760, stack(0x00000079c8f00000,0x00000079c9000000)]
  0x0000017d91c7f800 JavaThread "Build operations Thread 2" [_thread_blocked, id=5512, stack(0x00000079c9000000,0x00000079c9100000)]
  0x0000017d91c80000 JavaThread "Build operations Thread 3" [_thread_blocked, id=4716, stack(0x00000079c9100000,0x00000079c9200000)]
  0x0000017d91c7a800 JavaThread "Build operations Thread 4" [_thread_blocked, id=15960, stack(0x00000079c9200000,0x00000079c9300000)]
  0x0000017d91c81000 JavaThread "Build operations Thread 5" [_thread_blocked, id=15104, stack(0x00000079c9300000,0x00000079c9400000)]
  0x0000017d91c81800 JavaThread "Build operations Thread 6" [_thread_blocked, id=6388, stack(0x00000079c9400000,0x00000079c9500000)]
  0x0000017d91c88800 JavaThread "Build operations Thread 7" [_thread_blocked, id=15784, stack(0x00000079c9500000,0x00000079c9600000)]
  0x0000017d91c84000 JavaThread "Build operations Thread 8" [_thread_blocked, id=13380, stack(0x00000079c9600000,0x00000079c9700000)]
  0x0000017d91c86000 JavaThread "jar transforms Thread 4" [_thread_blocked, id=4744, stack(0x00000079c9700000,0x00000079c9800000)]
  0x0000017d91c85000 JavaThread "jar transforms Thread 5" [_thread_blocked, id=15920, stack(0x00000079c9800000,0x00000079c9900000)]
  0x0000017d91c83800 JavaThread "jar transforms Thread 6" [_thread_blocked, id=9960, stack(0x00000079c9900000,0x00000079c9a00000)]
  0x0000017d91c82800 JavaThread "jar transforms Thread 7" [_thread_blocked, id=17612, stack(0x00000079c9a00000,0x00000079c9b00000)]
  0x0000017d91c86800 JavaThread "jar transforms Thread 8" [_thread_blocked, id=7412, stack(0x00000079c9b00000,0x00000079c9c00000)]
  0x0000017d91c87800 JavaThread "Memory manager" [_thread_blocked, id=3188, stack(0x00000079ca000000,0x00000079ca100000)]

Other Threads:
  0x0000017dfec50000 VMThread "VM Thread" [stack: 0x00000079c6000000,0x00000079c6100000] [id=8392]
  0x0000017dfee7b000 WatcherThread [stack: 0x00000079c6a00000,0x00000079c6b00000] [id=460]
  0x0000017df2f87000 GCTaskThread "GC Thread#0" [stack: 0x00000079c5b00000,0x00000079c5c00000] [id=17044]
  0x0000017d8f34a800 GCTaskThread "GC Thread#1" [stack: 0x00000079c6d00000,0x00000079c6e00000] [id=13124]
  0x0000017d8f5b2800 GCTaskThread "GC Thread#2" [stack: 0x00000079c6e00000,0x00000079c6f00000] [id=10596]
  0x0000017d8f401000 GCTaskThread "GC Thread#3" [stack: 0x00000079c6f00000,0x00000079c7000000] [id=12836]
  0x0000017d8f1d9000 GCTaskThread "GC Thread#4" [stack: 0x00000079c7000000,0x00000079c7100000] [id=9432]
  0x0000017d8f0aa800 GCTaskThread "GC Thread#5" [stack: 0x00000079c7100000,0x00000079c7200000] [id=3248]
  0x0000017d90b31800 GCTaskThread "GC Thread#6" [stack: 0x00000079c7c00000,0x00000079c7d00000] [id=8676]
  0x0000017d8ffc5000 GCTaskThread "GC Thread#7" [stack: 0x00000079c7d00000,0x00000079c7e00000] [id=2408]
  0x0000017df2fb7000 ConcurrentGCThread "G1 Main Marker" [stack: 0x00000079c5c00000,0x00000079c5d00000] [id=3804]
  0x0000017df2fb8000 ConcurrentGCThread "G1 Conc#0" [stack: 0x00000079c5d00000,0x00000079c5e00000] [id=16580]
  0x0000017d90211800 ConcurrentGCThread "G1 Conc#1" [stack: 0x00000079c7e00000,0x00000079c7f00000] [id=14828]
  0x0000017dfe298800 ConcurrentGCThread "G1 Refine#0" [stack: 0x00000079c5e00000,0x00000079c5f00000] [id=6748]
  0x0000017d951d5000 ConcurrentGCThread "G1 Refine#1" [stack: 0x00000079c9c00000,0x00000079c9d00000] [id=224]
  0x0000017d8f2c1000 ConcurrentGCThread "G1 Refine#2" [stack: 0x00000079c9d00000,0x00000079c9e00000] [id=15424]
  0x0000017d9497b000 ConcurrentGCThread "G1 Refine#3" [stack: 0x00000079c9e00000,0x00000079c9f00000] [id=15548]
  0x0000017d931f0000 ConcurrentGCThread "G1 Refine#4" [stack: 0x00000079c9f00000,0x00000079ca000000] [id=11816]
  0x0000017dfe299000 ConcurrentGCThread "G1 Young RemSet Sampling" [stack: 0x00000079c5f00000,0x00000079c6000000] [id=12876]

Threads with active compile tasks:
C2 CompilerThread0   7394 6169       4       java.util.TreeMap::put (247 bytes)

VM state:not at safepoint (normal execution)

VM Mutex/Monitor currently owned by a thread: None

Heap address: 0x0000000080000000, size: 2048 MB, Compressed Oops mode: 32-bit
Narrow klass base: 0x0000000000000000, Narrow klass shift: 3
Compressed class space size: 1073741824 Address: 0x0000000100000000

Heap:
 garbage-first heap   total 262144K, used 91356K [0x0000000080000000, 0x0000000100000000)
  region size 1024K, 44 young (45056K), 3 survivors (3072K)
 Metaspace       used 62256K, capacity 63699K, committed 63820K, reserved 1103872K
  class space    used 7914K, capacity 8444K, committed 8524K, reserved 1048576K
Heap Regions: E=young(eden), S=young(survivor), O=old, HS=humongous(starts), HC=humongous(continues), CS=collection set, F=free, A=archive, TAMS=top-at-mark-start (previous, next)
|   0|0x0000000080000000, 0x0000000080100000, 0x0000000080100000|100%| O|  |TAMS 0x0000000080100000, 0x0000000080000000| Untracked 
|   1|0x0000000080100000, 0x0000000080200000, 0x0000000080200000|100%| O|  |TAMS 0x0000000080200000, 0x0000000080100000| Untracked 
|   2|0x0000000080200000, 0x0000000080300000, 0x0000000080300000|100%| O|  |TAMS 0x0000000080300000, 0x0000000080200000| Untracked 
|   3|0x0000000080300000, 0x0000000080400000, 0x0000000080400000|100%|HS|  |TAMS 0x0000000080400000, 0x0000000080300000| Complete 
|   4|0x0000000080400000, 0x0000000080500000, 0x0000000080500000|100%|HC|  |TAMS 0x0000000080500000, 0x0000000080400000| Complete 
|   5|0x0000000080500000, 0x0000000080600000, 0x0000000080600000|100%|HC|  |TAMS 0x0000000080600000, 0x0000000080500000| Complete 
|   6|0x0000000080600000, 0x0000000080700000, 0x0000000080700000|100%| O|  |TAMS 0x0000000080700000, 0x0000000080600000| Untracked 
|   7|0x0000000080700000, 0x0000000080800000, 0x0000000080800000|100%| O|  |TAMS 0x0000000080800000, 0x0000000080700000| Untracked 
|   8|0x0000000080800000, 0x0000000080900000, 0x0000000080900000|100%| O|  |TAMS 0x0000000080900000, 0x0000000080800000| Untracked 
|   9|0x0000000080900000, 0x0000000080a00000, 0x0000000080a00000|100%| O|  |TAMS 0x0000000080a00000, 0x0000000080900000| Untracked 
|  10|0x0000000080a00000, 0x0000000080b00000, 0x0000000080b00000|100%| O|  |TAMS 0x0000000080b00000, 0x0000000080a00000| Untracked 
|  11|0x0000000080b00000, 0x0000000080c00000, 0x0000000080c00000|100%| O|  |TAMS 0x0000000080c00000, 0x0000000080b00000| Untracked 
|  12|0x0000000080c00000, 0x0000000080d00000, 0x0000000080d00000|100%| O|  |TAMS 0x0000000080d00000, 0x0000000080c00000| Untracked 
|  13|0x0000000080d00000, 0x0000000080e00000, 0x0000000080e00000|100%| O|  |TAMS 0x0000000080e00000, 0x0000000080d00000| Untracked 
|  14|0x0000000080e00000, 0x0000000080f00000, 0x0000000080f00000|100%| O|  |TAMS 0x0000000080f00000, 0x0000000080e00000| Untracked 
|  15|0x0000000080f00000, 0x0000000081000000, 0x0000000081000000|100%| O|  |TAMS 0x0000000081000000, 0x0000000080f00000| Untracked 
|  16|0x0000000081000000, 0x0000000081100000, 0x0000000081100000|100%|HS|  |TAMS 0x0000000081100000, 0x0000000081000000| Complete 
|  17|0x0000000081100000, 0x0000000081200000, 0x0000000081200000|100%|HS|  |TAMS 0x0000000081200000, 0x0000000081100000| Complete 
|  18|0x0000000081200000, 0x0000000081300000, 0x0000000081300000|100%|HS|  |TAMS 0x0000000081300000, 0x0000000081200000| Complete 
|  19|0x0000000081300000, 0x0000000081400000, 0x0000000081400000|100%|HC|  |TAMS 0x0000000081400000, 0x0000000081300000| Complete 
|  20|0x0000000081400000, 0x0000000081500000, 0x0000000081500000|100%|HC|  |TAMS 0x0000000081500000, 0x0000000081400000| Complete 
|  21|0x0000000081500000, 0x0000000081600000, 0x0000000081600000|100%|HS|  |TAMS 0x0000000081600000, 0x0000000081500000| Complete 
|  22|0x0000000081600000, 0x0000000081700000, 0x0000000081700000|100%|HC|  |TAMS 0x0000000081700000, 0x0000000081600000| Complete 
|  23|0x0000000081700000, 0x0000000081800000, 0x0000000081800000|100%| O|  |TAMS 0x0000000081800000, 0x0000000081700000| Untracked 
|  24|0x0000000081800000, 0x0000000081900000, 0x0000000081900000|100%| O|  |TAMS 0x0000000081900000, 0x0000000081800000| Untracked 
|  25|0x0000000081900000, 0x0000000081a00000, 0x0000000081a00000|100%| O|  |TAMS 0x0000000081a00000, 0x0000000081900000| Untracked 
|  26|0x0000000081a00000, 0x0000000081b00000, 0x0000000081b00000|100%| O|  |TAMS 0x0000000081b00000, 0x0000000081a00000| Untracked 
|  27|0x0000000081b00000, 0x0000000081c00000, 0x0000000081c00000|100%| O|  |TAMS 0x0000000081c00000, 0x0000000081b00000| Untracked 
|  28|0x0000000081c00000, 0x0000000081d00000, 0x0000000081d00000|100%| O|  |TAMS 0x0000000081d00000, 0x0000000081c00000| Untracked 
|  29|0x0000000081d00000, 0x0000000081e00000, 0x0000000081e00000|100%| O|  |TAMS 0x0000000081e00000, 0x0000000081d00000| Untracked 
|  30|0x0000000081e00000, 0x0000000081f00000, 0x0000000081f00000|100%| O|  |TAMS 0x0000000081f00000, 0x0000000081e00000| Untracked 
|  31|0x0000000081f00000, 0x0000000082000000, 0x0000000082000000|100%| O|  |TAMS 0x0000000082000000, 0x0000000081f00000| Untracked 
|  32|0x0000000082000000, 0x0000000082100000, 0x0000000082100000|100%| O|  |TAMS 0x0000000082100000, 0x0000000082000000| Untracked 
|  33|0x0000000082100000, 0x0000000082200000, 0x0000000082200000|100%| O|  |TAMS 0x0000000082200000, 0x0000000082100000| Untracked 
|  34|0x0000000082200000, 0x0000000082300000, 0x0000000082300000|100%| O|  |TAMS 0x0000000082300000, 0x0000000082200000| Untracked 
|  35|0x0000000082300000, 0x0000000082400000, 0x0000000082400000|100%| O|  |TAMS 0x0000000082400000, 0x0000000082300000| Untracked 
|  36|0x0000000082400000, 0x0000000082500000, 0x0000000082500000|100%| O|  |TAMS 0x0000000082500000, 0x0000000082400000| Untracked 
|  37|0x0000000082500000, 0x0000000082600000, 0x0000000082600000|100%| O|  |TAMS 0x0000000082600000, 0x0000000082500000| Untracked 
|  38|0x0000000082600000, 0x0000000082700000, 0x0000000082700000|100%| O|  |TAMS 0x0000000082700000, 0x0000000082600000| Untracked 
|  39|0x0000000082700000, 0x0000000082800000, 0x0000000082800000|100%| O|  |TAMS 0x0000000082800000, 0x0000000082700000| Untracked 
|  40|0x0000000082800000, 0x0000000082900000, 0x0000000082900000|100%| O|  |TAMS 0x0000000082900000, 0x0000000082800000| Untracked 
|  41|0x0000000082900000, 0x0000000082a00000, 0x0000000082a00000|100%| O|  |TAMS 0x0000000082a00000, 0x0000000082900000| Untracked 
|  42|0x0000000082a00000, 0x0000000082b00000, 0x0000000082b00000|100%| O|  |TAMS 0x0000000082b00000, 0x0000000082a00000| Untracked 
|  43|0x0000000082b00000, 0x0000000082c00000, 0x0000000082c00000|100%| O|  |TAMS 0x0000000082c00000, 0x0000000082b00000| Untracked 
|  44|0x0000000082c00000, 0x0000000082d00000, 0x0000000082d00000|100%| O|  |TAMS 0x0000000082d00000, 0x0000000082c00000| Untracked 
|  45|0x0000000082d00000, 0x0000000082e00000, 0x0000000082e00000|100%| O|  |TAMS 0x0000000082e00000, 0x0000000082d00000| Untracked 
|  46|0x0000000082e00000, 0x0000000082f00000, 0x0000000082f00000|100%| O|  |TAMS 0x0000000082f00000, 0x0000000082e00000| Untracked 
|  47|0x0000000082f00000, 0x0000000082f64e00, 0x0000000083000000| 39%| O|  |TAMS 0x0000000082f64e00, 0x0000000082f00000| Untracked 
|  48|0x0000000083000000, 0x0000000083000000, 0x0000000083100000|  0%| F|  |TAMS 0x0000000083000000, 0x0000000083000000| Untracked 
|  49|0x0000000083100000, 0x0000000083100000, 0x0000000083200000|  0%| F|  |TAMS 0x0000000083100000, 0x0000000083100000| Untracked 
|  50|0x0000000083200000, 0x0000000083200000, 0x0000000083300000|  0%| F|  |TAMS 0x0000000083200000, 0x0000000083200000| Untracked 
|  51|0x0000000083300000, 0x0000000083300000, 0x0000000083400000|  0%| F|  |TAMS 0x0000000083300000, 0x0000000083300000| Untracked 
|  52|0x0000000083400000, 0x0000000083400000, 0x0000000083500000|  0%| F|  |TAMS 0x0000000083400000, 0x0000000083400000| Untracked 
|  53|0x0000000083500000, 0x0000000083500000, 0x0000000083600000|  0%| F|  |TAMS 0x0000000083500000, 0x0000000083500000| Untracked 
|  54|0x0000000083600000, 0x0000000083600000, 0x0000000083700000|  0%| F|  |TAMS 0x0000000083600000, 0x0000000083600000| Untracked 
|  55|0x0000000083700000, 0x0000000083700000, 0x0000000083800000|  0%| F|  |TAMS 0x0000000083700000, 0x0000000083700000| Untracked 
|  56|0x0000000083800000, 0x0000000083800000, 0x0000000083900000|  0%| F|  |TAMS 0x0000000083800000, 0x0000000083800000| Untracked 
|  57|0x0000000083900000, 0x0000000083900000, 0x0000000083a00000|  0%| F|  |TAMS 0x0000000083900000, 0x0000000083900000| Untracked 
|  58|0x0000000083a00000, 0x0000000083a00000, 0x0000000083b00000|  0%| F|  |TAMS 0x0000000083a00000, 0x0000000083a00000| Untracked 
|  59|0x0000000083b00000, 0x0000000083b00000, 0x0000000083c00000|  0%| F|  |TAMS 0x0000000083b00000, 0x0000000083b00000| Untracked 
|  60|0x0000000083c00000, 0x0000000083c00000, 0x0000000083d00000|  0%| F|  |TAMS 0x0000000083c00000, 0x0000000083c00000| Untracked 
|  61|0x0000000083d00000, 0x0000000083d00000, 0x0000000083e00000|  0%| F|  |TAMS 0x0000000083d00000, 0x0000000083d00000| Untracked 
|  62|0x0000000083e00000, 0x0000000083e00000, 0x0000000083f00000|  0%| F|  |TAMS 0x0000000083e00000, 0x0000000083e00000| Untracked 
|  63|0x0000000083f00000, 0x0000000083f00000, 0x0000000084000000|  0%| F|  |TAMS 0x0000000083f00000, 0x0000000083f00000| Untracked 
|  64|0x0000000084000000, 0x0000000084000000, 0x0000000084100000|  0%| F|  |TAMS 0x0000000084000000, 0x0000000084000000| Untracked 
|  65|0x0000000084100000, 0x0000000084100000, 0x0000000084200000|  0%| F|  |TAMS 0x0000000084100000, 0x0000000084100000| Untracked 
|  66|0x0000000084200000, 0x0000000084200000, 0x0000000084300000|  0%| F|  |TAMS 0x0000000084200000, 0x0000000084200000| Untracked 
|  67|0x0000000084300000, 0x0000000084300000, 0x0000000084400000|  0%| F|  |TAMS 0x0000000084300000, 0x0000000084300000| Untracked 
|  68|0x0000000084400000, 0x0000000084400000, 0x0000000084500000|  0%| F|  |TAMS 0x0000000084400000, 0x0000000084400000| Untracked 
|  69|0x0000000084500000, 0x0000000084500000, 0x0000000084600000|  0%| F|  |TAMS 0x0000000084500000, 0x0000000084500000| Untracked 
|  70|0x0000000084600000, 0x0000000084600000, 0x0000000084700000|  0%| F|  |TAMS 0x0000000084600000, 0x0000000084600000| Untracked 
|  71|0x0000000084700000, 0x0000000084700000, 0x0000000084800000|  0%| F|  |TAMS 0x0000000084700000, 0x0000000084700000| Untracked 
|  72|0x0000000084800000, 0x0000000084800000, 0x0000000084900000|  0%| F|  |TAMS 0x0000000084800000, 0x0000000084800000| Untracked 
|  73|0x0000000084900000, 0x0000000084900000, 0x0000000084a00000|  0%| F|  |TAMS 0x0000000084900000, 0x0000000084900000| Untracked 
|  74|0x0000000084a00000, 0x0000000084a00000, 0x0000000084b00000|  0%| F|  |TAMS 0x0000000084a00000, 0x0000000084a00000| Untracked 
|  75|0x0000000084b00000, 0x0000000084b00000, 0x0000000084c00000|  0%| F|  |TAMS 0x0000000084b00000, 0x0000000084b00000| Untracked 
|  76|0x0000000084c00000, 0x0000000084c00000, 0x0000000084d00000|  0%| F|  |TAMS 0x0000000084c00000, 0x0000000084c00000| Untracked 
|  77|0x0000000084d00000, 0x0000000084d00000, 0x0000000084e00000|  0%| F|  |TAMS 0x0000000084d00000, 0x0000000084d00000| Untracked 
|  78|0x0000000084e00000, 0x0000000084e00000, 0x0000000084f00000|  0%| F|  |TAMS 0x0000000084e00000, 0x0000000084e00000| Untracked 
|  79|0x0000000084f00000, 0x0000000084f00000, 0x0000000085000000|  0%| F|  |TAMS 0x0000000084f00000, 0x0000000084f00000| Untracked 
|  80|0x0000000085000000, 0x0000000085000000, 0x0000000085100000|  0%| F|  |TAMS 0x0000000085000000, 0x0000000085000000| Untracked 
|  81|0x0000000085100000, 0x0000000085100000, 0x0000000085200000|  0%| F|  |TAMS 0x0000000085100000, 0x0000000085100000| Untracked 
|  82|0x0000000085200000, 0x0000000085200000, 0x0000000085300000|  0%| F|  |TAMS 0x0000000085200000, 0x0000000085200000| Untracked 
|  83|0x0000000085300000, 0x0000000085300000, 0x0000000085400000|  0%| F|  |TAMS 0x0000000085300000, 0x0000000085300000| Untracked 
|  84|0x0000000085400000, 0x0000000085400000, 0x0000000085500000|  0%| F|  |TAMS 0x0000000085400000, 0x0000000085400000| Untracked 
|  85|0x0000000085500000, 0x0000000085500000, 0x0000000085600000|  0%| F|  |TAMS 0x0000000085500000, 0x0000000085500000| Untracked 
|  86|0x0000000085600000, 0x0000000085600000, 0x0000000085700000|  0%| F|  |TAMS 0x0000000085600000, 0x0000000085600000| Untracked 
|  87|0x0000000085700000, 0x0000000085700000, 0x0000000085800000|  0%| F|  |TAMS 0x0000000085700000, 0x0000000085700000| Untracked 
|  88|0x0000000085800000, 0x0000000085800000, 0x0000000085900000|  0%| F|  |TAMS 0x0000000085800000, 0x0000000085800000| Untracked 
|  89|0x0000000085900000, 0x0000000085900000, 0x0000000085a00000|  0%| F|  |TAMS 0x0000000085900000, 0x0000000085900000| Untracked 
|  90|0x0000000085a00000, 0x0000000085a00000, 0x0000000085b00000|  0%| F|  |TAMS 0x0000000085a00000, 0x0000000085a00000| Untracked 
|  91|0x0000000085b00000, 0x0000000085b00000, 0x0000000085c00000|  0%| F|  |TAMS 0x0000000085b00000, 0x0000000085b00000| Untracked 
|  92|0x0000000085c00000, 0x0000000085c00000, 0x0000000085d00000|  0%| F|  |TAMS 0x0000000085c00000, 0x0000000085c00000| Untracked 
|  93|0x0000000085d00000, 0x0000000085d00000, 0x0000000085e00000|  0%| F|  |TAMS 0x0000000085d00000, 0x0000000085d00000| Untracked 
|  94|0x0000000085e00000, 0x0000000085e00000, 0x0000000085f00000|  0%| F|  |TAMS 0x0000000085e00000, 0x0000000085e00000| Untracked 
|  95|0x0000000085f00000, 0x0000000085f00000, 0x0000000086000000|  0%| F|  |TAMS 0x0000000085f00000, 0x0000000085f00000| Untracked 
|  96|0x0000000086000000, 0x0000000086000000, 0x0000000086100000|  0%| F|  |TAMS 0x0000000086000000, 0x0000000086000000| Untracked 
|  97|0x0000000086100000, 0x0000000086100000, 0x0000000086200000|  0%| F|  |TAMS 0x0000000086100000, 0x0000000086100000| Untracked 
|  98|0x0000000086200000, 0x0000000086200000, 0x0000000086300000|  0%| F|  |TAMS 0x0000000086200000, 0x0000000086200000| Untracked 
|  99|0x0000000086300000, 0x0000000086300000, 0x0000000086400000|  0%| F|  |TAMS 0x0000000086300000, 0x0000000086300000| Untracked 
| 100|0x0000000086400000, 0x0000000086400000, 0x0000000086500000|  0%| F|  |TAMS 0x0000000086400000, 0x0000000086400000| Untracked 
| 101|0x0000000086500000, 0x0000000086500000, 0x0000000086600000|  0%| F|  |TAMS 0x0000000086500000, 0x0000000086500000| Untracked 
| 102|0x0000000086600000, 0x0000000086600000, 0x0000000086700000|  0%| F|  |TAMS 0x0000000086600000, 0x0000000086600000| Untracked 
| 103|0x0000000086700000, 0x0000000086700000, 0x0000000086800000|  0%| F|  |TAMS 0x0000000086700000, 0x0000000086700000| Untracked 
| 104|0x0000000086800000, 0x0000000086800000, 0x0000000086900000|  0%| F|  |TAMS 0x0000000086800000, 0x0000000086800000| Untracked 
| 105|0x0000000086900000, 0x0000000086900000, 0x0000000086a00000|  0%| F|  |TAMS 0x0000000086900000, 0x0000000086900000| Untracked 
| 106|0x0000000086a00000, 0x0000000086a00000, 0x0000000086b00000|  0%| F|  |TAMS 0x0000000086a00000, 0x0000000086a00000| Untracked 
| 107|0x0000000086b00000, 0x0000000086b00000, 0x0000000086c00000|  0%| F|  |TAMS 0x0000000086b00000, 0x0000000086b00000| Untracked 
| 108|0x0000000086c00000, 0x0000000086c00000, 0x0000000086d00000|  0%| F|  |TAMS 0x0000000086c00000, 0x0000000086c00000| Untracked 
| 109|0x0000000086d00000, 0x0000000086d00000, 0x0000000086e00000|  0%| F|  |TAMS 0x0000000086d00000, 0x0000000086d00000| Untracked 
| 110|0x0000000086e00000, 0x0000000086e00000, 0x0000000086f00000|  0%| F|  |TAMS 0x0000000086e00000, 0x0000000086e00000| Untracked 
| 111|0x0000000086f00000, 0x0000000086f00000, 0x0000000087000000|  0%| F|  |TAMS 0x0000000086f00000, 0x0000000086f00000| Untracked 
| 112|0x0000000087000000, 0x0000000087000000, 0x0000000087100000|  0%| F|  |TAMS 0x0000000087000000, 0x0000000087000000| Untracked 
| 113|0x0000000087100000, 0x0000000087100000, 0x0000000087200000|  0%| F|  |TAMS 0x0000000087100000, 0x0000000087100000| Untracked 
| 114|0x0000000087200000, 0x0000000087200000, 0x0000000087300000|  0%| F|  |TAMS 0x0000000087200000, 0x0000000087200000| Untracked 
| 115|0x0000000087300000, 0x0000000087300000, 0x0000000087400000|  0%| F|  |TAMS 0x0000000087300000, 0x0000000087300000| Untracked 
| 116|0x0000000087400000, 0x0000000087400000, 0x0000000087500000|  0%| F|  |TAMS 0x0000000087400000, 0x0000000087400000| Untracked 
| 117|0x0000000087500000, 0x0000000087500000, 0x0000000087600000|  0%| F|  |TAMS 0x0000000087500000, 0x0000000087500000| Untracked 
| 118|0x0000000087600000, 0x0000000087600000, 0x0000000087700000|  0%| F|  |TAMS 0x0000000087600000, 0x0000000087600000| Untracked 
| 119|0x0000000087700000, 0x0000000087700000, 0x0000000087800000|  0%| F|  |TAMS 0x0000000087700000, 0x0000000087700000| Untracked 
| 120|0x0000000087800000, 0x0000000087800000, 0x0000000087900000|  0%| F|  |TAMS 0x0000000087800000, 0x0000000087800000| Untracked 
| 121|0x0000000087900000, 0x0000000087900000, 0x0000000087a00000|  0%| F|  |TAMS 0x0000000087900000, 0x0000000087900000| Untracked 
| 122|0x0000000087a00000, 0x0000000087a00000, 0x0000000087b00000|  0%| F|  |TAMS 0x0000000087a00000, 0x0000000087a00000| Untracked 
| 123|0x0000000087b00000, 0x0000000087b00000, 0x0000000087c00000|  0%| F|  |TAMS 0x0000000087b00000, 0x0000000087b00000| Untracked 
| 124|0x0000000087c00000, 0x0000000087c00000, 0x0000000087d00000|  0%| F|  |TAMS 0x0000000087c00000, 0x0000000087c00000| Untracked 
| 125|0x0000000087d00000, 0x0000000087d00000, 0x0000000087e00000|  0%| F|  |TAMS 0x0000000087d00000, 0x0000000087d00000| Untracked 
| 126|0x0000000087e00000, 0x0000000087e00000, 0x0000000087f00000|  0%| F|  |TAMS 0x0000000087e00000, 0x0000000087e00000| Untracked 
| 127|0x0000000087f00000, 0x0000000087f00000, 0x0000000088000000|  0%| F|  |TAMS 0x0000000087f00000, 0x0000000087f00000| Untracked 
| 128|0x0000000088000000, 0x0000000088000000, 0x0000000088100000|  0%| F|  |TAMS 0x0000000088000000, 0x0000000088000000| Untracked 
| 129|0x0000000088100000, 0x0000000088100000, 0x0000000088200000|  0%| F|  |TAMS 0x0000000088100000, 0x0000000088100000| Untracked 
| 130|0x0000000088200000, 0x0000000088200000, 0x0000000088300000|  0%| F|  |TAMS 0x0000000088200000, 0x0000000088200000| Untracked 
| 131|0x0000000088300000, 0x0000000088300000, 0x0000000088400000|  0%| F|  |TAMS 0x0000000088300000, 0x0000000088300000| Untracked 
| 132|0x0000000088400000, 0x0000000088400000, 0x0000000088500000|  0%| F|  |TAMS 0x0000000088400000, 0x0000000088400000| Untracked 
| 133|0x0000000088500000, 0x0000000088500000, 0x0000000088600000|  0%| F|  |TAMS 0x0000000088500000, 0x0000000088500000| Untracked 
| 134|0x0000000088600000, 0x0000000088600000, 0x0000000088700000|  0%| F|  |TAMS 0x0000000088600000, 0x0000000088600000| Untracked 
| 135|0x0000000088700000, 0x0000000088700000, 0x0000000088800000|  0%| F|  |TAMS 0x0000000088700000, 0x0000000088700000| Untracked 
| 136|0x0000000088800000, 0x0000000088800000, 0x0000000088900000|  0%| F|  |TAMS 0x0000000088800000, 0x0000000088800000| Untracked 
| 137|0x0000000088900000, 0x0000000088900000, 0x0000000088a00000|  0%| F|  |TAMS 0x0000000088900000, 0x0000000088900000| Untracked 
| 138|0x0000000088a00000, 0x0000000088a00000, 0x0000000088b00000|  0%| F|  |TAMS 0x0000000088a00000, 0x0000000088a00000| Untracked 
| 139|0x0000000088b00000, 0x0000000088b00000, 0x0000000088c00000|  0%| F|  |TAMS 0x0000000088b00000, 0x0000000088b00000| Untracked 
| 140|0x0000000088c00000, 0x0000000088c00000, 0x0000000088d00000|  0%| F|  |TAMS 0x0000000088c00000, 0x0000000088c00000| Untracked 
| 141|0x0000000088d00000, 0x0000000088d00000, 0x0000000088e00000|  0%| F|  |TAMS 0x0000000088d00000, 0x0000000088d00000| Untracked 
| 142|0x0000000088e00000, 0x0000000088e00000, 0x0000000088f00000|  0%| F|  |TAMS 0x0000000088e00000, 0x0000000088e00000| Untracked 
| 143|0x0000000088f00000, 0x0000000088f00000, 0x0000000089000000|  0%| F|  |TAMS 0x0000000088f00000, 0x0000000088f00000| Untracked 
| 144|0x0000000089000000, 0x0000000089000000, 0x0000000089100000|  0%| F|  |TAMS 0x0000000089000000, 0x0000000089000000| Untracked 
| 145|0x0000000089100000, 0x0000000089100000, 0x0000000089200000|  0%| F|  |TAMS 0x0000000089100000, 0x0000000089100000| Untracked 
| 146|0x0000000089200000, 0x0000000089200000, 0x0000000089300000|  0%| F|  |TAMS 0x0000000089200000, 0x0000000089200000| Untracked 
| 147|0x0000000089300000, 0x0000000089300000, 0x0000000089400000|  0%| F|  |TAMS 0x0000000089300000, 0x0000000089300000| Untracked 
| 148|0x0000000089400000, 0x0000000089400000, 0x0000000089500000|  0%| F|  |TAMS 0x0000000089400000, 0x0000000089400000| Untracked 
| 149|0x0000000089500000, 0x0000000089500000, 0x0000000089600000|  0%| F|  |TAMS 0x0000000089500000, 0x0000000089500000| Untracked 
| 150|0x0000000089600000, 0x0000000089600000, 0x0000000089700000|  0%| F|  |TAMS 0x0000000089600000, 0x0000000089600000| Untracked 
| 151|0x0000000089700000, 0x0000000089700000, 0x0000000089800000|  0%| F|  |TAMS 0x0000000089700000, 0x0000000089700000| Untracked 
| 152|0x0000000089800000, 0x0000000089800000, 0x0000000089900000|  0%| F|  |TAMS 0x0000000089800000, 0x0000000089800000| Untracked 
| 153|0x0000000089900000, 0x0000000089900000, 0x0000000089a00000|  0%| F|  |TAMS 0x0000000089900000, 0x0000000089900000| Untracked 
| 154|0x0000000089a00000, 0x0000000089a00000, 0x0000000089b00000|  0%| F|  |TAMS 0x0000000089a00000, 0x0000000089a00000| Untracked 
| 155|0x0000000089b00000, 0x0000000089b00000, 0x0000000089c00000|  0%| F|  |TAMS 0x0000000089b00000, 0x0000000089b00000| Untracked 
| 156|0x0000000089c00000, 0x0000000089c00000, 0x0000000089d00000|  0%| F|  |TAMS 0x0000000089c00000, 0x0000000089c00000| Untracked 
| 157|0x0000000089d00000, 0x0000000089d00000, 0x0000000089e00000|  0%| F|  |TAMS 0x0000000089d00000, 0x0000000089d00000| Untracked 
| 158|0x0000000089e00000, 0x0000000089e00000, 0x0000000089f00000|  0%| F|  |TAMS 0x0000000089e00000, 0x0000000089e00000| Untracked 
| 159|0x0000000089f00000, 0x0000000089f00000, 0x000000008a000000|  0%| F|  |TAMS 0x0000000089f00000, 0x0000000089f00000| Untracked 
| 160|0x000000008a000000, 0x000000008a000000, 0x000000008a100000|  0%| F|  |TAMS 0x000000008a000000, 0x000000008a000000| Untracked 
| 161|0x000000008a100000, 0x000000008a100000, 0x000000008a200000|  0%| F|  |TAMS 0x000000008a100000, 0x000000008a100000| Untracked 
| 162|0x000000008a200000, 0x000000008a200000, 0x000000008a300000|  0%| F|  |TAMS 0x000000008a200000, 0x000000008a200000| Untracked 
| 163|0x000000008a300000, 0x000000008a300000, 0x000000008a400000|  0%| F|  |TAMS 0x000000008a300000, 0x000000008a300000| Untracked 
| 164|0x000000008a400000, 0x000000008a400000, 0x000000008a500000|  0%| F|  |TAMS 0x000000008a400000, 0x000000008a400000| Untracked 
| 165|0x000000008a500000, 0x000000008a500000, 0x000000008a600000|  0%| F|  |TAMS 0x000000008a500000, 0x000000008a500000| Untracked 
| 166|0x000000008a600000, 0x000000008a600000, 0x000000008a700000|  0%| F|  |TAMS 0x000000008a600000, 0x000000008a600000| Untracked 
| 167|0x000000008a700000, 0x000000008a700000, 0x000000008a800000|  0%| F|  |TAMS 0x000000008a700000, 0x000000008a700000| Untracked 
| 168|0x000000008a800000, 0x000000008a800000, 0x000000008a900000|  0%| F|  |TAMS 0x000000008a800000, 0x000000008a800000| Untracked 
| 169|0x000000008a900000, 0x000000008a900000, 0x000000008aa00000|  0%| F|  |TAMS 0x000000008a900000, 0x000000008a900000| Untracked 
| 170|0x000000008aa00000, 0x000000008aa00000, 0x000000008ab00000|  0%| F|  |TAMS 0x000000008aa00000, 0x000000008aa00000| Untracked 
| 171|0x000000008ab00000, 0x000000008ab00000, 0x000000008ac00000|  0%| F|  |TAMS 0x000000008ab00000, 0x000000008ab00000| Untracked 
| 172|0x000000008ac00000, 0x000000008ac00000, 0x000000008ad00000|  0%| F|  |TAMS 0x000000008ac00000, 0x000000008ac00000| Untracked 
| 173|0x000000008ad00000, 0x000000008ad00000, 0x000000008ae00000|  0%| F|  |TAMS 0x000000008ad00000, 0x000000008ad00000| Untracked 
| 174|0x000000008ae00000, 0x000000008ae00000, 0x000000008af00000|  0%| F|  |TAMS 0x000000008ae00000, 0x000000008ae00000| Untracked 
| 175|0x000000008af00000, 0x000000008af00000, 0x000000008b000000|  0%| F|  |TAMS 0x000000008af00000, 0x000000008af00000| Untracked 
| 176|0x000000008b000000, 0x000000008b000000, 0x000000008b100000|  0%| F|  |TAMS 0x000000008b000000, 0x000000008b000000| Untracked 
| 177|0x000000008b100000, 0x000000008b100000, 0x000000008b200000|  0%| F|  |TAMS 0x000000008b100000, 0x000000008b100000| Untracked 
| 178|0x000000008b200000, 0x000000008b200000, 0x000000008b300000|  0%| F|  |TAMS 0x000000008b200000, 0x000000008b200000| Untracked 
| 179|0x000000008b300000, 0x000000008b300000, 0x000000008b400000|  0%| F|  |TAMS 0x000000008b300000, 0x000000008b300000| Untracked 
| 180|0x000000008b400000, 0x000000008b400000, 0x000000008b500000|  0%| F|  |TAMS 0x000000008b400000, 0x000000008b400000| Untracked 
| 181|0x000000008b500000, 0x000000008b500000, 0x000000008b600000|  0%| F|  |TAMS 0x000000008b500000, 0x000000008b500000| Untracked 
| 182|0x000000008b600000, 0x000000008b600000, 0x000000008b700000|  0%| F|  |TAMS 0x000000008b600000, 0x000000008b600000| Untracked 
| 183|0x000000008b700000, 0x000000008b700000, 0x000000008b800000|  0%| F|  |TAMS 0x000000008b700000, 0x000000008b700000| Untracked 
| 184|0x000000008b800000, 0x000000008b800000, 0x000000008b900000|  0%| F|  |TAMS 0x000000008b800000, 0x000000008b800000| Untracked 
| 185|0x000000008b900000, 0x000000008b900000, 0x000000008ba00000|  0%| F|  |TAMS 0x000000008b900000, 0x000000008b900000| Untracked 
| 186|0x000000008ba00000, 0x000000008ba00000, 0x000000008bb00000|  0%| F|  |TAMS 0x000000008ba00000, 0x000000008ba00000| Untracked 
| 187|0x000000008bb00000, 0x000000008bb00000, 0x000000008bc00000|  0%| F|  |TAMS 0x000000008bb00000, 0x000000008bb00000| Untracked 
| 188|0x000000008bc00000, 0x000000008bc00000, 0x000000008bd00000|  0%| F|  |TAMS 0x000000008bc00000, 0x000000008bc00000| Untracked 
| 189|0x000000008bd00000, 0x000000008bd00000, 0x000000008be00000|  0%| F|  |TAMS 0x000000008bd00000, 0x000000008bd00000| Untracked 
| 190|0x000000008be00000, 0x000000008be00000, 0x000000008bf00000|  0%| F|  |TAMS 0x000000008be00000, 0x000000008be00000| Untracked 
| 191|0x000000008bf00000, 0x000000008bf00000, 0x000000008c000000|  0%| F|  |TAMS 0x000000008bf00000, 0x000000008bf00000| Untracked 
| 192|0x000000008c000000, 0x000000008c000000, 0x000000008c100000|  0%| F|  |TAMS 0x000000008c000000, 0x000000008c000000| Untracked 
| 193|0x000000008c100000, 0x000000008c100000, 0x000000008c200000|  0%| F|  |TAMS 0x000000008c100000, 0x000000008c100000| Untracked 
| 194|0x000000008c200000, 0x000000008c200000, 0x000000008c300000|  0%| F|  |TAMS 0x000000008c200000, 0x000000008c200000| Untracked 
| 195|0x000000008c300000, 0x000000008c300000, 0x000000008c400000|  0%| F|  |TAMS 0x000000008c300000, 0x000000008c300000| Untracked 
| 196|0x000000008c400000, 0x000000008c400000, 0x000000008c500000|  0%| F|  |TAMS 0x000000008c400000, 0x000000008c400000| Untracked 
| 197|0x000000008c500000, 0x000000008c500000, 0x000000008c600000|  0%| F|  |TAMS 0x000000008c500000, 0x000000008c500000| Untracked 
| 198|0x000000008c600000, 0x000000008c600000, 0x000000008c700000|  0%| F|  |TAMS 0x000000008c600000, 0x000000008c600000| Untracked 
| 199|0x000000008c700000, 0x000000008c700000, 0x000000008c800000|  0%| F|  |TAMS 0x000000008c700000, 0x000000008c700000| Untracked 
| 200|0x000000008c800000, 0x000000008c800000, 0x000000008c900000|  0%| F|  |TAMS 0x000000008c800000, 0x000000008c800000| Untracked 
| 201|0x000000008c900000, 0x000000008c900000, 0x000000008ca00000|  0%| F|  |TAMS 0x000000008c900000, 0x000000008c900000| Untracked 
| 202|0x000000008ca00000, 0x000000008ca00000, 0x000000008cb00000|  0%| F|  |TAMS 0x000000008ca00000, 0x000000008ca00000| Untracked 
| 203|0x000000008cb00000, 0x000000008cb00000, 0x000000008cc00000|  0%| F|  |TAMS 0x000000008cb00000, 0x000000008cb00000| Untracked 
| 204|0x000000008cc00000, 0x000000008cc00000, 0x000000008cd00000|  0%| F|  |TAMS 0x000000008cc00000, 0x000000008cc00000| Untracked 
| 205|0x000000008cd00000, 0x000000008cd00000, 0x000000008ce00000|  0%| F|  |TAMS 0x000000008cd00000, 0x000000008cd00000| Untracked 
| 206|0x000000008ce00000, 0x000000008ce00000, 0x000000008cf00000|  0%| F|  |TAMS 0x000000008ce00000, 0x000000008ce00000| Untracked 
| 207|0x000000008cf00000, 0x000000008cf00000, 0x000000008d000000|  0%| F|  |TAMS 0x000000008cf00000, 0x000000008cf00000| Untracked 
| 208|0x000000008d000000, 0x000000008d000000, 0x000000008d100000|  0%| F|  |TAMS 0x000000008d000000, 0x000000008d000000| Untracked 
| 209|0x000000008d100000, 0x000000008d100000, 0x000000008d200000|  0%| F|  |TAMS 0x000000008d100000, 0x000000008d100000| Untracked 
| 210|0x000000008d200000, 0x000000008d200000, 0x000000008d300000|  0%| F|  |TAMS 0x000000008d200000, 0x000000008d200000| Untracked 
| 211|0x000000008d300000, 0x000000008d30ae28, 0x000000008d400000|  4%| E|  |TAMS 0x000000008d300000, 0x000000008d300000| Complete 
| 212|0x000000008d400000, 0x000000008d500000, 0x000000008d500000|100%| E|CS|TAMS 0x000000008d400000, 0x000000008d400000| Complete 
| 213|0x000000008d500000, 0x000000008d600000, 0x000000008d600000|100%| E|CS|TAMS 0x000000008d500000, 0x000000008d500000| Complete 
| 214|0x000000008d600000, 0x000000008d700000, 0x000000008d700000|100%| E|CS|TAMS 0x000000008d600000, 0x000000008d600000| Complete 
| 215|0x000000008d700000, 0x000000008d800000, 0x000000008d800000|100%| E|CS|TAMS 0x000000008d700000, 0x000000008d700000| Complete 
| 216|0x000000008d800000, 0x000000008d900000, 0x000000008d900000|100%| E|CS|TAMS 0x000000008d800000, 0x000000008d800000| Complete 
| 217|0x000000008d900000, 0x000000008da00000, 0x000000008da00000|100%| E|CS|TAMS 0x000000008d900000, 0x000000008d900000| Complete 
| 218|0x000000008da00000, 0x000000008db00000, 0x000000008db00000|100%| E|CS|TAMS 0x000000008da00000, 0x000000008da00000| Complete 
| 219|0x000000008db00000, 0x000000008dc00000, 0x000000008dc00000|100%| E|CS|TAMS 0x000000008db00000, 0x000000008db00000| Complete 
| 220|0x000000008dc00000, 0x000000008dd00000, 0x000000008dd00000|100%| E|CS|TAMS 0x000000008dc00000, 0x000000008dc00000| Complete 
| 221|0x000000008dd00000, 0x000000008de00000, 0x000000008de00000|100%| E|CS|TAMS 0x000000008dd00000, 0x000000008dd00000| Complete 
| 222|0x000000008de00000, 0x000000008df00000, 0x000000008df00000|100%| E|CS|TAMS 0x000000008de00000, 0x000000008de00000| Complete 
| 223|0x000000008df00000, 0x000000008e000000, 0x000000008e000000|100%| E|CS|TAMS 0x000000008df00000, 0x000000008df00000| Complete 
| 224|0x000000008e000000, 0x000000008e100000, 0x000000008e100000|100%| E|CS|TAMS 0x000000008e000000, 0x000000008e000000| Complete 
| 225|0x000000008e100000, 0x000000008e200000, 0x000000008e200000|100%| E|CS|TAMS 0x000000008e100000, 0x000000008e100000| Complete 
| 226|0x000000008e200000, 0x000000008e300000, 0x000000008e300000|100%| E|CS|TAMS 0x000000008e200000, 0x000000008e200000| Complete 
| 227|0x000000008e300000, 0x000000008e400000, 0x000000008e400000|100%| E|CS|TAMS 0x000000008e300000, 0x000000008e300000| Complete 
| 228|0x000000008e400000, 0x000000008e500000, 0x000000008e500000|100%| E|CS|TAMS 0x000000008e400000, 0x000000008e400000| Complete 
| 229|0x000000008e500000, 0x000000008e600000, 0x000000008e600000|100%| E|CS|TAMS 0x000000008e500000, 0x000000008e500000| Complete 
| 230|0x000000008e600000, 0x000000008e700000, 0x000000008e700000|100%| E|CS|TAMS 0x000000008e600000, 0x000000008e600000| Complete 
| 231|0x000000008e700000, 0x000000008e800000, 0x000000008e800000|100%| E|CS|TAMS 0x000000008e700000, 0x000000008e700000| Complete 
| 232|0x000000008e800000, 0x000000008e900000, 0x000000008e900000|100%| E|CS|TAMS 0x000000008e800000, 0x000000008e800000| Complete 
| 233|0x000000008e900000, 0x000000008ea00000, 0x000000008ea00000|100%| E|CS|TAMS 0x000000008e900000, 0x000000008e900000| Complete 
| 234|0x000000008ea00000, 0x000000008eb00000, 0x000000008eb00000|100%| E|CS|TAMS 0x000000008ea00000, 0x000000008ea00000| Complete 
| 235|0x000000008eb00000, 0x000000008ec00000, 0x000000008ec00000|100%| E|CS|TAMS 0x000000008eb00000, 0x000000008eb00000| Complete 
| 236|0x000000008ec00000, 0x000000008ed00000, 0x000000008ed00000|100%| E|CS|TAMS 0x000000008ec00000, 0x000000008ec00000| Complete 
| 237|0x000000008ed00000, 0x000000008ee00000, 0x000000008ee00000|100%| E|CS|TAMS 0x000000008ed00000, 0x000000008ed00000| Complete 
| 238|0x000000008ee00000, 0x000000008ef00000, 0x000000008ef00000|100%| E|CS|TAMS 0x000000008ee00000, 0x000000008ee00000| Complete 
| 239|0x000000008ef00000, 0x000000008f000000, 0x000000008f000000|100%| E|CS|TAMS 0x000000008ef00000, 0x000000008ef00000| Complete 
| 240|0x000000008f000000, 0x000000008f100000, 0x000000008f100000|100%| E|CS|TAMS 0x000000008f000000, 0x000000008f000000| Complete 
| 241|0x000000008f100000, 0x000000008f200000, 0x000000008f200000|100%| E|CS|TAMS 0x000000008f100000, 0x000000008f100000| Complete 
| 242|0x000000008f200000, 0x000000008f300000, 0x000000008f300000|100%| E|CS|TAMS 0x000000008f200000, 0x000000008f200000| Complete 
| 243|0x000000008f300000, 0x000000008f400000, 0x000000008f400000|100%| E|CS|TAMS 0x000000008f300000, 0x000000008f300000| Complete 
| 244|0x000000008f400000, 0x000000008f500000, 0x000000008f500000|100%| E|  |TAMS 0x000000008f400000, 0x000000008f400000| Complete 
| 245|0x000000008f500000, 0x000000008f5d2210, 0x000000008f600000| 82%| S|CS|TAMS 0x000000008f500000, 0x000000008f500000| Complete 
| 246|0x000000008f600000, 0x000000008f700000, 0x000000008f700000|100%| S|CS|TAMS 0x000000008f600000, 0x000000008f600000| Complete 
| 247|0x000000008f700000, 0x000000008f800000, 0x000000008f800000|100%| S|CS|TAMS 0x000000008f700000, 0x000000008f700000| Complete 
| 248|0x000000008f800000, 0x000000008f900000, 0x000000008f900000|100%| E|CS|TAMS 0x000000008f800000, 0x000000008f800000| Complete 
| 249|0x000000008f900000, 0x000000008fa00000, 0x000000008fa00000|100%| E|CS|TAMS 0x000000008f900000, 0x000000008f900000| Complete 
| 250|0x000000008fa00000, 0x000000008fb00000, 0x000000008fb00000|100%| E|CS|TAMS 0x000000008fa00000, 0x000000008fa00000| Complete 
| 251|0x000000008fb00000, 0x000000008fc00000, 0x000000008fc00000|100%| E|CS|TAMS 0x000000008fb00000, 0x000000008fb00000| Complete 
| 252|0x000000008fc00000, 0x000000008fd00000, 0x000000008fd00000|100%| E|CS|TAMS 0x000000008fc00000, 0x000000008fc00000| Complete 
| 253|0x000000008fd00000, 0x000000008fe00000, 0x000000008fe00000|100%| E|CS|TAMS 0x000000008fd00000, 0x000000008fd00000| Complete 
| 254|0x000000008fe00000, 0x000000008ff00000, 0x000000008ff00000|100%| E|CS|TAMS 0x000000008fe00000, 0x000000008fe00000| Complete 
| 255|0x000000008ff00000, 0x0000000090000000, 0x0000000090000000|100%| E|CS|TAMS 0x000000008ff00000, 0x000000008ff00000| Complete 

Card table byte_map: [0x0000017df7190000,0x0000017df7590000] _byte_map_base: 0x0000017df6d90000

Marking Bits (Prev, Next): (CMBitMap*) 0x0000017df2fae060, (CMBitMap*) 0x0000017df2fae028
 Prev Bits: [0x0000017df9990000, 0x0000017dfb990000)
 Next Bits: [0x0000017df7990000, 0x0000017df9990000)

Polling page: 0x0000017df1110000

Metaspace:

Usage:
  Non-class:     54.08 MB capacity,    53.11 MB ( 98%) used,   840.52 KB (  2%) free+waste,   159.00 KB ( <1%) overhead. 
      Class:      8.25 MB capacity,     7.73 MB ( 94%) used,   452.16 KB (  5%) free+waste,    74.88 KB ( <1%) overhead. 
       Both:     62.33 MB capacity,    60.84 MB ( 98%) used,     1.26 MB (  2%) free+waste,   233.88 KB ( <1%) overhead. 

Virtual space:
  Non-class space:       56.00 MB reserved,      54.25 MB ( 97%) committed 
      Class space:        1.00 GB reserved,       8.32 MB ( <1%) committed 
             Both:        1.05 GB reserved,      62.57 MB (  6%) committed 

Chunk freelists:
   Non-Class:  41.00 KB
       Class:  4.00 KB
        Both:  45.00 KB

MaxMetaspaceSize: 17179869184.00 GB
CompressedClassSpaceSize: 1.00 GB

CodeHeap 'non-profiled nmethods': size=120000Kb used=3763Kb max_used=3763Kb free=116236Kb
 bounds [0x0000017d87ad0000, 0x0000017d87e80000, 0x0000017d8f000000]
CodeHeap 'profiled nmethods': size=120000Kb used=12802Kb max_used=12802Kb free=107197Kb
 bounds [0x0000017d805a0000, 0x0000017d81230000, 0x0000017d87ad0000]
CodeHeap 'non-nmethods': size=5760Kb used=2258Kb max_used=2307Kb free=3501Kb
 bounds [0x0000017d80000000, 0x0000017d80270000, 0x0000017d805a0000]
 total_blobs=7019 nmethods=6172 adapters=758
 compilation: enabled
              stopped_count=0, restarted_count=0
 full_count=0

Compilation events (20 events):
Event: 7.312 Thread 0x0000017dfeccf000 6172   !   3       jdk.internal.reflect.GeneratedConstructorAccessor10::newInstance (53 bytes)
Event: 7.312 Thread 0x0000017dfeccf000 nmethod 6172 0x0000017d8120fd10 code [0x0000017d8120ff60, 0x0000017d812107c8]
Event: 7.313 Thread 0x0000017d9053b000 6173       4       org.gradle.internal.instantiation.generator.AbstractClassGenerator::assertNotAbstract (61 bytes)
Event: 7.314 Thread 0x0000017d9053b000 nmethod 6173 0x0000017d87e76f90 code [0x0000017d87e77120, 0x0000017d87e771f8]
Event: 7.318 Thread 0x0000017dfeccf000 6174       3       org.gradle.internal.instantiation.generator.AsmBackedClassGenerator$ClassBuilderImpl::applyConventionMappingToSetter (178 bytes)
Event: 7.319 Thread 0x0000017dfeccf000 nmethod 6174 0x0000017d81210c10 code [0x0000017d81210fc0, 0x0000017d81212528]
Event: 7.322 Thread 0x0000017d9053b000 6175       4       java.lang.Class::isAnnotation (17 bytes)
Event: 7.322 Thread 0x0000017d9053b000 nmethod 6175 0x0000017d87e77310 code [0x0000017d87e774a0, 0x0000017d87e77518]
Event: 7.322 Thread 0x0000017d9053b000 6176       4       java.lang.Class::forName (47 bytes)
Event: 7.323 Thread 0x0000017d9053b000 nmethod 6176 0x0000017d87e77590 code [0x0000017d87e77740, 0x0000017d87e777e8]
Event: 7.341 Thread 0x0000017d90537000 nmethod 6152 0x0000017d87e77890 code [0x0000017d87e77b80, 0x0000017d87e79e60]
Event: 7.354 Thread 0x0000017dfeccf000 6177       3       org.gradle.internal.instantiation.generator.AbstractClassGenerator$ExtensibleTypePropertyHandler::applyTo (228 bytes)
Event: 7.356 Thread 0x0000017dfeccf000 nmethod 6177 0x0000017d81212d10 code [0x0000017d81213100, 0x0000017d81214db8]
Event: 7.356 Thread 0x0000017dfeccf000 6178       3       java.util.concurrent.locks.AbstractQueuedSynchronizer$ConditionObject::unlinkCancelledWaiters (67 bytes)
Event: 7.356 Thread 0x0000017dfeccf000 nmethod 6178 0x0000017d81215610 code [0x0000017d812157e0, 0x0000017d81215bd8]
Event: 7.360 Thread 0x0000017dfeccf000 6179       3       org.gradle.internal.reflect.PropertyAccessorType::of (95 bytes)
Event: 7.360 Thread 0x0000017d9053b000 6180       4       org.gradle.internal.reflect.PropertyAccessorType::takesNoParameter (14 bytes)
Event: 7.361 Thread 0x0000017d90537000 6181       4       java.util.TreeMap$ValueIterator::next (8 bytes)
Event: 7.361 Thread 0x0000017dfeccf000 nmethod 6179 0x0000017d81215d10 code [0x0000017d81216040, 0x0000017d81217558]
Event: 7.362 Thread 0x0000017d9053b000 nmethod 6180 0x0000017d87e7b710 code [0x0000017d87e7b8a0, 0x0000017d87e7b9d8]

GC Heap History (14 events):
Event: 0.670 GC heap before
{Heap before GC invocations=0 (full 0):
 garbage-first heap   total 262144K, used 29696K [0x0000000080000000, 0x0000000100000000)
  region size 1024K, 24 young (24576K), 0 survivors (0K)
 Metaspace       used 9786K, capacity 9986K, committed 10112K, reserved 1058816K
  class space    used 1022K, capacity 1102K, committed 1152K, reserved 1048576K
}
Event: 0.674 GC heap after
{Heap after GC invocations=1 (full 0):
 garbage-first heap   total 262144K, used 9649K [0x0000000080000000, 0x0000000100000000)
  region size 1024K, 3 young (3072K), 3 survivors (3072K)
 Metaspace       used 9786K, capacity 9986K, committed 10112K, reserved 1058816K
  class space    used 1022K, capacity 1102K, committed 1152K, reserved 1048576K
}
Event: 2.319 GC heap before
{Heap before GC invocations=1 (full 0):
 garbage-first heap   total 262144K, used 104881K [0x0000000080000000, 0x0000000100000000)
  region size 1024K, 97 young (99328K), 3 survivors (3072K)
 Metaspace       used 20602K, capacity 21118K, committed 21248K, reserved 1067008K
  class space    used 2519K, capacity 2720K, committed 2816K, reserved 1048576K
}
Event: 2.327 GC heap after
{Heap after GC invocations=2 (full 0):
 garbage-first heap   total 262144K, used 16373K [0x0000000080000000, 0x0000000100000000)
  region size 1024K, 10 young (10240K), 10 survivors (10240K)
 Metaspace       used 20602K, capacity 21118K, committed 21248K, reserved 1067008K
  class space    used 2519K, capacity 2720K, committed 2816K, reserved 1048576K
}
Event: 2.910 GC heap before
{Heap before GC invocations=3 (full 0):
 garbage-first heap   total 262144K, used 77813K [0x0000000080000000, 0x0000000100000000)
  region size 1024K, 71 young (72704K), 10 survivors (10240K)
 Metaspace       used 26549K, capacity 27194K, committed 27392K, reserved 1073152K
  class space    used 3503K, capacity 3753K, committed 3840K, reserved 1048576K
}
Event: 2.917 GC heap after
{Heap after GC invocations=4 (full 0):
 garbage-first heap   total 262144K, used 18887K [0x0000000080000000, 0x0000000100000000)
  region size 1024K, 3 young (3072K), 3 survivors (3072K)
 Metaspace       used 26549K, capacity 27194K, committed 27392K, reserved 1073152K
  class space    used 3503K, capacity 3753K, committed 3840K, reserved 1048576K
}
Event: 3.655 GC heap before
{Heap before GC invocations=4 (full 0):
 garbage-first heap   total 262144K, used 65991K [0x0000000080000000, 0x0000000100000000)
  region size 1024K, 51 young (52224K), 3 survivors (3072K)
 Metaspace       used 35031K, capacity 35830K, committed 35840K, reserved 1081344K
  class space    used 4545K, capacity 4864K, committed 4864K, reserved 1048576K
}
Event: 3.662 GC heap after
{Heap after GC invocations=5 (full 0):
 garbage-first heap   total 262144K, used 21978K [0x0000000080000000, 0x0000000100000000)
  region size 1024K, 6 young (6144K), 6 survivors (6144K)
 Metaspace       used 35031K, capacity 35830K, committed 35840K, reserved 1081344K
  class space    used 4545K, capacity 4864K, committed 4864K, reserved 1048576K
}
Event: 4.800 GC heap before
{Heap before GC invocations=6 (full 0):
 garbage-first heap   total 262144K, used 142810K [0x0000000080000000, 0x0000000100000000)
  region size 1024K, 121 young (123904K), 6 survivors (6144K)
 Metaspace       used 43887K, capacity 44907K, committed 45004K, reserved 1087488K
  class space    used 5637K, capacity 6003K, committed 6092K, reserved 1048576K
}
Event: 4.808 GC heap after
{Heap after GC invocations=7 (full 0):
 garbage-first heap   total 262144K, used 28508K [0x0000000080000000, 0x0000000100000000)
  region size 1024K, 12 young (12288K), 12 survivors (12288K)
 Metaspace       used 43887K, capacity 44907K, committed 45004K, reserved 1087488K
  class space    used 5637K, capacity 6003K, committed 6092K, reserved 1048576K
}
Event: 6.627 GC heap before
{Heap before GC invocations=7 (full 0):
 garbage-first heap   total 262144K, used 174940K [0x0000000080000000, 0x0000000100000000)
  region size 1024K, 149 young (152576K), 12 survivors (12288K)
 Metaspace       used 57378K, capacity 58833K, committed 59084K, reserved 1099776K
  class space    used 7292K, capacity 7832K, committed 7884K, reserved 1048576K
}
Event: 6.646 GC heap after
{Heap after GC invocations=8 (full 0):
 garbage-first heap   total 262144K, used 48461K [0x0000000080000000, 0x0000000100000000)
  region size 1024K, 19 young (19456K), 19 survivors (19456K)
 Metaspace       used 57378K, capacity 58833K, committed 59084K, reserved 1099776K
  class space    used 7292K, capacity 7832K, committed 7884K, reserved 1048576K
}
Event: 6.794 GC heap before
{Heap before GC invocations=8 (full 0):
 garbage-first heap   total 262144K, used 55629K [0x0000000080000000, 0x0000000100000000)
  region size 1024K, 27 young (27648K), 19 survivors (19456K)
 Metaspace       used 58616K, capacity 60173K, committed 60236K, reserved 1101824K
  class space    used 7439K, capacity 7980K, committed 8012K, reserved 1048576K
}
Event: 6.816 GC heap after
{Heap after GC invocations=9 (full 0):
 garbage-first heap   total 262144K, used 51420K [0x0000000080000000, 0x0000000100000000)
  region size 1024K, 3 young (3072K), 3 survivors (3072K)
 Metaspace       used 58616K, capacity 60173K, committed 60236K, reserved 1101824K
  class space    used 7439K, capacity 7980K, committed 8012K, reserved 1048576K
}

Deoptimization events (20 events):
Event: 7.000 Thread 0x0000017d8f3f3000 DEOPT PACKING pc=0x0000017d81197ea8 sp=0x00000079c76f3fb0
Event: 7.000 Thread 0x0000017d8f3f3000 DEOPT UNPACKING pc=0x0000017d800276ce sp=0x00000079c76f3468 mode 0
Event: 7.000 Thread 0x0000017d8f3f3000 DEOPT PACKING pc=0x0000017d81197ea8 sp=0x00000079c76f3fb0
Event: 7.000 Thread 0x0000017d8f3f3000 DEOPT UNPACKING pc=0x0000017d800276ce sp=0x00000079c76f3468 mode 0
Event: 7.000 Thread 0x0000017d8f3f3000 DEOPT PACKING pc=0x0000017d81197ea8 sp=0x00000079c76f3fb0
Event: 7.000 Thread 0x0000017d8f3f3000 DEOPT UNPACKING pc=0x0000017d800276ce sp=0x00000079c76f3468 mode 0
Event: 7.001 Thread 0x0000017d8f3f3000 DEOPT PACKING pc=0x0000017d81197ea8 sp=0x00000079c76f3fb0
Event: 7.001 Thread 0x0000017d8f3f3000 DEOPT UNPACKING pc=0x0000017d800276ce sp=0x00000079c76f3468 mode 0
Event: 7.219 Thread 0x0000017d8f3f3000 Uncommon trap: trap_request=0xffffffdc fr.pc=0x0000017d87e65f6c relative=0x00000000000002ac
Event: 7.219 Thread 0x0000017d8f3f3000 Uncommon trap: reason=class_check action=make_not_entrant pc=0x0000017d87e65f6c method=java.util.ArrayList.toArray([Ljava/lang/Object;)[Ljava/lang/Object; @ 21 c2
Event: 7.219 Thread 0x0000017d8f3f3000 DEOPT PACKING pc=0x0000017d87e65f6c sp=0x00000079c76f7280
Event: 7.219 Thread 0x0000017d8f3f3000 DEOPT UNPACKING pc=0x0000017d800278af sp=0x00000079c76f7250 mode 2
Event: 7.313 Thread 0x0000017d8f3f3000 Uncommon trap: trap_request=0xfffffff4 fr.pc=0x0000017d87e76808 relative=0x0000000000000068
Event: 7.313 Thread 0x0000017d8f3f3000 Uncommon trap: reason=null_check action=make_not_entrant pc=0x0000017d87e76808 method=java.lang.Class.isAnnotation()Z @ 1 c2
Event: 7.313 Thread 0x0000017d8f3f3000 DEOPT PACKING pc=0x0000017d87e76808 sp=0x00000079c76f80a0
Event: 7.313 Thread 0x0000017d8f3f3000 DEOPT UNPACKING pc=0x0000017d800278af sp=0x00000079c76f8030 mode 2
Event: 7.359 Thread 0x0000017d8f3f3000 Uncommon trap: trap_request=0xffffff4d fr.pc=0x0000017d87d6251c relative=0x000000000000033c
Event: 7.359 Thread 0x0000017d8f3f3000 Uncommon trap: reason=unstable_if action=reinterpret pc=0x0000017d87d6251c method=org.gradle.internal.reflect.PropertyAccessorType.of(Ljava/lang/reflect/Method;)Lorg/gradle/internal/reflect/PropertyAccessorType; @ 56 c2
Event: 7.359 Thread 0x0000017d8f3f3000 DEOPT PACKING pc=0x0000017d87d6251c sp=0x00000079c76f7b40
Event: 7.359 Thread 0x0000017d8f3f3000 DEOPT UNPACKING pc=0x0000017d800278af sp=0x00000079c76f7b00 mode 2

Classes redefined (0 events):
No events

Internal exceptions (20 events):
Event: 5.596 Thread 0x0000017d90534800 Exception <a 'java/lang/NoSuchMethodError'{0x000000008b61c308}: <clinit>> (0x000000008b61c308) thrown at [./src/hotspot/share/prims/jni.cpp, line 1362]
Event: 5.596 Thread 0x0000017d90534800 Exception <a 'java/lang/NoSuchMethodError'{0x000000008b626520}: <clinit>> (0x000000008b626520) thrown at [./src/hotspot/share/prims/jni.cpp, line 1362]
Event: 5.598 Thread 0x0000017d90534800 Exception <a 'java/lang/NoSuchMethodError'{0x000000008b639fb0}: <clinit>> (0x000000008b639fb0) thrown at [./src/hotspot/share/prims/jni.cpp, line 1362]
Event: 5.599 Thread 0x0000017d8f3f3000 Implicit null exception at 0x0000017d87d42323 to 0x0000017d87d42534
Event: 5.606 Thread 0x0000017d8f3f3000 Exception <a 'java/lang/ClassNotFoundException'{0x000000008b694fc8}: build_do31moxzw1hmame6vuj9kioz9BeanInfo> (0x000000008b694fc8) thrown at [./src/hotspot/share/classfile/systemDictionary.cpp, line 231]
Event: 5.607 Thread 0x0000017d8f3f3000 Exception <a 'java/lang/ClassNotFoundException'{0x000000008b69fef0}: build_do31moxzw1hmame6vuj9kioz9Customizer> (0x000000008b69fef0) thrown at [./src/hotspot/share/classfile/systemDictionary.cpp, line 231]
Event: 5.614 Thread 0x0000017d8f3f3000 Exception <a 'java/lang/ClassNotFoundException'{0x000000008b520330}: org/gradle/plugin/use/internal/PluginRequestCollector$PluginDependenciesSpecImplBeanInfo> (0x000000008b520330) thrown at [./src/hotspot/share/classfile/systemDictionary.cpp, line 231]
Event: 5.615 Thread 0x0000017d8f3f3000 Exception <a 'java/lang/ClassNotFoundException'{0x000000008b54e1e0}: org/gradle/plugin/use/internal/PluginRequestCollector$PluginDependenciesSpecImplCustomizer> (0x000000008b54e1e0) thrown at [./src/hotspot/share/classfile/systemDictionary.cpp, line 231]
Event: 5.642 Thread 0x0000017d8f3f3000 Exception <a 'java/lang/ClassNotFoundException'{0x000000008b3cd838}: org/gradle/api/internal/plugins/DefaultObjectConfigurationActionBeanInfo> (0x000000008b3cd838) thrown at [./src/hotspot/share/classfile/systemDictionary.cpp, line 231]
Event: 5.642 Thread 0x0000017d8f3f3000 Exception <a 'java/lang/ClassNotFoundException'{0x000000008b202880}: org/gradle/api/internal/plugins/DefaultObjectConfigurationActionCustomizer> (0x000000008b202880) thrown at [./src/hotspot/share/classfile/systemDictionary.cpp, line 231]
Event: 5.732 Thread 0x0000017d8f3f3000 Exception <a 'java/lang/NoSuchMethodError'{0x000000008a9bbd40}: 'java.lang.Object java.lang.invoke.DirectMethodHandle$Holder.invokeStatic(java.lang.Object, java.lang.Object, java.lang.Object, java.lang.Object, int)'> (0x000000008a9bbd40) thrown at [./src/hotspot/share/interpreter/linkResolver.cpp, line 773]
Event: 5.733 Thread 0x0000017d8f3f3000 Exception <a 'java/lang/NoSuchMethodError'{0x000000008a9c0738}: 'java.lang.Object java.lang.invoke.DirectMethodHandle$Holder.invokeSpecial(java.lang.Object, java.lang.Object, java.lang.Object, java.lang.Object, java.lang.Object, int)'> (0x000000008a9c0738) thrown at [./src/hotspot/share/interpreter/linkResolver.cpp, line 773]
Event: 5.733 Thread 0x0000017d8f3f3000 Exception <a 'java/lang/NoSuchMethodError'{0x000000008a9c4d78}: 'java.lang.Object java.lang.invoke.Invokers$Holder.linkToTargetMethod(java.lang.Object, java.lang.Object, java.lang.Object, int, java.lang.Object)'> (0x000000008a9c4d78) thrown at [./src/hotspot/share/interpreter/linkResolver.cpp, line 773]
Event: 5.952 Thread 0x0000017d8f3f3000 Exception <a 'java/lang/NoSuchMethodError'{0x0000000089b40828}: 'java.lang.Object java.lang.invoke.DirectMethodHandle$Holder.invokeSpecial(java.lang.Object, java.lang.Object, int, int, java.lang.Object, java.lang.Object, java.lang.Object)'> (0x0000000089b40828) thrown at [./src/hotspot/share/interpreter/linkResolver.cpp, line 773]
Event: 5.952 Thread 0x0000017d8f3f3000 Exception <a 'java/lang/NoSuchMethodError'{0x0000000089b44da8}: 'java.lang.Object java.lang.invoke.DelegatingMethodHandle$Holder.reinvoke_L(java.lang.Object, int, int, java.lang.Object, java.lang.Object, java.lang.Object)'> (0x0000000089b44da8) thrown at [./src/hotspot/share/interpreter/linkResolver.cpp, line 773]
Event: 6.147 Thread 0x0000017d8f3f3000 Exception <a 'java/lang/NoSuchMethodError'{0x0000000088f24b30}: 'int java.lang.invoke.DirectMethodHandle$Holder.invokeInterface(java.lang.Object, java.lang.Object, java.lang.Object, java.lang.Object)'> (0x0000000088f24b30) thrown at [./src/hotspot/share/interpreter/linkResolver.cpp, line 773]
Event: 6.379 Thread 0x0000017d8f3f3000 Exception <a 'java/lang/NoSuchMethodError'{0x00000000874ddfd8}: 'void java.lang.invoke.DirectMethodHandle$Holder.invokeInterface(java.lang.Object, java.lang.Object, java.lang.Object, java.lang.Object)'> (0x00000000874ddfd8) thrown at [./src/hotspot/share/interpreter/linkResolver.cpp, line 773]
Event: 6.570 Thread 0x0000017d8f3f3000 Exception <a 'java/lang/IncompatibleClassChangeError'{0x0000000086cfdc90}: Found class java.lang.Object, but interface was expected> (0x0000000086cfdc90) thrown at [./src/hotspot/share/interpreter/linkResolver.cpp, line 839]
Event: 6.767 Thread 0x0000017d8f3f3000 Implicit null exception at 0x0000017d87da46ab to 0x0000017d87da4980
Event: 7.047 Thread 0x0000017d8f3f3000 Exception <a 'sun/nio/fs/WindowsException'{0x000000008ef89c10}> (0x000000008ef89c10) thrown at [./src/hotspot/share/prims/jni.cpp, line 615]

Events (20 events):
Event: 7.352 loading class com/android/build/gradle/internal/ide/v2/NativeModelBuilder$configurationModels$2
Event: 7.352 loading class com/android/build/gradle/internal/ide/v2/NativeModelBuilder$configurationModels$2 done
Event: 7.353 loading class com/android/builder/signing/DefaultSigningConfig$Companion
Event: 7.353 loading class com/android/builder/signing/DefaultSigningConfig$Companion done
Event: 7.356 loading class java/security/KeyStore
Event: 7.356 loading class java/security/KeyStore done
Event: 7.356 loading class java/security/KeyStore$1
Event: 7.356 loading class java/security/KeyStore$1 done
Event: 7.358 loading class com/android/build/gradle/internal/dsl/BuildType$PostProcessingConfiguration
Event: 7.358 loading class com/android/build/gradle/internal/dsl/BuildType$PostProcessingConfiguration done
Event: 7.358 loading class com/android/build/gradle/internal/dsl/PostProcessingBlock
Event: 7.358 loading class com/android/build/gradle/internal/dsl/PostProcessingBlock done
Event: 7.359 loading class com/android/build/gradle/internal/ProguardFilesProvider
Event: 7.359 loading class com/android/build/gradle/internal/ProguardFilesProvider done
Event: 7.359 loading class com/android/build/api/dsl/PostProcessing
Event: 7.359 loading class com/android/build/api/dsl/PostProcessing done
Event: 7.360 loading class com/android/build/gradle/internal/dsl/BuildType$Companion
Event: 7.360 loading class com/android/build/gradle/internal/dsl/BuildType$Companion done
Event: 7.360 loading class com/android/builder/core/AbstractBuildType$Companion
Event: 7.360 loading class com/android/builder/core/AbstractBuildType$Companion done


Dynamic libraries:
0x00007ff6d35c0000 - 0x00007ff6d35ca000 	C:\Program Files\Android\Android Studio\jre\bin\java.exe
0x00007ff903b30000 - 0x00007ff903d25000 	C:\WINDOWS\SYSTEM32\ntdll.dll
0x00007ff901fe0000 - 0x00007ff90209e000 	C:\WINDOWS\System32\KERNEL32.DLL
0x00007ff9014c0000 - 0x00007ff901789000 	C:\WINDOWS\System32\KERNELBASE.dll
0x00007ff901310000 - 0x00007ff901410000 	C:\WINDOWS\System32\ucrtbase.dll
0x00007ff8fdd20000 - 0x00007ff8fdd39000 	C:\Program Files\Android\Android Studio\jre\bin\jli.dll
0x00007ff8fdd00000 - 0x00007ff8fdd17000 	C:\Program Files\Android\Android Studio\jre\bin\VCRUNTIME140.dll
0x00007ff9021d0000 - 0x00007ff902371000 	C:\WINDOWS\System32\USER32.dll
0x00007ff8f2970000 - 0x00007ff8f2c0a000 	C:\WINDOWS\WinSxS\amd64_microsoft.windows.common-controls_6595b64144ccf1df_6.0.19041.1110_none_60b5254171f9507e\COMCTL32.dll
0x00007ff901ab0000 - 0x00007ff901ad2000 	C:\WINDOWS\System32\win32u.dll
0x00007ff901d60000 - 0x00007ff901dfe000 	C:\WINDOWS\System32\msvcrt.dll
0x00007ff901fa0000 - 0x00007ff901fcb000 	C:\WINDOWS\System32\GDI32.dll
0x00007ff9018f0000 - 0x00007ff9019fb000 	C:\WINDOWS\System32\gdi32full.dll
0x00007ff901ae0000 - 0x00007ff901b7d000 	C:\WINDOWS\System32\msvcp_win.dll
0x00007ff902cd0000 - 0x00007ff902d00000 	C:\WINDOWS\System32\IMM32.DLL
0x00007ff8e6410000 - 0x00007ff8e64ad000 	C:\Program Files\Android\Android Studio\jre\bin\msvcp140.dll
0x00007ff89e380000 - 0x00007ff89ee4f000 	C:\Program Files\Android\Android Studio\jre\bin\server\jvm.dll
0x00007ff903440000 - 0x00007ff9034ec000 	C:\WINDOWS\System32\ADVAPI32.dll
0x00007ff903550000 - 0x00007ff9035eb000 	C:\WINDOWS\System32\sechost.dll
0x00007ff9020a0000 - 0x00007ff9021ca000 	C:\WINDOWS\System32\RPCRT4.dll
0x00007ff903720000 - 0x00007ff903728000 	C:\WINDOWS\System32\PSAPI.DLL
0x00007ff8f94e0000 - 0x00007ff8f9507000 	C:\WINDOWS\SYSTEM32\WINMM.dll
0x00007ff8fdcf0000 - 0x00007ff8fdcf9000 	C:\WINDOWS\SYSTEM32\WSOCK32.dll
0x00007ff8fb400000 - 0x00007ff8fb40a000 	C:\WINDOWS\SYSTEM32\VERSION.dll
0x00007ff902c60000 - 0x00007ff902ccb000 	C:\WINDOWS\System32\WS2_32.dll
0x00007ff8ffb00000 - 0x00007ff8ffb12000 	C:\WINDOWS\SYSTEM32\kernel.appcore.dll
0x00007ff8e9c60000 - 0x00007ff8e9c71000 	C:\Program Files\Android\Android Studio\jre\bin\verify.dll
0x00007ff8ff130000 - 0x00007ff8ff314000 	C:\WINDOWS\SYSTEM32\DBGHELP.DLL
0x00007ff8f3be0000 - 0x00007ff8f3c0c000 	C:\WINDOWS\SYSTEM32\dbgcore.DLL
0x00007ff901250000 - 0x00007ff9012d3000 	C:\WINDOWS\System32\bcryptPrimitives.dll
0x00007ff8e78c0000 - 0x00007ff8e78e9000 	C:\Program Files\Android\Android Studio\jre\bin\java.dll
0x00007ff8fdce0000 - 0x00007ff8fdceb000 	C:\Program Files\Android\Android Studio\jre\bin\jimage.dll
0x00007ff8e78a0000 - 0x00007ff8e78b8000 	C:\Program Files\Android\Android Studio\jre\bin\zip.dll
0x00007ff902d00000 - 0x00007ff90343f000 	C:\WINDOWS\System32\SHELL32.dll
0x00007ff8ff340000 - 0x00007ff8ffad0000 	C:\WINDOWS\SYSTEM32\windows.storage.dll
0x00007ff903730000 - 0x00007ff903a85000 	C:\WINDOWS\System32\combase.dll
0x00007ff900ca0000 - 0x00007ff900ccc000 	C:\WINDOWS\SYSTEM32\Wldp.dll
0x00007ff902bb0000 - 0x00007ff902c5d000 	C:\WINDOWS\System32\SHCORE.dll
0x00007ff9034f0000 - 0x00007ff903545000 	C:\WINDOWS\System32\shlwapi.dll
0x00007ff901190000 - 0x00007ff9011af000 	C:\WINDOWS\SYSTEM32\profapi.dll
0x00007ff8e7750000 - 0x00007ff8e776a000 	C:\Program Files\Android\Android Studio\jre\bin\net.dll
0x00007ff8f88a0000 - 0x00007ff8f89a8000 	C:\WINDOWS\SYSTEM32\WINHTTP.dll
0x00007ff900a00000 - 0x00007ff900a6a000 	C:\WINDOWS\system32\mswsock.dll
0x00007ff8e63e0000 - 0x00007ff8e63f4000 	C:\Program Files\Android\Android Studio\jre\bin\nio.dll
0x00007ff8e4dd0000 - 0x00007ff8e4df7000 	C:\Users\Ando\.gradle\native\8bec1ad78214c89d9ad589b4d07fe93259594b29d510b10fafb7a158f7737e5d\windows-amd64\native-platform.dll
0x00007ff8cf810000 - 0x00007ff8cf94d000 	C:\Users\Ando\.gradle\native\53dbd7edfb1c66fb8903c78663c9afc45aea4f116125fa6feffd364cf09443e8\windows-amd64\native-platform-file-events.dll
0x00007ff8fdcc0000 - 0x00007ff8fdcca000 	C:\Program Files\Android\Android Studio\jre\bin\management.dll
0x00007ff8fb1a0000 - 0x00007ff8fb1ac000 	C:\Program Files\Android\Android Studio\jre\bin\management_ext.dll
0x00007ff900bf0000 - 0x00007ff900c08000 	C:\WINDOWS\SYSTEM32\CRYPTSP.dll
0x00007ff900310000 - 0x00007ff900344000 	C:\WINDOWS\system32\rsaenh.dll
0x00007ff9012e0000 - 0x00007ff901307000 	C:\WINDOWS\System32\bcrypt.dll
0x00007ff901150000 - 0x00007ff90117e000 	C:\WINDOWS\SYSTEM32\USERENV.dll
0x00007ff900c10000 - 0x00007ff900c1c000 	C:\WINDOWS\SYSTEM32\CRYPTBASE.dll
0x00007ff9006a0000 - 0x00007ff9006db000 	C:\WINDOWS\SYSTEM32\IPHLPAPI.DLL
0x00007ff901fd0000 - 0x00007ff901fd8000 	C:\WINDOWS\System32\NSI.dll
0x00007ff8fa4f0000 - 0x00007ff8fa507000 	C:\WINDOWS\SYSTEM32\dhcpcsvc6.DLL
0x00007ff8fa440000 - 0x00007ff8fa45d000 	C:\WINDOWS\SYSTEM32\dhcpcsvc.DLL
0x00007ff9006e0000 - 0x00007ff9007ac000 	C:\WINDOWS\SYSTEM32\DNSAPI.dll

dbghelp: loaded successfully - version: 4.0.5 - missing functions: none
symbol engine: initialized successfully - sym options: 0x614 - pdb path: .;C:\Program Files\Android\Android Studio\jre\bin;C:\WINDOWS\SYSTEM32;C:\WINDOWS\WinSxS\amd64_microsoft.windows.common-controls_6595b64144ccf1df_6.0.19041.1110_none_60b5254171f9507e;C:\Program Files\Android\Android Studio\jre\bin\server;C:\Users\Ando\.gradle\native\8bec1ad78214c89d9ad589b4d07fe93259594b29d510b10fafb7a158f7737e5d\windows-amd64;C:\Users\Ando\.gradle\native\53dbd7edfb1c66fb8903c78663c9afc45aea4f116125fa6feffd364cf09443e8\windows-amd64

VM Arguments:
jvm_args: --add-opens=java.base/java.util=ALL-UNNAMED --add-opens=java.base/java.lang=ALL-UNNAMED --add-opens=java.base/java.lang.invoke=ALL-UNNAMED --add-opens=java.base/java.util=ALL-UNNAMED --add-opens=java.prefs/java.util.prefs=ALL-UNNAMED --add-opens=java.prefs/java.util.prefs=ALL-UNNAMED --add-opens=java.base/java.nio.charset=ALL-UNNAMED --add-opens=java.base/java.net=ALL-UNNAMED --add-opens=java.base/java.util.concurrent.atomic=ALL-UNNAMED -Xmx2048m -Dfile.encoding=UTF-8 -Duser.country=US -Duser.language=en -Duser.variant 
java_command: org.gradle.launcher.daemon.bootstrap.GradleDaemon 7.0.2
java_class_path (initial): C:\Users\Ando\.gradle\wrapper\dists\gradle-7.0.2-bin\857tjihv64xamwrf0h14cai3r\gradle-7.0.2\lib\gradle-launcher-7.0.2.jar
Launcher Type: SUN_STANDARD

[Global flags]
     intx CICompilerCount                          = 4                                         {product} {ergonomic}
     uint ConcGCThreads                            = 2                                         {product} {ergonomic}
     uint G1ConcRefinementThreads                  = 8                                         {product} {ergonomic}
   size_t G1HeapRegionSize                         = 1048576                                   {product} {ergonomic}
    uintx GCDrainStackTargetSize                   = 64                                        {product} {ergonomic}
   size_t InitialHeapSize                          = 268435456                                 {product} {ergonomic}
   size_t MarkStackSize                            = 4194304                                   {product} {ergonomic}
   size_t MaxHeapSize                              = 2147483648                                {product} {command line}
   size_t MaxNewSize                               = 1287651328                                {product} {ergonomic}
   size_t MinHeapDeltaBytes                        = 1048576                                   {product} {ergonomic}
    uintx NonNMethodCodeHeapSize                   = 5836300                                {pd product} {ergonomic}
    uintx NonProfiledCodeHeapSize                  = 122910970                              {pd product} {ergonomic}
    uintx ProfiledCodeHeapSize                     = 122910970                              {pd product} {ergonomic}
    uintx ReservedCodeCacheSize                    = 251658240                              {pd product} {ergonomic}
     bool SegmentedCodeCache                       = true                                      {product} {ergonomic}
     bool UseCompressedClassPointers               = true                                 {lp64_product} {ergonomic}
     bool UseCompressedOops                        = true                                 {lp64_product} {ergonomic}
     bool UseG1GC                                  = true                                      {product} {ergonomic}
     bool UseLargePagesIndividualAllocation        = false                                  {pd product} {ergonomic}

Logging:
Log output configuration:
 #0: stdout all=warning uptime,level,tags
 #1: stderr all=off uptime,level,tags

Environment Variables:
JAVA_HOME=C:\Program Files\AdoptOpenJDK\jdk-8.0.272.10-hotspot\
PATH=C:\RoboDK\Python37\Scripts\;C:\RoboDK\Python37\;C:\Program Files\AdoptOpenJDK\jdk-11.0.9.11-hotspot\bin;C:\Program Files\AdoptOpenJDK\jdk-8.0.272.10-hotspot\bin;C:\Program Files (x86)\AdoptOpenJDK\jdk-8.0.272.10-hotspot\bin;C:\Program Files\AdoptOpenJDK\jre-11.0.9.11-hotspot\bin;C:\Program Files (x86)\AdoptOpenJDK\jre-8.0.272.10-hotspot\bin;C:\WINDOWS\system32;C:\WINDOWS;C:\WINDOWS\System32\Wbem;C:\WINDOWS\System32\WindowsPowerShell\v1.0\;C:\Program Files\Microsoft VS Code\bin;C:\WINDOWS\System32\OpenSSH\;C:\Program Files\NVIDIA Corporation\NVIDIA NvDLISR;C:\Program Files (x86)\NVIDIA Corporation\PhysX\Common;C:\WINDOWS\system32;C:\WINDOWS;C:\WINDOWS\System32\Wbem;C:\WINDOWS\System32\WindowsPowerShell\v1.0\;C:\WINDOWS\System32\OpenSSH\;C:\Program Files\dotnet\;C:\Program Files (x86)\dotnet\;C:\Program Files (x86)\CODESYS\APInstaller\;C:\Program Files\MATLAB\R2021a\bin;C:\Program Files\Git\cmd;C:\Users\Ando\AppData\Local\Microsoft\WindowsApps;
USERNAME=Ando
OS=Windows_NT
PROCESSOR_IDENTIFIER=Intel64 Family 6 Model 94 Stepping 3, GenuineIntel



---------------  S Y S T E M  ---------------

OS: Windows 10 , 64 bit Build 19041 (10.0.19041.1202)
OS uptime: 1 days 15:30 hours

CPU:total 8 (initial active 8) (4 cores per cpu, 2 threads per core) family 6 model 94 stepping 3 microcode 0xcc, cmov, cx8, fxsr, mmx, sse, sse2, sse3, ssse3, sse4.1, sse4.2, popcnt, avx, avx2, aes, clmul, erms, rtm, 3dnowpref, lzcnt, ht, tsc, tscinvbit, bmi1, bmi2, adx, fma

Memory: 4k page, system-wide physical 16299M (5459M free)
TotalPageFile size 26299M (AvailPageFile size 320M)
current process WorkingSet (physical memory assigned to process): 429M, peak: 429M
current process commit charge ("private bytes"): 506M, peak: 507M

vm_info: OpenJDK 64-Bit Server VM (11.0.10+0-b96-7249189) for windows-amd64 JRE (11.0.10+0-b96-7249189), built on Mar 31 2021 21:44:00 by "builder" with MS VC++ 14.0 (VS2015)

END.
