#
# There is insufficient memory for the Java Runtime Environment to continue.
# Native memory allocation (malloc) failed to allocate 1022736 bytes for Chunk::new
# Possible reasons:
#   The system is out of physical RAM or swap space
#   The process is running with CompressedOops enabled, and the Java Heap may be blocking the growth of the native heap
# Possible solutions:
#   Reduce memory load on the system
#   Increase physical memory or swap space
#   Check if swap backing store is full
#   Decrease Java heap size (-Xmx/-Xms)
#   Decrease number of Java threads
#   Decrease Java thread stack sizes (-Xss)
#   Set larger code cache with -XX:ReservedCodeCacheSize=
#   JVM is running with Unscaled Compressed Oops mode in which the Java heap is
#     placed in the first 4GB address space. The Java Heap base address is the
#     maximum limit for the native heap growth. Please use -XX:HeapBaseMinAddress
#     to set the Java Heap base and to place the Java Heap above 4GB virtual address.
# This output file may be truncated or incomplete.
#
#  Out of Memory Error (./src/hotspot/share/memory/arena.cpp:197), pid=5564, tid=14552
#
# JRE version: OpenJDK Runtime Environment (11.0.10) (build 11.0.10+0-b96-7249189)
# Java VM: OpenJDK 64-Bit Server VM (11.0.10+0-b96-7249189, mixed mode, tiered, compressed oops, g1 gc, windows-amd64)
# No core dump will be written. Minidumps are not enabled by default on client versions of Windows
#

---------------  S U M M A R Y ------------

Command Line: --add-opens=java.base/java.util=ALL-UNNAMED --add-opens=java.base/java.lang=ALL-UNNAMED --add-opens=java.base/java.lang.invoke=ALL-UNNAMED --add-opens=java.base/java.util=ALL-UNNAMED --add-opens=java.prefs/java.util.prefs=ALL-UNNAMED --add-opens=java.prefs/java.util.prefs=ALL-UNNAMED --add-opens=java.base/java.nio.charset=ALL-UNNAMED --add-opens=java.base/java.net=ALL-UNNAMED --add-opens=java.base/java.util.concurrent.atomic=ALL-UNNAMED -Xmx2048m -Dfile.encoding=UTF-8 -Duser.country=US -Duser.language=en -Duser.variant org.gradle.launcher.daemon.bootstrap.GradleDaemon 7.0.2

Host: Intel(R) Core(TM) i7-6700 CPU @ 3.40GHz, 8 cores, 15G,  Windows 10 , 64 bit Build 19041 (10.0.19041.1202)
Time: Fri Nov  5 12:56:41 2021 W. Europe Standard Time elapsed time: 5.610297 seconds (0d 0h 0m 5s)

---------------  T H R E A D  ---------------

Current thread (0x0000026a7f778000):  JavaThread "C2 CompilerThread0" daemon [_thread_in_native, id=14552, stack(0x00000088cee00000,0x00000088cef00000)]


Current CompileTask:
C2:   5610 4648       4       java.lang.invoke.MethodType::makeImpl (108 bytes)

Stack: [0x00000088cee00000,0x00000088cef00000]
Native frames: (J=compiled Java code, j=interpreted, Vv=VM code, C=native code)
V  [jvm.dll+0x5ecfaa]
V  [jvm.dll+0x722bd5]
V  [jvm.dll+0x72412d]
V  [jvm.dll+0x7247e3]
V  [jvm.dll+0x242928]
V  [jvm.dll+0xbc4fc]
V  [jvm.dll+0xbca0c]
V  [jvm.dll+0x352d3b]
V  [jvm.dll+0x320ad3]
V  [jvm.dll+0x31ffca]
V  [jvm.dll+0x1fb602]
V  [jvm.dll+0x1fa7f4]
V  [jvm.dll+0x18354c]
V  [jvm.dll+0x208ee7]
V  [jvm.dll+0x207731]
V  [jvm.dll+0x6eb1cf]
V  [jvm.dll+0x6e3d45]
V  [jvm.dll+0x5ebe96]
C  [ucrtbase.dll+0x21bb2]
C  [KERNEL32.DLL+0x17034]
C  [ntdll.dll+0x52651]


---------------  P R O C E S S  ---------------

Threads class SMR info:
_java_thread_list=0x0000026a07631bf0, length=51, elements={
0x0000026a66a9d800, 0x0000026a7f70c800, 0x0000026a7f718000, 0x0000026a7f771800,
0x0000026a7f773000, 0x0000026a7f775000, 0x0000026a7f778000, 0x0000026a7f785800,
0x0000026a7f78b000, 0x0000026a7f8ea000, 0x0000026a050ea000, 0x0000026a04099000,
0x0000026a7f9ce800, 0x0000026a065a7800, 0x0000026a056db800, 0x0000026a06485000,
0x0000026a065b2000, 0x0000026a056aa800, 0x0000026a06357800, 0x0000026a05fbb000,
0x0000026a05fbd800, 0x0000026a05fbc000, 0x0000026a05fbe000, 0x0000026a06d68000,
0x0000026a05fbc800, 0x0000026a05fbf000, 0x0000026a05fb9800, 0x0000026a05fc0000,
0x0000026a05fba000, 0x0000026a057ce000, 0x0000026a0931e800, 0x0000026a0931f800,
0x0000026a09319800, 0x0000026a0931c000, 0x0000026a0931e000, 0x0000026a09321000,
0x0000026a0931b800, 0x0000026a09324800, 0x0000026a09325000, 0x0000026a09326000,
0x0000026a09327800, 0x0000026a09323800, 0x0000026a09326800, 0x0000026a09322000,
0x0000026a09322800, 0x0000026a09328800, 0x0000026a090b3000, 0x0000026a090b9800,
0x0000026a090b8800, 0x0000026a090b8000, 0x0000026a090b7000
}

Java Threads: ( => current thread )
  0x0000026a66a9d800 JavaThread "main" [_thread_blocked, id=1056, stack(0x00000088ce200000,0x00000088ce300000)]
  0x0000026a7f70c800 JavaThread "Reference Handler" daemon [_thread_blocked, id=9768, stack(0x00000088ce900000,0x00000088cea00000)]
  0x0000026a7f718000 JavaThread "Finalizer" daemon [_thread_blocked, id=1856, stack(0x00000088cea00000,0x00000088ceb00000)]
  0x0000026a7f771800 JavaThread "Signal Dispatcher" daemon [_thread_blocked, id=18348, stack(0x00000088ceb00000,0x00000088cec00000)]
  0x0000026a7f773000 JavaThread "Attach Listener" daemon [_thread_blocked, id=15968, stack(0x00000088cec00000,0x00000088ced00000)]
  0x0000026a7f775000 JavaThread "Service Thread" daemon [_thread_blocked, id=12216, stack(0x00000088ced00000,0x00000088cee00000)]
=>0x0000026a7f778000 JavaThread "C2 CompilerThread0" daemon [_thread_in_native, id=14552, stack(0x00000088cee00000,0x00000088cef00000)]
  0x0000026a7f785800 JavaThread "C1 CompilerThread0" daemon [_thread_in_vm, id=13564, stack(0x00000088cef00000,0x00000088cf000000)]
  0x0000026a7f78b000 JavaThread "Sweeper thread" daemon [_thread_blocked, id=13620, stack(0x00000088cf000000,0x00000088cf100000)]
  0x0000026a7f8ea000 JavaThread "Common-Cleaner" daemon [_thread_blocked, id=1348, stack(0x00000088cf100000,0x00000088cf200000)]
  0x0000026a050ea000 JavaThread "Daemon health stats" [_thread_blocked, id=7540, stack(0x00000088cfa00000,0x00000088cfb00000)]
  0x0000026a04099000 JavaThread "Incoming local TCP Connector on port 53808" [_thread_in_native, id=15136, stack(0x00000088cf300000,0x00000088cf400000)]
  0x0000026a7f9ce800 JavaThread "Daemon periodic checks" [_thread_blocked, id=1608, stack(0x00000088cf400000,0x00000088cf500000)]
  0x0000026a065a7800 JavaThread "Daemon" [_thread_blocked, id=16516, stack(0x00000088cfb00000,0x00000088cfc00000)]
  0x0000026a056db800 JavaThread "Handler for socket connection from /127.0.0.1:53808 to /127.0.0.1:53809" [_thread_in_native, id=17644, stack(0x00000088cfc00000,0x00000088cfd00000)]
  0x0000026a06485000 JavaThread "Cancel handler" [_thread_blocked, id=14588, stack(0x00000088cfd00000,0x00000088cfe00000)]
  0x0000026a065b2000 JavaThread "Daemon worker" [_thread_in_Java, id=10872, stack(0x00000088cfe00000,0x00000088cff00000)]
  0x0000026a056aa800 JavaThread "Asynchronous log dispatcher for DefaultDaemonConnection: socket connection from /127.0.0.1:53808 to /127.0.0.1:53809" [_thread_blocked, id=18200, stack(0x00000088cff00000,0x00000088d0000000)]
  0x0000026a06357800 JavaThread "Stdin handler" [_thread_blocked, id=9320, stack(0x00000088d0000000,0x00000088d0100000)]
  0x0000026a05fbb000 JavaThread "Daemon client event forwarder" [_thread_blocked, id=14924, stack(0x00000088d0100000,0x00000088d0200000)]
  0x0000026a05fbd800 JavaThread "Cache worker for file hash cache (C:\Users\Ando\.gradle\caches\7.0.2\fileHashes)" [_thread_in_Java, id=17080, stack(0x00000088d0200000,0x00000088d0300000)]
  0x0000026a05fbc000 JavaThread "File lock request listener" [_thread_in_native, id=3632, stack(0x00000088d0300000,0x00000088d0400000)]
  0x0000026a05fbe000 JavaThread "Cache worker for journal cache (C:\Users\Ando\.gradle\caches\journal-1)" [_thread_blocked, id=5508, stack(0x00000088d0700000,0x00000088d0800000)]
  0x0000026a06d68000 JavaThread "C2 CompilerThread1" daemon [_thread_in_native, id=3820, stack(0x00000088d0800000,0x00000088d0900000)]
  0x0000026a05fbc800 JavaThread "Cache worker for file hash cache (C:\Users\Ando\Documents\skole\mobilprog\Hovedprojekt\Homework_Planer\.gradle\7.0.2\fileHashes)" [_thread_blocked, id=18216, stack(0x00000088d0900000,0x00000088d0a00000)]
  0x0000026a05fbf000 JavaThread "File watcher server" daemon [_thread_in_native, id=17808, stack(0x00000088d0a00000,0x00000088d0b00000)]
  0x0000026a05fb9800 JavaThread "File watcher consumer" daemon [_thread_blocked, id=3320, stack(0x00000088d0b00000,0x00000088d0c00000)]
  0x0000026a05fc0000 JavaThread "Cache worker for checksums cache (C:\Users\Ando\Documents\skole\mobilprog\Hovedprojekt\Homework_Planer\.gradle\checksums)" [_thread_blocked, id=11848, stack(0x00000088d0c00000,0x00000088d0d00000)]
  0x0000026a05fba000 JavaThread "Cache worker for cache directory md-supplier (C:\Users\Ando\.gradle\caches\7.0.2\md-supplier)" [_thread_blocked, id=14764, stack(0x00000088d0d00000,0x00000088d0e00000)]
  0x0000026a057ce000 JavaThread "C2 CompilerThread2" daemon [_thread_in_native, id=5260, stack(0x00000088d0e00000,0x00000088d0f00000)]
  0x0000026a0931e800 JavaThread "Cache worker for cache directory md-rule (C:\Users\Ando\.gradle\caches\7.0.2\md-rule)" [_thread_blocked, id=9408, stack(0x00000088d0f00000,0x00000088d1000000)]
  0x0000026a0931f800 JavaThread "Cache worker for execution history cache (C:\Users\Ando\.gradle\caches\7.0.2\executionHistory)" [_thread_blocked, id=13940, stack(0x00000088d1000000,0x00000088d1100000)]
  0x0000026a09319800 JavaThread "jar transforms" [_thread_blocked, id=16212, stack(0x00000088d1100000,0x00000088d1200000)]
  0x0000026a0931c000 JavaThread "jar transforms Thread 2" [_thread_blocked, id=2964, stack(0x00000088d1200000,0x00000088d1300000)]
  0x0000026a0931e000 JavaThread "Cache worker for file content cache (C:\Users\Ando\.gradle\caches\7.0.2\fileContent)" [_thread_blocked, id=11160, stack(0x00000088d1300000,0x00000088d1400000)]
  0x0000026a09321000 JavaThread "Cache worker for dependencies-accessors (C:\Users\Ando\Documents\skole\mobilprog\Hovedprojekt\Homework_Planer\.gradle\7.0.2\dependencies-accessors)" [_thread_blocked, id=6604, stack(0x00000088d1400000,0x00000088d1500000)]
  0x0000026a0931b800 JavaThread "jar transforms Thread 3" [_thread_blocked, id=12452, stack(0x00000088d1500000,0x00000088d1600000)]
  0x0000026a09324800 JavaThread "Cache worker for Build Output Cleanup Cache (C:\Users\Ando\Documents\skole\mobilprog\Hovedprojekt\Homework_Planer\.gradle\buildOutputCleanup)" [_thread_blocked, id=13480, stack(0x00000088d1600000,0x00000088d1700000)]
  0x0000026a09325000 JavaThread "Build operations" [_thread_blocked, id=16124, stack(0x00000088d1700000,0x00000088d1800000)]
  0x0000026a09326000 JavaThread "Build operations Thread 2" [_thread_blocked, id=1460, stack(0x00000088d1800000,0x00000088d1900000)]
  0x0000026a09327800 JavaThread "Build operations Thread 3" [_thread_blocked, id=4936, stack(0x00000088d1900000,0x00000088d1a00000)]
  0x0000026a09323800 JavaThread "Build operations Thread 4" [_thread_blocked, id=16728, stack(0x00000088d1a00000,0x00000088d1b00000)]
  0x0000026a09326800 JavaThread "Build operations Thread 5" [_thread_blocked, id=16828, stack(0x00000088d1b00000,0x00000088d1c00000)]
  0x0000026a09322000 JavaThread "Build operations Thread 6" [_thread_blocked, id=10896, stack(0x00000088d1c00000,0x00000088d1d00000)]
  0x0000026a09322800 JavaThread "Build operations Thread 7" [_thread_blocked, id=12520, stack(0x00000088d1d00000,0x00000088d1e00000)]
  0x0000026a09328800 JavaThread "Build operations Thread 8" [_thread_blocked, id=2020, stack(0x00000088d1e00000,0x00000088d1f00000)]
  0x0000026a090b3000 JavaThread "jar transforms Thread 4" [_thread_blocked, id=18076, stack(0x00000088d1f00000,0x00000088d2000000)]
  0x0000026a090b9800 JavaThread "jar transforms Thread 5" [_thread_blocked, id=12032, stack(0x00000088d2000000,0x00000088d2100000)]
  0x0000026a090b8800 JavaThread "jar transforms Thread 6" [_thread_blocked, id=12112, stack(0x00000088d2100000,0x00000088d2200000)]
  0x0000026a090b8000 JavaThread "jar transforms Thread 7" [_thread_blocked, id=17752, stack(0x00000088d2200000,0x00000088d2300000)]
  0x0000026a090b7000 JavaThread "jar transforms Thread 8" [_thread_blocked, id=9240, stack(0x00000088d2300000,0x00000088d2400000)]

Other Threads:
  0x0000026a7f708800 VMThread "VM Thread" [stack: 0x00000088ce800000,0x00000088ce900000] [id=8452]
  0x0000026a7f918000 WatcherThread [stack: 0x00000088cf200000,0x00000088cf300000] [id=2916]
  0x0000026a66ab7800 GCTaskThread "GC Thread#0" [stack: 0x00000088ce300000,0x00000088ce400000] [id=14428]
  0x0000026a04bed800 GCTaskThread "GC Thread#1" [stack: 0x00000088cf500000,0x00000088cf600000] [id=5348]
  0x0000026a04772800 GCTaskThread "GC Thread#2" [stack: 0x00000088cf600000,0x00000088cf700000] [id=12116]
  0x0000026a04490000 GCTaskThread "GC Thread#3" [stack: 0x00000088cf700000,0x00000088cf800000] [id=5156]
  0x0000026a04e52800 GCTaskThread "GC Thread#4" [stack: 0x00000088cf800000,0x00000088cf900000] [id=3728]
  0x0000026a04ac3000 GCTaskThread "GC Thread#5" [stack: 0x00000088cf900000,0x00000088cfa00000] [id=2416]
  0x0000026a05b52000 GCTaskThread "GC Thread#6" [stack: 0x00000088d0400000,0x00000088d0500000] [id=4732]
  0x0000026a05126800 GCTaskThread "GC Thread#7" [stack: 0x00000088d0500000,0x00000088d0600000] [id=1948]
  0x0000026a66ae8800 ConcurrentGCThread "G1 Main Marker" [stack: 0x00000088ce400000,0x00000088ce500000] [id=14728]
  0x0000026a66aea000 ConcurrentGCThread "G1 Conc#0" [stack: 0x00000088ce500000,0x00000088ce600000] [id=16080]
  0x0000026a05b75800 ConcurrentGCThread "G1 Conc#1" [stack: 0x00000088d0600000,0x00000088d0700000] [id=17304]
  0x0000026a66b7e000 ConcurrentGCThread "G1 Refine#0" [stack: 0x00000088ce600000,0x00000088ce700000] [id=18384]
  0x0000026a7ed5d000 ConcurrentGCThread "G1 Young RemSet Sampling" [stack: 0x00000088ce700000,0x00000088ce800000] [id=17464]

Threads with active compile tasks:
C2 CompilerThread0   5649 4648       4       java.lang.invoke.MethodType::makeImpl (108 bytes)
C1 CompilerThread0   5649 4881       3       org.gradle.internal.snapshot.VfsRelativePath::fromChild (22 bytes)
C2 CompilerThread1   5649 4879 %     4       java.util.Arrays::fill @ 5 (21 bytes)
C2 CompilerThread2   5649 4878       4       org.gradle.internal.snapshot.PathUtil::equalChars (60 bytes)

VM state:not at safepoint (normal execution)

VM Mutex/Monitor currently owned by a thread: None

Heap address: 0x0000000080000000, size: 2048 MB, Compressed Oops mode: 32-bit
Narrow klass base: 0x0000000000000000, Narrow klass shift: 3
Compressed class space size: 1073741824 Address: 0x0000000100000000

Heap:
 garbage-first heap   total 262144K, used 86800K [0x0000000080000000, 0x0000000100000000)
  region size 1024K, 70 young (71680K), 12 survivors (12288K)
 Metaspace       used 46867K, capacity 48086K, committed 48256K, reserved 1091584K
  class space    used 5998K, capacity 6440K, committed 6528K, reserved 1048576K
Heap Regions: E=young(eden), S=young(survivor), O=old, HS=humongous(starts), HC=humongous(continues), CS=collection set, F=free, A=archive, TAMS=top-at-mark-start (previous, next)
|   0|0x0000000080000000, 0x0000000080100000, 0x0000000080100000|100%| O|  |TAMS 0x0000000080100000, 0x0000000080000000| Untracked 
|   1|0x0000000080100000, 0x0000000080200000, 0x0000000080200000|100%| O|  |TAMS 0x0000000080200000, 0x0000000080100000| Untracked 
|   2|0x0000000080200000, 0x0000000080300000, 0x0000000080300000|100%| O|  |TAMS 0x0000000080300000, 0x0000000080200000| Untracked 
|   3|0x0000000080300000, 0x0000000080400000, 0x0000000080400000|100%|HS|  |TAMS 0x0000000080400000, 0x0000000080300000| Complete 
|   4|0x0000000080400000, 0x0000000080500000, 0x0000000080500000|100%|HC|  |TAMS 0x0000000080500000, 0x0000000080400000| Complete 
|   5|0x0000000080500000, 0x0000000080600000, 0x0000000080600000|100%|HC|  |TAMS 0x0000000080600000, 0x0000000080500000| Complete 
|   6|0x0000000080600000, 0x0000000080700000, 0x0000000080700000|100%| O|  |TAMS 0x0000000080700000, 0x0000000080600000| Untracked 
|   7|0x0000000080700000, 0x0000000080800000, 0x0000000080800000|100%| O|  |TAMS 0x0000000080800000, 0x0000000080700000| Untracked 
|   8|0x0000000080800000, 0x0000000080900000, 0x0000000080900000|100%| O|  |TAMS 0x0000000080900000, 0x0000000080800000| Untracked 
|   9|0x0000000080900000, 0x0000000080a00000, 0x0000000080a00000|100%| O|  |TAMS 0x0000000080a00000, 0x0000000080900000| Untracked 
|  10|0x0000000080a00000, 0x0000000080b00000, 0x0000000080b00000|100%| O|  |TAMS 0x0000000080b00000, 0x0000000080a00000| Untracked 
|  11|0x0000000080b00000, 0x0000000080c00000, 0x0000000080c00000|100%| O|  |TAMS 0x0000000080c00000, 0x0000000080b00000| Untracked 
|  12|0x0000000080c00000, 0x0000000080d00000, 0x0000000080d00000|100%| O|  |TAMS 0x0000000080d00000, 0x0000000080c00000| Untracked 
|  13|0x0000000080d00000, 0x0000000080e00000, 0x0000000080e00000|100%| O|  |TAMS 0x0000000080e00000, 0x0000000080d00000| Untracked 
|  14|0x0000000080e00000, 0x0000000080f00000, 0x0000000080f00000|100%| O|  |TAMS 0x0000000080f00000, 0x0000000080e00000| Untracked 
|  15|0x0000000080f00000, 0x0000000081000000, 0x0000000081000000|100%| O|  |TAMS 0x0000000081000000, 0x0000000080f00000| Untracked 
|  16|0x0000000081000000, 0x000000008101b600, 0x0000000081100000| 10%| O|  |TAMS 0x000000008101b600, 0x0000000081000000| Untracked 
|  17|0x0000000081100000, 0x0000000081100000, 0x0000000081200000|  0%| F|  |TAMS 0x0000000081100000, 0x0000000081100000| Untracked 
|  18|0x0000000081200000, 0x0000000081200000, 0x0000000081300000|  0%| F|  |TAMS 0x0000000081200000, 0x0000000081200000| Untracked 
|  19|0x0000000081300000, 0x0000000081300000, 0x0000000081400000|  0%| F|  |TAMS 0x0000000081300000, 0x0000000081300000| Untracked 
|  20|0x0000000081400000, 0x0000000081400000, 0x0000000081500000|  0%| F|  |TAMS 0x0000000081400000, 0x0000000081400000| Untracked 
|  21|0x0000000081500000, 0x0000000081500000, 0x0000000081600000|  0%| F|  |TAMS 0x0000000081500000, 0x0000000081500000| Untracked 
|  22|0x0000000081600000, 0x0000000081600000, 0x0000000081700000|  0%| F|  |TAMS 0x0000000081600000, 0x0000000081600000| Untracked 
|  23|0x0000000081700000, 0x0000000081700000, 0x0000000081800000|  0%| F|  |TAMS 0x0000000081700000, 0x0000000081700000| Untracked 
|  24|0x0000000081800000, 0x0000000081800000, 0x0000000081900000|  0%| F|  |TAMS 0x0000000081800000, 0x0000000081800000| Untracked 
|  25|0x0000000081900000, 0x0000000081900000, 0x0000000081a00000|  0%| F|  |TAMS 0x0000000081900000, 0x0000000081900000| Untracked 
|  26|0x0000000081a00000, 0x0000000081a00000, 0x0000000081b00000|  0%| F|  |TAMS 0x0000000081a00000, 0x0000000081a00000| Untracked 
|  27|0x0000000081b00000, 0x0000000081b00000, 0x0000000081c00000|  0%| F|  |TAMS 0x0000000081b00000, 0x0000000081b00000| Untracked 
|  28|0x0000000081c00000, 0x0000000081c00000, 0x0000000081d00000|  0%| F|  |TAMS 0x0000000081c00000, 0x0000000081c00000| Untracked 
|  29|0x0000000081d00000, 0x0000000081d00000, 0x0000000081e00000|  0%| F|  |TAMS 0x0000000081d00000, 0x0000000081d00000| Untracked 
|  30|0x0000000081e00000, 0x0000000081e00000, 0x0000000081f00000|  0%| F|  |TAMS 0x0000000081e00000, 0x0000000081e00000| Untracked 
|  31|0x0000000081f00000, 0x0000000081f00000, 0x0000000082000000|  0%| F|  |TAMS 0x0000000081f00000, 0x0000000081f00000| Untracked 
|  32|0x0000000082000000, 0x0000000082000000, 0x0000000082100000|  0%| F|  |TAMS 0x0000000082000000, 0x0000000082000000| Untracked 
|  33|0x0000000082100000, 0x0000000082100000, 0x0000000082200000|  0%| F|  |TAMS 0x0000000082100000, 0x0000000082100000| Untracked 
|  34|0x0000000082200000, 0x0000000082200000, 0x0000000082300000|  0%| F|  |TAMS 0x0000000082200000, 0x0000000082200000| Untracked 
|  35|0x0000000082300000, 0x0000000082300000, 0x0000000082400000|  0%| F|  |TAMS 0x0000000082300000, 0x0000000082300000| Untracked 
|  36|0x0000000082400000, 0x0000000082400000, 0x0000000082500000|  0%| F|  |TAMS 0x0000000082400000, 0x0000000082400000| Untracked 
|  37|0x0000000082500000, 0x0000000082500000, 0x0000000082600000|  0%| F|  |TAMS 0x0000000082500000, 0x0000000082500000| Untracked 
|  38|0x0000000082600000, 0x0000000082600000, 0x0000000082700000|  0%| F|  |TAMS 0x0000000082600000, 0x0000000082600000| Untracked 
|  39|0x0000000082700000, 0x0000000082700000, 0x0000000082800000|  0%| F|  |TAMS 0x0000000082700000, 0x0000000082700000| Untracked 
|  40|0x0000000082800000, 0x0000000082800000, 0x0000000082900000|  0%| F|  |TAMS 0x0000000082800000, 0x0000000082800000| Untracked 
|  41|0x0000000082900000, 0x0000000082900000, 0x0000000082a00000|  0%| F|  |TAMS 0x0000000082900000, 0x0000000082900000| Untracked 
|  42|0x0000000082a00000, 0x0000000082a00000, 0x0000000082b00000|  0%| F|  |TAMS 0x0000000082a00000, 0x0000000082a00000| Untracked 
|  43|0x0000000082b00000, 0x0000000082b00000, 0x0000000082c00000|  0%| F|  |TAMS 0x0000000082b00000, 0x0000000082b00000| Untracked 
|  44|0x0000000082c00000, 0x0000000082c00000, 0x0000000082d00000|  0%| F|  |TAMS 0x0000000082c00000, 0x0000000082c00000| Untracked 
|  45|0x0000000082d00000, 0x0000000082d00000, 0x0000000082e00000|  0%| F|  |TAMS 0x0000000082d00000, 0x0000000082d00000| Untracked 
|  46|0x0000000082e00000, 0x0000000082e00000, 0x0000000082f00000|  0%| F|  |TAMS 0x0000000082e00000, 0x0000000082e00000| Untracked 
|  47|0x0000000082f00000, 0x0000000082f00000, 0x0000000083000000|  0%| F|  |TAMS 0x0000000082f00000, 0x0000000082f00000| Untracked 
|  48|0x0000000083000000, 0x0000000083000000, 0x0000000083100000|  0%| F|  |TAMS 0x0000000083000000, 0x0000000083000000| Untracked 
|  49|0x0000000083100000, 0x0000000083100000, 0x0000000083200000|  0%| F|  |TAMS 0x0000000083100000, 0x0000000083100000| Untracked 
|  50|0x0000000083200000, 0x0000000083200000, 0x0000000083300000|  0%| F|  |TAMS 0x0000000083200000, 0x0000000083200000| Untracked 
|  51|0x0000000083300000, 0x0000000083300000, 0x0000000083400000|  0%| F|  |TAMS 0x0000000083300000, 0x0000000083300000| Untracked 
|  52|0x0000000083400000, 0x0000000083400000, 0x0000000083500000|  0%| F|  |TAMS 0x0000000083400000, 0x0000000083400000| Untracked 
|  53|0x0000000083500000, 0x0000000083500000, 0x0000000083600000|  0%| F|  |TAMS 0x0000000083500000, 0x0000000083500000| Untracked 
|  54|0x0000000083600000, 0x0000000083600000, 0x0000000083700000|  0%| F|  |TAMS 0x0000000083600000, 0x0000000083600000| Untracked 
|  55|0x0000000083700000, 0x0000000083700000, 0x0000000083800000|  0%| F|  |TAMS 0x0000000083700000, 0x0000000083700000| Untracked 
|  56|0x0000000083800000, 0x0000000083800000, 0x0000000083900000|  0%| F|  |TAMS 0x0000000083800000, 0x0000000083800000| Untracked 
|  57|0x0000000083900000, 0x0000000083900000, 0x0000000083a00000|  0%| F|  |TAMS 0x0000000083900000, 0x0000000083900000| Untracked 
|  58|0x0000000083a00000, 0x0000000083a00000, 0x0000000083b00000|  0%| F|  |TAMS 0x0000000083a00000, 0x0000000083a00000| Untracked 
|  59|0x0000000083b00000, 0x0000000083b00000, 0x0000000083c00000|  0%| F|  |TAMS 0x0000000083b00000, 0x0000000083b00000| Untracked 
|  60|0x0000000083c00000, 0x0000000083c00000, 0x0000000083d00000|  0%| F|  |TAMS 0x0000000083c00000, 0x0000000083c00000| Untracked 
|  61|0x0000000083d00000, 0x0000000083d00000, 0x0000000083e00000|  0%| F|  |TAMS 0x0000000083d00000, 0x0000000083d00000| Untracked 
|  62|0x0000000083e00000, 0x0000000083e00000, 0x0000000083f00000|  0%| F|  |TAMS 0x0000000083e00000, 0x0000000083e00000| Untracked 
|  63|0x0000000083f00000, 0x0000000083f00000, 0x0000000084000000|  0%| F|  |TAMS 0x0000000083f00000, 0x0000000083f00000| Untracked 
|  64|0x0000000084000000, 0x0000000084000000, 0x0000000084100000|  0%| F|  |TAMS 0x0000000084000000, 0x0000000084000000| Untracked 
|  65|0x0000000084100000, 0x0000000084100000, 0x0000000084200000|  0%| F|  |TAMS 0x0000000084100000, 0x0000000084100000| Untracked 
|  66|0x0000000084200000, 0x0000000084200000, 0x0000000084300000|  0%| F|  |TAMS 0x0000000084200000, 0x0000000084200000| Untracked 
|  67|0x0000000084300000, 0x0000000084300000, 0x0000000084400000|  0%| F|  |TAMS 0x0000000084300000, 0x0000000084300000| Untracked 
|  68|0x0000000084400000, 0x0000000084400000, 0x0000000084500000|  0%| F|  |TAMS 0x0000000084400000, 0x0000000084400000| Untracked 
|  69|0x0000000084500000, 0x0000000084500000, 0x0000000084600000|  0%| F|  |TAMS 0x0000000084500000, 0x0000000084500000| Untracked 
|  70|0x0000000084600000, 0x0000000084600000, 0x0000000084700000|  0%| F|  |TAMS 0x0000000084600000, 0x0000000084600000| Untracked 
|  71|0x0000000084700000, 0x0000000084700000, 0x0000000084800000|  0%| F|  |TAMS 0x0000000084700000, 0x0000000084700000| Untracked 
|  72|0x0000000084800000, 0x0000000084800000, 0x0000000084900000|  0%| F|  |TAMS 0x0000000084800000, 0x0000000084800000| Untracked 
|  73|0x0000000084900000, 0x0000000084900000, 0x0000000084a00000|  0%| F|  |TAMS 0x0000000084900000, 0x0000000084900000| Untracked 
|  74|0x0000000084a00000, 0x0000000084a00000, 0x0000000084b00000|  0%| F|  |TAMS 0x0000000084a00000, 0x0000000084a00000| Untracked 
|  75|0x0000000084b00000, 0x0000000084b00000, 0x0000000084c00000|  0%| F|  |TAMS 0x0000000084b00000, 0x0000000084b00000| Untracked 
|  76|0x0000000084c00000, 0x0000000084c00000, 0x0000000084d00000|  0%| F|  |TAMS 0x0000000084c00000, 0x0000000084c00000| Untracked 
|  77|0x0000000084d00000, 0x0000000084d00000, 0x0000000084e00000|  0%| F|  |TAMS 0x0000000084d00000, 0x0000000084d00000| Untracked 
|  78|0x0000000084e00000, 0x0000000084e00000, 0x0000000084f00000|  0%| F|  |TAMS 0x0000000084e00000, 0x0000000084e00000| Untracked 
|  79|0x0000000084f00000, 0x0000000084f00000, 0x0000000085000000|  0%| F|  |TAMS 0x0000000084f00000, 0x0000000084f00000| Untracked 
|  80|0x0000000085000000, 0x0000000085000000, 0x0000000085100000|  0%| F|  |TAMS 0x0000000085000000, 0x0000000085000000| Untracked 
|  81|0x0000000085100000, 0x0000000085100000, 0x0000000085200000|  0%| F|  |TAMS 0x0000000085100000, 0x0000000085100000| Untracked 
|  82|0x0000000085200000, 0x0000000085200000, 0x0000000085300000|  0%| F|  |TAMS 0x0000000085200000, 0x0000000085200000| Untracked 
|  83|0x0000000085300000, 0x0000000085300000, 0x0000000085400000|  0%| F|  |TAMS 0x0000000085300000, 0x0000000085300000| Untracked 
|  84|0x0000000085400000, 0x0000000085400000, 0x0000000085500000|  0%| F|  |TAMS 0x0000000085400000, 0x0000000085400000| Untracked 
|  85|0x0000000085500000, 0x0000000085500000, 0x0000000085600000|  0%| F|  |TAMS 0x0000000085500000, 0x0000000085500000| Untracked 
|  86|0x0000000085600000, 0x0000000085600000, 0x0000000085700000|  0%| F|  |TAMS 0x0000000085600000, 0x0000000085600000| Untracked 
|  87|0x0000000085700000, 0x0000000085700000, 0x0000000085800000|  0%| F|  |TAMS 0x0000000085700000, 0x0000000085700000| Untracked 
|  88|0x0000000085800000, 0x0000000085800000, 0x0000000085900000|  0%| F|  |TAMS 0x0000000085800000, 0x0000000085800000| Untracked 
|  89|0x0000000085900000, 0x0000000085900000, 0x0000000085a00000|  0%| F|  |TAMS 0x0000000085900000, 0x0000000085900000| Untracked 
|  90|0x0000000085a00000, 0x0000000085a00000, 0x0000000085b00000|  0%| F|  |TAMS 0x0000000085a00000, 0x0000000085a00000| Untracked 
|  91|0x0000000085b00000, 0x0000000085b00000, 0x0000000085c00000|  0%| F|  |TAMS 0x0000000085b00000, 0x0000000085b00000| Untracked 
|  92|0x0000000085c00000, 0x0000000085c00000, 0x0000000085d00000|  0%| F|  |TAMS 0x0000000085c00000, 0x0000000085c00000| Untracked 
|  93|0x0000000085d00000, 0x0000000085d00000, 0x0000000085e00000|  0%| F|  |TAMS 0x0000000085d00000, 0x0000000085d00000| Untracked 
|  94|0x0000000085e00000, 0x0000000085e00000, 0x0000000085f00000|  0%| F|  |TAMS 0x0000000085e00000, 0x0000000085e00000| Untracked 
|  95|0x0000000085f00000, 0x0000000085f00000, 0x0000000086000000|  0%| F|  |TAMS 0x0000000085f00000, 0x0000000085f00000| Untracked 
|  96|0x0000000086000000, 0x0000000086000000, 0x0000000086100000|  0%| F|  |TAMS 0x0000000086000000, 0x0000000086000000| Untracked 
|  97|0x0000000086100000, 0x0000000086100000, 0x0000000086200000|  0%| F|  |TAMS 0x0000000086100000, 0x0000000086100000| Untracked 
|  98|0x0000000086200000, 0x0000000086200000, 0x0000000086300000|  0%| F|  |TAMS 0x0000000086200000, 0x0000000086200000| Untracked 
|  99|0x0000000086300000, 0x0000000086300000, 0x0000000086400000|  0%| F|  |TAMS 0x0000000086300000, 0x0000000086300000| Untracked 
| 100|0x0000000086400000, 0x0000000086400000, 0x0000000086500000|  0%| F|  |TAMS 0x0000000086400000, 0x0000000086400000| Untracked 
| 101|0x0000000086500000, 0x0000000086500000, 0x0000000086600000|  0%| F|  |TAMS 0x0000000086500000, 0x0000000086500000| Untracked 
| 102|0x0000000086600000, 0x0000000086600000, 0x0000000086700000|  0%| F|  |TAMS 0x0000000086600000, 0x0000000086600000| Untracked 
| 103|0x0000000086700000, 0x0000000086700000, 0x0000000086800000|  0%| F|  |TAMS 0x0000000086700000, 0x0000000086700000| Untracked 
| 104|0x0000000086800000, 0x0000000086800000, 0x0000000086900000|  0%| F|  |TAMS 0x0000000086800000, 0x0000000086800000| Untracked 
| 105|0x0000000086900000, 0x0000000086900000, 0x0000000086a00000|  0%| F|  |TAMS 0x0000000086900000, 0x0000000086900000| Untracked 
| 106|0x0000000086a00000, 0x0000000086a00000, 0x0000000086b00000|  0%| F|  |TAMS 0x0000000086a00000, 0x0000000086a00000| Untracked 
| 107|0x0000000086b00000, 0x0000000086b00000, 0x0000000086c00000|  0%| F|  |TAMS 0x0000000086b00000, 0x0000000086b00000| Untracked 
| 108|0x0000000086c00000, 0x0000000086c00000, 0x0000000086d00000|  0%| F|  |TAMS 0x0000000086c00000, 0x0000000086c00000| Untracked 
| 109|0x0000000086d00000, 0x0000000086d00000, 0x0000000086e00000|  0%| F|  |TAMS 0x0000000086d00000, 0x0000000086d00000| Untracked 
| 110|0x0000000086e00000, 0x0000000086e00000, 0x0000000086f00000|  0%| F|  |TAMS 0x0000000086e00000, 0x0000000086e00000| Untracked 
| 111|0x0000000086f00000, 0x0000000086f00000, 0x0000000087000000|  0%| F|  |TAMS 0x0000000086f00000, 0x0000000086f00000| Untracked 
| 112|0x0000000087000000, 0x0000000087000000, 0x0000000087100000|  0%| F|  |TAMS 0x0000000087000000, 0x0000000087000000| Untracked 
| 113|0x0000000087100000, 0x0000000087100000, 0x0000000087200000|  0%| F|  |TAMS 0x0000000087100000, 0x0000000087100000| Untracked 
| 114|0x0000000087200000, 0x0000000087200000, 0x0000000087300000|  0%| F|  |TAMS 0x0000000087200000, 0x0000000087200000| Untracked 
| 115|0x0000000087300000, 0x0000000087300000, 0x0000000087400000|  0%| F|  |TAMS 0x0000000087300000, 0x0000000087300000| Untracked 
| 116|0x0000000087400000, 0x0000000087400000, 0x0000000087500000|  0%| F|  |TAMS 0x0000000087400000, 0x0000000087400000| Untracked 
| 117|0x0000000087500000, 0x0000000087500000, 0x0000000087600000|  0%| F|  |TAMS 0x0000000087500000, 0x0000000087500000| Untracked 
| 118|0x0000000087600000, 0x0000000087600000, 0x0000000087700000|  0%| F|  |TAMS 0x0000000087600000, 0x0000000087600000| Untracked 
| 119|0x0000000087700000, 0x0000000087700000, 0x0000000087800000|  0%| F|  |TAMS 0x0000000087700000, 0x0000000087700000| Untracked 
| 120|0x0000000087800000, 0x0000000087800000, 0x0000000087900000|  0%| F|  |TAMS 0x0000000087800000, 0x0000000087800000| Untracked 
| 121|0x0000000087900000, 0x0000000087900000, 0x0000000087a00000|  0%| F|  |TAMS 0x0000000087900000, 0x0000000087900000| Untracked 
| 122|0x0000000087a00000, 0x0000000087a00000, 0x0000000087b00000|  0%| F|  |TAMS 0x0000000087a00000, 0x0000000087a00000| Untracked 
| 123|0x0000000087b00000, 0x0000000087b00000, 0x0000000087c00000|  0%| F|  |TAMS 0x0000000087b00000, 0x0000000087b00000| Untracked 
| 124|0x0000000087c00000, 0x0000000087c00000, 0x0000000087d00000|  0%| F|  |TAMS 0x0000000087c00000, 0x0000000087c00000| Untracked 
| 125|0x0000000087d00000, 0x0000000087d00000, 0x0000000087e00000|  0%| F|  |TAMS 0x0000000087d00000, 0x0000000087d00000| Untracked 
| 126|0x0000000087e00000, 0x0000000087e00000, 0x0000000087f00000|  0%| F|  |TAMS 0x0000000087e00000, 0x0000000087e00000| Untracked 
| 127|0x0000000087f00000, 0x0000000087f00000, 0x0000000088000000|  0%| F|  |TAMS 0x0000000087f00000, 0x0000000087f00000| Untracked 
| 128|0x0000000088000000, 0x0000000088000000, 0x0000000088100000|  0%| F|  |TAMS 0x0000000088000000, 0x0000000088000000| Untracked 
| 129|0x0000000088100000, 0x0000000088100000, 0x0000000088200000|  0%| F|  |TAMS 0x0000000088100000, 0x0000000088100000| Untracked 
| 130|0x0000000088200000, 0x0000000088200000, 0x0000000088300000|  0%| F|  |TAMS 0x0000000088200000, 0x0000000088200000| Untracked 
| 131|0x0000000088300000, 0x0000000088300000, 0x0000000088400000|  0%| F|  |TAMS 0x0000000088300000, 0x0000000088300000| Untracked 
| 132|0x0000000088400000, 0x0000000088400000, 0x0000000088500000|  0%| F|  |TAMS 0x0000000088400000, 0x0000000088400000| Untracked 
| 133|0x0000000088500000, 0x0000000088500000, 0x0000000088600000|  0%| F|  |TAMS 0x0000000088500000, 0x0000000088500000| Untracked 
| 134|0x0000000088600000, 0x00000000886a8d48, 0x0000000088700000| 65%| S|CS|TAMS 0x0000000088600000, 0x0000000088600000| Complete 
| 135|0x0000000088700000, 0x0000000088800000, 0x0000000088800000|100%| S|CS|TAMS 0x0000000088700000, 0x0000000088700000| Complete 
| 136|0x0000000088800000, 0x0000000088900000, 0x0000000088900000|100%| S|CS|TAMS 0x0000000088800000, 0x0000000088800000| Complete 
| 137|0x0000000088900000, 0x0000000088a00000, 0x0000000088a00000|100%| S|CS|TAMS 0x0000000088900000, 0x0000000088900000| Complete 
| 138|0x0000000088a00000, 0x0000000088b00000, 0x0000000088b00000|100%| S|CS|TAMS 0x0000000088a00000, 0x0000000088a00000| Complete 
| 139|0x0000000088b00000, 0x0000000088c00000, 0x0000000088c00000|100%| S|CS|TAMS 0x0000000088b00000, 0x0000000088b00000| Complete 
| 140|0x0000000088c00000, 0x0000000088d00000, 0x0000000088d00000|100%| S|CS|TAMS 0x0000000088c00000, 0x0000000088c00000| Complete 
| 141|0x0000000088d00000, 0x0000000088e00000, 0x0000000088e00000|100%| S|CS|TAMS 0x0000000088d00000, 0x0000000088d00000| Complete 
| 142|0x0000000088e00000, 0x0000000088f00000, 0x0000000088f00000|100%| S|CS|TAMS 0x0000000088e00000, 0x0000000088e00000| Complete 
| 143|0x0000000088f00000, 0x0000000089000000, 0x0000000089000000|100%| S|CS|TAMS 0x0000000088f00000, 0x0000000088f00000| Complete 
| 144|0x0000000089000000, 0x0000000089100000, 0x0000000089100000|100%| S|CS|TAMS 0x0000000089000000, 0x0000000089000000| Complete 
| 145|0x0000000089100000, 0x0000000089200000, 0x0000000089200000|100%| S|CS|TAMS 0x0000000089100000, 0x0000000089100000| Complete 
| 146|0x0000000089200000, 0x0000000089200000, 0x0000000089300000|  0%| F|  |TAMS 0x0000000089200000, 0x0000000089200000| Untracked 
| 147|0x0000000089300000, 0x0000000089300000, 0x0000000089400000|  0%| F|  |TAMS 0x0000000089300000, 0x0000000089300000| Untracked 
| 148|0x0000000089400000, 0x0000000089400000, 0x0000000089500000|  0%| F|  |TAMS 0x0000000089400000, 0x0000000089400000| Untracked 
| 149|0x0000000089500000, 0x0000000089500000, 0x0000000089600000|  0%| F|  |TAMS 0x0000000089500000, 0x0000000089500000| Untracked 
| 150|0x0000000089600000, 0x0000000089600000, 0x0000000089700000|  0%| F|  |TAMS 0x0000000089600000, 0x0000000089600000| Untracked 
| 151|0x0000000089700000, 0x0000000089700000, 0x0000000089800000|  0%| F|  |TAMS 0x0000000089700000, 0x0000000089700000| Untracked 
| 152|0x0000000089800000, 0x0000000089800000, 0x0000000089900000|  0%| F|  |TAMS 0x0000000089800000, 0x0000000089800000| Untracked 
| 153|0x0000000089900000, 0x0000000089900000, 0x0000000089a00000|  0%| F|  |TAMS 0x0000000089900000, 0x0000000089900000| Untracked 
| 154|0x0000000089a00000, 0x0000000089a00000, 0x0000000089b00000|  0%| F|  |TAMS 0x0000000089a00000, 0x0000000089a00000| Untracked 
| 155|0x0000000089b00000, 0x0000000089b00000, 0x0000000089c00000|  0%| F|  |TAMS 0x0000000089b00000, 0x0000000089b00000| Untracked 
| 156|0x0000000089c00000, 0x0000000089c00000, 0x0000000089d00000|  0%| F|  |TAMS 0x0000000089c00000, 0x0000000089c00000| Untracked 
| 157|0x0000000089d00000, 0x0000000089d00000, 0x0000000089e00000|  0%| F|  |TAMS 0x0000000089d00000, 0x0000000089d00000| Untracked 
| 158|0x0000000089e00000, 0x0000000089e00000, 0x0000000089f00000|  0%| F|  |TAMS 0x0000000089e00000, 0x0000000089e00000| Untracked 
| 159|0x0000000089f00000, 0x0000000089f00000, 0x000000008a000000|  0%| F|  |TAMS 0x0000000089f00000, 0x0000000089f00000| Untracked 
| 160|0x000000008a000000, 0x000000008a000000, 0x000000008a100000|  0%| F|  |TAMS 0x000000008a000000, 0x000000008a000000| Untracked 
| 161|0x000000008a100000, 0x000000008a100000, 0x000000008a200000|  0%| F|  |TAMS 0x000000008a100000, 0x000000008a100000| Untracked 
| 162|0x000000008a200000, 0x000000008a200000, 0x000000008a300000|  0%| F|  |TAMS 0x000000008a200000, 0x000000008a200000| Untracked 
| 163|0x000000008a300000, 0x000000008a300000, 0x000000008a400000|  0%| F|  |TAMS 0x000000008a300000, 0x000000008a300000| Untracked 
| 164|0x000000008a400000, 0x000000008a400000, 0x000000008a500000|  0%| F|  |TAMS 0x000000008a400000, 0x000000008a400000| Untracked 
| 165|0x000000008a500000, 0x000000008a500000, 0x000000008a600000|  0%| F|  |TAMS 0x000000008a500000, 0x000000008a500000| Untracked 
| 166|0x000000008a600000, 0x000000008a600000, 0x000000008a700000|  0%| F|  |TAMS 0x000000008a600000, 0x000000008a600000| Untracked 
| 167|0x000000008a700000, 0x000000008a700000, 0x000000008a800000|  0%| F|  |TAMS 0x000000008a700000, 0x000000008a700000| Untracked 
| 168|0x000000008a800000, 0x000000008a800000, 0x000000008a900000|  0%| F|  |TAMS 0x000000008a800000, 0x000000008a800000| Untracked 
| 169|0x000000008a900000, 0x000000008a900000, 0x000000008aa00000|  0%| F|  |TAMS 0x000000008a900000, 0x000000008a900000| Untracked 
| 170|0x000000008aa00000, 0x000000008aa00000, 0x000000008ab00000|  0%| F|  |TAMS 0x000000008aa00000, 0x000000008aa00000| Untracked 
| 171|0x000000008ab00000, 0x000000008ab00000, 0x000000008ac00000|  0%| F|  |TAMS 0x000000008ab00000, 0x000000008ab00000| Untracked 
| 172|0x000000008ac00000, 0x000000008ac00000, 0x000000008ad00000|  0%| F|  |TAMS 0x000000008ac00000, 0x000000008ac00000| Untracked 
| 173|0x000000008ad00000, 0x000000008ad00000, 0x000000008ae00000|  0%| F|  |TAMS 0x000000008ad00000, 0x000000008ad00000| Untracked 
| 174|0x000000008ae00000, 0x000000008ae00000, 0x000000008af00000|  0%| F|  |TAMS 0x000000008ae00000, 0x000000008ae00000| Untracked 
| 175|0x000000008af00000, 0x000000008af00000, 0x000000008b000000|  0%| F|  |TAMS 0x000000008af00000, 0x000000008af00000| Untracked 
| 176|0x000000008b000000, 0x000000008b000000, 0x000000008b100000|  0%| F|  |TAMS 0x000000008b000000, 0x000000008b000000| Untracked 
| 177|0x000000008b100000, 0x000000008b100000, 0x000000008b200000|  0%| F|  |TAMS 0x000000008b100000, 0x000000008b100000| Untracked 
| 178|0x000000008b200000, 0x000000008b200000, 0x000000008b300000|  0%| F|  |TAMS 0x000000008b200000, 0x000000008b200000| Untracked 
| 179|0x000000008b300000, 0x000000008b300000, 0x000000008b400000|  0%| F|  |TAMS 0x000000008b300000, 0x000000008b300000| Untracked 
| 180|0x000000008b400000, 0x000000008b400000, 0x000000008b500000|  0%| F|  |TAMS 0x000000008b400000, 0x000000008b400000| Untracked 
| 181|0x000000008b500000, 0x000000008b500000, 0x000000008b600000|  0%| F|  |TAMS 0x000000008b500000, 0x000000008b500000| Untracked 
| 182|0x000000008b600000, 0x000000008b600000, 0x000000008b700000|  0%| F|  |TAMS 0x000000008b600000, 0x000000008b600000| Untracked 
| 183|0x000000008b700000, 0x000000008b700000, 0x000000008b800000|  0%| F|  |TAMS 0x000000008b700000, 0x000000008b700000| Untracked 
| 184|0x000000008b800000, 0x000000008b800000, 0x000000008b900000|  0%| F|  |TAMS 0x000000008b800000, 0x000000008b800000| Untracked 
| 185|0x000000008b900000, 0x000000008b900000, 0x000000008ba00000|  0%| F|  |TAMS 0x000000008b900000, 0x000000008b900000| Untracked 
| 186|0x000000008ba00000, 0x000000008ba00000, 0x000000008bb00000|  0%| F|  |TAMS 0x000000008ba00000, 0x000000008ba00000| Untracked 
| 187|0x000000008bb00000, 0x000000008bb00000, 0x000000008bc00000|  0%| F|  |TAMS 0x000000008bb00000, 0x000000008bb00000| Untracked 
| 188|0x000000008bc00000, 0x000000008bc00000, 0x000000008bd00000|  0%| F|  |TAMS 0x000000008bc00000, 0x000000008bc00000| Untracked 
| 189|0x000000008bd00000, 0x000000008bd00000, 0x000000008be00000|  0%| F|  |TAMS 0x000000008bd00000, 0x000000008bd00000| Untracked 
| 190|0x000000008be00000, 0x000000008be00000, 0x000000008bf00000|  0%| F|  |TAMS 0x000000008be00000, 0x000000008be00000| Untracked 
| 191|0x000000008bf00000, 0x000000008bf00000, 0x000000008c000000|  0%| F|  |TAMS 0x000000008bf00000, 0x000000008bf00000| Untracked 
| 192|0x000000008c000000, 0x000000008c000000, 0x000000008c100000|  0%| F|  |TAMS 0x000000008c000000, 0x000000008c000000| Untracked 
| 193|0x000000008c100000, 0x000000008c100000, 0x000000008c200000|  0%| F|  |TAMS 0x000000008c100000, 0x000000008c100000| Untracked 
| 194|0x000000008c200000, 0x000000008c200000, 0x000000008c300000|  0%| F|  |TAMS 0x000000008c200000, 0x000000008c200000| Untracked 
| 195|0x000000008c300000, 0x000000008c300000, 0x000000008c400000|  0%| F|  |TAMS 0x000000008c300000, 0x000000008c300000| Untracked 
| 196|0x000000008c400000, 0x000000008c400000, 0x000000008c500000|  0%| F|  |TAMS 0x000000008c400000, 0x000000008c400000| Untracked 
| 197|0x000000008c500000, 0x000000008c500000, 0x000000008c600000|  0%| F|  |TAMS 0x000000008c500000, 0x000000008c500000| Untracked 
| 198|0x000000008c600000, 0x000000008c698ee8, 0x000000008c700000| 59%| E|  |TAMS 0x000000008c600000, 0x000000008c600000| Complete 
| 199|0x000000008c700000, 0x000000008c800000, 0x000000008c800000|100%| E|CS|TAMS 0x000000008c700000, 0x000000008c700000| Complete 
| 200|0x000000008c800000, 0x000000008c900000, 0x000000008c900000|100%| E|CS|TAMS 0x000000008c800000, 0x000000008c800000| Complete 
| 201|0x000000008c900000, 0x000000008ca00000, 0x000000008ca00000|100%| E|CS|TAMS 0x000000008c900000, 0x000000008c900000| Complete 
| 202|0x000000008ca00000, 0x000000008cb00000, 0x000000008cb00000|100%| E|CS|TAMS 0x000000008ca00000, 0x000000008ca00000| Complete 
| 203|0x000000008cb00000, 0x000000008cc00000, 0x000000008cc00000|100%| E|CS|TAMS 0x000000008cb00000, 0x000000008cb00000| Complete 
| 204|0x000000008cc00000, 0x000000008cd00000, 0x000000008cd00000|100%| E|CS|TAMS 0x000000008cc00000, 0x000000008cc00000| Complete 
| 205|0x000000008cd00000, 0x000000008ce00000, 0x000000008ce00000|100%| E|CS|TAMS 0x000000008cd00000, 0x000000008cd00000| Complete 
| 206|0x000000008ce00000, 0x000000008cf00000, 0x000000008cf00000|100%| E|CS|TAMS 0x000000008ce00000, 0x000000008ce00000| Complete 
| 207|0x000000008cf00000, 0x000000008d000000, 0x000000008d000000|100%| E|CS|TAMS 0x000000008cf00000, 0x000000008cf00000| Complete 
| 208|0x000000008d000000, 0x000000008d100000, 0x000000008d100000|100%| E|CS|TAMS 0x000000008d000000, 0x000000008d000000| Complete 
| 209|0x000000008d100000, 0x000000008d200000, 0x000000008d200000|100%| E|CS|TAMS 0x000000008d100000, 0x000000008d100000| Complete 
| 210|0x000000008d200000, 0x000000008d300000, 0x000000008d300000|100%| E|CS|TAMS 0x000000008d200000, 0x000000008d200000| Complete 
| 211|0x000000008d300000, 0x000000008d400000, 0x000000008d400000|100%| E|CS|TAMS 0x000000008d300000, 0x000000008d300000| Complete 
| 212|0x000000008d400000, 0x000000008d500000, 0x000000008d500000|100%| E|CS|TAMS 0x000000008d400000, 0x000000008d400000| Complete 
| 213|0x000000008d500000, 0x000000008d600000, 0x000000008d600000|100%| E|CS|TAMS 0x000000008d500000, 0x000000008d500000| Complete 
| 214|0x000000008d600000, 0x000000008d700000, 0x000000008d700000|100%| E|CS|TAMS 0x000000008d600000, 0x000000008d600000| Complete 
| 215|0x000000008d700000, 0x000000008d800000, 0x000000008d800000|100%| E|CS|TAMS 0x000000008d700000, 0x000000008d700000| Complete 
| 216|0x000000008d800000, 0x000000008d900000, 0x000000008d900000|100%| E|CS|TAMS 0x000000008d800000, 0x000000008d800000| Complete 
| 217|0x000000008d900000, 0x000000008da00000, 0x000000008da00000|100%| E|CS|TAMS 0x000000008d900000, 0x000000008d900000| Complete 
| 218|0x000000008da00000, 0x000000008db00000, 0x000000008db00000|100%| E|CS|TAMS 0x000000008da00000, 0x000000008da00000| Complete 
| 219|0x000000008db00000, 0x000000008dc00000, 0x000000008dc00000|100%| E|CS|TAMS 0x000000008db00000, 0x000000008db00000| Complete 
| 220|0x000000008dc00000, 0x000000008dd00000, 0x000000008dd00000|100%| E|CS|TAMS 0x000000008dc00000, 0x000000008dc00000| Complete 
| 221|0x000000008dd00000, 0x000000008de00000, 0x000000008de00000|100%| E|CS|TAMS 0x000000008dd00000, 0x000000008dd00000| Complete 
| 222|0x000000008de00000, 0x000000008df00000, 0x000000008df00000|100%| E|CS|TAMS 0x000000008de00000, 0x000000008de00000| Complete 
| 223|0x000000008df00000, 0x000000008e000000, 0x000000008e000000|100%| E|CS|TAMS 0x000000008df00000, 0x000000008df00000| Complete 
| 224|0x000000008e000000, 0x000000008e100000, 0x000000008e100000|100%| E|CS|TAMS 0x000000008e000000, 0x000000008e000000| Complete 
| 225|0x000000008e100000, 0x000000008e200000, 0x000000008e200000|100%| E|CS|TAMS 0x000000008e100000, 0x000000008e100000| Complete 
| 226|0x000000008e200000, 0x000000008e300000, 0x000000008e300000|100%| E|CS|TAMS 0x000000008e200000, 0x000000008e200000| Complete 
| 227|0x000000008e300000, 0x000000008e400000, 0x000000008e400000|100%| E|CS|TAMS 0x000000008e300000, 0x000000008e300000| Complete 
| 228|0x000000008e400000, 0x000000008e500000, 0x000000008e500000|100%| E|CS|TAMS 0x000000008e400000, 0x000000008e400000| Complete 
| 229|0x000000008e500000, 0x000000008e600000, 0x000000008e600000|100%| E|CS|TAMS 0x000000008e500000, 0x000000008e500000| Complete 
| 230|0x000000008e600000, 0x000000008e700000, 0x000000008e700000|100%| E|CS|TAMS 0x000000008e600000, 0x000000008e600000| Complete 
| 231|0x000000008e700000, 0x000000008e800000, 0x000000008e800000|100%| E|CS|TAMS 0x000000008e700000, 0x000000008e700000| Complete 
| 232|0x000000008e800000, 0x000000008e900000, 0x000000008e900000|100%| E|CS|TAMS 0x000000008e800000, 0x000000008e800000| Complete 
| 233|0x000000008e900000, 0x000000008ea00000, 0x000000008ea00000|100%| E|CS|TAMS 0x000000008e900000, 0x000000008e900000| Complete 
| 234|0x000000008ea00000, 0x000000008eb00000, 0x000000008eb00000|100%| E|CS|TAMS 0x000000008ea00000, 0x000000008ea00000| Complete 
| 235|0x000000008eb00000, 0x000000008ec00000, 0x000000008ec00000|100%| E|CS|TAMS 0x000000008eb00000, 0x000000008eb00000| Complete 
| 236|0x000000008ec00000, 0x000000008ed00000, 0x000000008ed00000|100%| E|CS|TAMS 0x000000008ec00000, 0x000000008ec00000| Complete 
| 237|0x000000008ed00000, 0x000000008ee00000, 0x000000008ee00000|100%| E|CS|TAMS 0x000000008ed00000, 0x000000008ed00000| Complete 
| 238|0x000000008ee00000, 0x000000008ef00000, 0x000000008ef00000|100%| E|CS|TAMS 0x000000008ee00000, 0x000000008ee00000| Complete 
| 239|0x000000008ef00000, 0x000000008f000000, 0x000000008f000000|100%| E|CS|TAMS 0x000000008ef00000, 0x000000008ef00000| Complete 
| 240|0x000000008f000000, 0x000000008f100000, 0x000000008f100000|100%| E|CS|TAMS 0x000000008f000000, 0x000000008f000000| Complete 
| 241|0x000000008f100000, 0x000000008f200000, 0x000000008f200000|100%| E|CS|TAMS 0x000000008f100000, 0x000000008f100000| Complete 
| 242|0x000000008f200000, 0x000000008f300000, 0x000000008f300000|100%| E|CS|TAMS 0x000000008f200000, 0x000000008f200000| Complete 
| 243|0x000000008f300000, 0x000000008f400000, 0x000000008f400000|100%| E|CS|TAMS 0x000000008f300000, 0x000000008f300000| Complete 
| 244|0x000000008f400000, 0x000000008f500000, 0x000000008f500000|100%| E|CS|TAMS 0x000000008f400000, 0x000000008f400000| Complete 
| 245|0x000000008f500000, 0x000000008f600000, 0x000000008f600000|100%| E|CS|TAMS 0x000000008f500000, 0x000000008f500000| Complete 
| 246|0x000000008f600000, 0x000000008f700000, 0x000000008f700000|100%| E|CS|TAMS 0x000000008f600000, 0x000000008f600000| Complete 
| 247|0x000000008f700000, 0x000000008f800000, 0x000000008f800000|100%| E|CS|TAMS 0x000000008f700000, 0x000000008f700000| Complete 
| 248|0x000000008f800000, 0x000000008f900000, 0x000000008f900000|100%| E|CS|TAMS 0x000000008f800000, 0x000000008f800000| Complete 
| 249|0x000000008f900000, 0x000000008fa00000, 0x000000008fa00000|100%| E|CS|TAMS 0x000000008f900000, 0x000000008f900000| Complete 
| 250|0x000000008fa00000, 0x000000008fb00000, 0x000000008fb00000|100%| E|CS|TAMS 0x000000008fa00000, 0x000000008fa00000| Complete 
| 251|0x000000008fb00000, 0x000000008fc00000, 0x000000008fc00000|100%| E|CS|TAMS 0x000000008fb00000, 0x000000008fb00000| Complete 
| 252|0x000000008fc00000, 0x000000008fd00000, 0x000000008fd00000|100%| E|CS|TAMS 0x000000008fc00000, 0x000000008fc00000| Complete 
| 253|0x000000008fd00000, 0x000000008fe00000, 0x000000008fe00000|100%| E|CS|TAMS 0x000000008fd00000, 0x000000008fd00000| Complete 
| 254|0x000000008fe00000, 0x000000008ff00000, 0x000000008ff00000|100%| E|CS|TAMS 0x000000008fe00000, 0x000000008fe00000| Complete 
| 255|0x000000008ff00000, 0x0000000090000000, 0x0000000090000000|100%| E|CS|TAMS 0x000000008ff00000, 0x000000008ff00000| Complete 

Card table byte_map: [0x0000026a7bbd0000,0x0000026a7bfd0000] _byte_map_base: 0x0000026a7b7d0000

Marking Bits (Prev, Next): (CMBitMap*) 0x0000026a66adfea8, (CMBitMap*) 0x0000026a66adfee0
 Prev Bits: [0x0000026a7c3d0000, 0x0000026a7e3d0000)
 Next Bits: [0x0000026a00000000, 0x0000026a02000000)

Polling page: 0x0000026a66b80000

Metaspace:

Usage:
  Non-class:     40.73 MB capacity,    39.92 MB ( 98%) used,   711.36 KB (  2%) free+waste,   123.06 KB ( <1%) overhead. 
      Class:      6.29 MB capacity,     5.86 MB ( 93%) used,   382.84 KB (  6%) free+waste,    58.75 KB ( <1%) overhead. 
       Both:     47.02 MB capacity,    45.78 MB ( 97%) used,     1.07 MB (  2%) free+waste,   181.81 KB ( <1%) overhead. 

Virtual space:
  Non-class space:       42.00 MB reserved,      40.75 MB ( 97%) committed 
      Class space:        1.00 GB reserved,       6.38 MB ( <1%) committed 
             Both:        1.04 GB reserved,      47.13 MB (  4%) committed 

Chunk freelists:
   Non-Class:  18.00 KB
       Class:  0 bytes
        Both:  18.00 KB

MaxMetaspaceSize: 17179869184.00 GB
CompressedClassSpaceSize: 1.00 GB

CodeHeap 'non-profiled nmethods': size=120000Kb used=2778Kb max_used=2778Kb free=117222Kb
 bounds [0x0000026a73830000, 0x0000026a73af0000, 0x0000026a7ad60000]
CodeHeap 'profiled nmethods': size=120000Kb used=9577Kb max_used=9577Kb free=110422Kb
 bounds [0x0000026a6c300000, 0x0000026a6cc60000, 0x0000026a73830000]
CodeHeap 'non-nmethods': size=5760Kb used=2229Kb max_used=2288Kb free=3530Kb
 bounds [0x0000026a6bd60000, 0x0000026a6bfd0000, 0x0000026a6c300000]
 total_blobs=5682 nmethods=4892 adapters=699
 compilation: enabled
              stopped_count=0, restarted_count=0
 full_count=0

Compilation events (20 events):
Event: 5.604 Thread 0x0000026a7f785800 4801       1       org.gradle.api.internal.artifacts.ivyservice.modulecache.artifacts.ArtifactAtRepositoryKey::getRepositoryId (5 bytes)
Event: 5.604 Thread 0x0000026a7f785800 nmethod 4801 0x0000026a73adb210 code [0x0000026a73adb3c0, 0x0000026a73adb478]
Event: 5.604 Thread 0x0000026a7f785800 4802       1       org.gradle.api.internal.artifacts.ivyservice.modulecache.artifacts.ArtifactAtRepositoryKey::getArtifactId (5 bytes)
Event: 5.604 Thread 0x0000026a7f785800 nmethod 4802 0x0000026a73adb510 code [0x0000026a73adb6c0, 0x0000026a73adb778]
Event: 5.604 Thread 0x0000026a7f785800 4803       1       org.gradle.api.internal.artifacts.ivyservice.ivyresolve.ModuleDescriptorHashModuleSource::getDescriptorHash (5 bytes)
Event: 5.604 Thread 0x0000026a7f785800 nmethod 4803 0x0000026a73adb810 code [0x0000026a73adb9c0, 0x0000026a73adba78]
Event: 5.604 Thread 0x0000026a7f785800 4804       1       org.gradle.api.internal.artifacts.ivyservice.ivyresolve.CachingModuleComponentRepository::access$1400 (5 bytes)
Event: 5.604 Thread 0x0000026a7f785800 nmethod 4804 0x0000026a73adbb10 code [0x0000026a73adbcc0, 0x0000026a73adbd58]
Event: 5.604 Thread 0x0000026a7f785800 4805       1       org.gradle.api.internal.artifacts.ivyservice.modulecache.artifacts.DefaultCachedArtifact::getCachedAt (5 bytes)
Event: 5.604 Thread 0x0000026a7f785800 nmethod 4805 0x0000026a73adbe10 code [0x0000026a73adbfc0, 0x0000026a73adc078]
Event: 5.604 Thread 0x0000026a7f785800 4806       1       org.gradle.api.internal.artifacts.ivyservice.ivyresolve.ModuleDescriptorHashModuleSource::isChangingModule (5 bytes)
Event: 5.604 Thread 0x0000026a7f785800 nmethod 4806 0x0000026a73adc110 code [0x0000026a73adc2c0, 0x0000026a73adc378]
Event: 5.604 Thread 0x0000026a7f785800 4807       1       org.gradle.api.internal.artifacts.ivyservice.modulecache.artifacts.DefaultCachedArtifact::getDescriptorHash (5 bytes)
Event: 5.604 Thread 0x0000026a7f785800 nmethod 4807 0x0000026a73adc410 code [0x0000026a73adc5c0, 0x0000026a73adc678]
Event: 5.604 Thread 0x0000026a7f785800 4808       1       org.gradle.api.internal.artifacts.ivyservice.resolutionstrategy.DefaultCachePolicy$AbstractResolutionControl::getCachedResult (5 bytes)
Event: 5.604 Thread 0x0000026a7f785800 nmethod 4808 0x0000026a73adc710 code [0x0000026a73adc8c0, 0x0000026a73adc978]
Event: 5.604 Thread 0x0000026a7f785800 4809       1       org.gradle.api.internal.artifacts.ivyservice.resolutionstrategy.DefaultCachePolicy$CachedArtifactResolutionControl::belongsToChangingModule (5 bytes)
Event: 5.605 Thread 0x0000026a7f785800 nmethod 4809 0x0000026a73adca10 code [0x0000026a73adcbc0, 0x0000026a73adcc78]
Event: 5.605 Thread 0x0000026a7f785800 4810  s    3       java.io.ByteArrayOutputStream::toByteArray (12 bytes)
Event: 5.606 Thread 0x0000026a7f785800 nmethod 4810 0x0000026a6cc26390 code [0x0000026a6cc26560, 0x0000026a6cc26a28]

GC Heap History (10 events):
Event: 0.585 GC heap before
{Heap before GC invocations=0 (full 0):
 garbage-first heap   total 262144K, used 29696K [0x0000000080000000, 0x0000000100000000)
  region size 1024K, 24 young (24576K), 0 survivors (0K)
 Metaspace       used 9788K, capacity 9986K, committed 10112K, reserved 1058816K
  class space    used 1021K, capacity 1102K, committed 1152K, reserved 1048576K
}
Event: 0.589 GC heap after
{Heap after GC invocations=1 (full 0):
 garbage-first heap   total 262144K, used 9091K [0x0000000080000000, 0x0000000100000000)
  region size 1024K, 3 young (3072K), 3 survivors (3072K)
 Metaspace       used 9788K, capacity 9986K, committed 10112K, reserved 1058816K
  class space    used 1021K, capacity 1102K, committed 1152K, reserved 1048576K
}
Event: 2.162 GC heap before
{Heap before GC invocations=1 (full 0):
 garbage-first heap   total 262144K, used 105347K [0x0000000080000000, 0x0000000100000000)
  region size 1024K, 98 young (100352K), 3 survivors (3072K)
 Metaspace       used 20616K, capacity 21140K, committed 21248K, reserved 1067008K
  class space    used 2526K, capacity 2728K, committed 2816K, reserved 1048576K
}
Event: 2.170 GC heap after
{Heap after GC invocations=2 (full 0):
 garbage-first heap   total 262144K, used 16991K [0x0000000080000000, 0x0000000100000000)
  region size 1024K, 11 young (11264K), 11 survivors (11264K)
 Metaspace       used 20616K, capacity 21140K, committed 21248K, reserved 1067008K
  class space    used 2526K, capacity 2728K, committed 2816K, reserved 1048576K
}
Event: 2.335 GC heap before
{Heap before GC invocations=3 (full 0):
 garbage-first heap   total 262144K, used 39519K [0x0000000080000000, 0x0000000100000000)
  region size 1024K, 33 young (33792K), 11 survivors (11264K)
 Metaspace       used 22393K, capacity 22992K, committed 23040K, reserved 1069056K
  class space    used 2856K, capacity 3072K, committed 3072K, reserved 1048576K
}
Event: 2.339 GC heap after
{Heap after GC invocations=4 (full 0):
 garbage-first heap   total 262144K, used 17517K [0x0000000080000000, 0x0000000100000000)
  region size 1024K, 1 young (1024K), 1 survivors (1024K)
 Metaspace       used 22393K, capacity 22992K, committed 23040K, reserved 1069056K
  class space    used 2856K, capacity 3072K, committed 3072K, reserved 1048576K
}
Event: 3.415 GC heap before
{Heap before GC invocations=4 (full 0):
 garbage-first heap   total 262144K, used 104557K [0x0000000080000000, 0x0000000100000000)
  region size 1024K, 88 young (90112K), 1 survivors (1024K)
 Metaspace       used 35022K, capacity 35798K, committed 35840K, reserved 1081344K
  class space    used 4538K, capacity 4832K, committed 4864K, reserved 1048576K
}
Event: 3.422 GC heap after
{Heap after GC invocations=5 (full 0):
 garbage-first heap   total 262144K, used 22026K [0x0000000080000000, 0x0000000100000000)
  region size 1024K, 6 young (6144K), 6 survivors (6144K)
 Metaspace       used 35022K, capacity 35798K, committed 35840K, reserved 1081344K
  class space    used 4538K, capacity 4832K, committed 4864K, reserved 1048576K
}
Event: 4.637 GC heap before
{Heap before GC invocations=6 (full 0):
 garbage-first heap   total 262144K, used 131594K [0x0000000080000000, 0x0000000100000000)
  region size 1024K, 110 young (112640K), 6 survivors (6144K)
 Metaspace       used 43209K, capacity 44255K, committed 44416K, reserved 1087488K
  class space    used 5512K, capacity 5889K, committed 6016K, reserved 1048576K
}
Event: 4.646 GC heap after
{Heap after GC invocations=7 (full 0):
 garbage-first heap   total 262144K, used 28432K [0x0000000080000000, 0x0000000100000000)
  region size 1024K, 12 young (12288K), 12 survivors (12288K)
 Metaspace       used 43209K, capacity 44255K, committed 44416K, reserved 1087488K
  class space    used 5512K, capacity 5889K, committed 6016K, reserved 1048576K
}

Deoptimization events (20 events):
Event: 5.557 Thread 0x0000026a09325000 DEOPT UNPACKING pc=0x0000026a6bd878af sp=0x00000088d17fd7f8 mode 2
Event: 5.557 Thread 0x0000026a09326000 Uncommon trap: trap_request=0xffffff5c fr.pc=0x0000026a73a734bc relative=0x00000000000013fc
Event: 5.557 Thread 0x0000026a09326000 Uncommon trap: reason=speculate_null_assert action=make_not_entrant pc=0x0000026a73a734bc method=java.lang.invoke.MethodType$ConcurrentWeakInternSet.add(Ljava/lang/Object;)Ljava/lang/Object; @ 47 c2
Event: 5.557 Thread 0x0000026a09326000 DEOPT PACKING pc=0x0000026a73a734bc sp=0x00000088d18fd410
Event: 5.557 Thread 0x0000026a09326000 DEOPT UNPACKING pc=0x0000026a6bd878af sp=0x00000088d18fd3c8 mode 2
Event: 5.557 Thread 0x0000026a09323800 DEOPT UNPACKING pc=0x0000026a6bd878af sp=0x00000088d1afd4d8 mode 2
Event: 5.565 Thread 0x0000026a09322800 DEOPT PACKING pc=0x0000026a6c9003f4 sp=0x00000088d1dfdb60
Event: 5.565 Thread 0x0000026a09322800 DEOPT UNPACKING pc=0x0000026a6bd876ce sp=0x00000088d1dfd100 mode 0
Event: 5.575 Thread 0x0000026a09322000 DEOPT PACKING pc=0x0000026a6c9003f4 sp=0x00000088d1cfd7d0
Event: 5.576 Thread 0x0000026a09322000 DEOPT UNPACKING pc=0x0000026a6bd876ce sp=0x00000088d1cfcd70 mode 0
Event: 5.585 Thread 0x0000026a09323800 DEOPT PACKING pc=0x0000026a6c9003f4 sp=0x00000088d1afcf70
Event: 5.585 Thread 0x0000026a09323800 DEOPT UNPACKING pc=0x0000026a6bd876ce sp=0x00000088d1afc510 mode 0
Event: 5.592 Thread 0x0000026a09325000 DEOPT PACKING pc=0x0000026a6c9003f4 sp=0x00000088d17fdc20
Event: 5.592 Thread 0x0000026a09325000 DEOPT UNPACKING pc=0x0000026a6bd876ce sp=0x00000088d17fd1c0 mode 0
Event: 5.601 Thread 0x0000026a09328800 Uncommon trap: trap_request=0xffffffcc fr.pc=0x0000026a73ad7418 relative=0x00000000000010d8
Event: 5.601 Thread 0x0000026a09328800 Uncommon trap: reason=intrinsic_or_type_checked_inlining action=make_not_entrant pc=0x0000026a73ad7418 method=java.util.ArrayList.toArray([Ljava/lang/Object;)[Ljava/lang/Object; @ 36 c2
Event: 5.601 Thread 0x0000026a09328800 DEOPT PACKING pc=0x0000026a73ad7418 sp=0x00000088d1efdb60
Event: 5.601 Thread 0x0000026a09328800 DEOPT UNPACKING pc=0x0000026a6bd878af sp=0x00000088d1efdab8 mode 2
Event: 5.603 Thread 0x0000026a09322800 DEOPT PACKING pc=0x0000026a6c9003f4 sp=0x00000088d1dfda80
Event: 5.603 Thread 0x0000026a09322800 DEOPT UNPACKING pc=0x0000026a6bd876ce sp=0x00000088d1dfd020 mode 0

Classes redefined (0 events):
No events

Internal exceptions (20 events):
Event: 4.590 Thread 0x0000026a065b2000 Exception <a 'java/lang/ClassNotFoundException'{0x0000000089adb2d0}: org/gradle/api/internal/artifacts/dsl/dependencies/DefaultDependencyHandlerCustomizer> (0x0000000089adb2d0) thrown at [./src/hotspot/share/classfile/systemDictionary.cpp, line 231]
Event: 4.595 Thread 0x0000026a065b2000 Exception <a 'java/lang/ClassNotFoundException'{0x0000000089942b28}: org/gradle/api/internal/artifacts/dsl/dependencies/DefaultDependencyHandler_DecoratedCustomizer> (0x0000000089942b28) thrown at [./src/hotspot/share/classfile/systemDictionary.cpp, line 231]
Event: 4.619 Thread 0x0000026a065b2000 Exception <a 'java/lang/ClassNotFoundException'{0x00000000897067b8}: groovy/lang/GString$1BeanInfo> (0x00000000897067b8) thrown at [./src/hotspot/share/classfile/systemDictionary.cpp, line 231]
Event: 4.621 Thread 0x0000026a065b2000 Exception <a 'java/lang/ClassNotFoundException'{0x000000008973b2f0}: groovy/lang/GStringBeanInfo> (0x000000008973b2f0) thrown at [./src/hotspot/share/classfile/systemDictionary.cpp, line 231]
Event: 4.622 Thread 0x0000026a065b2000 Exception <a 'java/lang/ClassNotFoundException'{0x000000008976f9d0}: groovy/lang/GStringCustomizer> (0x000000008976f9d0) thrown at [./src/hotspot/share/classfile/systemDictionary.cpp, line 231]
Event: 4.623 Thread 0x0000026a065b2000 Exception <a 'java/lang/ClassNotFoundException'{0x00000000897adc70}: groovy/lang/GString$1Customizer> (0x00000000897adc70) thrown at [./src/hotspot/share/classfile/systemDictionary.cpp, line 231]
Event: 4.632 Thread 0x0000026a065b2000 Exception <a 'java/lang/ClassNotFoundException'{0x00000000894e7330}: org/codehaus/groovy/runtime/GStringImplBeanInfo> (0x00000000894e7330) thrown at [./src/hotspot/share/classfile/systemDictionary.cpp, line 231]
Event: 4.648 Thread 0x0000026a065b2000 Exception <a 'java/lang/ClassNotFoundException'{0x000000008ff97b28}: org/codehaus/groovy/runtime/GStringImplCustomizer> (0x000000008ff97b28) thrown at [./src/hotspot/share/classfile/systemDictionary.cpp, line 231]
Event: 4.651 Thread 0x0000026a065b2000 Exception <a 'java/lang/NoSuchMethodError'{0x000000008ffa6ac0}: 'java.lang.Object java.lang.invoke.DirectMethodHandle$Holder.invokeStatic(java.lang.Object, java.lang.Object, int, java.lang.Object)'> (0x000000008ffa6ac0) thrown at [./src/hotspot/share/interpreter/linkResolver.cpp, line 773]
Event: 4.651 Thread 0x0000026a065b2000 Exception <a 'java/lang/NoSuchMethodError'{0x000000008ffadd58}: 'java.lang.Object java.lang.invoke.Invokers$Holder.linkToTargetMethod(java.lang.Object, int, java.lang.Object, java.lang.Object)'> (0x000000008ffadd58) thrown at [./src/hotspot/share/interpreter/linkResolver.cpp, line 773]
Event: 4.903 Thread 0x0000026a065b2000 Exception <a 'java/lang/NoSuchMethodError'{0x000000008eed1950}: 'java.lang.Object java.lang.invoke.DelegatingMethodHandle$Holder.reinvoke_L(java.lang.Object, java.lang.Object, java.lang.Object, java.lang.Object, java.lang.Object, java.lang.Object, java.lang.Object, java.lang.Object, java.lang.Object, java.lang.Object, java.lang.Object, java.lang.Object, java.lang.Object, java.lang.Object, java.lang.Object, java.lang.Object, java.lang.Object, java.lang.Object, java.lang.Object, java.lang.Object, java.lang.O
Event: 4.903 Thread 0x0000026a065b2000 Exception <a 'java/lang/NoSuchMethodError'{0x000000008eedd358}: 'java.lang.Object java.lang.invoke.DirectMethodHandle$Holder.invokeSpecial(java.lang.Object, java.lang.Object, java.lang.Object, java.lang.Object, java.lang.Object, java.lang.Object, java.lang.Object, java.lang.Object, java.lang.Object, java.lang.Object, java.lang.Object, java.lang.Object, java.lang.Object, java.lang.Object, java.lang.Object, java.lang.Object, java.lang.Object, java.lang.Object, java.lang.Object, java.lang.Object, java.lang.Ob
Event: 4.904 Thread 0x0000026a065b2000 Exception <a 'java/lang/NoSuchMethodError'{0x000000008eee3548}: 'java.lang.Object java.lang.invoke.Invokers$Holder.invoker(java.lang.Object, java.lang.Object, java.lang.Object, java.lang.Object, java.lang.Object, java.lang.Object, java.lang.Object, java.lang.Object, java.lang.Object, java.lang.Object, java.lang.Object, java.lang.Object, java.lang.Object, java.lang.Object, java.lang.Object, java.lang.Object, java.lang.Object, java.lang.Object, java.lang.Object, java.lang.Object, java.lang.Object)'> (0x00000
Event: 4.904 Thread 0x0000026a065b2000 Exception <a 'java/lang/NoSuchMethodError'{0x000000008eeea8b8}: 'java.lang.Object java.lang.invoke.DelegatingMethodHandle$Holder.delegate(java.lang.Object, java.lang.Object, java.lang.Object, java.lang.Object, java.lang.Object, java.lang.Object, java.lang.Object, java.lang.Object, java.lang.Object, java.lang.Object, java.lang.Object, java.lang.Object, java.lang.Object, java.lang.Object, java.lang.Object, java.lang.Object, java.lang.Object, java.lang.Object, java.lang.Object, java.lang.Object, java.lang.Obj
Event: 4.908 Thread 0x0000026a065b2000 Exception <a 'java/lang/NoSuchMethodError'{0x000000008ed33e10}: 'java.lang.Object java.lang.invoke.DirectMethodHandle$Holder.invokeStatic(java.lang.Object, java.lang.Object, java.lang.Object, java.lang.Object, java.lang.Object, java.lang.Object, java.lang.Object, java.lang.Object, java.lang.Object, java.lang.Object, java.lang.Object, java.lang.Object, java.lang.Object, java.lang.Object, java.lang.Object)'> (0x000000008ed33e10) thrown at [./src/hotspot/share/interpreter/linkResolver.cpp, line 773]
Event: 4.910 Thread 0x0000026a065b2000 Exception <a 'java/lang/NoSuchMethodError'{0x000000008ed44448}: 'java.lang.Object java.lang.invoke.DirectMethodHandle$Holder.invokeStatic(java.lang.Object, java.lang.Object, java.lang.Object, java.lang.Object, java.lang.Object, java.lang.Object, java.lang.Object, java.lang.Object, java.lang.Object, java.lang.Object, java.lang.Object, java.lang.Object, java.lang.Object, java.lang.Object, java.lang.Object, java.lang.Object)'> (0x000000008ed44448) thrown at [./src/hotspot/share/interpreter/linkResolver.cpp, l
Event: 4.911 Thread 0x0000026a065b2000 Exception <a 'java/lang/NoSuchMethodError'{0x000000008ed54990}: 'java.lang.Object java.lang.invoke.DelegatingMethodHandle$Holder.reinvoke_L(java.lang.Object, java.lang.Object, java.lang.Object, java.lang.Object, java.lang.Object, java.lang.Object, java.lang.Object, java.lang.Object, java.lang.Object, java.lang.Object, java.lang.Object, java.lang.Object, java.lang.Object, java.lang.Object, java.lang.Object, java.lang.Object, java.lang.Object, java.lang.Object, java.lang.Object, java.lang.Object)'> (0x000000
Event: 4.946 Thread 0x0000026a065b2000 Exception <a 'java/lang/IncompatibleClassChangeError'{0x000000008eaed968}: Found class java.lang.Object, but interface was expected> (0x000000008eaed968) thrown at [./src/hotspot/share/interpreter/linkResolver.cpp, line 839]
Event: 5.129 Thread 0x0000026a065b2000 Exception <a 'java/lang/NoSuchMethodError'{0x000000008e2edea8}: 'int java.lang.invoke.DirectMethodHandle$Holder.invokeStaticInit(java.lang.Object)'> (0x000000008e2edea8) thrown at [./src/hotspot/share/interpreter/linkResolver.cpp, line 773]
Event: 5.529 Thread 0x0000026a065b2000 Exception <a 'java/lang/NoSuchMethodError'{0x000000008d407f98}: 'void java.lang.invoke.DirectMethodHandle$Holder.invokeStatic(java.lang.Object, java.lang.Object, java.lang.Object, int, java.lang.Object)'> (0x000000008d407f98) thrown at [./src/hotspot/share/interpreter/linkResolver.cpp, line 773]

Events (20 events):
Event: 5.563 Executing VM operation: RevokeBias
Event: 5.563 loading class org/gradle/api/internal/artifacts/ivyservice/resolutionstrategy/DefaultCachePolicy$CachedArtifactResolutionControl
Event: 5.563 loading class org/gradle/api/internal/artifacts/ivyservice/resolutionstrategy/DefaultCachePolicy$CachedArtifactResolutionControl done
Event: 5.563 Executing VM operation: RevokeBias done
Event: 5.564 Executing VM operation: RevokeBias
Event: 5.564 Executing coalesced safepoint VM operation: RevokeBias
Event: 5.564 Executing coalesced safepoint VM operation: RevokeBias done
Event: 5.564 Executing VM operation: RevokeBias done
Event: 5.564 loading class org/gradle/api/internal/artifacts/DownloadArtifactBuildOperationType
Event: 5.564 loading class org/gradle/api/internal/artifacts/DownloadArtifactBuildOperationType done
Event: 5.564 Executing VM operation: RevokeBias
Event: 5.564 Executing VM operation: RevokeBias done
Event: 5.564 Executing VM operation: BulkRevokeBias
Event: 5.565 Executing VM operation: BulkRevokeBias done
Event: 5.565 loading class org/gradle/api/internal/artifacts/DownloadArtifactBuildOperationType$Result
Event: 5.565 loading class org/gradle/api/internal/artifacts/DownloadArtifactBuildOperationType$Result done
Event: 5.566 loading class org/gradle/api/internal/artifacts/DownloadArtifactBuildOperationType$1
Event: 5.566 loading class org/gradle/api/internal/artifacts/DownloadArtifactBuildOperationType$1 done
Event: 5.601 Executing VM operation: RevokeBias
Event: 5.601 Executing VM operation: RevokeBias done


Dynamic libraries:
0x00007ff6d35c0000 - 0x00007ff6d35ca000 	C:\Program Files\Android\Android Studio\jre\bin\java.exe
0x00007ff903b30000 - 0x00007ff903d25000 	C:\WINDOWS\SYSTEM32\ntdll.dll
0x00007ff901fe0000 - 0x00007ff90209e000 	C:\WINDOWS\System32\KERNEL32.DLL
0x00007ff9014c0000 - 0x00007ff901789000 	C:\WINDOWS\System32\KERNELBASE.dll
0x00007ff901310000 - 0x00007ff901410000 	C:\WINDOWS\System32\ucrtbase.dll
0x00007ff8de2f0000 - 0x00007ff8de307000 	C:\Program Files\Android\Android Studio\jre\bin\VCRUNTIME140.dll
0x00007ff8df690000 - 0x00007ff8df6a9000 	C:\Program Files\Android\Android Studio\jre\bin\jli.dll
0x00007ff9021d0000 - 0x00007ff902371000 	C:\WINDOWS\System32\USER32.dll
0x00007ff901ab0000 - 0x00007ff901ad2000 	C:\WINDOWS\System32\win32u.dll
0x00007ff8f2970000 - 0x00007ff8f2c0a000 	C:\WINDOWS\WinSxS\amd64_microsoft.windows.common-controls_6595b64144ccf1df_6.0.19041.1110_none_60b5254171f9507e\COMCTL32.dll
0x00007ff901fa0000 - 0x00007ff901fcb000 	C:\WINDOWS\System32\GDI32.dll
0x00007ff901d60000 - 0x00007ff901dfe000 	C:\WINDOWS\System32\msvcrt.dll
0x00007ff9018f0000 - 0x00007ff9019fb000 	C:\WINDOWS\System32\gdi32full.dll
0x00007ff901ae0000 - 0x00007ff901b7d000 	C:\WINDOWS\System32\msvcp_win.dll
0x00007ff902cd0000 - 0x00007ff902d00000 	C:\WINDOWS\System32\IMM32.DLL
0x00007ff8d21a0000 - 0x00007ff8d223d000 	C:\Program Files\Android\Android Studio\jre\bin\msvcp140.dll
0x00007ff89e380000 - 0x00007ff89ee4f000 	C:\Program Files\Android\Android Studio\jre\bin\server\jvm.dll
0x00007ff903440000 - 0x00007ff9034ec000 	C:\WINDOWS\System32\ADVAPI32.dll
0x00007ff903550000 - 0x00007ff9035eb000 	C:\WINDOWS\System32\sechost.dll
0x00007ff9020a0000 - 0x00007ff9021ca000 	C:\WINDOWS\System32\RPCRT4.dll
0x00007ff903720000 - 0x00007ff903728000 	C:\WINDOWS\System32\PSAPI.DLL
0x00007ff8fdcf0000 - 0x00007ff8fdcf9000 	C:\WINDOWS\SYSTEM32\WSOCK32.dll
0x00007ff8f94e0000 - 0x00007ff8f9507000 	C:\WINDOWS\SYSTEM32\WINMM.dll
0x00007ff8fb400000 - 0x00007ff8fb40a000 	C:\WINDOWS\SYSTEM32\VERSION.dll
0x00007ff902c60000 - 0x00007ff902ccb000 	C:\WINDOWS\System32\WS2_32.dll
0x00007ff8ffb00000 - 0x00007ff8ffb12000 	C:\WINDOWS\SYSTEM32\kernel.appcore.dll
0x00007ff8e9c60000 - 0x00007ff8e9c71000 	C:\Program Files\Android\Android Studio\jre\bin\verify.dll
0x00007ff8ff130000 - 0x00007ff8ff314000 	C:\WINDOWS\SYSTEM32\DBGHELP.DLL
0x00007ff8f3be0000 - 0x00007ff8f3c0c000 	C:\WINDOWS\SYSTEM32\dbgcore.DLL
0x00007ff901250000 - 0x00007ff9012d3000 	C:\WINDOWS\System32\bcryptPrimitives.dll
0x00007ff8e78c0000 - 0x00007ff8e78e9000 	C:\Program Files\Android\Android Studio\jre\bin\java.dll
0x00007ff8fdce0000 - 0x00007ff8fdceb000 	C:\Program Files\Android\Android Studio\jre\bin\jimage.dll
0x00007ff8e78a0000 - 0x00007ff8e78b8000 	C:\Program Files\Android\Android Studio\jre\bin\zip.dll
0x00007ff902d00000 - 0x00007ff90343f000 	C:\WINDOWS\System32\SHELL32.dll
0x00007ff8ff340000 - 0x00007ff8ffad0000 	C:\WINDOWS\SYSTEM32\windows.storage.dll
0x00007ff903730000 - 0x00007ff903a85000 	C:\WINDOWS\System32\combase.dll
0x00007ff900ca0000 - 0x00007ff900ccc000 	C:\WINDOWS\SYSTEM32\Wldp.dll
0x00007ff902bb0000 - 0x00007ff902c5d000 	C:\WINDOWS\System32\SHCORE.dll
0x00007ff9034f0000 - 0x00007ff903545000 	C:\WINDOWS\System32\shlwapi.dll
0x00007ff901190000 - 0x00007ff9011af000 	C:\WINDOWS\SYSTEM32\profapi.dll
0x00007ff8e7750000 - 0x00007ff8e776a000 	C:\Program Files\Android\Android Studio\jre\bin\net.dll
0x00007ff8f88a0000 - 0x00007ff8f89a8000 	C:\WINDOWS\SYSTEM32\WINHTTP.dll
0x00007ff900a00000 - 0x00007ff900a6a000 	C:\WINDOWS\system32\mswsock.dll
0x00007ff8e63e0000 - 0x00007ff8e63f4000 	C:\Program Files\Android\Android Studio\jre\bin\nio.dll
0x00007ff8e4dd0000 - 0x00007ff8e4df7000 	C:\Users\Ando\.gradle\native\8bec1ad78214c89d9ad589b4d07fe93259594b29d510b10fafb7a158f7737e5d\windows-amd64\native-platform.dll
0x00007ff8cf810000 - 0x00007ff8cf94d000 	C:\Users\Ando\.gradle\native\53dbd7edfb1c66fb8903c78663c9afc45aea4f116125fa6feffd364cf09443e8\windows-amd64\native-platform-file-events.dll
0x00007ff8fdcc0000 - 0x00007ff8fdcca000 	C:\Program Files\Android\Android Studio\jre\bin\management.dll
0x00007ff8fb1a0000 - 0x00007ff8fb1ac000 	C:\Program Files\Android\Android Studio\jre\bin\management_ext.dll
0x00007ff900bf0000 - 0x00007ff900c08000 	C:\WINDOWS\SYSTEM32\CRYPTSP.dll
0x00007ff900310000 - 0x00007ff900344000 	C:\WINDOWS\system32\rsaenh.dll
0x00007ff9012e0000 - 0x00007ff901307000 	C:\WINDOWS\System32\bcrypt.dll
0x00007ff901150000 - 0x00007ff90117e000 	C:\WINDOWS\SYSTEM32\USERENV.dll
0x00007ff900c10000 - 0x00007ff900c1c000 	C:\WINDOWS\SYSTEM32\CRYPTBASE.dll
0x00007ff9006a0000 - 0x00007ff9006db000 	C:\WINDOWS\SYSTEM32\IPHLPAPI.DLL
0x00007ff901fd0000 - 0x00007ff901fd8000 	C:\WINDOWS\System32\NSI.dll
0x00007ff8fa4f0000 - 0x00007ff8fa507000 	C:\WINDOWS\SYSTEM32\dhcpcsvc6.DLL
0x00007ff8fa440000 - 0x00007ff8fa45d000 	C:\WINDOWS\SYSTEM32\dhcpcsvc.DLL
0x00007ff9006e0000 - 0x00007ff9007ac000 	C:\WINDOWS\SYSTEM32\DNSAPI.dll

dbghelp: loaded successfully - version: 4.0.5 - missing functions: none
symbol engine: initialized successfully - sym options: 0x614 - pdb path: .;C:\Program Files\Android\Android Studio\jre\bin;C:\WINDOWS\SYSTEM32;C:\WINDOWS\WinSxS\amd64_microsoft.windows.common-controls_6595b64144ccf1df_6.0.19041.1110_none_60b5254171f9507e;C:\Program Files\Android\Android Studio\jre\bin\server;C:\Users\Ando\.gradle\native\8bec1ad78214c89d9ad589b4d07fe93259594b29d510b10fafb7a158f7737e5d\windows-amd64;C:\Users\Ando\.gradle\native\53dbd7edfb1c66fb8903c78663c9afc45aea4f116125fa6feffd364cf09443e8\windows-amd64

VM Arguments:
jvm_args: --add-opens=java.base/java.util=ALL-UNNAMED --add-opens=java.base/java.lang=ALL-UNNAMED --add-opens=java.base/java.lang.invoke=ALL-UNNAMED --add-opens=java.base/java.util=ALL-UNNAMED --add-opens=java.prefs/java.util.prefs=ALL-UNNAMED --add-opens=java.prefs/java.util.prefs=ALL-UNNAMED --add-opens=java.base/java.nio.charset=ALL-UNNAMED --add-opens=java.base/java.net=ALL-UNNAMED --add-opens=java.base/java.util.concurrent.atomic=ALL-UNNAMED -Xmx2048m -Dfile.encoding=UTF-8 -Duser.country=US -Duser.language=en -Duser.variant 
java_command: org.gradle.launcher.daemon.bootstrap.GradleDaemon 7.0.2
java_class_path (initial): C:\Users\Ando\.gradle\wrapper\dists\gradle-7.0.2-bin\857tjihv64xamwrf0h14cai3r\gradle-7.0.2\lib\gradle-launcher-7.0.2.jar
Launcher Type: SUN_STANDARD

[Global flags]
     intx CICompilerCount                          = 4                                         {product} {ergonomic}
     uint ConcGCThreads                            = 2                                         {product} {ergonomic}
     uint G1ConcRefinementThreads                  = 8                                         {product} {ergonomic}
   size_t G1HeapRegionSize                         = 1048576                                   {product} {ergonomic}
    uintx GCDrainStackTargetSize                   = 64                                        {product} {ergonomic}
   size_t InitialHeapSize                          = 268435456                                 {product} {ergonomic}
   size_t MarkStackSize                            = 4194304                                   {product} {ergonomic}
   size_t MaxHeapSize                              = 2147483648                                {product} {command line}
   size_t MaxNewSize                               = 1287651328                                {product} {ergonomic}
   size_t MinHeapDeltaBytes                        = 1048576                                   {product} {ergonomic}
    uintx NonNMethodCodeHeapSize                   = 5836300                                {pd product} {ergonomic}
    uintx NonProfiledCodeHeapSize                  = 122910970                              {pd product} {ergonomic}
    uintx ProfiledCodeHeapSize                     = 122910970                              {pd product} {ergonomic}
    uintx ReservedCodeCacheSize                    = 251658240                              {pd product} {ergonomic}
     bool SegmentedCodeCache                       = true                                      {product} {ergonomic}
     bool UseCompressedClassPointers               = true                                 {lp64_product} {ergonomic}
     bool UseCompressedOops                        = true                                 {lp64_product} {ergonomic}
     bool UseG1GC                                  = true                                      {product} {ergonomic}
     bool UseLargePagesIndividualAllocation        = false                                  {pd product} {ergonomic}

Logging:
Log output configuration:
 #0: stdout all=warning uptime,level,tags
 #1: stderr all=off uptime,level,tags

Environment Variables:
JAVA_HOME=C:\Program Files\AdoptOpenJDK\jdk-8.0.272.10-hotspot\
PATH=C:\RoboDK\Python37\Scripts\;C:\RoboDK\Python37\;C:\Program Files\AdoptOpenJDK\jdk-11.0.9.11-hotspot\bin;C:\Program Files\AdoptOpenJDK\jdk-8.0.272.10-hotspot\bin;C:\Program Files (x86)\AdoptOpenJDK\jdk-8.0.272.10-hotspot\bin;C:\Program Files\AdoptOpenJDK\jre-11.0.9.11-hotspot\bin;C:\Program Files (x86)\AdoptOpenJDK\jre-8.0.272.10-hotspot\bin;C:\WINDOWS\system32;C:\WINDOWS;C:\WINDOWS\System32\Wbem;C:\WINDOWS\System32\WindowsPowerShell\v1.0\;C:\Program Files\Microsoft VS Code\bin;C:\WINDOWS\System32\OpenSSH\;C:\Program Files\NVIDIA Corporation\NVIDIA NvDLISR;C:\Program Files (x86)\NVIDIA Corporation\PhysX\Common;C:\WINDOWS\system32;C:\WINDOWS;C:\WINDOWS\System32\Wbem;C:\WINDOWS\System32\WindowsPowerShell\v1.0\;C:\WINDOWS\System32\OpenSSH\;C:\Program Files\dotnet\;C:\Program Files (x86)\dotnet\;C:\Program Files (x86)\CODESYS\APInstaller\;C:\Program Files\MATLAB\R2021a\bin;C:\Program Files\Git\cmd;C:\Users\Ando\AppData\Local\Microsoft\WindowsApps;
USERNAME=Ando
OS=Windows_NT
PROCESSOR_IDENTIFIER=Intel64 Family 6 Model 94 Stepping 3, GenuineIntel



---------------  S Y S T E M  ---------------

OS: Windows 10 , 64 bit Build 19041 (10.0.19041.1202)
OS uptime: 1 days 15:28 hours

CPU:total 8 (initial active 8) (4 cores per cpu, 2 threads per core) family 6 model 94 stepping 3 microcode 0xcc, cmov, cx8, fxsr, mmx, sse, sse2, sse3, ssse3, sse4.1, sse4.2, popcnt, avx, avx2, aes, clmul, erms, rtm, 3dnowpref, lzcnt, ht, tsc, tscinvbit, bmi1, bmi2, adx, fma

Memory: 4k page, system-wide physical 16299M (5430M free)
TotalPageFile size 26299M (AvailPageFile size 0M)
current process WorkingSet (physical memory assigned to process): 314M, peak: 331M
current process commit charge ("private bytes"): 464M, peak: 481M

vm_info: OpenJDK 64-Bit Server VM (11.0.10+0-b96-7249189) for windows-amd64 JRE (11.0.10+0-b96-7249189), built on Mar 31 2021 21:44:00 by "builder" with MS VC++ 14.0 (VS2015)

END.
