#
# There is insufficient memory for the Java Runtime Environment to continue.
# Native memory allocation (malloc) failed to allocate 1216336 bytes for Chunk::new
# Possible reasons:
#   The system is out of physical RAM or swap space
#   The process is running with CompressedOops enabled, and the Java Heap may be blocking the growth of the native heap
# Possible solutions:
#   Reduce memory load on the system
#   Increase physical memory or swap space
#   Check if swap backing store is full
#   Decrease Java heap size (-Xmx/-Xms)
#   Decrease number of Java threads
#   Decrease Java thread stack sizes (-Xss)
#   Set larger code cache with -XX:ReservedCodeCacheSize=
#   JVM is running with Unscaled Compressed Oops mode in which the Java heap is
#     placed in the first 4GB address space. The Java Heap base address is the
#     maximum limit for the native heap growth. Please use -XX:HeapBaseMinAddress
#     to set the Java Heap base and to place the Java Heap above 4GB virtual address.
# This output file may be truncated or incomplete.
#
#  Out of Memory Error (./src/hotspot/share/memory/arena.cpp:197), pid=2196, tid=3404
#
# JRE version: OpenJDK Runtime Environment (11.0.10) (build 11.0.10+0-b96-7249189)
# Java VM: OpenJDK 64-Bit Server VM (11.0.10+0-b96-7249189, mixed mode, tiered, compressed oops, g1 gc, windows-amd64)
# No core dump will be written. Minidumps are not enabled by default on client versions of Windows
#

---------------  S U M M A R Y ------------

Command Line: --add-opens=java.base/java.util=ALL-UNNAMED --add-opens=java.base/java.lang=ALL-UNNAMED --add-opens=java.base/java.lang.invoke=ALL-UNNAMED --add-opens=java.base/java.util=ALL-UNNAMED --add-opens=java.prefs/java.util.prefs=ALL-UNNAMED --add-opens=java.prefs/java.util.prefs=ALL-UNNAMED --add-opens=java.base/java.nio.charset=ALL-UNNAMED --add-opens=java.base/java.net=ALL-UNNAMED --add-opens=java.base/java.util.concurrent.atomic=ALL-UNNAMED -Xmx2048m -Dfile.encoding=UTF-8 -Duser.country=US -Duser.language=en -Duser.variant org.gradle.launcher.daemon.bootstrap.GradleDaemon 7.0.2

Host: Intel(R) Core(TM) i7-6700 CPU @ 3.40GHz, 8 cores, 15G,  Windows 10 , 64 bit Build 19041 (10.0.19041.1202)
Time: Tue Nov  2 12:59:28 2021 W. Europe Standard Time elapsed time: 507.351729 seconds (0d 0h 8m 27s)

---------------  T H R E A D  ---------------

Current thread (0x000001fd710c6800):  JavaThread "C2 CompilerThread1" daemon [_thread_in_native, id=3404, stack(0x0000000741000000,0x0000000741100000)]


Current CompileTask:
C2: 507351 16980       4       com.android.tools.r8.internal.Le::a (1137 bytes)

Stack: [0x0000000741000000,0x0000000741100000]
Native frames: (J=compiled Java code, j=interpreted, Vv=VM code, C=native code)
V  [jvm.dll+0x5ecfaa]
V  [jvm.dll+0x722bd5]
V  [jvm.dll+0x72412d]
V  [jvm.dll+0x7247e3]
V  [jvm.dll+0x242928]
V  [jvm.dll+0xbc4fc]
V  [jvm.dll+0xbca0c]
V  [jvm.dll+0x352d7d]
V  [jvm.dll+0x19800c]
V  [jvm.dll+0x1fb70e]
V  [jvm.dll+0x1fa7f4]
V  [jvm.dll+0x18354c]
V  [jvm.dll+0x208ee7]
V  [jvm.dll+0x207731]
V  [jvm.dll+0x6eb1cf]
V  [jvm.dll+0x6e3d45]
V  [jvm.dll+0x5ebe96]
C  [ucrtbase.dll+0x21bb2]
C  [KERNEL32.DLL+0x17034]
C  [ntdll.dll+0x52651]


---------------  P R O C E S S  ---------------

Threads class SMR info:
_java_thread_list=0x000001fd7d97ab40, length=64, elements={
0x000001fd55d7e800, 0x000001fd70a61800, 0x000001fd70a62800, 0x000001fd70ac0800,
0x000001fd70ac2800, 0x000001fd70ac5000, 0x000001fd70ad0000, 0x000001fd70ad4800,
0x000001fd70ada000, 0x000001fd70c53000, 0x000001fd71b4d000, 0x000001fd71685800,
0x000001fd73dc1800, 0x000001fd73795800, 0x000001fd73792800, 0x000001fd73798000,
0x000001fd73794000, 0x000001fd73799000, 0x000001fd75ea3800, 0x000001fd75ea6000,
0x000001fd75ea2000, 0x000001fd75ea2800, 0x000001fd75ea7000, 0x000001fd75eae000,
0x000001fd7337f800, 0x000001fd73380800, 0x000001fd7337e000, 0x000001fd7337c800,
0x000001fd73381800, 0x000001fd791db000, 0x000001fd7dd3b000, 0x000001fd7dd38800,
0x000001fd7dd35800, 0x000001fd7dd3c000, 0x000001fd7dd36000, 0x000001fd7dd37000,
0x000001fd7dd3c800, 0x000001fd7dd3d800, 0x000001fd7dd39800, 0x000001fd710c6800,
0x000001fd7da9f000, 0x000001fd7dd37800, 0x000001fd7dd3e800, 0x000001fd7dd3f000,
0x000001fd7dd40000, 0x000001fd7dd3a000, 0x000001fd7dd40800, 0x000001fd7dd42800,
0x000001fd7dd43000, 0x000001fd7dd41800, 0x000001fd7dd44000, 0x000001fd791d9800,
0x000001fd791da000, 0x000001fd791d6000, 0x000001fd791d8800, 0x000001fd791d5800,
0x000001fd791dc000, 0x000001fd791d7800, 0x000001fd791e1800, 0x000001fd791de800,
0x000001fd791e0800, 0x000001fd791e2800, 0x000001fd791dc800, 0x000001fd791e3000
}

Java Threads: ( => current thread )
  0x000001fd55d7e800 JavaThread "main" [_thread_blocked, id=16304, stack(0x000000073f200000,0x000000073f300000)]
  0x000001fd70a61800 JavaThread "Reference Handler" daemon [_thread_blocked, id=4768, stack(0x000000073f900000,0x000000073fa00000)]
  0x000001fd70a62800 JavaThread "Finalizer" daemon [_thread_blocked, id=2812, stack(0x000000073fa00000,0x000000073fb00000)]
  0x000001fd70ac0800 JavaThread "Signal Dispatcher" daemon [_thread_blocked, id=18936, stack(0x000000073fb00000,0x000000073fc00000)]
  0x000001fd70ac2800 JavaThread "Attach Listener" daemon [_thread_blocked, id=5172, stack(0x000000073fc00000,0x000000073fd00000)]
  0x000001fd70ac5000 JavaThread "Service Thread" daemon [_thread_blocked, id=15568, stack(0x000000073fd00000,0x000000073fe00000)]
  0x000001fd70ad0000 JavaThread "C2 CompilerThread0" daemon [_thread_in_native, id=8380, stack(0x000000073fe00000,0x000000073ff00000)]
  0x000001fd70ad4800 JavaThread "C1 CompilerThread0" daemon [_thread_in_native, id=19316, stack(0x000000073ff00000,0x0000000740000000)]
  0x000001fd70ada000 JavaThread "Sweeper thread" daemon [_thread_blocked, id=18804, stack(0x0000000740000000,0x0000000740100000)]
  0x000001fd70c53000 JavaThread "Common-Cleaner" daemon [_thread_blocked, id=9704, stack(0x0000000740100000,0x0000000740200000)]
  0x000001fd71b4d000 JavaThread "Daemon health stats" [_thread_blocked, id=10828, stack(0x0000000740a00000,0x0000000740b00000)]
  0x000001fd71685800 JavaThread "Incoming local TCP Connector on port 58024" [_thread_in_native, id=18988, stack(0x0000000740300000,0x0000000740400000)]
  0x000001fd73dc1800 JavaThread "Daemon periodic checks" [_thread_blocked, id=12932, stack(0x0000000740400000,0x0000000740500000)]
  0x000001fd73795800 JavaThread "Cache worker for file hash cache (C:\Users\Ando\.gradle\caches\7.0.2\fileHashes)" [_thread_blocked, id=3268, stack(0x0000000741200000,0x0000000741300000)]
  0x000001fd73792800 JavaThread "File lock request listener" [_thread_in_native, id=11572, stack(0x0000000741300000,0x0000000741400000)]
  0x000001fd73798000 JavaThread "Cache worker for journal cache (C:\Users\Ando\.gradle\caches\journal-1)" [_thread_blocked, id=18896, stack(0x0000000741700000,0x0000000741800000)]
  0x000001fd73794000 JavaThread "File watcher server" daemon [_thread_in_native, id=19136, stack(0x0000000741a00000,0x0000000741b00000)]
  0x000001fd73799000 JavaThread "File watcher consumer" daemon [_thread_blocked, id=7236, stack(0x0000000741b00000,0x0000000741c00000)]
  0x000001fd75ea3800 JavaThread "Cache worker for execution history cache (C:\Users\Ando\.gradle\caches\7.0.2\executionHistory)" [_thread_blocked, id=6216, stack(0x0000000742000000,0x0000000742100000)]
  0x000001fd75ea6000 JavaThread "jar transforms" [_thread_blocked, id=7224, stack(0x0000000742100000,0x0000000742200000)]
  0x000001fd75ea2000 JavaThread "jar transforms Thread 2" [_thread_blocked, id=10768, stack(0x0000000742200000,0x0000000742300000)]
  0x000001fd75ea2800 JavaThread "Cache worker for file content cache (C:\Users\Ando\.gradle\caches\7.0.2\fileContent)" [_thread_blocked, id=16648, stack(0x0000000742300000,0x0000000742400000)]
  0x000001fd75ea7000 JavaThread "jar transforms Thread 3" [_thread_blocked, id=4992, stack(0x0000000742500000,0x0000000742600000)]
  0x000001fd75eae000 JavaThread "jar transforms Thread 4" [_thread_blocked, id=5688, stack(0x0000000742f00000,0x0000000743000000)]
  0x000001fd7337f800 JavaThread "jar transforms Thread 5" [_thread_blocked, id=9776, stack(0x0000000743000000,0x0000000743100000)]
  0x000001fd73380800 JavaThread "jar transforms Thread 6" [_thread_blocked, id=484, stack(0x0000000743100000,0x0000000743200000)]
  0x000001fd7337e000 JavaThread "jar transforms Thread 7" [_thread_blocked, id=12280, stack(0x0000000743200000,0x0000000743300000)]
  0x000001fd7337c800 JavaThread "jar transforms Thread 8" [_thread_blocked, id=16960, stack(0x0000000743300000,0x0000000743400000)]
  0x000001fd73381800 JavaThread "Memory manager" [_thread_blocked, id=10164, stack(0x0000000743400000,0x0000000743500000)]
  0x000001fd791db000 JavaThread "Cache worker for Java compile cache (C:\Users\Ando\.gradle\caches\7.0.2\javaCompile)" [_thread_blocked, id=4760, stack(0x0000000743e00000,0x0000000743f00000)]
  0x000001fd7dd3b000 JavaThread "ForkJoinPool.commonPool-worker-7" daemon [_thread_blocked, id=18420, stack(0x0000000744b00000,0x0000000744c00000)]
  0x000001fd7dd38800 JavaThread "Daemon Thread 2" [_thread_blocked, id=16924, stack(0x000000073ef00000,0x000000073f000000)]
  0x000001fd7dd35800 JavaThread "Handler for socket connection from /127.0.0.1:58024 to /127.0.0.1:63472" [_thread_in_native, id=8400, stack(0x000000073f000000,0x000000073f100000)]
  0x000001fd7dd3c000 JavaThread "Cancel handler" [_thread_blocked, id=17400, stack(0x000000073f100000,0x000000073f200000)]
  0x000001fd7dd36000 JavaThread "Daemon worker Thread 2" [_thread_blocked, id=10220, stack(0x0000000740b00000,0x0000000740c00000)]
  0x000001fd7dd37000 JavaThread "Asynchronous log dispatcher for DefaultDaemonConnection: socket connection from /127.0.0.1:58024 to /127.0.0.1:63472" [_thread_blocked, id=5632, stack(0x0000000740c00000,0x0000000740d00000)]
  0x000001fd7dd3c800 JavaThread "Stdin handler" [_thread_blocked, id=960, stack(0x0000000740d00000,0x0000000740e00000)]
  0x000001fd7dd3d800 JavaThread "Daemon client event forwarder" [_thread_blocked, id=17368, stack(0x0000000740e00000,0x0000000740f00000)]
  0x000001fd7dd39800 JavaThread "Cache worker for file hash cache (C:\Users\Ando\Documents\skole\mobilprog\Hovedprojekt\Homework_Planer\.gradle\7.0.2\fileHashes)" [_thread_blocked, id=9832, stack(0x0000000740f00000,0x0000000741000000)]
=>0x000001fd710c6800 JavaThread "C2 CompilerThread1" daemon [_thread_in_native, id=3404, stack(0x0000000741000000,0x0000000741100000)]
  0x000001fd7da9f000 JavaThread "C2 CompilerThread2" daemon [_thread_in_native, id=10376, stack(0x0000000741100000,0x0000000741200000)]
  0x000001fd7dd37800 JavaThread "Cache worker for checksums cache (C:\Users\Ando\Documents\skole\mobilprog\Hovedprojekt\Homework_Planer\.gradle\checksums)" [_thread_blocked, id=15860, stack(0x0000000741800000,0x0000000741900000)]
  0x000001fd7dd3e800 JavaThread "Cache worker for cache directory md-supplier (C:\Users\Ando\.gradle\caches\7.0.2\md-supplier)" [_thread_blocked, id=3664, stack(0x0000000741900000,0x0000000741a00000)]
  0x000001fd7dd3f000 JavaThread "Cache worker for cache directory md-rule (C:\Users\Ando\.gradle\caches\7.0.2\md-rule)" [_thread_blocked, id=7864, stack(0x0000000741c00000,0x0000000741d00000)]
  0x000001fd7dd40000 JavaThread "Cache worker for dependencies-accessors (C:\Users\Ando\Documents\skole\mobilprog\Hovedprojekt\Homework_Planer\.gradle\7.0.2\dependencies-accessors)" [_thread_blocked, id=9212, stack(0x0000000741d00000,0x0000000741e00000)]
  0x000001fd7dd3a000 JavaThread "Cache worker for Build Output Cleanup Cache (C:\Users\Ando\Documents\skole\mobilprog\Hovedprojekt\Homework_Planer\.gradle\buildOutputCleanup)" [_thread_blocked, id=17852, stack(0x0000000741e00000,0x0000000741f00000)]
  0x000001fd7dd40800 JavaThread "Build operations" [_thread_blocked, id=16112, stack(0x0000000741f00000,0x0000000742000000)]
  0x000001fd7dd42800 JavaThread "Build operations Thread 2" [_thread_in_Java, id=6036, stack(0x0000000742400000,0x0000000742500000)]
  0x000001fd7dd43000 JavaThread "Build operations Thread 3" [_thread_in_Java, id=6376, stack(0x0000000742600000,0x0000000742700000)]
  0x000001fd7dd41800 JavaThread "Build operations Thread 4" [_thread_blocked, id=17936, stack(0x0000000742700000,0x0000000742800000)]
  0x000001fd7dd44000 JavaThread "Build operations Thread 5" [_thread_blocked, id=11024, stack(0x0000000742800000,0x0000000742900000)]
  0x000001fd791d9800 JavaThread "Build operations Thread 6" [_thread_blocked, id=13932, stack(0x0000000742900000,0x0000000742a00000)]
  0x000001fd791da000 JavaThread "Build operations Thread 7" [_thread_blocked, id=12216, stack(0x0000000742a00000,0x0000000742b00000)]
  0x000001fd791d6000 JavaThread "Build operations Thread 8" [_thread_blocked, id=10296, stack(0x0000000742b00000,0x0000000742c00000)]
  0x000001fd791d8800 JavaThread "build event listener" [_thread_blocked, id=9340, stack(0x0000000742c00000,0x0000000742d00000)]
  0x000001fd791d5800 JavaThread "Execution worker for ':'" [_thread_blocked, id=18088, stack(0x0000000742d00000,0x0000000742e00000)]
  0x000001fd791dc000 JavaThread "Execution worker for ':' Thread 2" [_thread_blocked, id=5636, stack(0x0000000742e00000,0x0000000742f00000)]
  0x000001fd791d7800 JavaThread "Execution worker for ':' Thread 3" [_thread_blocked, id=19224, stack(0x0000000743500000,0x0000000743600000)]
  0x000001fd791e1800 JavaThread "Execution worker for ':' Thread 4" [_thread_blocked, id=18072, stack(0x0000000743600000,0x0000000743700000)]
  0x000001fd791de800 JavaThread "Execution worker for ':' Thread 5" [_thread_blocked, id=7348, stack(0x0000000743700000,0x0000000743800000)]
  0x000001fd791e0800 JavaThread "Execution worker for ':' Thread 6" [_thread_blocked, id=10760, stack(0x0000000743800000,0x0000000743900000)]
  0x000001fd791e2800 JavaThread "Execution worker for ':' Thread 7" [_thread_blocked, id=9836, stack(0x0000000743900000,0x0000000743a00000)]
  0x000001fd791dc800 JavaThread "Cache worker for execution history cache (C:\Users\Ando\Documents\skole\mobilprog\Hovedprojekt\Homework_Planer\.gradle\7.0.2\executionHistory)" [_thread_blocked, id=7932, stack(0x0000000743a00000,0x0000000743b00000)]
  0x000001fd791e3000 JavaThread "WorkerExecutor Queue" [_thread_blocked, id=220, stack(0x0000000743b00000,0x0000000743c00000)]

Other Threads:
  0x000001fd70a5e000 VMThread "VM Thread" [stack: 0x000000073f800000,0x000000073f900000] [id=1188]
  0x000001fd70c8e000 WatcherThread [stack: 0x0000000740200000,0x0000000740300000] [id=18692]
  0x000001fd55d97800 GCTaskThread "GC Thread#0" [stack: 0x000000073f300000,0x000000073f400000] [id=6536]
  0x000001fd714d1000 GCTaskThread "GC Thread#1" [stack: 0x0000000740500000,0x0000000740600000] [id=11236]
  0x000001fd71a58800 GCTaskThread "GC Thread#2" [stack: 0x0000000740600000,0x0000000740700000] [id=11464]
  0x000001fd7136f800 GCTaskThread "GC Thread#3" [stack: 0x0000000740700000,0x0000000740800000] [id=12508]
  0x000001fd71360800 GCTaskThread "GC Thread#4" [stack: 0x0000000740800000,0x0000000740900000] [id=19452]
  0x000001fd71513000 GCTaskThread "GC Thread#5" [stack: 0x0000000740900000,0x0000000740a00000] [id=10952]
  0x000001fd733dd800 GCTaskThread "GC Thread#6" [stack: 0x0000000741400000,0x0000000741500000] [id=8168]
  0x000001fd72cf0000 GCTaskThread "GC Thread#7" [stack: 0x0000000741500000,0x0000000741600000] [id=8428]
  0x000001fd55dc7800 ConcurrentGCThread "G1 Main Marker" [stack: 0x000000073f400000,0x000000073f500000] [id=14604]
  0x000001fd55dc9000 ConcurrentGCThread "G1 Conc#0" [stack: 0x000000073f500000,0x000000073f600000] [id=9220]
  0x000001fd721b8000 ConcurrentGCThread "G1 Conc#1" [stack: 0x0000000741600000,0x0000000741700000] [id=15700]
  0x000001fd55e5e800 ConcurrentGCThread "G1 Refine#0" [stack: 0x000000073f600000,0x000000073f700000] [id=5708]
  0x000001fd700ae800 ConcurrentGCThread "G1 Young RemSet Sampling" [stack: 0x000000073f700000,0x000000073f800000] [id=13780]

Threads with active compile tasks:
C2 CompilerThread0 507388 16781 %     4       com.android.tools.r8.internal.T6::a @ 1511 (6044 bytes)
C1 CompilerThread0 507388 16504       1       com.android.tools.r8.internal.n4::y (2 bytes)
C2 CompilerThread1 507388 16980       4       com.android.tools.r8.internal.Le::a (1137 bytes)
C2 CompilerThread2 507388 17033       4       com.android.tools.r8.internal.Lv::a (455 bytes)

VM state:not at safepoint (normal execution)

VM Mutex/Monitor currently owned by a thread: None

Heap address: 0x0000000080000000, size: 2048 MB, Compressed Oops mode: 32-bit
Narrow klass base: 0x0000000000000000, Narrow klass shift: 3
Compressed class space size: 1073741824 Address: 0x0000000100000000

Heap:
 garbage-first heap   total 262144K, used 208582K [0x0000000080000000, 0x0000000100000000)
  region size 1024K, 55 young (56320K), 5 survivors (5120K)
 Metaspace       used 112775K, capacity 115908K, committed 117152K, reserved 1150976K
  class space    used 14591K, capacity 15822K, committed 16288K, reserved 1048576K
Heap Regions: E=young(eden), S=young(survivor), O=old, HS=humongous(starts), HC=humongous(continues), CS=collection set, F=free, A=archive, TAMS=top-at-mark-start (previous, next)
|   0|0x0000000080000000, 0x0000000080100000, 0x0000000080100000|100%| O|  |TAMS 0x0000000080100000, 0x0000000080000000| Updating 
|   1|0x0000000080100000, 0x0000000080200000, 0x0000000080200000|100%| O|  |TAMS 0x0000000080200000, 0x0000000080100000| Updating 
|   2|0x0000000080200000, 0x0000000080300000, 0x0000000080300000|100%| O|  |TAMS 0x0000000080300000, 0x0000000080200000| Updating 
|   3|0x0000000080300000, 0x0000000080400000, 0x0000000080400000|100%|HS|  |TAMS 0x0000000080400000, 0x0000000080300000| Complete 
|   4|0x0000000080400000, 0x0000000080500000, 0x0000000080500000|100%|HC|  |TAMS 0x0000000080500000, 0x0000000080400000| Complete 
|   5|0x0000000080500000, 0x0000000080600000, 0x0000000080600000|100%|HC|  |TAMS 0x0000000080600000, 0x0000000080500000| Complete 
|   6|0x0000000080600000, 0x0000000080700000, 0x0000000080700000|100%| O|  |TAMS 0x0000000080700000, 0x0000000080600000| Updating 
|   7|0x0000000080700000, 0x0000000080800000, 0x0000000080800000|100%| O|  |TAMS 0x0000000080800000, 0x0000000080700000| Updating 
|   8|0x0000000080800000, 0x0000000080900000, 0x0000000080900000|100%| O|  |TAMS 0x0000000080900000, 0x0000000080800000| Updating 
|   9|0x0000000080900000, 0x0000000080a00000, 0x0000000080a00000|100%| O|  |TAMS 0x0000000080a00000, 0x0000000080900000| Updating 
|  10|0x0000000080a00000, 0x0000000080b00000, 0x0000000080b00000|100%| O|  |TAMS 0x0000000080b00000, 0x0000000080a00000| Updating 
|  11|0x0000000080b00000, 0x0000000080c00000, 0x0000000080c00000|100%| O|  |TAMS 0x0000000080c00000, 0x0000000080b00000| Updating 
|  12|0x0000000080c00000, 0x0000000080d00000, 0x0000000080d00000|100%| O|  |TAMS 0x0000000080d00000, 0x0000000080c00000| Updating 
|  13|0x0000000080d00000, 0x0000000080e00000, 0x0000000080e00000|100%| O|  |TAMS 0x0000000080e00000, 0x0000000080d00000| Updating 
|  14|0x0000000080e00000, 0x0000000080f00000, 0x0000000080f00000|100%| O|  |TAMS 0x0000000080f00000, 0x0000000080e00000| Updating 
|  15|0x0000000080f00000, 0x0000000081000000, 0x0000000081000000|100%| O|  |TAMS 0x0000000081000000, 0x0000000080f00000| Updating 
|  16|0x0000000081000000, 0x0000000081100000, 0x0000000081100000|100%|HS|  |TAMS 0x0000000081100000, 0x0000000081000000| Complete 
|  17|0x0000000081100000, 0x0000000081200000, 0x0000000081200000|100%|HS|  |TAMS 0x0000000081200000, 0x0000000081100000| Complete 
|  18|0x0000000081200000, 0x0000000081300000, 0x0000000081300000|100%|HS|  |TAMS 0x0000000081300000, 0x0000000081200000| Complete 
|  19|0x0000000081300000, 0x0000000081400000, 0x0000000081400000|100%|HC|  |TAMS 0x0000000081400000, 0x0000000081300000| Complete 
|  20|0x0000000081400000, 0x0000000081500000, 0x0000000081500000|100%|HC|  |TAMS 0x0000000081500000, 0x0000000081400000| Complete 
|  21|0x0000000081500000, 0x0000000081600000, 0x0000000081600000|100%|HS|  |TAMS 0x0000000081600000, 0x0000000081500000| Complete 
|  22|0x0000000081600000, 0x0000000081700000, 0x0000000081700000|100%|HC|  |TAMS 0x0000000081700000, 0x0000000081600000| Complete 
|  23|0x0000000081700000, 0x0000000081800000, 0x0000000081800000|100%| O|  |TAMS 0x0000000081800000, 0x0000000081700000| Updating 
|  24|0x0000000081800000, 0x0000000081900000, 0x0000000081900000|100%| O|  |TAMS 0x0000000081900000, 0x0000000081800000| Updating 
|  25|0x0000000081900000, 0x0000000081a00000, 0x0000000081a00000|100%| O|  |TAMS 0x0000000081a00000, 0x0000000081900000| Updating 
|  26|0x0000000081a00000, 0x0000000081b00000, 0x0000000081b00000|100%| O|  |TAMS 0x0000000081b00000, 0x0000000081a00000| Updating 
|  27|0x0000000081b00000, 0x0000000081c00000, 0x0000000081c00000|100%| O|  |TAMS 0x0000000081c00000, 0x0000000081b00000| Updating 
|  28|0x0000000081c00000, 0x0000000081d00000, 0x0000000081d00000|100%| O|  |TAMS 0x0000000081d00000, 0x0000000081c00000| Updating 
|  29|0x0000000081d00000, 0x0000000081e00000, 0x0000000081e00000|100%| O|  |TAMS 0x0000000081e00000, 0x0000000081d00000| Updating 
|  30|0x0000000081e00000, 0x0000000081f00000, 0x0000000081f00000|100%| O|  |TAMS 0x0000000081f00000, 0x0000000081e00000| Updating 
|  31|0x0000000081f00000, 0x0000000082000000, 0x0000000082000000|100%| O|  |TAMS 0x0000000082000000, 0x0000000081f00000| Updating 
|  32|0x0000000082000000, 0x0000000082100000, 0x0000000082100000|100%| O|  |TAMS 0x0000000082100000, 0x0000000082000000| Updating 
|  33|0x0000000082100000, 0x0000000082200000, 0x0000000082200000|100%| O|  |TAMS 0x0000000082200000, 0x0000000082100000| Updating 
|  34|0x0000000082200000, 0x0000000082300000, 0x0000000082300000|100%| O|  |TAMS 0x0000000082300000, 0x0000000082200000| Updating 
|  35|0x0000000082300000, 0x0000000082400000, 0x0000000082400000|100%| O|  |TAMS 0x0000000082400000, 0x0000000082300000| Updating 
|  36|0x0000000082400000, 0x0000000082500000, 0x0000000082500000|100%| O|  |TAMS 0x0000000082500000, 0x0000000082400000| Updating 
|  37|0x0000000082500000, 0x0000000082600000, 0x0000000082600000|100%| O|  |TAMS 0x0000000082600000, 0x0000000082500000| Updating 
|  38|0x0000000082600000, 0x0000000082700000, 0x0000000082700000|100%| O|  |TAMS 0x0000000082700000, 0x0000000082600000| Updating 
|  39|0x0000000082700000, 0x0000000082800000, 0x0000000082800000|100%| O|  |TAMS 0x0000000082800000, 0x0000000082700000| Updating 
|  40|0x0000000082800000, 0x0000000082900000, 0x0000000082900000|100%| O|  |TAMS 0x0000000082900000, 0x0000000082800000| Updating 
|  41|0x0000000082900000, 0x0000000082a00000, 0x0000000082a00000|100%| O|  |TAMS 0x0000000082a00000, 0x0000000082900000| Updating 
|  42|0x0000000082a00000, 0x0000000082b00000, 0x0000000082b00000|100%| O|  |TAMS 0x0000000082b00000, 0x0000000082a00000| Updating 
|  43|0x0000000082b00000, 0x0000000082c00000, 0x0000000082c00000|100%| O|  |TAMS 0x0000000082c00000, 0x0000000082b00000| Updating 
|  44|0x0000000082c00000, 0x0000000082d00000, 0x0000000082d00000|100%| O|  |TAMS 0x0000000082d00000, 0x0000000082c00000| Updating 
|  45|0x0000000082d00000, 0x0000000082e00000, 0x0000000082e00000|100%| O|  |TAMS 0x0000000082e00000, 0x0000000082d00000| Updating 
|  46|0x0000000082e00000, 0x0000000082f00000, 0x0000000082f00000|100%| O|  |TAMS 0x0000000082f00000, 0x0000000082e00000| Updating 
|  47|0x0000000082f00000, 0x0000000083000000, 0x0000000083000000|100%| O|  |TAMS 0x0000000083000000, 0x0000000082f00000| Updating 
|  48|0x0000000083000000, 0x0000000083100000, 0x0000000083100000|100%| O|  |TAMS 0x0000000083100000, 0x0000000083000000| Updating 
|  49|0x0000000083100000, 0x0000000083200000, 0x0000000083200000|100%| O|  |TAMS 0x0000000083200000, 0x0000000083100000| Updating 
|  50|0x0000000083200000, 0x0000000083300000, 0x0000000083300000|100%| O|  |TAMS 0x0000000083300000, 0x0000000083200000| Updating 
|  51|0x0000000083300000, 0x0000000083400000, 0x0000000083400000|100%| O|  |TAMS 0x0000000083400000, 0x0000000083300000| Updating 
|  52|0x0000000083400000, 0x0000000083500000, 0x0000000083500000|100%| O|  |TAMS 0x0000000083500000, 0x0000000083400000| Updating 
|  53|0x0000000083500000, 0x0000000083600000, 0x0000000083600000|100%| O|  |TAMS 0x0000000083600000, 0x0000000083500000| Updating 
|  54|0x0000000083600000, 0x0000000083700000, 0x0000000083700000|100%| O|  |TAMS 0x0000000083700000, 0x0000000083600000| Updating 
|  55|0x0000000083700000, 0x0000000083800000, 0x0000000083800000|100%| O|  |TAMS 0x0000000083800000, 0x0000000083700000| Updating 
|  56|0x0000000083800000, 0x0000000083900000, 0x0000000083900000|100%| O|  |TAMS 0x0000000083900000, 0x0000000083800000| Updating 
|  57|0x0000000083900000, 0x0000000083a00000, 0x0000000083a00000|100%| O|  |TAMS 0x0000000083a00000, 0x0000000083900000| Updating 
|  58|0x0000000083a00000, 0x0000000083b00000, 0x0000000083b00000|100%| O|  |TAMS 0x0000000083b00000, 0x0000000083a00000| Updating 
|  59|0x0000000083b00000, 0x0000000083c00000, 0x0000000083c00000|100%| O|  |TAMS 0x0000000083c00000, 0x0000000083b00000| Updating 
|  60|0x0000000083c00000, 0x0000000083d00000, 0x0000000083d00000|100%| O|  |TAMS 0x0000000083d00000, 0x0000000083c00000| Updating 
|  61|0x0000000083d00000, 0x0000000083e00000, 0x0000000083e00000|100%| O|  |TAMS 0x0000000083e00000, 0x0000000083d00000| Updating 
|  62|0x0000000083e00000, 0x0000000083f00000, 0x0000000083f00000|100%| O|  |TAMS 0x0000000083f00000, 0x0000000083e00000| Updating 
|  63|0x0000000083f00000, 0x0000000084000000, 0x0000000084000000|100%| O|  |TAMS 0x0000000084000000, 0x0000000083f00000| Updating 
|  64|0x0000000084000000, 0x0000000084100000, 0x0000000084100000|100%| O|  |TAMS 0x0000000084100000, 0x0000000084000000| Updating 
|  65|0x0000000084100000, 0x0000000084200000, 0x0000000084200000|100%| O|  |TAMS 0x0000000084200000, 0x0000000084100000| Updating 
|  66|0x0000000084200000, 0x0000000084300000, 0x0000000084300000|100%| O|  |TAMS 0x0000000084300000, 0x0000000084200000| Updating 
|  67|0x0000000084300000, 0x0000000084400000, 0x0000000084400000|100%| O|  |TAMS 0x0000000084400000, 0x0000000084300000| Updating 
|  68|0x0000000084400000, 0x0000000084500000, 0x0000000084500000|100%| O|  |TAMS 0x0000000084500000, 0x0000000084400000| Updating 
|  69|0x0000000084500000, 0x0000000084600000, 0x0000000084600000|100%| O|  |TAMS 0x0000000084600000, 0x0000000084500000| Updating 
|  70|0x0000000084600000, 0x0000000084700000, 0x0000000084700000|100%| O|  |TAMS 0x0000000084700000, 0x0000000084600000| Updating 
|  71|0x0000000084700000, 0x0000000084800000, 0x0000000084800000|100%| O|  |TAMS 0x0000000084800000, 0x0000000084700000| Updating 
|  72|0x0000000084800000, 0x0000000084900000, 0x0000000084900000|100%| O|  |TAMS 0x0000000084900000, 0x0000000084800000| Updating 
|  73|0x0000000084900000, 0x0000000084a00000, 0x0000000084a00000|100%| O|  |TAMS 0x0000000084a00000, 0x0000000084900000| Updating 
|  74|0x0000000084a00000, 0x0000000084b00000, 0x0000000084b00000|100%| O|  |TAMS 0x0000000084b00000, 0x0000000084a00000| Updating 
|  75|0x0000000084b00000, 0x0000000084c00000, 0x0000000084c00000|100%| O|  |TAMS 0x0000000084c00000, 0x0000000084b00000| Updating 
|  76|0x0000000084c00000, 0x0000000084d00000, 0x0000000084d00000|100%| O|  |TAMS 0x0000000084d00000, 0x0000000084c00000| Updating 
|  77|0x0000000084d00000, 0x0000000084e00000, 0x0000000084e00000|100%| O|  |TAMS 0x0000000084e00000, 0x0000000084d00000| Updating 
|  78|0x0000000084e00000, 0x0000000084f00000, 0x0000000084f00000|100%| O|  |TAMS 0x0000000084f00000, 0x0000000084e00000| Updating 
|  79|0x0000000084f00000, 0x0000000085000000, 0x0000000085000000|100%| O|  |TAMS 0x0000000085000000, 0x0000000084f00000| Updating 
|  80|0x0000000085000000, 0x0000000085000000, 0x0000000085100000|  0%| F|  |TAMS 0x0000000085000000, 0x0000000085000000| Untracked 
|  81|0x0000000085100000, 0x0000000085200000, 0x0000000085200000|100%| O|  |TAMS 0x0000000085200000, 0x0000000085100000| Updating 
|  82|0x0000000085200000, 0x0000000085300000, 0x0000000085300000|100%| O|  |TAMS 0x0000000085300000, 0x0000000085200000| Updating 
|  83|0x0000000085300000, 0x0000000085400000, 0x0000000085400000|100%| O|  |TAMS 0x0000000085400000, 0x0000000085300000| Updating 
|  84|0x0000000085400000, 0x0000000085500000, 0x0000000085500000|100%| O|  |TAMS 0x0000000085500000, 0x0000000085400000| Updating 
|  85|0x0000000085500000, 0x0000000085600000, 0x0000000085600000|100%| O|  |TAMS 0x0000000085600000, 0x0000000085500000| Updating 
|  86|0x0000000085600000, 0x0000000085700000, 0x0000000085700000|100%| O|  |TAMS 0x0000000085700000, 0x0000000085600000| Updating 
|  87|0x0000000085700000, 0x0000000085800000, 0x0000000085800000|100%| O|  |TAMS 0x0000000085800000, 0x0000000085700000| Updating 
|  88|0x0000000085800000, 0x0000000085900000, 0x0000000085900000|100%| O|  |TAMS 0x0000000085900000, 0x0000000085800000| Updating 
|  89|0x0000000085900000, 0x0000000085a00000, 0x0000000085a00000|100%| O|  |TAMS 0x0000000085a00000, 0x0000000085900000| Updating 
|  90|0x0000000085a00000, 0x0000000085b00000, 0x0000000085b00000|100%| O|  |TAMS 0x0000000085b00000, 0x0000000085a00000| Updating 
|  91|0x0000000085b00000, 0x0000000085c00000, 0x0000000085c00000|100%| O|  |TAMS 0x0000000085c00000, 0x0000000085b00000| Updating 
|  92|0x0000000085c00000, 0x0000000085d00000, 0x0000000085d00000|100%| O|  |TAMS 0x0000000085d00000, 0x0000000085c00000| Updating 
|  93|0x0000000085d00000, 0x0000000085e00000, 0x0000000085e00000|100%| O|  |TAMS 0x0000000085e00000, 0x0000000085d00000| Updating 
|  94|0x0000000085e00000, 0x0000000085f00000, 0x0000000085f00000|100%| O|  |TAMS 0x0000000085f00000, 0x0000000085e00000| Updating 
|  95|0x0000000085f00000, 0x0000000086000000, 0x0000000086000000|100%| O|  |TAMS 0x0000000086000000, 0x0000000085f00000| Updating 
|  96|0x0000000086000000, 0x0000000086100000, 0x0000000086100000|100%| O|  |TAMS 0x0000000086100000, 0x0000000086000000| Updating 
|  97|0x0000000086100000, 0x0000000086200000, 0x0000000086200000|100%| O|  |TAMS 0x0000000086200000, 0x0000000086100000| Updating 
|  98|0x0000000086200000, 0x0000000086300000, 0x0000000086300000|100%| O|  |TAMS 0x0000000086300000, 0x0000000086200000| Updating 
|  99|0x0000000086300000, 0x0000000086400000, 0x0000000086400000|100%| O|  |TAMS 0x0000000086400000, 0x0000000086300000| Updating 
| 100|0x0000000086400000, 0x0000000086500000, 0x0000000086500000|100%| O|  |TAMS 0x0000000086500000, 0x0000000086400000| Updating 
| 101|0x0000000086500000, 0x0000000086600000, 0x0000000086600000|100%| O|  |TAMS 0x0000000086600000, 0x0000000086500000| Updating 
| 102|0x0000000086600000, 0x0000000086700000, 0x0000000086700000|100%| O|  |TAMS 0x0000000086700000, 0x0000000086600000| Updating 
| 103|0x0000000086700000, 0x0000000086800000, 0x0000000086800000|100%| O|  |TAMS 0x0000000086800000, 0x0000000086700000| Updating 
| 104|0x0000000086800000, 0x0000000086900000, 0x0000000086900000|100%| O|  |TAMS 0x0000000086900000, 0x0000000086800000| Updating 
| 105|0x0000000086900000, 0x0000000086a00000, 0x0000000086a00000|100%| O|  |TAMS 0x0000000086a00000, 0x0000000086900000| Updating 
| 106|0x0000000086a00000, 0x0000000086b00000, 0x0000000086b00000|100%| O|  |TAMS 0x0000000086b00000, 0x0000000086a00000| Updating 
| 107|0x0000000086b00000, 0x0000000086c00000, 0x0000000086c00000|100%| O|  |TAMS 0x0000000086c00000, 0x0000000086b00000| Updating 
| 108|0x0000000086c00000, 0x0000000086c00000, 0x0000000086d00000|  0%| F|  |TAMS 0x0000000086c00000, 0x0000000086c00000| Untracked 
| 109|0x0000000086d00000, 0x0000000086e00000, 0x0000000086e00000|100%| O|  |TAMS 0x0000000086e00000, 0x0000000086d00000| Updating 
| 110|0x0000000086e00000, 0x0000000086f00000, 0x0000000086f00000|100%| O|  |TAMS 0x0000000086f00000, 0x0000000086e00000| Updating 
| 111|0x0000000086f00000, 0x0000000087000000, 0x0000000087000000|100%| O|  |TAMS 0x0000000087000000, 0x0000000086f00000| Updating 
| 112|0x0000000087000000, 0x0000000087100000, 0x0000000087100000|100%| O|  |TAMS 0x0000000087100000, 0x0000000087000000| Updating 
| 113|0x0000000087100000, 0x0000000087200000, 0x0000000087200000|100%| O|  |TAMS 0x0000000087200000, 0x0000000087100000| Updating 
| 114|0x0000000087200000, 0x0000000087300000, 0x0000000087300000|100%| O|  |TAMS 0x0000000087300000, 0x0000000087200000| Updating 
| 115|0x0000000087300000, 0x0000000087400000, 0x0000000087400000|100%| O|  |TAMS 0x0000000087400000, 0x0000000087300000| Updating 
| 116|0x0000000087400000, 0x0000000087500000, 0x0000000087500000|100%| O|  |TAMS 0x0000000087500000, 0x0000000087400000| Updating 
| 117|0x0000000087500000, 0x0000000087600000, 0x0000000087600000|100%| O|  |TAMS 0x0000000087600000, 0x0000000087500000| Updating 
| 118|0x0000000087600000, 0x0000000087700000, 0x0000000087700000|100%| O|  |TAMS 0x0000000087700000, 0x0000000087600000| Updating 
| 119|0x0000000087700000, 0x0000000087800000, 0x0000000087800000|100%| O|  |TAMS 0x0000000087800000, 0x0000000087700000| Updating 
| 120|0x0000000087800000, 0x0000000087900000, 0x0000000087900000|100%| O|  |TAMS 0x0000000087900000, 0x0000000087800000| Updating 
| 121|0x0000000087900000, 0x0000000087a00000, 0x0000000087a00000|100%| O|  |TAMS 0x0000000087a00000, 0x0000000087900000| Updating 
| 122|0x0000000087a00000, 0x0000000087b00000, 0x0000000087b00000|100%| O|  |TAMS 0x0000000087b00000, 0x0000000087a00000| Updating 
| 123|0x0000000087b00000, 0x0000000087c00000, 0x0000000087c00000|100%| O|  |TAMS 0x0000000087c00000, 0x0000000087b00000| Updating 
| 124|0x0000000087c00000, 0x0000000087c00000, 0x0000000087d00000|  0%| F|  |TAMS 0x0000000087c00000, 0x0000000087c00000| Untracked 
| 125|0x0000000087d00000, 0x0000000087e00000, 0x0000000087e00000|100%| O|  |TAMS 0x0000000087e00000, 0x0000000087d00000| Updating 
| 126|0x0000000087e00000, 0x0000000087f00000, 0x0000000087f00000|100%| O|  |TAMS 0x0000000087f00000, 0x0000000087e00000| Updating 
| 127|0x0000000087f00000, 0x0000000088000000, 0x0000000088000000|100%| O|  |TAMS 0x0000000088000000, 0x0000000087f00000| Updating 
| 128|0x0000000088000000, 0x0000000088100000, 0x0000000088100000|100%| O|  |TAMS 0x0000000088100000, 0x0000000088000000| Updating 
| 129|0x0000000088100000, 0x0000000088200000, 0x0000000088200000|100%| O|  |TAMS 0x0000000088200000, 0x0000000088100000| Updating 
| 130|0x0000000088200000, 0x0000000088300000, 0x0000000088300000|100%| O|  |TAMS 0x0000000088300000, 0x0000000088200000| Updating 
| 131|0x0000000088300000, 0x0000000088400000, 0x0000000088400000|100%| O|  |TAMS 0x0000000088400000, 0x0000000088300000| Updating 
| 132|0x0000000088400000, 0x0000000088500000, 0x0000000088500000|100%| O|  |TAMS 0x0000000088500000, 0x0000000088400000| Updating 
| 133|0x0000000088500000, 0x0000000088600000, 0x0000000088600000|100%| O|  |TAMS 0x0000000088600000, 0x0000000088500000| Updating 
| 134|0x0000000088600000, 0x0000000088700000, 0x0000000088700000|100%| O|  |TAMS 0x0000000088700000, 0x0000000088600000| Updating 
| 135|0x0000000088700000, 0x0000000088800000, 0x0000000088800000|100%| O|  |TAMS 0x0000000088800000, 0x0000000088700000| Updating 
| 136|0x0000000088800000, 0x0000000088900000, 0x0000000088900000|100%| O|  |TAMS 0x0000000088900000, 0x0000000088800000| Updating 
| 137|0x0000000088900000, 0x0000000088a00000, 0x0000000088a00000|100%| O|  |TAMS 0x0000000088a00000, 0x0000000088900000| Updating 
| 138|0x0000000088a00000, 0x0000000088b00000, 0x0000000088b00000|100%| O|  |TAMS 0x0000000088b00000, 0x0000000088a00000| Updating 
| 139|0x0000000088b00000, 0x0000000088c00000, 0x0000000088c00000|100%| O|  |TAMS 0x0000000088c00000, 0x0000000088b00000| Updating 
| 140|0x0000000088c00000, 0x0000000088d00000, 0x0000000088d00000|100%| O|  |TAMS 0x0000000088d00000, 0x0000000088c00000| Updating 
| 141|0x0000000088d00000, 0x0000000088e00000, 0x0000000088e00000|100%| O|  |TAMS 0x0000000088e00000, 0x0000000088d00000| Updating 
| 142|0x0000000088e00000, 0x0000000088f00000, 0x0000000088f00000|100%| O|  |TAMS 0x0000000088f00000, 0x0000000088e00000| Updating 
| 143|0x0000000088f00000, 0x0000000089000000, 0x0000000089000000|100%| O|  |TAMS 0x0000000089000000, 0x0000000088f00000| Updating 
| 144|0x0000000089000000, 0x0000000089100000, 0x0000000089100000|100%| O|  |TAMS 0x0000000089100000, 0x0000000089000000| Updating 
| 145|0x0000000089100000, 0x0000000089200000, 0x0000000089200000|100%| O|  |TAMS 0x0000000089200000, 0x0000000089100000| Updating 
| 146|0x0000000089200000, 0x0000000089300000, 0x0000000089300000|100%| O|  |TAMS 0x0000000089300000, 0x0000000089200000| Updating 
| 147|0x0000000089300000, 0x0000000089400000, 0x0000000089400000|100%| O|  |TAMS 0x0000000089400000, 0x0000000089300000| Updating 
| 148|0x0000000089400000, 0x0000000089500000, 0x0000000089500000|100%| O|  |TAMS 0x0000000089500000, 0x0000000089400000| Updating 
| 149|0x0000000089500000, 0x0000000089600000, 0x0000000089600000|100%| O|  |TAMS 0x0000000089600000, 0x0000000089500000| Updating 
| 150|0x0000000089600000, 0x0000000089700000, 0x0000000089700000|100%| O|  |TAMS 0x0000000089700000, 0x0000000089600000| Updating 
| 151|0x0000000089700000, 0x0000000089800000, 0x0000000089800000|100%| O|  |TAMS 0x0000000089800000, 0x0000000089700000| Updating 
| 152|0x0000000089800000, 0x0000000089900000, 0x0000000089900000|100%| O|  |TAMS 0x0000000089900000, 0x0000000089800000| Updating 
| 153|0x0000000089900000, 0x00000000899a0800, 0x0000000089a00000| 62%| O|  |TAMS 0x00000000899a0800, 0x0000000089900000| Updating 
| 154|0x0000000089a00000, 0x0000000089a00000, 0x0000000089b00000|  0%| F|  |TAMS 0x0000000089a00000, 0x0000000089a00000| Untracked 
| 155|0x0000000089b00000, 0x0000000089b00000, 0x0000000089c00000|  0%| F|  |TAMS 0x0000000089b00000, 0x0000000089b00000| Untracked 
| 156|0x0000000089c00000, 0x0000000089c00000, 0x0000000089d00000|  0%| F|  |TAMS 0x0000000089c00000, 0x0000000089c00000| Untracked 
| 157|0x0000000089d00000, 0x0000000089d00000, 0x0000000089e00000|  0%| F|  |TAMS 0x0000000089d00000, 0x0000000089d00000| Untracked 
| 158|0x0000000089e00000, 0x0000000089e00000, 0x0000000089f00000|  0%| F|  |TAMS 0x0000000089e00000, 0x0000000089e00000| Untracked 
| 159|0x0000000089f00000, 0x0000000089f00000, 0x000000008a000000|  0%| F|  |TAMS 0x0000000089f00000, 0x0000000089f00000| Untracked 
| 160|0x000000008a000000, 0x000000008a000000, 0x000000008a100000|  0%| F|  |TAMS 0x000000008a000000, 0x000000008a000000| Untracked 
| 161|0x000000008a100000, 0x000000008a100000, 0x000000008a200000|  0%| F|  |TAMS 0x000000008a100000, 0x000000008a100000| Untracked 
| 162|0x000000008a200000, 0x000000008a200000, 0x000000008a300000|  0%| F|  |TAMS 0x000000008a200000, 0x000000008a200000| Untracked 
| 163|0x000000008a300000, 0x000000008a300000, 0x000000008a400000|  0%| F|  |TAMS 0x000000008a300000, 0x000000008a300000| Untracked 
| 164|0x000000008a400000, 0x000000008a400000, 0x000000008a500000|  0%| F|  |TAMS 0x000000008a400000, 0x000000008a400000| Untracked 
| 165|0x000000008a500000, 0x000000008a500000, 0x000000008a600000|  0%| F|  |TAMS 0x000000008a500000, 0x000000008a500000| Untracked 
| 166|0x000000008a600000, 0x000000008a600000, 0x000000008a700000|  0%| F|  |TAMS 0x000000008a600000, 0x000000008a600000| Untracked 
| 167|0x000000008a700000, 0x000000008a700000, 0x000000008a800000|  0%| F|  |TAMS 0x000000008a700000, 0x000000008a700000| Untracked 
| 168|0x000000008a800000, 0x000000008a800000, 0x000000008a900000|  0%| F|  |TAMS 0x000000008a800000, 0x000000008a800000| Untracked 
| 169|0x000000008a900000, 0x000000008a900000, 0x000000008aa00000|  0%| F|  |TAMS 0x000000008a900000, 0x000000008a900000| Untracked 
| 170|0x000000008aa00000, 0x000000008aa00000, 0x000000008ab00000|  0%| F|  |TAMS 0x000000008aa00000, 0x000000008aa00000| Untracked 
| 171|0x000000008ab00000, 0x000000008ab00000, 0x000000008ac00000|  0%| F|  |TAMS 0x000000008ab00000, 0x000000008ab00000| Untracked 
| 172|0x000000008ac00000, 0x000000008ac00000, 0x000000008ad00000|  0%| F|  |TAMS 0x000000008ac00000, 0x000000008ac00000| Untracked 
| 173|0x000000008ad00000, 0x000000008ad00000, 0x000000008ae00000|  0%| F|  |TAMS 0x000000008ad00000, 0x000000008ad00000| Untracked 
| 174|0x000000008ae00000, 0x000000008ae00000, 0x000000008af00000|  0%| F|  |TAMS 0x000000008ae00000, 0x000000008ae00000| Untracked 
| 175|0x000000008af00000, 0x000000008af00000, 0x000000008b000000|  0%| F|  |TAMS 0x000000008af00000, 0x000000008af00000| Untracked 
| 176|0x000000008b000000, 0x000000008b000000, 0x000000008b100000|  0%| F|  |TAMS 0x000000008b000000, 0x000000008b000000| Untracked 
| 177|0x000000008b100000, 0x000000008b100000, 0x000000008b200000|  0%| F|  |TAMS 0x000000008b100000, 0x000000008b100000| Untracked 
| 178|0x000000008b200000, 0x000000008b200000, 0x000000008b300000|  0%| F|  |TAMS 0x000000008b200000, 0x000000008b200000| Untracked 
| 179|0x000000008b300000, 0x000000008b300000, 0x000000008b400000|  0%| F|  |TAMS 0x000000008b300000, 0x000000008b300000| Untracked 
| 180|0x000000008b400000, 0x000000008b400000, 0x000000008b500000|  0%| F|  |TAMS 0x000000008b400000, 0x000000008b400000| Untracked 
| 181|0x000000008b500000, 0x000000008b500000, 0x000000008b600000|  0%| F|  |TAMS 0x000000008b500000, 0x000000008b500000| Untracked 
| 182|0x000000008b600000, 0x000000008b600000, 0x000000008b700000|  0%| F|  |TAMS 0x000000008b600000, 0x000000008b600000| Untracked 
| 183|0x000000008b700000, 0x000000008b700000, 0x000000008b800000|  0%| F|  |TAMS 0x000000008b700000, 0x000000008b700000| Untracked 
| 184|0x000000008b800000, 0x000000008b800000, 0x000000008b900000|  0%| F|  |TAMS 0x000000008b800000, 0x000000008b800000| Untracked 
| 185|0x000000008b900000, 0x000000008b900000, 0x000000008ba00000|  0%| F|  |TAMS 0x000000008b900000, 0x000000008b900000| Untracked 
| 186|0x000000008ba00000, 0x000000008ba112c0, 0x000000008bb00000|  6%| S|CS|TAMS 0x000000008ba00000, 0x000000008ba00000| Complete 
| 187|0x000000008bb00000, 0x000000008bc00000, 0x000000008bc00000|100%| S|CS|TAMS 0x000000008bb00000, 0x000000008bb00000| Complete 
| 188|0x000000008bc00000, 0x000000008bd00000, 0x000000008bd00000|100%| S|CS|TAMS 0x000000008bc00000, 0x000000008bc00000| Complete 
| 189|0x000000008bd00000, 0x000000008be00000, 0x000000008be00000|100%| S|CS|TAMS 0x000000008bd00000, 0x000000008bd00000| Complete 
| 190|0x000000008be00000, 0x000000008bf00000, 0x000000008bf00000|100%| S|CS|TAMS 0x000000008be00000, 0x000000008be00000| Complete 
| 191|0x000000008bf00000, 0x000000008bf00000, 0x000000008c000000|  0%| F|  |TAMS 0x000000008bf00000, 0x000000008bf00000| Untracked 
| 192|0x000000008c000000, 0x000000008c000000, 0x000000008c100000|  0%| F|  |TAMS 0x000000008c000000, 0x000000008c000000| Untracked 
| 193|0x000000008c100000, 0x000000008c100000, 0x000000008c200000|  0%| F|  |TAMS 0x000000008c100000, 0x000000008c100000| Untracked 
| 194|0x000000008c200000, 0x000000008c200000, 0x000000008c300000|  0%| F|  |TAMS 0x000000008c200000, 0x000000008c200000| Untracked 
| 195|0x000000008c300000, 0x000000008c300000, 0x000000008c400000|  0%| F|  |TAMS 0x000000008c300000, 0x000000008c300000| Untracked 
| 196|0x000000008c400000, 0x000000008c400000, 0x000000008c500000|  0%| F|  |TAMS 0x000000008c400000, 0x000000008c400000| Untracked 
| 197|0x000000008c500000, 0x000000008c500000, 0x000000008c600000|  0%| F|  |TAMS 0x000000008c500000, 0x000000008c500000| Untracked 
| 198|0x000000008c600000, 0x000000008c600000, 0x000000008c700000|  0%| F|  |TAMS 0x000000008c600000, 0x000000008c600000| Untracked 
| 199|0x000000008c700000, 0x000000008c700000, 0x000000008c800000|  0%| F|  |TAMS 0x000000008c700000, 0x000000008c700000| Untracked 
| 200|0x000000008c800000, 0x000000008c800000, 0x000000008c900000|  0%| F|  |TAMS 0x000000008c800000, 0x000000008c800000| Untracked 
| 201|0x000000008c900000, 0x000000008c900000, 0x000000008ca00000|  0%| F|  |TAMS 0x000000008c900000, 0x000000008c900000| Untracked 
| 202|0x000000008ca00000, 0x000000008ca00000, 0x000000008cb00000|  0%| F|  |TAMS 0x000000008ca00000, 0x000000008ca00000| Untracked 
| 203|0x000000008cb00000, 0x000000008cb00000, 0x000000008cc00000|  0%| F|  |TAMS 0x000000008cb00000, 0x000000008cb00000| Untracked 
| 204|0x000000008cc00000, 0x000000008cd00000, 0x000000008cd00000|100%| E|  |TAMS 0x000000008cc00000, 0x000000008cc00000| Complete 
| 205|0x000000008cd00000, 0x000000008ce00000, 0x000000008ce00000|100%| E|CS|TAMS 0x000000008cd00000, 0x000000008cd00000| Complete 
| 206|0x000000008ce00000, 0x000000008cf00000, 0x000000008cf00000|100%| E|CS|TAMS 0x000000008ce00000, 0x000000008ce00000| Complete 
| 207|0x000000008cf00000, 0x000000008d000000, 0x000000008d000000|100%| E|CS|TAMS 0x000000008cf00000, 0x000000008cf00000| Complete 
| 208|0x000000008d000000, 0x000000008d100000, 0x000000008d100000|100%| E|CS|TAMS 0x000000008d000000, 0x000000008d000000| Complete 
| 209|0x000000008d100000, 0x000000008d200000, 0x000000008d200000|100%| E|CS|TAMS 0x000000008d100000, 0x000000008d100000| Complete 
| 210|0x000000008d200000, 0x000000008d300000, 0x000000008d300000|100%| E|CS|TAMS 0x000000008d200000, 0x000000008d200000| Complete 
| 211|0x000000008d300000, 0x000000008d400000, 0x000000008d400000|100%| E|CS|TAMS 0x000000008d300000, 0x000000008d300000| Complete 
| 212|0x000000008d400000, 0x000000008d500000, 0x000000008d500000|100%| E|CS|TAMS 0x000000008d400000, 0x000000008d400000| Complete 
| 213|0x000000008d500000, 0x000000008d600000, 0x000000008d600000|100%| E|CS|TAMS 0x000000008d500000, 0x000000008d500000| Complete 
| 214|0x000000008d600000, 0x000000008d700000, 0x000000008d700000|100%| E|CS|TAMS 0x000000008d600000, 0x000000008d600000| Complete 
| 215|0x000000008d700000, 0x000000008d800000, 0x000000008d800000|100%| E|CS|TAMS 0x000000008d700000, 0x000000008d700000| Complete 
| 216|0x000000008d800000, 0x000000008d900000, 0x000000008d900000|100%| E|CS|TAMS 0x000000008d800000, 0x000000008d800000| Complete 
| 217|0x000000008d900000, 0x000000008da00000, 0x000000008da00000|100%| E|CS|TAMS 0x000000008d900000, 0x000000008d900000| Complete 
| 218|0x000000008da00000, 0x000000008db00000, 0x000000008db00000|100%| E|CS|TAMS 0x000000008da00000, 0x000000008da00000| Complete 
| 219|0x000000008db00000, 0x000000008dc00000, 0x000000008dc00000|100%| E|CS|TAMS 0x000000008db00000, 0x000000008db00000| Complete 
| 220|0x000000008dc00000, 0x000000008dd00000, 0x000000008dd00000|100%| E|CS|TAMS 0x000000008dc00000, 0x000000008dc00000| Complete 
| 221|0x000000008dd00000, 0x000000008de00000, 0x000000008de00000|100%| E|CS|TAMS 0x000000008dd00000, 0x000000008dd00000| Complete 
| 222|0x000000008de00000, 0x000000008df00000, 0x000000008df00000|100%| E|CS|TAMS 0x000000008de00000, 0x000000008de00000| Complete 
| 223|0x000000008df00000, 0x000000008e000000, 0x000000008e000000|100%| E|CS|TAMS 0x000000008df00000, 0x000000008df00000| Complete 
| 224|0x000000008e000000, 0x000000008e100000, 0x000000008e100000|100%| E|CS|TAMS 0x000000008e000000, 0x000000008e000000| Complete 
| 225|0x000000008e100000, 0x000000008e200000, 0x000000008e200000|100%| E|CS|TAMS 0x000000008e100000, 0x000000008e100000| Complete 
| 226|0x000000008e200000, 0x000000008e300000, 0x000000008e300000|100%| E|CS|TAMS 0x000000008e200000, 0x000000008e200000| Complete 
| 227|0x000000008e300000, 0x000000008e400000, 0x000000008e400000|100%| E|CS|TAMS 0x000000008e300000, 0x000000008e300000| Complete 
| 228|0x000000008e400000, 0x000000008e500000, 0x000000008e500000|100%| E|CS|TAMS 0x000000008e400000, 0x000000008e400000| Complete 
| 229|0x000000008e500000, 0x000000008e600000, 0x000000008e600000|100%| E|CS|TAMS 0x000000008e500000, 0x000000008e500000| Complete 
| 230|0x000000008e600000, 0x000000008e700000, 0x000000008e700000|100%| E|CS|TAMS 0x000000008e600000, 0x000000008e600000| Complete 
| 231|0x000000008e700000, 0x000000008e800000, 0x000000008e800000|100%| E|CS|TAMS 0x000000008e700000, 0x000000008e700000| Complete 
| 232|0x000000008e800000, 0x000000008e900000, 0x000000008e900000|100%| E|CS|TAMS 0x000000008e800000, 0x000000008e800000| Complete 
| 233|0x000000008e900000, 0x000000008ea00000, 0x000000008ea00000|100%| E|CS|TAMS 0x000000008e900000, 0x000000008e900000| Complete 
| 234|0x000000008ea00000, 0x000000008eb00000, 0x000000008eb00000|100%| E|CS|TAMS 0x000000008ea00000, 0x000000008ea00000| Complete 
| 235|0x000000008eb00000, 0x000000008ec00000, 0x000000008ec00000|100%| E|CS|TAMS 0x000000008eb00000, 0x000000008eb00000| Complete 
| 236|0x000000008ec00000, 0x000000008ed00000, 0x000000008ed00000|100%| E|CS|TAMS 0x000000008ec00000, 0x000000008ec00000| Complete 
| 237|0x000000008ed00000, 0x000000008ee00000, 0x000000008ee00000|100%| E|CS|TAMS 0x000000008ed00000, 0x000000008ed00000| Complete 
| 238|0x000000008ee00000, 0x000000008ef00000, 0x000000008ef00000|100%| E|CS|TAMS 0x000000008ee00000, 0x000000008ee00000| Complete 
| 239|0x000000008ef00000, 0x000000008f000000, 0x000000008f000000|100%| E|CS|TAMS 0x000000008ef00000, 0x000000008ef00000| Complete 
| 240|0x000000008f000000, 0x000000008f100000, 0x000000008f100000|100%| E|CS|TAMS 0x000000008f000000, 0x000000008f000000| Complete 
| 241|0x000000008f100000, 0x000000008f200000, 0x000000008f200000|100%| E|CS|TAMS 0x000000008f100000, 0x000000008f100000| Complete 
| 242|0x000000008f200000, 0x000000008f300000, 0x000000008f300000|100%| E|CS|TAMS 0x000000008f200000, 0x000000008f200000| Complete 
| 243|0x000000008f300000, 0x000000008f400000, 0x000000008f400000|100%| E|CS|TAMS 0x000000008f300000, 0x000000008f300000| Complete 
| 244|0x000000008f400000, 0x000000008f500000, 0x000000008f500000|100%| E|CS|TAMS 0x000000008f400000, 0x000000008f400000| Complete 
| 245|0x000000008f500000, 0x000000008f600000, 0x000000008f600000|100%| E|CS|TAMS 0x000000008f500000, 0x000000008f500000| Complete 
| 246|0x000000008f600000, 0x000000008f700000, 0x000000008f700000|100%| E|CS|TAMS 0x000000008f600000, 0x000000008f600000| Complete 
| 247|0x000000008f700000, 0x000000008f800000, 0x000000008f800000|100%| E|CS|TAMS 0x000000008f700000, 0x000000008f700000| Complete 
| 248|0x000000008f800000, 0x000000008f900000, 0x000000008f900000|100%| E|CS|TAMS 0x000000008f800000, 0x000000008f800000| Complete 
| 249|0x000000008f900000, 0x000000008fa00000, 0x000000008fa00000|100%| E|CS|TAMS 0x000000008f900000, 0x000000008f900000| Complete 
| 250|0x000000008fa00000, 0x000000008fb00000, 0x000000008fb00000|100%| E|CS|TAMS 0x000000008fa00000, 0x000000008fa00000| Complete 
| 251|0x000000008fb00000, 0x000000008fc00000, 0x000000008fc00000|100%| E|CS|TAMS 0x000000008fb00000, 0x000000008fb00000| Complete 
| 252|0x000000008fc00000, 0x000000008fd00000, 0x000000008fd00000|100%| E|CS|TAMS 0x000000008fc00000, 0x000000008fc00000| Complete 
| 253|0x000000008fd00000, 0x000000008fe00000, 0x000000008fe00000|100%| E|CS|TAMS 0x000000008fd00000, 0x000000008fd00000| Complete 
| 254|0x000000008fe00000, 0x000000008ff00000, 0x000000008ff00000|100%| E|CS|TAMS 0x000000008fe00000, 0x000000008fe00000| Complete 
| 255|0x000000008ff00000, 0x0000000090000000, 0x0000000090000000|100%| E|CS|TAMS 0x000000008ff00000, 0x000000008ff00000| Complete 

Card table byte_map: [0x000001fd68fa0000,0x000001fd693a0000] _byte_map_base: 0x000001fd68ba0000

Marking Bits (Prev, Next): (CMBitMap*) 0x000001fd55dbed10, (CMBitMap*) 0x000001fd55dbecd8
 Prev Bits: [0x000001fd6b7a0000, 0x000001fd6d7a0000)
 Next Bits: [0x000001fd697a0000, 0x000001fd6b7a0000)

Polling page: 0x000001fd53cd0000

Metaspace:

Usage:
  Non-class:     97.74 MB capacity,    95.88 MB ( 98%) used,     1.48 MB (  2%) free+waste,   381.00 KB ( <1%) overhead. 
      Class:     15.45 MB capacity,    14.25 MB ( 92%) used,     1.03 MB (  7%) free+waste,   172.31 KB (  1%) overhead. 
       Both:    113.19 MB capacity,   110.13 MB ( 97%) used,     2.52 MB (  2%) free+waste,   553.31 KB ( <1%) overhead. 

Virtual space:
  Non-class space:      100.00 MB reserved,      98.50 MB ( 99%) committed 
      Class space:        1.00 GB reserved,      15.91 MB (  2%) committed 
             Both:        1.10 GB reserved,     114.41 MB ( 10%) committed 

Chunk freelists:
   Non-Class:  586.00 KB
       Class:  402.00 KB
        Both:  988.00 KB

MaxMetaspaceSize: 17179869184.00 GB
CompressedClassSpaceSize: 1.00 GB

CodeHeap 'non-profiled nmethods': size=120000Kb used=10555Kb max_used=10555Kb free=109445Kb
 bounds [0x000001fd61340000, 0x000001fd61d90000, 0x000001fd68870000]
CodeHeap 'profiled nmethods': size=120000Kb used=40525Kb max_used=40525Kb free=79474Kb
 bounds [0x000001fd59e10000, 0x000001fd5c5b0000, 0x000001fd61340000]
CodeHeap 'non-nmethods': size=5760Kb used=2360Kb max_used=2386Kb free=3400Kb
 bounds [0x000001fd59870000, 0x000001fd59ae0000, 0x000001fd59e10000]
 total_blobs=17799 nmethods=16849 adapters=858
 compilation: enabled
              stopped_count=0, restarted_count=0
 full_count=0

Compilation events (20 events):
Event: 507.345 Thread 0x000001fd70ad4800 nmethod 17212 0x000001fd5c572d10 code [0x000001fd5c573200, 0x000001fd5c574ca8]
Event: 507.345 Thread 0x000001fd70ad4800 17201       2       com.android.tools.r8.graph.H::a (198 bytes)
Event: 507.346 Thread 0x000001fd70ad4800 nmethod 17201 0x000001fd5c575e10 code [0x000001fd5c576020, 0x000001fd5c5765a8]
Event: 507.346 Thread 0x000001fd70ad4800 17217       2       com.android.tools.r8.internal.NG::f (73 bytes)
Event: 507.346 Thread 0x000001fd70ad4800 nmethod 17217 0x000001fd5c576990 code [0x000001fd5c576b40, 0x000001fd5c576cf8]
Event: 507.346 Thread 0x000001fd70ad4800 17063   !   2       java.util.AbstractSet::equals (45 bytes)
Event: 507.347 Thread 0x000001fd70ad4800 nmethod 17063 0x000001fd5c576e10 code [0x000001fd5c577000, 0x000001fd5c5772a8]
Event: 507.347 Thread 0x000001fd70ad4800 17203       2       com.android.tools.r8.internal.ja::b (16 bytes)
Event: 507.347 Thread 0x000001fd70ad4800 nmethod 17203 0x000001fd5c577410 code [0x000001fd5c5775e0, 0x000001fd5c577798]
Event: 507.347 Thread 0x000001fd70ad4800 17190       2       com.android.tools.r8.internal.t1::a (326 bytes)
Event: 507.348 Thread 0x000001fd70ad4800 nmethod 17190 0x000001fd5c577890 code [0x000001fd5c577be0, 0x000001fd5c578a78]
Event: 507.348 Thread 0x000001fd70ad4800 17163       2       com.android.tools.r8.internal.CB::h2 (38 bytes)
Event: 507.349 Thread 0x000001fd70ad4800 nmethod 17163 0x000001fd5c579410 code [0x000001fd5c5795c0, 0x000001fd5c579728]
Event: 507.349 Thread 0x000001fd70ad4800 17170       2       com.android.tools.r8.internal.CB::b (92 bytes)
Event: 507.349 Thread 0x000001fd70ad4800 nmethod 17170 0x000001fd5c579810 code [0x000001fd5c579a80, 0x000001fd5c57a038]
Event: 507.349 Thread 0x000001fd70ad4800 17044       2       com.android.tools.r8.internal.ja::a (42 bytes)
Event: 507.350 Thread 0x000001fd70ad4800 nmethod 17044 0x000001fd5c57a390 code [0x000001fd5c57a5a0, 0x000001fd5c57a968]
Event: 507.350 Thread 0x000001fd70ad4800 17209       2       com.android.tools.r8.ir.conversion.j::a (21 bytes)
Event: 507.350 Thread 0x000001fd70ad4800 nmethod 17209 0x000001fd5c57ac90 code [0x000001fd5c57ae60, 0x000001fd5c57b0a8]
Event: 507.350 Thread 0x000001fd70ad4800 17210       2       com.android.tools.r8.internal.p8$a::<init> (7 bytes)

GC Heap History (20 events):
Event: 505.461 GC heap before
{Heap before GC invocations=22 (full 0):
 garbage-first heap   total 262144K, used 199965K [0x0000000080000000, 0x0000000100000000)
  region size 1024K, 95 young (97280K), 14 survivors (14336K)
 Metaspace       used 110807K, capacity 113801K, committed 115232K, reserved 1148928K
  class space    used 14466K, capacity 15625K, committed 16160K, reserved 1048576K
}
Event: 505.475 GC heap after
{Heap after GC invocations=23 (full 0):
 garbage-first heap   total 262144K, used 129024K [0x0000000080000000, 0x0000000100000000)
  region size 1024K, 12 young (12288K), 12 survivors (12288K)
 Metaspace       used 110807K, capacity 113801K, committed 115232K, reserved 1148928K
  class space    used 14466K, capacity 15625K, committed 16160K, reserved 1048576K
}
Event: 505.821 GC heap before
{Heap before GC invocations=23 (full 0):
 garbage-first heap   total 262144K, used 202752K [0x0000000080000000, 0x0000000100000000)
  region size 1024K, 85 young (87040K), 12 survivors (12288K)
 Metaspace       used 111268K, capacity 114295K, committed 115872K, reserved 1148928K
  class space    used 14514K, capacity 15681K, committed 16288K, reserved 1048576K
}
Event: 505.836 GC heap after
{Heap after GC invocations=24 (full 0):
 garbage-first heap   total 262144K, used 137819K [0x0000000080000000, 0x0000000100000000)
  region size 1024K, 10 young (10240K), 10 survivors (10240K)
 Metaspace       used 111268K, capacity 114295K, committed 115872K, reserved 1148928K
  class space    used 14514K, capacity 15681K, committed 16288K, reserved 1048576K
}
Event: 506.112 GC heap before
{Heap before GC invocations=24 (full 0):
 garbage-first heap   total 262144K, used 207451K [0x0000000080000000, 0x0000000100000000)
  region size 1024K, 78 young (79872K), 10 survivors (10240K)
 Metaspace       used 111820K, capacity 114867K, committed 116384K, reserved 1148928K
  class space    used 14525K, capacity 15690K, committed 16288K, reserved 1048576K
}
Event: 506.144 GC heap after
{Heap after GC invocations=25 (full 0):
 garbage-first heap   total 262144K, used 144819K [0x0000000080000000, 0x0000000100000000)
  region size 1024K, 8 young (8192K), 8 survivors (8192K)
 Metaspace       used 111820K, capacity 114867K, committed 116384K, reserved 1148928K
  class space    used 14525K, capacity 15690K, committed 16288K, reserved 1048576K
}
Event: 506.281 GC heap before
{Heap before GC invocations=25 (full 0):
 garbage-first heap   total 262144K, used 211379K [0x0000000080000000, 0x0000000100000000)
  region size 1024K, 73 young (74752K), 8 survivors (8192K)
 Metaspace       used 112055K, capacity 115065K, committed 116640K, reserved 1148928K
  class space    used 14526K, capacity 15692K, committed 16288K, reserved 1048576K
}
Event: 506.291 GC heap after
{Heap after GC invocations=26 (full 0):
 garbage-first heap   total 262144K, used 151504K [0x0000000080000000, 0x0000000100000000)
  region size 1024K, 7 young (7168K), 7 survivors (7168K)
 Metaspace       used 112055K, capacity 115065K, committed 116640K, reserved 1148928K
  class space    used 14526K, capacity 15692K, committed 16288K, reserved 1048576K
}
Event: 506.493 GC heap before
{Heap before GC invocations=27 (full 0):
 garbage-first heap   total 262144K, used 213968K [0x0000000080000000, 0x0000000100000000)
  region size 1024K, 68 young (69632K), 7 survivors (7168K)
 Metaspace       used 112062K, capacity 115128K, committed 116640K, reserved 1148928K
  class space    used 14526K, capacity 15691K, committed 16288K, reserved 1048576K
}
Event: 506.500 GC heap after
{Heap after GC invocations=28 (full 0):
 garbage-first heap   total 262144K, used 153936K [0x0000000080000000, 0x0000000100000000)
  region size 1024K, 3 young (3072K), 3 survivors (3072K)
 Metaspace       used 112062K, capacity 115128K, committed 116640K, reserved 1148928K
  class space    used 14526K, capacity 15691K, committed 16288K, reserved 1048576K
}
Event: 506.638 GC heap before
{Heap before GC invocations=28 (full 0):
 garbage-first heap   total 262144K, used 216400K [0x0000000080000000, 0x0000000100000000)
  region size 1024K, 64 young (65536K), 3 survivors (3072K)
 Metaspace       used 112299K, capacity 115442K, committed 116640K, reserved 1148928K
  class space    used 14586K, capacity 15820K, committed 16288K, reserved 1048576K
}
Event: 506.646 GC heap after
{Heap after GC invocations=29 (full 0):
 garbage-first heap   total 262144K, used 154458K [0x0000000080000000, 0x0000000100000000)
  region size 1024K, 3 young (3072K), 3 survivors (3072K)
 Metaspace       used 112299K, capacity 115442K, committed 116640K, reserved 1148928K
  class space    used 14586K, capacity 15820K, committed 16288K, reserved 1048576K
}
Event: 506.915 GC heap before
{Heap before GC invocations=29 (full 0):
 garbage-first heap   total 262144K, used 218970K [0x0000000080000000, 0x0000000100000000)
  region size 1024K, 66 young (67584K), 3 survivors (3072K)
 Metaspace       used 112449K, capacity 115639K, committed 116896K, reserved 1150976K
  class space    used 14588K, capacity 15820K, committed 16288K, reserved 1048576K
}
Event: 506.919 GC heap after
{Heap after GC invocations=30 (full 0):
 garbage-first heap   total 262144K, used 154076K [0x0000000080000000, 0x0000000100000000)
  region size 1024K, 3 young (3072K), 3 survivors (3072K)
 Metaspace       used 112449K, capacity 115639K, committed 116896K, reserved 1150976K
  class space    used 14588K, capacity 15820K, committed 16288K, reserved 1048576K
}
Event: 507.057 GC heap before
{Heap before GC invocations=31 (full 0):
 garbage-first heap   total 262144K, used 219612K [0x0000000080000000, 0x0000000100000000)
  region size 1024K, 68 young (69632K), 3 survivors (3072K)
 Metaspace       used 112567K, capacity 115712K, committed 116896K, reserved 1150976K
  class space    used 14591K, capacity 15822K, committed 16288K, reserved 1048576K
}
Event: 507.061 GC heap after
{Heap after GC invocations=32 (full 0):
 garbage-first heap   total 262144K, used 157660K [0x0000000080000000, 0x0000000100000000)
  region size 1024K, 6 young (6144K), 6 survivors (6144K)
 Metaspace       used 112567K, capacity 115712K, committed 116896K, reserved 1150976K
  class space    used 14591K, capacity 15822K, committed 16288K, reserved 1048576K
}
Event: 507.069 GC heap before
{Heap before GC invocations=32 (full 0):
 garbage-first heap   total 262144K, used 163804K [0x0000000080000000, 0x0000000100000000)
  region size 1024K, 12 young (12288K), 6 survivors (6144K)
 Metaspace       used 112567K, capacity 115712K, committed 116896K, reserved 1150976K
  class space    used 14591K, capacity 15822K, committed 16288K, reserved 1048576K
}
Event: 507.080 GC heap after
{Heap after GC invocations=33 (full 0):
 garbage-first heap   total 262144K, used 155199K [0x0000000080000000, 0x0000000100000000)
  region size 1024K, 1 young (1024K), 1 survivors (1024K)
 Metaspace       used 112567K, capacity 115712K, committed 116896K, reserved 1150976K
  class space    used 14591K, capacity 15822K, committed 16288K, reserved 1048576K
}
Event: 507.178 GC heap before
{Heap before GC invocations=33 (full 0):
 garbage-first heap   total 262144K, used 219711K [0x0000000080000000, 0x0000000100000000)
  region size 1024K, 65 young (66560K), 1 survivors (1024K)
 Metaspace       used 112632K, capacity 115778K, committed 116896K, reserved 1150976K
  class space    used 14591K, capacity 15822K, committed 16288K, reserved 1048576K
}
Event: 507.197 GC heap after
{Heap after GC invocations=34 (full 0):
 garbage-first heap   total 262144K, used 158406K [0x0000000080000000, 0x0000000100000000)
  region size 1024K, 5 young (5120K), 5 survivors (5120K)
 Metaspace       used 112632K, capacity 115778K, committed 116896K, reserved 1150976K
  class space    used 14591K, capacity 15822K, committed 16288K, reserved 1048576K
}

Deoptimization events (20 events):
Event: 507.038 Thread 0x000001fd791da000 DEOPT PACKING pc=0x000001fd61d76438 sp=0x0000000742af9020
Event: 507.038 Thread 0x000001fd791da000 DEOPT UNPACKING pc=0x000001fd598978af sp=0x0000000742af8fd0 mode 2
Event: 507.099 Thread 0x000001fd7dd42800 DEOPT PACKING pc=0x000001fd5c2f89bb sp=0x00000007424f9900
Event: 507.099 Thread 0x000001fd7dd42800 DEOPT UNPACKING pc=0x000001fd598976ce sp=0x00000007424f8f90 mode 0
Event: 507.142 Thread 0x000001fd791d6000 DEOPT PACKING pc=0x000001fd5beeb0f0 sp=0x0000000742bf9880
Event: 507.142 Thread 0x000001fd791d6000 DEOPT UNPACKING pc=0x000001fd598976ce sp=0x0000000742bf9010 mode 0
Event: 507.158 Thread 0x000001fd7dd43000 DEOPT PACKING pc=0x000001fd5c3811d3 sp=0x00000007426f9970
Event: 507.158 Thread 0x000001fd7dd43000 DEOPT UNPACKING pc=0x000001fd598976ce sp=0x00000007426f8fc0 mode 0
Event: 507.224 Thread 0x000001fd791d9800 DEOPT PACKING pc=0x000001fd5c3b360a sp=0x00000007429fa230
Event: 507.224 Thread 0x000001fd791d9800 DEOPT UNPACKING pc=0x000001fd598976ce sp=0x00000007429f9750 mode 0
Event: 507.227 Thread 0x000001fd791d9800 DEOPT PACKING pc=0x000001fd5c2fd0f4 sp=0x00000007429fa160
Event: 507.227 Thread 0x000001fd791d9800 DEOPT UNPACKING pc=0x000001fd598976ce sp=0x00000007429f9758 mode 0
Event: 507.233 Thread 0x000001fd791d6000 Uncommon trap: trap_request=0xffffff4d fr.pc=0x000001fd61d6a0dc relative=0x0000000000000a9c
Event: 507.233 Thread 0x000001fd791d6000 Uncommon trap: reason=unstable_if action=reinterpret pc=0x000001fd61d6a0dc method=com.android.tools.r8.internal.UC.b(Lcom/android/tools/r8/internal/Fg;)V @ 150 c2
Event: 507.233 Thread 0x000001fd791d6000 DEOPT PACKING pc=0x000001fd61d6a0dc sp=0x0000000742bf9cd0
Event: 507.233 Thread 0x000001fd791d6000 DEOPT UNPACKING pc=0x000001fd598978af sp=0x0000000742bf9cc0 mode 2
Event: 507.275 Thread 0x000001fd7dd43000 DEOPT PACKING pc=0x000001fd5c3a50a3 sp=0x00000007426f9a80
Event: 507.275 Thread 0x000001fd7dd43000 DEOPT UNPACKING pc=0x000001fd598976ce sp=0x00000007426f9210 mode 0
Event: 507.305 Thread 0x000001fd7dd44000 DEOPT PACKING pc=0x000001fd5c3add64 sp=0x00000007428f9570
Event: 507.305 Thread 0x000001fd7dd44000 DEOPT UNPACKING pc=0x000001fd598976ce sp=0x00000007428f8b08 mode 0

Classes redefined (0 events):
No events

Internal exceptions (20 events):
Event: 505.053 Thread 0x000001fd7dd40800 Exception <a 'sun/nio/fs/WindowsException'{0x000000008b68e500}> (0x000000008b68e500) thrown at [./src/hotspot/share/prims/jni.cpp, line 615]
Event: 505.073 Thread 0x000001fd7dd43000 Exception <a 'sun/nio/fs/WindowsException'{0x000000008adb4e00}> (0x000000008adb4e00) thrown at [./src/hotspot/share/prims/jni.cpp, line 615]
Event: 505.098 Thread 0x000001fd7dd44000 Exception <a 'sun/nio/fs/WindowsException'{0x000000008a392248}> (0x000000008a392248) thrown at [./src/hotspot/share/prims/jni.cpp, line 615]
Event: 505.111 Thread 0x000001fd7dd41800 Exception <a 'sun/nio/fs/WindowsException'{0x0000000089dbe168}> (0x0000000089dbe168) thrown at [./src/hotspot/share/prims/jni.cpp, line 615]
Event: 505.334 Thread 0x000001fd791d9800 Exception <a 'sun/nio/fs/WindowsException'{0x000000008e9b8b38}> (0x000000008e9b8b38) thrown at [./src/hotspot/share/prims/jni.cpp, line 615]
Event: 505.372 Thread 0x000001fd7dd40800 Exception <a 'java/lang/NoSuchMethodError'{0x000000008dd2c218}: 'java.lang.Object java.lang.invoke.DirectMethodHandle$Holder.invokeInterface(java.lang.Object, java.lang.Object, int)'> (0x000000008dd2c218) thrown at [./src/hotspot/share/interpreter/linkResolver.cpp, line 773]
Event: 505.442 Thread 0x000001fd7dd42800 Exception <a 'sun/nio/fs/WindowsException'{0x000000008b7d0408}> (0x000000008b7d0408) thrown at [./src/hotspot/share/prims/jni.cpp, line 615]
Event: 505.478 Thread 0x000001fd791d9800 Exception <a 'sun/nio/fs/WindowsException'{0x000000008fec7000}> (0x000000008fec7000) thrown at [./src/hotspot/share/prims/jni.cpp, line 615]
Event: 505.539 Thread 0x000001fd791d9800 Exception <a 'java/lang/NoSuchMethodError'{0x000000008e4b1630}: 'java.lang.Object java.lang.invoke.DirectMethodHandle$Holder.invokeSpecial(java.lang.Object, java.lang.Object, java.lang.Object, java.lang.Object, java.lang.Object, java.lang.Object, java.lang.Object, java.lang.Object, java.lang.Object, java.lang.Object, java.lang.Object)'> (0x000000008e4b1630) thrown at [./src/hotspot/share/interpreter/linkResolver.cpp, line 773]
Event: 505.540 Thread 0x000001fd791d9800 Exception <a 'java/lang/NoSuchMethodError'{0x000000008e30ebc8}: 'java.lang.Object java.lang.invoke.Invokers$Holder.linkToTargetMethod(java.lang.Object, java.lang.Object, java.lang.Object, java.lang.Object, java.lang.Object, java.lang.Object, java.lang.Object, java.lang.Object, java.lang.Object, java.lang.Object)'> (0x000000008e30ebc8) thrown at [./src/hotspot/share/interpreter/linkResolver.cpp, line 773]
Event: 505.554 Thread 0x000001fd791d9800 Exception <a 'java/lang/IncompatibleClassChangeError'{0x000000008de97440}: Found class java.lang.Object, but interface was expected> (0x000000008de97440) thrown at [./src/hotspot/share/interpreter/linkResolver.cpp, line 839]
Event: 505.689 Thread 0x000001fd7dd44000 Exception <a 'sun/nio/fs/WindowsException'{0x000000008cf942d0}> (0x000000008cf942d0) thrown at [./src/hotspot/share/prims/jni.cpp, line 615]
Event: 506.034 Thread 0x000001fd791d6000 Exception <a 'sun/nio/fs/WindowsException'{0x000000008ea89028}> (0x000000008ea89028) thrown at [./src/hotspot/share/prims/jni.cpp, line 615]
Event: 506.264 Thread 0x000001fd791da000 Exception <a 'java/lang/NoSuchMethodError'{0x000000008ca28550}: 'int java.lang.invoke.DirectMethodHandle$Holder.invokeInterface(java.lang.Object, java.lang.Object, int)'> (0x000000008ca28550) thrown at [./src/hotspot/share/interpreter/linkResolver.cpp, line 773]
Event: 506.769 Thread 0x000001fd791d9800 Exception <a 'sun/nio/fs/WindowsException'{0x000000008e337018}> (0x000000008e337018) thrown at [./src/hotspot/share/prims/jni.cpp, line 615]
Event: 506.967 Thread 0x000001fd7dd44000 Exception <a 'sun/nio/fs/WindowsException'{0x000000008ed17860}> (0x000000008ed17860) thrown at [./src/hotspot/share/prims/jni.cpp, line 615]
Event: 506.973 Thread 0x000001fd791d9800 Exception <a 'sun/nio/fs/WindowsException'{0x000000008ea97110}> (0x000000008ea97110) thrown at [./src/hotspot/share/prims/jni.cpp, line 615]
Event: 507.038 Thread 0x000001fd791da000 Implicit null exception at 0x000001fd61d72ae8 to 0x000001fd61d76428
Event: 507.039 Thread 0x000001fd7dd40800 Exception <a 'sun/nio/fs/WindowsException'{0x000000008cbd13c8}> (0x000000008cbd13c8) thrown at [./src/hotspot/share/prims/jni.cpp, line 615]
Event: 507.088 Thread 0x000001fd791d6000 Exception <a 'sun/nio/fs/WindowsException'{0x000000008fbaac20}> (0x000000008fbaac20) thrown at [./src/hotspot/share/prims/jni.cpp, line 615]

Events (20 events):
Event: 506.915 Executing VM operation: G1CollectForAllocation
Event: 506.919 Executing VM operation: G1CollectForAllocation done
Event: 506.932 Executing VM operation: CGC_Operation
Event: 506.932 Executing VM operation: CGC_Operation done
Event: 506.952 loading class com/android/tools/r8/internal/hd
Event: 506.952 loading class com/android/tools/r8/internal/hd done
Event: 506.954 loading class com/android/tools/r8/internal/gd
Event: 506.954 loading class com/android/tools/r8/internal/gd done
Event: 506.983 loading class com/android/tools/r8/internal/qA
Event: 506.983 loading class com/android/tools/r8/internal/qA done
Event: 506.984 loading class com/android/tools/r8/internal/NG
Event: 506.984 loading class com/android/tools/r8/internal/NG done
Event: 506.984 loading class com/android/tools/r8/internal/qA
Event: 506.984 loading class com/android/tools/r8/internal/qA done
Event: 507.056 Executing VM operation: G1CollectForAllocation
Event: 507.061 Executing VM operation: G1CollectForAllocation done
Event: 507.069 Executing VM operation: G1CollectForAllocation
Event: 507.080 Executing VM operation: G1CollectForAllocation done
Event: 507.176 Executing VM operation: G1CollectForAllocation
Event: 507.197 Executing VM operation: G1CollectForAllocation done


Dynamic libraries:
0x00007ff7e7050000 - 0x00007ff7e705a000 	C:\Program Files\Android\Android Studio\jre\bin\java.exe
0x00007ffb21970000 - 0x00007ffb21b65000 	C:\WINDOWS\SYSTEM32\ntdll.dll
0x00007ffb21870000 - 0x00007ffb2192e000 	C:\WINDOWS\System32\KERNEL32.DLL
0x00007ffb1f090000 - 0x00007ffb1f359000 	C:\WINDOWS\System32\KERNELBASE.dll
0x00007ffb1f600000 - 0x00007ffb1f700000 	C:\WINDOWS\System32\ucrtbase.dll
0x00007ffb096a0000 - 0x00007ffb096b9000 	C:\Program Files\Android\Android Studio\jre\bin\jli.dll
0x00007ffb087b0000 - 0x00007ffb087c7000 	C:\Program Files\Android\Android Studio\jre\bin\VCRUNTIME140.dll
0x00007ffb20e90000 - 0x00007ffb21031000 	C:\WINDOWS\System32\USER32.dll
0x00007ffb0db80000 - 0x00007ffb0de1a000 	C:\WINDOWS\WinSxS\amd64_microsoft.windows.common-controls_6595b64144ccf1df_6.0.19041.1110_none_60b5254171f9507e\COMCTL32.dll
0x00007ffb1f700000 - 0x00007ffb1f722000 	C:\WINDOWS\System32\win32u.dll
0x00007ffb21040000 - 0x00007ffb2106b000 	C:\WINDOWS\System32\GDI32.dll
0x00007ffb21570000 - 0x00007ffb2160e000 	C:\WINDOWS\System32\msvcrt.dll
0x00007ffb1f8b0000 - 0x00007ffb1f9bb000 	C:\WINDOWS\System32\gdi32full.dll
0x00007ffb1f730000 - 0x00007ffb1f7cd000 	C:\WINDOWS\System32\msvcp_win.dll
0x00007ffb20c40000 - 0x00007ffb20c70000 	C:\WINDOWS\System32\IMM32.DLL
0x00007ffaf98c0000 - 0x00007ffaf995d000 	C:\Program Files\Android\Android Studio\jre\bin\msvcp140.dll
0x00007ffae41c0000 - 0x00007ffae4c8f000 	C:\Program Files\Android\Android Studio\jre\bin\server\jvm.dll
0x00007ffb21430000 - 0x00007ffb214dc000 	C:\WINDOWS\System32\ADVAPI32.dll
0x00007ffb1fd80000 - 0x00007ffb1fe1b000 	C:\WINDOWS\System32\sechost.dll
0x00007ffb1fea0000 - 0x00007ffb1ffca000 	C:\WINDOWS\System32\RPCRT4.dll
0x00007ffb21290000 - 0x00007ffb21298000 	C:\WINDOWS\System32\PSAPI.DLL
0x00007ffb14d20000 - 0x00007ffb14d29000 	C:\WINDOWS\SYSTEM32\WSOCK32.dll
0x00007ffb18fb0000 - 0x00007ffb18fba000 	C:\WINDOWS\SYSTEM32\VERSION.dll
0x00007ffb14d30000 - 0x00007ffb14d57000 	C:\WINDOWS\SYSTEM32\WINMM.dll
0x00007ffb21070000 - 0x00007ffb210db000 	C:\WINDOWS\System32\WS2_32.dll
0x00007ffb1d960000 - 0x00007ffb1d972000 	C:\WINDOWS\SYSTEM32\kernel.appcore.dll
0x00007ffb195f0000 - 0x00007ffb19601000 	C:\Program Files\Android\Android Studio\jre\bin\verify.dll
0x00007ffb1cf80000 - 0x00007ffb1d164000 	C:\WINDOWS\SYSTEM32\DBGHELP.DLL
0x00007ffb11780000 - 0x00007ffb117ac000 	C:\WINDOWS\SYSTEM32\dbgcore.DLL
0x00007ffb1f570000 - 0x00007ffb1f5f3000 	C:\WINDOWS\System32\bcryptPrimitives.dll
0x00007ffb19470000 - 0x00007ffb19499000 	C:\Program Files\Android\Android Studio\jre\bin\java.dll
0x00007ffb1bc10000 - 0x00007ffb1bc1b000 	C:\Program Files\Android\Android Studio\jre\bin\jimage.dll
0x00007ffb18ff0000 - 0x00007ffb19008000 	C:\Program Files\Android\Android Studio\jre\bin\zip.dll
0x00007ffb1ffd0000 - 0x00007ffb2070f000 	C:\WINDOWS\System32\SHELL32.dll
0x00007ffb1d190000 - 0x00007ffb1d920000 	C:\WINDOWS\SYSTEM32\windows.storage.dll
0x00007ffb1fa20000 - 0x00007ffb1fd75000 	C:\WINDOWS\System32\combase.dll
0x00007ffb1eae0000 - 0x00007ffb1eb0c000 	C:\WINDOWS\SYSTEM32\Wldp.dll
0x00007ffb20c70000 - 0x00007ffb20d1d000 	C:\WINDOWS\System32\SHCORE.dll
0x00007ffb1f9c0000 - 0x00007ffb1fa15000 	C:\WINDOWS\System32\shlwapi.dll
0x00007ffb1efd0000 - 0x00007ffb1efef000 	C:\WINDOWS\SYSTEM32\profapi.dll
0x00007ffb18fd0000 - 0x00007ffb18fea000 	C:\Program Files\Android\Android Studio\jre\bin\net.dll
0x00007ffb16e80000 - 0x00007ffb16f88000 	C:\WINDOWS\SYSTEM32\WINHTTP.dll
0x00007ffb1e840000 - 0x00007ffb1e8aa000 	C:\WINDOWS\system32\mswsock.dll
0x00007ffb14140000 - 0x00007ffb14154000 	C:\Program Files\Android\Android Studio\jre\bin\nio.dll
0x00007ffb109f0000 - 0x00007ffb10a17000 	C:\Users\Ando\.gradle\native\8bec1ad78214c89d9ad589b4d07fe93259594b29d510b10fafb7a158f7737e5d\windows-amd64\native-platform.dll
0x00007ffaf59b0000 - 0x00007ffaf5aed000 	C:\Users\Ando\.gradle\native\53dbd7edfb1c66fb8903c78663c9afc45aea4f116125fa6feffd364cf09443e8\windows-amd64\native-platform-file-events.dll
0x00007ffb1a820000 - 0x00007ffb1a82a000 	C:\Program Files\Android\Android Studio\jre\bin\management.dll
0x00007ffb1a4f0000 - 0x00007ffb1a4fc000 	C:\Program Files\Android\Android Studio\jre\bin\management_ext.dll
0x00007ffb1ea30000 - 0x00007ffb1ea48000 	C:\WINDOWS\SYSTEM32\CRYPTSP.dll
0x00007ffb1e150000 - 0x00007ffb1e184000 	C:\WINDOWS\system32\rsaenh.dll
0x00007ffb1f820000 - 0x00007ffb1f847000 	C:\WINDOWS\System32\bcrypt.dll
0x00007ffb1ef90000 - 0x00007ffb1efbe000 	C:\WINDOWS\SYSTEM32\USERENV.dll
0x00007ffb1ea50000 - 0x00007ffb1ea5c000 	C:\WINDOWS\SYSTEM32\CRYPTBASE.dll
0x00007ffb1e4e0000 - 0x00007ffb1e51b000 	C:\WINDOWS\SYSTEM32\IPHLPAPI.DLL
0x00007ffb21610000 - 0x00007ffb21618000 	C:\WINDOWS\System32\NSI.dll
0x00007ffb18f50000 - 0x00007ffb18f67000 	C:\WINDOWS\SYSTEM32\dhcpcsvc6.DLL
0x00007ffb18800000 - 0x00007ffb1881d000 	C:\WINDOWS\SYSTEM32\dhcpcsvc.DLL
0x00007ffb1e520000 - 0x00007ffb1e5ec000 	C:\WINDOWS\SYSTEM32\DNSAPI.dll
0x00007ffb13e00000 - 0x00007ffb13e27000 	C:\Program Files\Android\Android Studio\jre\bin\sunec.dll

dbghelp: loaded successfully - version: 4.0.5 - missing functions: none
symbol engine: initialized successfully - sym options: 0x614 - pdb path: .;C:\Program Files\Android\Android Studio\jre\bin;C:\WINDOWS\SYSTEM32;C:\WINDOWS\WinSxS\amd64_microsoft.windows.common-controls_6595b64144ccf1df_6.0.19041.1110_none_60b5254171f9507e;C:\Program Files\Android\Android Studio\jre\bin\server;C:\Users\Ando\.gradle\native\8bec1ad78214c89d9ad589b4d07fe93259594b29d510b10fafb7a158f7737e5d\windows-amd64;C:\Users\Ando\.gradle\native\53dbd7edfb1c66fb8903c78663c9afc45aea4f116125fa6feffd364cf09443e8\windows-amd64

VM Arguments:
jvm_args: --add-opens=java.base/java.util=ALL-UNNAMED --add-opens=java.base/java.lang=ALL-UNNAMED --add-opens=java.base/java.lang.invoke=ALL-UNNAMED --add-opens=java.base/java.util=ALL-UNNAMED --add-opens=java.prefs/java.util.prefs=ALL-UNNAMED --add-opens=java.prefs/java.util.prefs=ALL-UNNAMED --add-opens=java.base/java.nio.charset=ALL-UNNAMED --add-opens=java.base/java.net=ALL-UNNAMED --add-opens=java.base/java.util.concurrent.atomic=ALL-UNNAMED -Xmx2048m -Dfile.encoding=UTF-8 -Duser.country=US -Duser.language=en -Duser.variant 
java_command: org.gradle.launcher.daemon.bootstrap.GradleDaemon 7.0.2
java_class_path (initial): C:\Users\Ando\.gradle\wrapper\dists\gradle-7.0.2-bin\857tjihv64xamwrf0h14cai3r\gradle-7.0.2\lib\gradle-launcher-7.0.2.jar
Launcher Type: SUN_STANDARD

[Global flags]
     intx CICompilerCount                          = 4                                         {product} {ergonomic}
     uint ConcGCThreads                            = 2                                         {product} {ergonomic}
     uint G1ConcRefinementThreads                  = 8                                         {product} {ergonomic}
   size_t G1HeapRegionSize                         = 1048576                                   {product} {ergonomic}
    uintx GCDrainStackTargetSize                   = 64                                        {product} {ergonomic}
   size_t InitialHeapSize                          = 268435456                                 {product} {ergonomic}
   size_t MarkStackSize                            = 4194304                                   {product} {ergonomic}
   size_t MaxHeapSize                              = 2147483648                                {product} {command line}
   size_t MaxNewSize                               = 1287651328                                {product} {ergonomic}
   size_t MinHeapDeltaBytes                        = 1048576                                   {product} {ergonomic}
    uintx NonNMethodCodeHeapSize                   = 5836300                                {pd product} {ergonomic}
    uintx NonProfiledCodeHeapSize                  = 122910970                              {pd product} {ergonomic}
    uintx ProfiledCodeHeapSize                     = 122910970                              {pd product} {ergonomic}
    uintx ReservedCodeCacheSize                    = 251658240                              {pd product} {ergonomic}
     bool SegmentedCodeCache                       = true                                      {product} {ergonomic}
     bool UseCompressedClassPointers               = true                                 {lp64_product} {ergonomic}
     bool UseCompressedOops                        = true                                 {lp64_product} {ergonomic}
     bool UseG1GC                                  = true                                      {product} {ergonomic}
     bool UseLargePagesIndividualAllocation        = false                                  {pd product} {ergonomic}

Logging:
Log output configuration:
 #0: stdout all=warning uptime,level,tags
 #1: stderr all=off uptime,level,tags

Environment Variables:
JAVA_HOME=C:\Program Files\AdoptOpenJDK\jdk-8.0.272.10-hotspot\
PATH=C:\RoboDK\Python37\Scripts\;C:\RoboDK\Python37\;C:\Program Files\AdoptOpenJDK\jdk-11.0.9.11-hotspot\bin;C:\Program Files\AdoptOpenJDK\jdk-8.0.272.10-hotspot\bin;C:\Program Files (x86)\AdoptOpenJDK\jdk-8.0.272.10-hotspot\bin;C:\Program Files\AdoptOpenJDK\jre-11.0.9.11-hotspot\bin;C:\Program Files (x86)\AdoptOpenJDK\jre-8.0.272.10-hotspot\bin;C:\WINDOWS\system32;C:\WINDOWS;C:\WINDOWS\System32\Wbem;C:\WINDOWS\System32\WindowsPowerShell\v1.0\;C:\Program Files\Microsoft VS Code\bin;C:\WINDOWS\System32\OpenSSH\;C:\Program Files\NVIDIA Corporation\NVIDIA NvDLISR;C:\Program Files (x86)\NVIDIA Corporation\PhysX\Common;C:\WINDOWS\system32;C:\WINDOWS;C:\WINDOWS\System32\Wbem;C:\WINDOWS\System32\WindowsPowerShell\v1.0\;C:\WINDOWS\System32\OpenSSH\;C:\Program Files\dotnet\;C:\Program Files (x86)\dotnet\;C:\Program Files (x86)\CODESYS\APInstaller\;C:\Program Files\MATLAB\R2021a\bin;C:\Program Files\Git\cmd;C:\Users\Ando\AppData\Local\Microsoft\WindowsApps;
USERNAME=Ando
OS=Windows_NT
PROCESSOR_IDENTIFIER=Intel64 Family 6 Model 94 Stepping 3, GenuineIntel



---------------  S Y S T E M  ---------------

OS: Windows 10 , 64 bit Build 19041 (10.0.19041.1202)
OS uptime: 1 days 13:35 hours

CPU:total 8 (initial active 8) (4 cores per cpu, 2 threads per core) family 6 model 94 stepping 3 microcode 0xcc, cmov, cx8, fxsr, mmx, sse, sse2, sse3, ssse3, sse4.1, sse4.2, popcnt, avx, avx2, aes, clmul, erms, rtm, 3dnowpref, lzcnt, ht, tsc, tscinvbit, bmi1, bmi2, adx, fma

Memory: 4k page, system-wide physical 16299M (5550M free)
TotalPageFile size 26299M (AvailPageFile size 6M)
current process WorkingSet (physical memory assigned to process): 642M, peak: 645M
current process commit charge ("private bytes"): 691M, peak: 693M

vm_info: OpenJDK 64-Bit Server VM (11.0.10+0-b96-7249189) for windows-amd64 JRE (11.0.10+0-b96-7249189), built on Mar 31 2021 21:44:00 by "builder" with MS VC++ 14.0 (VS2015)

END.
