#
# There is insufficient memory for the Java Runtime Environment to continue.
# Native memory allocation (malloc) failed to allocate 1263456 bytes for Chunk::new
# Possible reasons:
#   The system is out of physical RAM or swap space
#   The process is running with CompressedOops enabled, and the Java Heap may be blocking the growth of the native heap
# Possible solutions:
#   Reduce memory load on the system
#   Increase physical memory or swap space
#   Check if swap backing store is full
#   Decrease Java heap size (-Xmx/-Xms)
#   Decrease number of Java threads
#   Decrease Java thread stack sizes (-Xss)
#   Set larger code cache with -XX:ReservedCodeCacheSize=
#   JVM is running with Unscaled Compressed Oops mode in which the Java heap is
#     placed in the first 4GB address space. The Java Heap base address is the
#     maximum limit for the native heap growth. Please use -XX:HeapBaseMinAddress
#     to set the Java Heap base and to place the Java Heap above 4GB virtual address.
# This output file may be truncated or incomplete.
#
#  Out of Memory Error (./src/hotspot/share/memory/arena.cpp:197), pid=12056, tid=10804
#
# JRE version: OpenJDK Runtime Environment (11.0.10) (build 11.0.10+0-b96-7249189)
# Java VM: OpenJDK 64-Bit Server VM (11.0.10+0-b96-7249189, mixed mode, tiered, compressed oops, g1 gc, windows-amd64)
# No core dump will be written. Minidumps are not enabled by default on client versions of Windows
#

---------------  S U M M A R Y ------------

Command Line: --add-opens=java.base/java.util=ALL-UNNAMED --add-opens=java.base/java.lang=ALL-UNNAMED --add-opens=java.base/java.lang.invoke=ALL-UNNAMED --add-opens=java.base/java.util=ALL-UNNAMED --add-opens=java.prefs/java.util.prefs=ALL-UNNAMED --add-opens=java.prefs/java.util.prefs=ALL-UNNAMED --add-opens=java.base/java.nio.charset=ALL-UNNAMED --add-opens=java.base/java.net=ALL-UNNAMED --add-opens=java.base/java.util.concurrent.atomic=ALL-UNNAMED -Xmx2048m -Dfile.encoding=UTF-8 -Duser.country=US -Duser.language=en -Duser.variant org.gradle.launcher.daemon.bootstrap.GradleDaemon 7.0.2

Host: Intel(R) Core(TM) i7-6700 CPU @ 3.40GHz, 8 cores, 15G,  Windows 10 , 64 bit Build 19041 (10.0.19041.1202)
Time: Tue Nov  2 12:49:57 2021 W. Europe Standard Time elapsed time: 8.240009 seconds (0d 0h 0m 8s)

---------------  T H R E A D  ---------------

Current thread (0x0000017225fe7800):  JavaThread "C2 CompilerThread2" daemon [_thread_in_native, id=10804, stack(0x0000001bc8800000,0x0000001bc8900000)]


Current CompileTask:
C2:   8240 6739 %     4       org.gradle.internal.instantiation.generator.AbstractClassGenerator::inspectType @ 250 (560 bytes)

Stack: [0x0000001bc8800000,0x0000001bc8900000]
Native frames: (J=compiled Java code, j=interpreted, Vv=VM code, C=native code)
V  [jvm.dll+0x5ecfaa]
V  [jvm.dll+0x722bd5]
V  [jvm.dll+0x72412d]
V  [jvm.dll+0x7247e3]
V  [jvm.dll+0x242928]
V  [jvm.dll+0xbc4fc]
V  [jvm.dll+0xbca0c]
V  [jvm.dll+0x2b4fd4]
V  [jvm.dll+0x506028]
V  [jvm.dll+0x203253]
V  [jvm.dll+0x1fd07c]
V  [jvm.dll+0x1fa77f]
V  [jvm.dll+0x18354c]
V  [jvm.dll+0x208ee7]
V  [jvm.dll+0x207731]
V  [jvm.dll+0x6eb1cf]
V  [jvm.dll+0x6e3d45]
V  [jvm.dll+0x5ebe96]
C  [ucrtbase.dll+0x21bb2]
C  [KERNEL32.DLL+0x17034]
C  [ntdll.dll+0x52651]


---------------  P R O C E S S  ---------------

Threads class SMR info:
_java_thread_list=0x000001722470b5f0, length=52, elements={
0x000001720853d000, 0x000001722320b800, 0x000001722320c800, 0x0000017223270000,
0x0000017223271000, 0x0000017223275800, 0x0000017223279000, 0x0000017223283800,
0x0000017223291800, 0x00000172233fe000, 0x0000017225697800, 0x0000017223b60800,
0x0000017225909800, 0x000001722351c800, 0x0000017225c96000, 0x0000017225f22800,
0x0000017225b9a000, 0x0000017225909000, 0x0000017225abe800, 0x0000017225fea000,
0x0000017225fec800, 0x0000017225fea800, 0x0000017225feb800, 0x0000017225fed000,
0x0000017225fe7800, 0x0000017225fee000, 0x0000017225fe8800, 0x0000017225fe9000,
0x0000017226848800, 0x000001722684d000, 0x000001722684c800, 0x000001722684a000,
0x0000017226847800, 0x000001722684b000, 0x000001722684e000, 0x000001722722f000,
0x000001722722d800, 0x000001722722c000, 0x0000017227230000, 0x0000017227230800,
0x0000017227232800, 0x000001722722c800, 0x0000017227238000, 0x0000017227237000,
0x0000017227234000, 0x0000017227236800, 0x0000017227233000, 0x0000017227239800,
0x0000017227235000, 0x0000017227239000, 0x000001722723a800, 0x0000017227235800
}

Java Threads: ( => current thread )
  0x000001720853d000 JavaThread "main" [_thread_blocked, id=4272, stack(0x0000001bc6100000,0x0000001bc6200000)]
  0x000001722320b800 JavaThread "Reference Handler" daemon [_thread_blocked, id=2776, stack(0x0000001bc6800000,0x0000001bc6900000)]
  0x000001722320c800 JavaThread "Finalizer" daemon [_thread_blocked, id=10220, stack(0x0000001bc6900000,0x0000001bc6a00000)]
  0x0000017223270000 JavaThread "Signal Dispatcher" daemon [_thread_blocked, id=10188, stack(0x0000001bc6a00000,0x0000001bc6b00000)]
  0x0000017223271000 JavaThread "Attach Listener" daemon [_thread_blocked, id=18932, stack(0x0000001bc6b00000,0x0000001bc6c00000)]
  0x0000017223275800 JavaThread "Service Thread" daemon [_thread_blocked, id=15732, stack(0x0000001bc6c00000,0x0000001bc6d00000)]
  0x0000017223279000 JavaThread "C2 CompilerThread0" daemon [_thread_in_native, id=19396, stack(0x0000001bc6d00000,0x0000001bc6e00000)]
  0x0000017223283800 JavaThread "C1 CompilerThread0" daemon [_thread_in_native, id=2488, stack(0x0000001bc6e00000,0x0000001bc6f00000)]
  0x0000017223291800 JavaThread "Sweeper thread" daemon [_thread_blocked, id=5544, stack(0x0000001bc6f00000,0x0000001bc7000000)]
  0x00000172233fe000 JavaThread "Common-Cleaner" daemon [_thread_blocked, id=8660, stack(0x0000001bc7000000,0x0000001bc7100000)]
  0x0000017225697800 JavaThread "Daemon health stats" [_thread_blocked, id=4432, stack(0x0000001bc7900000,0x0000001bc7a00000)]
  0x0000017223b60800 JavaThread "Incoming local TCP Connector on port 57912" [_thread_in_native, id=1584, stack(0x0000001bc7200000,0x0000001bc7300000)]
  0x0000017225909800 JavaThread "Daemon periodic checks" [_thread_blocked, id=12208, stack(0x0000001bc7300000,0x0000001bc7400000)]
  0x000001722351c800 JavaThread "Daemon" [_thread_blocked, id=9376, stack(0x0000001bc7a00000,0x0000001bc7b00000)]
  0x0000017225c96000 JavaThread "Handler for socket connection from /127.0.0.1:57912 to /127.0.0.1:57913" [_thread_in_native, id=5736, stack(0x0000001bc7b00000,0x0000001bc7c00000)]
  0x0000017225f22800 JavaThread "Cancel handler" [_thread_blocked, id=10896, stack(0x0000001bc7c00000,0x0000001bc7d00000)]
  0x0000017225b9a000 JavaThread "Daemon worker" [_thread_in_Java, id=2868, stack(0x0000001bc7d00000,0x0000001bc7e00000)]
  0x0000017225909000 JavaThread "Asynchronous log dispatcher for DefaultDaemonConnection: socket connection from /127.0.0.1:57912 to /127.0.0.1:57913" [_thread_blocked, id=6484, stack(0x0000001bc7e00000,0x0000001bc7f00000)]
  0x0000017225abe800 JavaThread "Stdin handler" [_thread_blocked, id=12228, stack(0x0000001bc7f00000,0x0000001bc8000000)]
  0x0000017225fea000 JavaThread "Daemon client event forwarder" [_thread_blocked, id=19168, stack(0x0000001bc8000000,0x0000001bc8100000)]
  0x0000017225fec800 JavaThread "Cache worker for file hash cache (C:\Users\Ando\.gradle\caches\7.0.2\fileHashes)" [_thread_blocked, id=13160, stack(0x0000001bc8100000,0x0000001bc8200000)]
  0x0000017225fea800 JavaThread "File lock request listener" [_thread_in_native, id=1028, stack(0x0000001bc8200000,0x0000001bc8300000)]
  0x0000017225feb800 JavaThread "Cache worker for journal cache (C:\Users\Ando\.gradle\caches\journal-1)" [_thread_blocked, id=10488, stack(0x0000001bc8600000,0x0000001bc8700000)]
  0x0000017225fed000 JavaThread "C2 CompilerThread1" daemon [_thread_in_native, id=7740, stack(0x0000001bc8700000,0x0000001bc8800000)]
=>0x0000017225fe7800 JavaThread "C2 CompilerThread2" daemon [_thread_in_native, id=10804, stack(0x0000001bc8800000,0x0000001bc8900000)]
  0x0000017225fee000 JavaThread "Cache worker for file hash cache (C:\Users\Ando\Documents\skole\mobilprog\Hovedprojekt\Homework_Planer\.gradle\7.0.2\fileHashes)" [_thread_blocked, id=12340, stack(0x0000001bc8900000,0x0000001bc8a00000)]
  0x0000017225fe8800 JavaThread "File watcher server" daemon [_thread_in_native, id=6460, stack(0x0000001bc8a00000,0x0000001bc8b00000)]
  0x0000017225fe9000 JavaThread "File watcher consumer" daemon [_thread_blocked, id=19336, stack(0x0000001bc8b00000,0x0000001bc8c00000)]
  0x0000017226848800 JavaThread "Cache worker for checksums cache (C:\Users\Ando\Documents\skole\mobilprog\Hovedprojekt\Homework_Planer\.gradle\checksums)" [_thread_blocked, id=10152, stack(0x0000001bc8c00000,0x0000001bc8d00000)]
  0x000001722684d000 JavaThread "Cache worker for cache directory md-supplier (C:\Users\Ando\.gradle\caches\7.0.2\md-supplier)" [_thread_blocked, id=12092, stack(0x0000001bc8d00000,0x0000001bc8e00000)]
  0x000001722684c800 JavaThread "Cache worker for cache directory md-rule (C:\Users\Ando\.gradle\caches\7.0.2\md-rule)" [_thread_blocked, id=8924, stack(0x0000001bc8e00000,0x0000001bc8f00000)]
  0x000001722684a000 JavaThread "Cache worker for execution history cache (C:\Users\Ando\.gradle\caches\7.0.2\executionHistory)" [_thread_blocked, id=8816, stack(0x0000001bc8f00000,0x0000001bc9000000)]
  0x0000017226847800 JavaThread "jar transforms" [_thread_blocked, id=12212, stack(0x0000001bc9000000,0x0000001bc9100000)]
  0x000001722684b000 JavaThread "jar transforms Thread 2" [_thread_blocked, id=3792, stack(0x0000001bc9100000,0x0000001bc9200000)]
  0x000001722684e000 JavaThread "Cache worker for file content cache (C:\Users\Ando\.gradle\caches\7.0.2\fileContent)" [_thread_blocked, id=18960, stack(0x0000001bc9200000,0x0000001bc9300000)]
  0x000001722722f000 JavaThread "Cache worker for dependencies-accessors (C:\Users\Ando\Documents\skole\mobilprog\Hovedprojekt\Homework_Planer\.gradle\7.0.2\dependencies-accessors)" [_thread_blocked, id=9888, stack(0x0000001bc9300000,0x0000001bc9400000)]
  0x000001722722d800 JavaThread "jar transforms Thread 3" [_thread_blocked, id=1084, stack(0x0000001bc9400000,0x0000001bc9500000)]
  0x000001722722c000 JavaThread "Cache worker for Build Output Cleanup Cache (C:\Users\Ando\Documents\skole\mobilprog\Hovedprojekt\Homework_Planer\.gradle\buildOutputCleanup)" [_thread_blocked, id=5892, stack(0x0000001bc9500000,0x0000001bc9600000)]
  0x0000017227230000 JavaThread "Build operations" [_thread_blocked, id=10788, stack(0x0000001bc9600000,0x0000001bc9700000)]
  0x0000017227230800 JavaThread "Build operations Thread 2" [_thread_blocked, id=5856, stack(0x0000001bc9700000,0x0000001bc9800000)]
  0x0000017227232800 JavaThread "Build operations Thread 3" [_thread_blocked, id=7400, stack(0x0000001bc9800000,0x0000001bc9900000)]
  0x000001722722c800 JavaThread "Build operations Thread 4" [_thread_blocked, id=17088, stack(0x0000001bc9900000,0x0000001bc9a00000)]
  0x0000017227238000 JavaThread "Build operations Thread 5" [_thread_blocked, id=8144, stack(0x0000001bc9a00000,0x0000001bc9b00000)]
  0x0000017227237000 JavaThread "Build operations Thread 6" [_thread_blocked, id=11992, stack(0x0000001bc9b00000,0x0000001bc9c00000)]
  0x0000017227234000 JavaThread "Build operations Thread 7" [_thread_blocked, id=18908, stack(0x0000001bc9c00000,0x0000001bc9d00000)]
  0x0000017227236800 JavaThread "Build operations Thread 8" [_thread_blocked, id=4144, stack(0x0000001bc9d00000,0x0000001bc9e00000)]
  0x0000017227233000 JavaThread "jar transforms Thread 4" [_thread_blocked, id=18296, stack(0x0000001bc9e00000,0x0000001bc9f00000)]
  0x0000017227239800 JavaThread "jar transforms Thread 5" [_thread_blocked, id=15176, stack(0x0000001bc9f00000,0x0000001bca000000)]
  0x0000017227235000 JavaThread "jar transforms Thread 6" [_thread_blocked, id=6704, stack(0x0000001bca000000,0x0000001bca100000)]
  0x0000017227239000 JavaThread "jar transforms Thread 7" [_thread_blocked, id=7868, stack(0x0000001bca100000,0x0000001bca200000)]
  0x000001722723a800 JavaThread "jar transforms Thread 8" [_thread_blocked, id=16924, stack(0x0000001bca200000,0x0000001bca300000)]
  0x0000017227235800 JavaThread "Memory manager" [_thread_blocked, id=5932, stack(0x0000001bca500000,0x0000001bca600000)]

Other Threads:
  0x00000172229cc800 VMThread "VM Thread" [stack: 0x0000001bc6700000,0x0000001bc6800000] [id=10932]
  0x0000017223437800 WatcherThread [stack: 0x0000001bc7100000,0x0000001bc7200000] [id=9840]
  0x0000017208555800 GCTaskThread "GC Thread#0" [stack: 0x0000001bc6200000,0x0000001bc6300000] [id=9544]
  0x000001722402e000 GCTaskThread "GC Thread#1" [stack: 0x0000001bc7400000,0x0000001bc7500000] [id=2700]
  0x0000017223f90800 GCTaskThread "GC Thread#2" [stack: 0x0000001bc7500000,0x0000001bc7600000] [id=14356]
  0x0000017223ffd800 GCTaskThread "GC Thread#3" [stack: 0x0000001bc7600000,0x0000001bc7700000] [id=9528]
  0x0000017224031000 GCTaskThread "GC Thread#4" [stack: 0x0000001bc7700000,0x0000001bc7800000] [id=19152]
  0x0000017224000800 GCTaskThread "GC Thread#5" [stack: 0x0000001bc7800000,0x0000001bc7900000] [id=11048]
  0x000001722513f000 GCTaskThread "GC Thread#6" [stack: 0x0000001bc8300000,0x0000001bc8400000] [id=11060]
  0x0000017225376000 GCTaskThread "GC Thread#7" [stack: 0x0000001bc8400000,0x0000001bc8500000] [id=15096]
  0x0000017208587800 ConcurrentGCThread "G1 Main Marker" [stack: 0x0000001bc6300000,0x0000001bc6400000] [id=2436]
  0x0000017208589000 ConcurrentGCThread "G1 Conc#0" [stack: 0x0000001bc6400000,0x0000001bc6500000] [id=7676]
  0x000001722450e000 ConcurrentGCThread "G1 Conc#1" [stack: 0x0000001bc8500000,0x0000001bc8600000] [id=15060]
  0x000001720861e000 ConcurrentGCThread "G1 Refine#0" [stack: 0x0000001bc6500000,0x0000001bc6600000] [id=8096]
  0x0000017228eff800 ConcurrentGCThread "G1 Refine#1" [stack: 0x0000001bca300000,0x0000001bca400000] [id=5572]
  0x000001722633e800 ConcurrentGCThread "G1 Refine#2" [stack: 0x0000001bca400000,0x0000001bca500000] [id=6656]
  0x0000017222858800 ConcurrentGCThread "G1 Young RemSet Sampling" [stack: 0x0000001bc6600000,0x0000001bc6700000] [id=11352]

Threads with active compile tasks:
C2 CompilerThread0   8279 6745       4       com.sun.beans.TypeResolver::resolve (37 bytes)
C2 CompilerThread1   8279 6831 %     4       groovy.lang.MetaClassImpl::inheritInterfaceNewMetaMethods @ 100 (195 bytes)
C2 CompilerThread2   8279 6739 %     4       org.gradle.internal.instantiation.generator.AbstractClassGenerator::inspectType @ 250 (560 bytes)

VM state:not at safepoint (normal execution)

VM Mutex/Monitor currently owned by a thread: None

Heap address: 0x0000000080000000, size: 2048 MB, Compressed Oops mode: 32-bit
Narrow klass base: 0x0000000000000000, Narrow klass shift: 3
Compressed class space size: 1073741824 Address: 0x0000000100000000

Heap:
 garbage-first heap   total 262144K, used 137646K [0x0000000080000000, 0x0000000100000000)
  region size 1024K, 89 young (91136K), 9 survivors (9216K)
 Metaspace       used 70024K, capacity 71688K, committed 72012K, reserved 1112064K
  class space    used 9098K, capacity 9718K, committed 9804K, reserved 1048576K
Heap Regions: E=young(eden), S=young(survivor), O=old, HS=humongous(starts), HC=humongous(continues), CS=collection set, F=free, A=archive, TAMS=top-at-mark-start (previous, next)
|   0|0x0000000080000000, 0x0000000080100000, 0x0000000080100000|100%| O|  |TAMS 0x0000000080100000, 0x0000000080000000| Untracked 
|   1|0x0000000080100000, 0x0000000080200000, 0x0000000080200000|100%| O|  |TAMS 0x0000000080200000, 0x0000000080100000| Untracked 
|   2|0x0000000080200000, 0x0000000080300000, 0x0000000080300000|100%| O|  |TAMS 0x0000000080300000, 0x0000000080200000| Untracked 
|   3|0x0000000080300000, 0x0000000080400000, 0x0000000080400000|100%|HS|  |TAMS 0x0000000080400000, 0x0000000080300000| Complete 
|   4|0x0000000080400000, 0x0000000080500000, 0x0000000080500000|100%|HC|  |TAMS 0x0000000080500000, 0x0000000080400000| Complete 
|   5|0x0000000080500000, 0x0000000080600000, 0x0000000080600000|100%|HC|  |TAMS 0x0000000080600000, 0x0000000080500000| Complete 
|   6|0x0000000080600000, 0x0000000080700000, 0x0000000080700000|100%| O|  |TAMS 0x0000000080700000, 0x0000000080600000| Untracked 
|   7|0x0000000080700000, 0x0000000080800000, 0x0000000080800000|100%| O|  |TAMS 0x0000000080800000, 0x0000000080700000| Untracked 
|   8|0x0000000080800000, 0x0000000080900000, 0x0000000080900000|100%| O|  |TAMS 0x0000000080900000, 0x0000000080800000| Untracked 
|   9|0x0000000080900000, 0x0000000080a00000, 0x0000000080a00000|100%| O|  |TAMS 0x0000000080a00000, 0x0000000080900000| Untracked 
|  10|0x0000000080a00000, 0x0000000080b00000, 0x0000000080b00000|100%| O|  |TAMS 0x0000000080b00000, 0x0000000080a00000| Untracked 
|  11|0x0000000080b00000, 0x0000000080c00000, 0x0000000080c00000|100%| O|  |TAMS 0x0000000080c00000, 0x0000000080b00000| Untracked 
|  12|0x0000000080c00000, 0x0000000080d00000, 0x0000000080d00000|100%| O|  |TAMS 0x0000000080d00000, 0x0000000080c00000| Untracked 
|  13|0x0000000080d00000, 0x0000000080e00000, 0x0000000080e00000|100%| O|  |TAMS 0x0000000080e00000, 0x0000000080d00000| Untracked 
|  14|0x0000000080e00000, 0x0000000080f00000, 0x0000000080f00000|100%| O|  |TAMS 0x0000000080f00000, 0x0000000080e00000| Untracked 
|  15|0x0000000080f00000, 0x0000000081000000, 0x0000000081000000|100%| O|  |TAMS 0x0000000081000000, 0x0000000080f00000| Untracked 
|  16|0x0000000081000000, 0x0000000081100000, 0x0000000081100000|100%|HS|  |TAMS 0x0000000081100000, 0x0000000081000000| Complete 
|  17|0x0000000081100000, 0x0000000081200000, 0x0000000081200000|100%|HS|  |TAMS 0x0000000081200000, 0x0000000081100000| Complete 
|  18|0x0000000081200000, 0x0000000081300000, 0x0000000081300000|100%|HS|  |TAMS 0x0000000081300000, 0x0000000081200000| Complete 
|  19|0x0000000081300000, 0x0000000081400000, 0x0000000081400000|100%|HC|  |TAMS 0x0000000081400000, 0x0000000081300000| Complete 
|  20|0x0000000081400000, 0x0000000081500000, 0x0000000081500000|100%|HC|  |TAMS 0x0000000081500000, 0x0000000081400000| Complete 
|  21|0x0000000081500000, 0x0000000081600000, 0x0000000081600000|100%|HS|  |TAMS 0x0000000081600000, 0x0000000081500000| Complete 
|  22|0x0000000081600000, 0x0000000081700000, 0x0000000081700000|100%|HC|  |TAMS 0x0000000081700000, 0x0000000081600000| Complete 
|  23|0x0000000081700000, 0x0000000081800000, 0x0000000081800000|100%| O|  |TAMS 0x0000000081800000, 0x0000000081700000| Untracked 
|  24|0x0000000081800000, 0x0000000081900000, 0x0000000081900000|100%| O|  |TAMS 0x0000000081900000, 0x0000000081800000| Untracked 
|  25|0x0000000081900000, 0x0000000081a00000, 0x0000000081a00000|100%| O|  |TAMS 0x0000000081a00000, 0x0000000081900000| Untracked 
|  26|0x0000000081a00000, 0x0000000081b00000, 0x0000000081b00000|100%| O|  |TAMS 0x0000000081b00000, 0x0000000081a00000| Untracked 
|  27|0x0000000081b00000, 0x0000000081c00000, 0x0000000081c00000|100%| O|  |TAMS 0x0000000081c00000, 0x0000000081b00000| Untracked 
|  28|0x0000000081c00000, 0x0000000081d00000, 0x0000000081d00000|100%| O|  |TAMS 0x0000000081d00000, 0x0000000081c00000| Untracked 
|  29|0x0000000081d00000, 0x0000000081e00000, 0x0000000081e00000|100%| O|  |TAMS 0x0000000081e00000, 0x0000000081d00000| Untracked 
|  30|0x0000000081e00000, 0x0000000081f00000, 0x0000000081f00000|100%| O|  |TAMS 0x0000000081f00000, 0x0000000081e00000| Untracked 
|  31|0x0000000081f00000, 0x0000000082000000, 0x0000000082000000|100%| O|  |TAMS 0x0000000082000000, 0x0000000081f00000| Untracked 
|  32|0x0000000082000000, 0x0000000082100000, 0x0000000082100000|100%| O|  |TAMS 0x0000000082100000, 0x0000000082000000| Untracked 
|  33|0x0000000082100000, 0x0000000082200000, 0x0000000082200000|100%| O|  |TAMS 0x0000000082200000, 0x0000000082100000| Untracked 
|  34|0x0000000082200000, 0x0000000082300000, 0x0000000082300000|100%| O|  |TAMS 0x0000000082300000, 0x0000000082200000| Untracked 
|  35|0x0000000082300000, 0x0000000082400000, 0x0000000082400000|100%| O|  |TAMS 0x0000000082400000, 0x0000000082300000| Untracked 
|  36|0x0000000082400000, 0x0000000082500000, 0x0000000082500000|100%| O|  |TAMS 0x0000000082500000, 0x0000000082400000| Untracked 
|  37|0x0000000082500000, 0x0000000082600000, 0x0000000082600000|100%| O|  |TAMS 0x0000000082600000, 0x0000000082500000| Untracked 
|  38|0x0000000082600000, 0x0000000082700000, 0x0000000082700000|100%| O|  |TAMS 0x0000000082700000, 0x0000000082600000| Untracked 
|  39|0x0000000082700000, 0x0000000082800000, 0x0000000082800000|100%| O|  |TAMS 0x0000000082800000, 0x0000000082700000| Untracked 
|  40|0x0000000082800000, 0x0000000082900000, 0x0000000082900000|100%| O|  |TAMS 0x0000000082900000, 0x0000000082800000| Untracked 
|  41|0x0000000082900000, 0x0000000082a00000, 0x0000000082a00000|100%| O|  |TAMS 0x0000000082a00000, 0x0000000082900000| Untracked 
|  42|0x0000000082a00000, 0x0000000082b00000, 0x0000000082b00000|100%| O|  |TAMS 0x0000000082b00000, 0x0000000082a00000| Untracked 
|  43|0x0000000082b00000, 0x0000000082c00000, 0x0000000082c00000|100%| O|  |TAMS 0x0000000082c00000, 0x0000000082b00000| Untracked 
|  44|0x0000000082c00000, 0x0000000082d00000, 0x0000000082d00000|100%| O|  |TAMS 0x0000000082d00000, 0x0000000082c00000| Untracked 
|  45|0x0000000082d00000, 0x0000000082e00000, 0x0000000082e00000|100%| O|  |TAMS 0x0000000082e00000, 0x0000000082d00000| Untracked 
|  46|0x0000000082e00000, 0x0000000082ee1800, 0x0000000082f00000| 88%| O|  |TAMS 0x0000000082ee1800, 0x0000000082e00000| Untracked 
|  47|0x0000000082f00000, 0x0000000082f00000, 0x0000000083000000|  0%| F|  |TAMS 0x0000000082f00000, 0x0000000082f00000| Untracked 
|  48|0x0000000083000000, 0x0000000083000000, 0x0000000083100000|  0%| F|  |TAMS 0x0000000083000000, 0x0000000083000000| Untracked 
|  49|0x0000000083100000, 0x0000000083100000, 0x0000000083200000|  0%| F|  |TAMS 0x0000000083100000, 0x0000000083100000| Untracked 
|  50|0x0000000083200000, 0x0000000083200000, 0x0000000083300000|  0%| F|  |TAMS 0x0000000083200000, 0x0000000083200000| Untracked 
|  51|0x0000000083300000, 0x0000000083300000, 0x0000000083400000|  0%| F|  |TAMS 0x0000000083300000, 0x0000000083300000| Untracked 
|  52|0x0000000083400000, 0x0000000083400000, 0x0000000083500000|  0%| F|  |TAMS 0x0000000083400000, 0x0000000083400000| Untracked 
|  53|0x0000000083500000, 0x0000000083500000, 0x0000000083600000|  0%| F|  |TAMS 0x0000000083500000, 0x0000000083500000| Untracked 
|  54|0x0000000083600000, 0x0000000083600000, 0x0000000083700000|  0%| F|  |TAMS 0x0000000083600000, 0x0000000083600000| Untracked 
|  55|0x0000000083700000, 0x0000000083700000, 0x0000000083800000|  0%| F|  |TAMS 0x0000000083700000, 0x0000000083700000| Untracked 
|  56|0x0000000083800000, 0x0000000083800000, 0x0000000083900000|  0%| F|  |TAMS 0x0000000083800000, 0x0000000083800000| Untracked 
|  57|0x0000000083900000, 0x0000000083900000, 0x0000000083a00000|  0%| F|  |TAMS 0x0000000083900000, 0x0000000083900000| Untracked 
|  58|0x0000000083a00000, 0x0000000083a00000, 0x0000000083b00000|  0%| F|  |TAMS 0x0000000083a00000, 0x0000000083a00000| Untracked 
|  59|0x0000000083b00000, 0x0000000083b00000, 0x0000000083c00000|  0%| F|  |TAMS 0x0000000083b00000, 0x0000000083b00000| Untracked 
|  60|0x0000000083c00000, 0x0000000083c00000, 0x0000000083d00000|  0%| F|  |TAMS 0x0000000083c00000, 0x0000000083c00000| Untracked 
|  61|0x0000000083d00000, 0x0000000083d00000, 0x0000000083e00000|  0%| F|  |TAMS 0x0000000083d00000, 0x0000000083d00000| Untracked 
|  62|0x0000000083e00000, 0x0000000083e00000, 0x0000000083f00000|  0%| F|  |TAMS 0x0000000083e00000, 0x0000000083e00000| Untracked 
|  63|0x0000000083f00000, 0x0000000083f00000, 0x0000000084000000|  0%| F|  |TAMS 0x0000000083f00000, 0x0000000083f00000| Untracked 
|  64|0x0000000084000000, 0x0000000084000000, 0x0000000084100000|  0%| F|  |TAMS 0x0000000084000000, 0x0000000084000000| Untracked 
|  65|0x0000000084100000, 0x0000000084100000, 0x0000000084200000|  0%| F|  |TAMS 0x0000000084100000, 0x0000000084100000| Untracked 
|  66|0x0000000084200000, 0x0000000084200000, 0x0000000084300000|  0%| F|  |TAMS 0x0000000084200000, 0x0000000084200000| Untracked 
|  67|0x0000000084300000, 0x0000000084300000, 0x0000000084400000|  0%| F|  |TAMS 0x0000000084300000, 0x0000000084300000| Untracked 
|  68|0x0000000084400000, 0x0000000084400000, 0x0000000084500000|  0%| F|  |TAMS 0x0000000084400000, 0x0000000084400000| Untracked 
|  69|0x0000000084500000, 0x0000000084500000, 0x0000000084600000|  0%| F|  |TAMS 0x0000000084500000, 0x0000000084500000| Untracked 
|  70|0x0000000084600000, 0x0000000084600000, 0x0000000084700000|  0%| F|  |TAMS 0x0000000084600000, 0x0000000084600000| Untracked 
|  71|0x0000000084700000, 0x0000000084700000, 0x0000000084800000|  0%| F|  |TAMS 0x0000000084700000, 0x0000000084700000| Untracked 
|  72|0x0000000084800000, 0x0000000084800000, 0x0000000084900000|  0%| F|  |TAMS 0x0000000084800000, 0x0000000084800000| Untracked 
|  73|0x0000000084900000, 0x0000000084900000, 0x0000000084a00000|  0%| F|  |TAMS 0x0000000084900000, 0x0000000084900000| Untracked 
|  74|0x0000000084a00000, 0x0000000084a00000, 0x0000000084b00000|  0%| F|  |TAMS 0x0000000084a00000, 0x0000000084a00000| Untracked 
|  75|0x0000000084b00000, 0x0000000084b00000, 0x0000000084c00000|  0%| F|  |TAMS 0x0000000084b00000, 0x0000000084b00000| Untracked 
|  76|0x0000000084c00000, 0x0000000084c00000, 0x0000000084d00000|  0%| F|  |TAMS 0x0000000084c00000, 0x0000000084c00000| Untracked 
|  77|0x0000000084d00000, 0x0000000084d00000, 0x0000000084e00000|  0%| F|  |TAMS 0x0000000084d00000, 0x0000000084d00000| Untracked 
|  78|0x0000000084e00000, 0x0000000084e00000, 0x0000000084f00000|  0%| F|  |TAMS 0x0000000084e00000, 0x0000000084e00000| Untracked 
|  79|0x0000000084f00000, 0x0000000084f00000, 0x0000000085000000|  0%| F|  |TAMS 0x0000000084f00000, 0x0000000084f00000| Untracked 
|  80|0x0000000085000000, 0x0000000085000000, 0x0000000085100000|  0%| F|  |TAMS 0x0000000085000000, 0x0000000085000000| Untracked 
|  81|0x0000000085100000, 0x0000000085100000, 0x0000000085200000|  0%| F|  |TAMS 0x0000000085100000, 0x0000000085100000| Untracked 
|  82|0x0000000085200000, 0x0000000085200000, 0x0000000085300000|  0%| F|  |TAMS 0x0000000085200000, 0x0000000085200000| Untracked 
|  83|0x0000000085300000, 0x0000000085300000, 0x0000000085400000|  0%| F|  |TAMS 0x0000000085300000, 0x0000000085300000| Untracked 
|  84|0x0000000085400000, 0x0000000085400000, 0x0000000085500000|  0%| F|  |TAMS 0x0000000085400000, 0x0000000085400000| Untracked 
|  85|0x0000000085500000, 0x0000000085500000, 0x0000000085600000|  0%| F|  |TAMS 0x0000000085500000, 0x0000000085500000| Untracked 
|  86|0x0000000085600000, 0x0000000085600000, 0x0000000085700000|  0%| F|  |TAMS 0x0000000085600000, 0x0000000085600000| Untracked 
|  87|0x0000000085700000, 0x0000000085700000, 0x0000000085800000|  0%| F|  |TAMS 0x0000000085700000, 0x0000000085700000| Untracked 
|  88|0x0000000085800000, 0x0000000085800000, 0x0000000085900000|  0%| F|  |TAMS 0x0000000085800000, 0x0000000085800000| Untracked 
|  89|0x0000000085900000, 0x0000000085900000, 0x0000000085a00000|  0%| F|  |TAMS 0x0000000085900000, 0x0000000085900000| Untracked 
|  90|0x0000000085a00000, 0x0000000085a00000, 0x0000000085b00000|  0%| F|  |TAMS 0x0000000085a00000, 0x0000000085a00000| Untracked 
|  91|0x0000000085b00000, 0x0000000085b00000, 0x0000000085c00000|  0%| F|  |TAMS 0x0000000085b00000, 0x0000000085b00000| Untracked 
|  92|0x0000000085c00000, 0x0000000085c00000, 0x0000000085d00000|  0%| F|  |TAMS 0x0000000085c00000, 0x0000000085c00000| Untracked 
|  93|0x0000000085d00000, 0x0000000085d00000, 0x0000000085e00000|  0%| F|  |TAMS 0x0000000085d00000, 0x0000000085d00000| Untracked 
|  94|0x0000000085e00000, 0x0000000085e00000, 0x0000000085f00000|  0%| F|  |TAMS 0x0000000085e00000, 0x0000000085e00000| Untracked 
|  95|0x0000000085f00000, 0x0000000085f00000, 0x0000000086000000|  0%| F|  |TAMS 0x0000000085f00000, 0x0000000085f00000| Untracked 
|  96|0x0000000086000000, 0x0000000086000000, 0x0000000086100000|  0%| F|  |TAMS 0x0000000086000000, 0x0000000086000000| Untracked 
|  97|0x0000000086100000, 0x0000000086100000, 0x0000000086200000|  0%| F|  |TAMS 0x0000000086100000, 0x0000000086100000| Untracked 
|  98|0x0000000086200000, 0x0000000086200000, 0x0000000086300000|  0%| F|  |TAMS 0x0000000086200000, 0x0000000086200000| Untracked 
|  99|0x0000000086300000, 0x0000000086300000, 0x0000000086400000|  0%| F|  |TAMS 0x0000000086300000, 0x0000000086300000| Untracked 
| 100|0x0000000086400000, 0x0000000086400000, 0x0000000086500000|  0%| F|  |TAMS 0x0000000086400000, 0x0000000086400000| Untracked 
| 101|0x0000000086500000, 0x0000000086500000, 0x0000000086600000|  0%| F|  |TAMS 0x0000000086500000, 0x0000000086500000| Untracked 
| 102|0x0000000086600000, 0x0000000086600000, 0x0000000086700000|  0%| F|  |TAMS 0x0000000086600000, 0x0000000086600000| Untracked 
| 103|0x0000000086700000, 0x0000000086700000, 0x0000000086800000|  0%| F|  |TAMS 0x0000000086700000, 0x0000000086700000| Untracked 
| 104|0x0000000086800000, 0x0000000086800000, 0x0000000086900000|  0%| F|  |TAMS 0x0000000086800000, 0x0000000086800000| Untracked 
| 105|0x0000000086900000, 0x0000000086900000, 0x0000000086a00000|  0%| F|  |TAMS 0x0000000086900000, 0x0000000086900000| Untracked 
| 106|0x0000000086a00000, 0x0000000086a00000, 0x0000000086b00000|  0%| F|  |TAMS 0x0000000086a00000, 0x0000000086a00000| Untracked 
| 107|0x0000000086b00000, 0x0000000086b00000, 0x0000000086c00000|  0%| F|  |TAMS 0x0000000086b00000, 0x0000000086b00000| Untracked 
| 108|0x0000000086c00000, 0x0000000086c00000, 0x0000000086d00000|  0%| F|  |TAMS 0x0000000086c00000, 0x0000000086c00000| Untracked 
| 109|0x0000000086d00000, 0x0000000086d00000, 0x0000000086e00000|  0%| F|  |TAMS 0x0000000086d00000, 0x0000000086d00000| Untracked 
| 110|0x0000000086e00000, 0x0000000086e00000, 0x0000000086f00000|  0%| F|  |TAMS 0x0000000086e00000, 0x0000000086e00000| Untracked 
| 111|0x0000000086f00000, 0x0000000086f00000, 0x0000000087000000|  0%| F|  |TAMS 0x0000000086f00000, 0x0000000086f00000| Untracked 
| 112|0x0000000087000000, 0x0000000087000000, 0x0000000087100000|  0%| F|  |TAMS 0x0000000087000000, 0x0000000087000000| Untracked 
| 113|0x0000000087100000, 0x0000000087100000, 0x0000000087200000|  0%| F|  |TAMS 0x0000000087100000, 0x0000000087100000| Untracked 
| 114|0x0000000087200000, 0x0000000087200000, 0x0000000087300000|  0%| F|  |TAMS 0x0000000087200000, 0x0000000087200000| Untracked 
| 115|0x0000000087300000, 0x0000000087300000, 0x0000000087400000|  0%| F|  |TAMS 0x0000000087300000, 0x0000000087300000| Untracked 
| 116|0x0000000087400000, 0x0000000087400000, 0x0000000087500000|  0%| F|  |TAMS 0x0000000087400000, 0x0000000087400000| Untracked 
| 117|0x0000000087500000, 0x0000000087500000, 0x0000000087600000|  0%| F|  |TAMS 0x0000000087500000, 0x0000000087500000| Untracked 
| 118|0x0000000087600000, 0x0000000087600000, 0x0000000087700000|  0%| F|  |TAMS 0x0000000087600000, 0x0000000087600000| Untracked 
| 119|0x0000000087700000, 0x0000000087700000, 0x0000000087800000|  0%| F|  |TAMS 0x0000000087700000, 0x0000000087700000| Untracked 
| 120|0x0000000087800000, 0x0000000087800000, 0x0000000087900000|  0%| F|  |TAMS 0x0000000087800000, 0x0000000087800000| Untracked 
| 121|0x0000000087900000, 0x0000000087900000, 0x0000000087a00000|  0%| F|  |TAMS 0x0000000087900000, 0x0000000087900000| Untracked 
| 122|0x0000000087a00000, 0x0000000087a00000, 0x0000000087b00000|  0%| F|  |TAMS 0x0000000087a00000, 0x0000000087a00000| Untracked 
| 123|0x0000000087b00000, 0x0000000087b00000, 0x0000000087c00000|  0%| F|  |TAMS 0x0000000087b00000, 0x0000000087b00000| Untracked 
| 124|0x0000000087c00000, 0x0000000087c00000, 0x0000000087d00000|  0%| F|  |TAMS 0x0000000087c00000, 0x0000000087c00000| Untracked 
| 125|0x0000000087d00000, 0x0000000087d00000, 0x0000000087e00000|  0%| F|  |TAMS 0x0000000087d00000, 0x0000000087d00000| Untracked 
| 126|0x0000000087e00000, 0x0000000087e00000, 0x0000000087f00000|  0%| F|  |TAMS 0x0000000087e00000, 0x0000000087e00000| Untracked 
| 127|0x0000000087f00000, 0x0000000087f00000, 0x0000000088000000|  0%| F|  |TAMS 0x0000000087f00000, 0x0000000087f00000| Untracked 
| 128|0x0000000088000000, 0x0000000088000000, 0x0000000088100000|  0%| F|  |TAMS 0x0000000088000000, 0x0000000088000000| Untracked 
| 129|0x0000000088100000, 0x0000000088100000, 0x0000000088200000|  0%| F|  |TAMS 0x0000000088100000, 0x0000000088100000| Untracked 
| 130|0x0000000088200000, 0x0000000088200000, 0x0000000088300000|  0%| F|  |TAMS 0x0000000088200000, 0x0000000088200000| Untracked 
| 131|0x0000000088300000, 0x0000000088300000, 0x0000000088400000|  0%| F|  |TAMS 0x0000000088300000, 0x0000000088300000| Untracked 
| 132|0x0000000088400000, 0x0000000088400000, 0x0000000088500000|  0%| F|  |TAMS 0x0000000088400000, 0x0000000088400000| Untracked 
| 133|0x0000000088500000, 0x0000000088500000, 0x0000000088600000|  0%| F|  |TAMS 0x0000000088500000, 0x0000000088500000| Untracked 
| 134|0x0000000088600000, 0x0000000088600000, 0x0000000088700000|  0%| F|  |TAMS 0x0000000088600000, 0x0000000088600000| Untracked 
| 135|0x0000000088700000, 0x0000000088700000, 0x0000000088800000|  0%| F|  |TAMS 0x0000000088700000, 0x0000000088700000| Untracked 
| 136|0x0000000088800000, 0x0000000088800000, 0x0000000088900000|  0%| F|  |TAMS 0x0000000088800000, 0x0000000088800000| Untracked 
| 137|0x0000000088900000, 0x0000000088900000, 0x0000000088a00000|  0%| F|  |TAMS 0x0000000088900000, 0x0000000088900000| Untracked 
| 138|0x0000000088a00000, 0x0000000088a00000, 0x0000000088b00000|  0%| F|  |TAMS 0x0000000088a00000, 0x0000000088a00000| Untracked 
| 139|0x0000000088b00000, 0x0000000088b00000, 0x0000000088c00000|  0%| F|  |TAMS 0x0000000088b00000, 0x0000000088b00000| Untracked 
| 140|0x0000000088c00000, 0x0000000088c00000, 0x0000000088d00000|  0%| F|  |TAMS 0x0000000088c00000, 0x0000000088c00000| Untracked 
| 141|0x0000000088d00000, 0x0000000088d00000, 0x0000000088e00000|  0%| F|  |TAMS 0x0000000088d00000, 0x0000000088d00000| Untracked 
| 142|0x0000000088e00000, 0x0000000088e00000, 0x0000000088f00000|  0%| F|  |TAMS 0x0000000088e00000, 0x0000000088e00000| Untracked 
| 143|0x0000000088f00000, 0x0000000088f00000, 0x0000000089000000|  0%| F|  |TAMS 0x0000000088f00000, 0x0000000088f00000| Untracked 
| 144|0x0000000089000000, 0x0000000089000000, 0x0000000089100000|  0%| F|  |TAMS 0x0000000089000000, 0x0000000089000000| Untracked 
| 145|0x0000000089100000, 0x0000000089100000, 0x0000000089200000|  0%| F|  |TAMS 0x0000000089100000, 0x0000000089100000| Untracked 
| 146|0x0000000089200000, 0x0000000089200000, 0x0000000089300000|  0%| F|  |TAMS 0x0000000089200000, 0x0000000089200000| Untracked 
| 147|0x0000000089300000, 0x0000000089300000, 0x0000000089400000|  0%| F|  |TAMS 0x0000000089300000, 0x0000000089300000| Untracked 
| 148|0x0000000089400000, 0x0000000089400000, 0x0000000089500000|  0%| F|  |TAMS 0x0000000089400000, 0x0000000089400000| Untracked 
| 149|0x0000000089500000, 0x0000000089500000, 0x0000000089600000|  0%| F|  |TAMS 0x0000000089500000, 0x0000000089500000| Untracked 
| 150|0x0000000089600000, 0x0000000089600000, 0x0000000089700000|  0%| F|  |TAMS 0x0000000089600000, 0x0000000089600000| Untracked 
| 151|0x0000000089700000, 0x0000000089700000, 0x0000000089800000|  0%| F|  |TAMS 0x0000000089700000, 0x0000000089700000| Untracked 
| 152|0x0000000089800000, 0x0000000089800000, 0x0000000089900000|  0%| F|  |TAMS 0x0000000089800000, 0x0000000089800000| Untracked 
| 153|0x0000000089900000, 0x0000000089900000, 0x0000000089a00000|  0%| F|  |TAMS 0x0000000089900000, 0x0000000089900000| Untracked 
| 154|0x0000000089a00000, 0x0000000089a00000, 0x0000000089b00000|  0%| F|  |TAMS 0x0000000089a00000, 0x0000000089a00000| Untracked 
| 155|0x0000000089b00000, 0x0000000089b00000, 0x0000000089c00000|  0%| F|  |TAMS 0x0000000089b00000, 0x0000000089b00000| Untracked 
| 156|0x0000000089c00000, 0x0000000089c00000, 0x0000000089d00000|  0%| F|  |TAMS 0x0000000089c00000, 0x0000000089c00000| Untracked 
| 157|0x0000000089d00000, 0x0000000089d00000, 0x0000000089e00000|  0%| F|  |TAMS 0x0000000089d00000, 0x0000000089d00000| Untracked 
| 158|0x0000000089e00000, 0x0000000089e00000, 0x0000000089f00000|  0%| F|  |TAMS 0x0000000089e00000, 0x0000000089e00000| Untracked 
| 159|0x0000000089f00000, 0x0000000089f8a1d8, 0x000000008a000000| 53%| S|CS|TAMS 0x0000000089f00000, 0x0000000089f00000| Complete 
| 160|0x000000008a000000, 0x000000008a100000, 0x000000008a100000|100%| S|CS|TAMS 0x000000008a000000, 0x000000008a000000| Complete 
| 161|0x000000008a100000, 0x000000008a200000, 0x000000008a200000|100%| S|CS|TAMS 0x000000008a100000, 0x000000008a100000| Complete 
| 162|0x000000008a200000, 0x000000008a300000, 0x000000008a300000|100%| S|CS|TAMS 0x000000008a200000, 0x000000008a200000| Complete 
| 163|0x000000008a300000, 0x000000008a400000, 0x000000008a400000|100%| S|CS|TAMS 0x000000008a300000, 0x000000008a300000| Complete 
| 164|0x000000008a400000, 0x000000008a500000, 0x000000008a500000|100%| S|CS|TAMS 0x000000008a400000, 0x000000008a400000| Complete 
| 165|0x000000008a500000, 0x000000008a600000, 0x000000008a600000|100%| S|CS|TAMS 0x000000008a500000, 0x000000008a500000| Complete 
| 166|0x000000008a600000, 0x000000008a700000, 0x000000008a700000|100%| S|CS|TAMS 0x000000008a600000, 0x000000008a600000| Complete 
| 167|0x000000008a700000, 0x000000008a800000, 0x000000008a800000|100%| S|CS|TAMS 0x000000008a700000, 0x000000008a700000| Complete 
| 168|0x000000008a800000, 0x000000008a800000, 0x000000008a900000|  0%| F|  |TAMS 0x000000008a800000, 0x000000008a800000| Untracked 
| 169|0x000000008a900000, 0x000000008a900000, 0x000000008aa00000|  0%| F|  |TAMS 0x000000008a900000, 0x000000008a900000| Untracked 
| 170|0x000000008aa00000, 0x000000008aa00000, 0x000000008ab00000|  0%| F|  |TAMS 0x000000008aa00000, 0x000000008aa00000| Untracked 
| 171|0x000000008ab00000, 0x000000008ab00000, 0x000000008ac00000|  0%| F|  |TAMS 0x000000008ab00000, 0x000000008ab00000| Untracked 
| 172|0x000000008ac00000, 0x000000008ac00000, 0x000000008ad00000|  0%| F|  |TAMS 0x000000008ac00000, 0x000000008ac00000| Untracked 
| 173|0x000000008ad00000, 0x000000008ad00000, 0x000000008ae00000|  0%| F|  |TAMS 0x000000008ad00000, 0x000000008ad00000| Untracked 
| 174|0x000000008ae00000, 0x000000008ae00000, 0x000000008af00000|  0%| F|  |TAMS 0x000000008ae00000, 0x000000008ae00000| Untracked 
| 175|0x000000008af00000, 0x000000008af80800, 0x000000008b000000| 50%| E|  |TAMS 0x000000008af00000, 0x000000008af00000| Complete 
| 176|0x000000008b000000, 0x000000008b100000, 0x000000008b100000|100%| E|CS|TAMS 0x000000008b000000, 0x000000008b000000| Complete 
| 177|0x000000008b100000, 0x000000008b200000, 0x000000008b200000|100%| E|CS|TAMS 0x000000008b100000, 0x000000008b100000| Complete 
| 178|0x000000008b200000, 0x000000008b300000, 0x000000008b300000|100%| E|CS|TAMS 0x000000008b200000, 0x000000008b200000| Complete 
| 179|0x000000008b300000, 0x000000008b400000, 0x000000008b400000|100%| E|CS|TAMS 0x000000008b300000, 0x000000008b300000| Complete 
| 180|0x000000008b400000, 0x000000008b500000, 0x000000008b500000|100%| E|CS|TAMS 0x000000008b400000, 0x000000008b400000| Complete 
| 181|0x000000008b500000, 0x000000008b600000, 0x000000008b600000|100%| E|CS|TAMS 0x000000008b500000, 0x000000008b500000| Complete 
| 182|0x000000008b600000, 0x000000008b700000, 0x000000008b700000|100%| E|CS|TAMS 0x000000008b600000, 0x000000008b600000| Complete 
| 183|0x000000008b700000, 0x000000008b800000, 0x000000008b800000|100%| E|CS|TAMS 0x000000008b700000, 0x000000008b700000| Complete 
| 184|0x000000008b800000, 0x000000008b900000, 0x000000008b900000|100%| E|CS|TAMS 0x000000008b800000, 0x000000008b800000| Complete 
| 185|0x000000008b900000, 0x000000008ba00000, 0x000000008ba00000|100%| E|CS|TAMS 0x000000008b900000, 0x000000008b900000| Complete 
| 186|0x000000008ba00000, 0x000000008bb00000, 0x000000008bb00000|100%| E|CS|TAMS 0x000000008ba00000, 0x000000008ba00000| Complete 
| 187|0x000000008bb00000, 0x000000008bc00000, 0x000000008bc00000|100%| E|CS|TAMS 0x000000008bb00000, 0x000000008bb00000| Complete 
| 188|0x000000008bc00000, 0x000000008bd00000, 0x000000008bd00000|100%| E|CS|TAMS 0x000000008bc00000, 0x000000008bc00000| Complete 
| 189|0x000000008bd00000, 0x000000008be00000, 0x000000008be00000|100%| E|CS|TAMS 0x000000008bd00000, 0x000000008bd00000| Complete 
| 190|0x000000008be00000, 0x000000008bf00000, 0x000000008bf00000|100%| E|CS|TAMS 0x000000008be00000, 0x000000008be00000| Complete 
| 191|0x000000008bf00000, 0x000000008c000000, 0x000000008c000000|100%| E|CS|TAMS 0x000000008bf00000, 0x000000008bf00000| Complete 
| 192|0x000000008c000000, 0x000000008c100000, 0x000000008c100000|100%| E|CS|TAMS 0x000000008c000000, 0x000000008c000000| Complete 
| 193|0x000000008c100000, 0x000000008c200000, 0x000000008c200000|100%| E|CS|TAMS 0x000000008c100000, 0x000000008c100000| Complete 
| 194|0x000000008c200000, 0x000000008c300000, 0x000000008c300000|100%| E|CS|TAMS 0x000000008c200000, 0x000000008c200000| Complete 
| 195|0x000000008c300000, 0x000000008c400000, 0x000000008c400000|100%| E|CS|TAMS 0x000000008c300000, 0x000000008c300000| Complete 
| 196|0x000000008c400000, 0x000000008c500000, 0x000000008c500000|100%| E|CS|TAMS 0x000000008c400000, 0x000000008c400000| Complete 
| 197|0x000000008c500000, 0x000000008c600000, 0x000000008c600000|100%| E|CS|TAMS 0x000000008c500000, 0x000000008c500000| Complete 
| 198|0x000000008c600000, 0x000000008c700000, 0x000000008c700000|100%| E|CS|TAMS 0x000000008c600000, 0x000000008c600000| Complete 
| 199|0x000000008c700000, 0x000000008c800000, 0x000000008c800000|100%| E|CS|TAMS 0x000000008c700000, 0x000000008c700000| Complete 
| 200|0x000000008c800000, 0x000000008c900000, 0x000000008c900000|100%| E|CS|TAMS 0x000000008c800000, 0x000000008c800000| Complete 
| 201|0x000000008c900000, 0x000000008ca00000, 0x000000008ca00000|100%| E|CS|TAMS 0x000000008c900000, 0x000000008c900000| Complete 
| 202|0x000000008ca00000, 0x000000008cb00000, 0x000000008cb00000|100%| E|CS|TAMS 0x000000008ca00000, 0x000000008ca00000| Complete 
| 203|0x000000008cb00000, 0x000000008cc00000, 0x000000008cc00000|100%| E|CS|TAMS 0x000000008cb00000, 0x000000008cb00000| Complete 
| 204|0x000000008cc00000, 0x000000008cd00000, 0x000000008cd00000|100%| E|CS|TAMS 0x000000008cc00000, 0x000000008cc00000| Complete 
| 205|0x000000008cd00000, 0x000000008ce00000, 0x000000008ce00000|100%| E|CS|TAMS 0x000000008cd00000, 0x000000008cd00000| Complete 
| 206|0x000000008ce00000, 0x000000008cf00000, 0x000000008cf00000|100%| E|CS|TAMS 0x000000008ce00000, 0x000000008ce00000| Complete 
| 207|0x000000008cf00000, 0x000000008d000000, 0x000000008d000000|100%| E|CS|TAMS 0x000000008cf00000, 0x000000008cf00000| Complete 
| 208|0x000000008d000000, 0x000000008d100000, 0x000000008d100000|100%| E|CS|TAMS 0x000000008d000000, 0x000000008d000000| Complete 
| 209|0x000000008d100000, 0x000000008d200000, 0x000000008d200000|100%| E|CS|TAMS 0x000000008d100000, 0x000000008d100000| Complete 
| 210|0x000000008d200000, 0x000000008d300000, 0x000000008d300000|100%| E|CS|TAMS 0x000000008d200000, 0x000000008d200000| Complete 
| 211|0x000000008d300000, 0x000000008d400000, 0x000000008d400000|100%| E|CS|TAMS 0x000000008d300000, 0x000000008d300000| Complete 
| 212|0x000000008d400000, 0x000000008d500000, 0x000000008d500000|100%| E|CS|TAMS 0x000000008d400000, 0x000000008d400000| Complete 
| 213|0x000000008d500000, 0x000000008d600000, 0x000000008d600000|100%| E|CS|TAMS 0x000000008d500000, 0x000000008d500000| Complete 
| 214|0x000000008d600000, 0x000000008d700000, 0x000000008d700000|100%| E|CS|TAMS 0x000000008d600000, 0x000000008d600000| Complete 
| 215|0x000000008d700000, 0x000000008d800000, 0x000000008d800000|100%| E|CS|TAMS 0x000000008d700000, 0x000000008d700000| Complete 
| 216|0x000000008d800000, 0x000000008d900000, 0x000000008d900000|100%| E|CS|TAMS 0x000000008d800000, 0x000000008d800000| Complete 
| 217|0x000000008d900000, 0x000000008da00000, 0x000000008da00000|100%| E|CS|TAMS 0x000000008d900000, 0x000000008d900000| Complete 
| 218|0x000000008da00000, 0x000000008db00000, 0x000000008db00000|100%| E|CS|TAMS 0x000000008da00000, 0x000000008da00000| Complete 
| 219|0x000000008db00000, 0x000000008dc00000, 0x000000008dc00000|100%| E|CS|TAMS 0x000000008db00000, 0x000000008db00000| Complete 
| 220|0x000000008dc00000, 0x000000008dd00000, 0x000000008dd00000|100%| E|CS|TAMS 0x000000008dc00000, 0x000000008dc00000| Complete 
| 221|0x000000008dd00000, 0x000000008de00000, 0x000000008de00000|100%| E|CS|TAMS 0x000000008dd00000, 0x000000008dd00000| Complete 
| 222|0x000000008de00000, 0x000000008df00000, 0x000000008df00000|100%| E|CS|TAMS 0x000000008de00000, 0x000000008de00000| Complete 
| 223|0x000000008df00000, 0x000000008e000000, 0x000000008e000000|100%| E|CS|TAMS 0x000000008df00000, 0x000000008df00000| Complete 
| 224|0x000000008e000000, 0x000000008e100000, 0x000000008e100000|100%| E|CS|TAMS 0x000000008e000000, 0x000000008e000000| Complete 
| 225|0x000000008e100000, 0x000000008e200000, 0x000000008e200000|100%| E|CS|TAMS 0x000000008e100000, 0x000000008e100000| Complete 
| 226|0x000000008e200000, 0x000000008e300000, 0x000000008e300000|100%| E|CS|TAMS 0x000000008e200000, 0x000000008e200000| Complete 
| 227|0x000000008e300000, 0x000000008e400000, 0x000000008e400000|100%| E|CS|TAMS 0x000000008e300000, 0x000000008e300000| Complete 
| 228|0x000000008e400000, 0x000000008e500000, 0x000000008e500000|100%| E|CS|TAMS 0x000000008e400000, 0x000000008e400000| Complete 
| 229|0x000000008e500000, 0x000000008e600000, 0x000000008e600000|100%| E|CS|TAMS 0x000000008e500000, 0x000000008e500000| Complete 
| 230|0x000000008e600000, 0x000000008e700000, 0x000000008e700000|100%| E|CS|TAMS 0x000000008e600000, 0x000000008e600000| Complete 
| 231|0x000000008e700000, 0x000000008e800000, 0x000000008e800000|100%| E|CS|TAMS 0x000000008e700000, 0x000000008e700000| Complete 
| 232|0x000000008e800000, 0x000000008e900000, 0x000000008e900000|100%| E|CS|TAMS 0x000000008e800000, 0x000000008e800000| Complete 
| 233|0x000000008e900000, 0x000000008ea00000, 0x000000008ea00000|100%| E|CS|TAMS 0x000000008e900000, 0x000000008e900000| Complete 
| 234|0x000000008ea00000, 0x000000008eb00000, 0x000000008eb00000|100%| E|CS|TAMS 0x000000008ea00000, 0x000000008ea00000| Complete 
| 235|0x000000008eb00000, 0x000000008ec00000, 0x000000008ec00000|100%| E|CS|TAMS 0x000000008eb00000, 0x000000008eb00000| Complete 
| 236|0x000000008ec00000, 0x000000008ed00000, 0x000000008ed00000|100%| E|CS|TAMS 0x000000008ec00000, 0x000000008ec00000| Complete 
| 237|0x000000008ed00000, 0x000000008ee00000, 0x000000008ee00000|100%| E|CS|TAMS 0x000000008ed00000, 0x000000008ed00000| Complete 
| 238|0x000000008ee00000, 0x000000008ef00000, 0x000000008ef00000|100%| E|CS|TAMS 0x000000008ee00000, 0x000000008ee00000| Complete 
| 239|0x000000008ef00000, 0x000000008f000000, 0x000000008f000000|100%| E|CS|TAMS 0x000000008ef00000, 0x000000008ef00000| Complete 
| 240|0x000000008f000000, 0x000000008f100000, 0x000000008f100000|100%| E|CS|TAMS 0x000000008f000000, 0x000000008f000000| Complete 
| 241|0x000000008f100000, 0x000000008f200000, 0x000000008f200000|100%| E|CS|TAMS 0x000000008f100000, 0x000000008f100000| Complete 
| 242|0x000000008f200000, 0x000000008f300000, 0x000000008f300000|100%| E|CS|TAMS 0x000000008f200000, 0x000000008f200000| Complete 
| 243|0x000000008f300000, 0x000000008f400000, 0x000000008f400000|100%| E|CS|TAMS 0x000000008f300000, 0x000000008f300000| Complete 
| 244|0x000000008f400000, 0x000000008f500000, 0x000000008f500000|100%| E|CS|TAMS 0x000000008f400000, 0x000000008f400000| Complete 
| 245|0x000000008f500000, 0x000000008f600000, 0x000000008f600000|100%| E|CS|TAMS 0x000000008f500000, 0x000000008f500000| Complete 
| 246|0x000000008f600000, 0x000000008f700000, 0x000000008f700000|100%| E|CS|TAMS 0x000000008f600000, 0x000000008f600000| Complete 
| 247|0x000000008f700000, 0x000000008f800000, 0x000000008f800000|100%| E|CS|TAMS 0x000000008f700000, 0x000000008f700000| Complete 
| 248|0x000000008f800000, 0x000000008f900000, 0x000000008f900000|100%| E|CS|TAMS 0x000000008f800000, 0x000000008f800000| Complete 
| 249|0x000000008f900000, 0x000000008fa00000, 0x000000008fa00000|100%| E|CS|TAMS 0x000000008f900000, 0x000000008f900000| Complete 
| 250|0x000000008fa00000, 0x000000008fb00000, 0x000000008fb00000|100%| E|CS|TAMS 0x000000008fa00000, 0x000000008fa00000| Complete 
| 251|0x000000008fb00000, 0x000000008fc00000, 0x000000008fc00000|100%| E|CS|TAMS 0x000000008fb00000, 0x000000008fb00000| Complete 
| 252|0x000000008fc00000, 0x000000008fd00000, 0x000000008fd00000|100%| E|CS|TAMS 0x000000008fc00000, 0x000000008fc00000| Complete 
| 253|0x000000008fd00000, 0x000000008fe00000, 0x000000008fe00000|100%| E|CS|TAMS 0x000000008fd00000, 0x000000008fd00000| Complete 
| 254|0x000000008fe00000, 0x000000008ff00000, 0x000000008ff00000|100%| E|CS|TAMS 0x000000008fe00000, 0x000000008fe00000| Complete 
| 255|0x000000008ff00000, 0x0000000090000000, 0x0000000090000000|100%| E|CS|TAMS 0x000000008ff00000, 0x000000008ff00000| Complete 

Card table byte_map: [0x000001721b760000,0x000001721bb60000] _byte_map_base: 0x000001721b360000

Marking Bits (Prev, Next): (CMBitMap*) 0x000001720857eab8, (CMBitMap*) 0x000001720857eaf0
 Prev Bits: [0x000001721bf60000, 0x000001721df60000)
 Next Bits: [0x000001721df60000, 0x000001721ff60000)

Polling page: 0x0000017206410000

Metaspace:

Usage:
  Non-class:     60.65 MB capacity,    59.55 MB ( 98%) used,   953.36 KB (  2%) free+waste,   174.88 KB ( <1%) overhead. 
      Class:      9.50 MB capacity,     8.89 MB ( 94%) used,   533.30 KB (  5%) free+waste,    82.06 KB ( <1%) overhead. 
       Both:     70.15 MB capacity,    68.44 MB ( 98%) used,     1.45 MB (  2%) free+waste,   256.94 KB ( <1%) overhead. 

Virtual space:
  Non-class space:       62.00 MB reserved,      60.75 MB ( 98%) committed 
      Class space:        1.00 GB reserved,       9.57 MB ( <1%) committed 
             Both:        1.06 GB reserved,      70.32 MB (  6%) committed 

Chunk freelists:
   Non-Class:  32.00 KB
       Class:  3.00 KB
        Both:  35.00 KB

MaxMetaspaceSize: 17179869184.00 GB
CompressedClassSpaceSize: 1.00 GB

CodeHeap 'non-profiled nmethods': size=120000Kb used=4301Kb max_used=4301Kb free=115698Kb
 bounds [0x0000017213b00000, 0x0000017213f40000, 0x000001721b030000]
CodeHeap 'profiled nmethods': size=120000Kb used=14689Kb max_used=14689Kb free=105310Kb
 bounds [0x000001720c5d0000, 0x000001720d430000, 0x0000017213b00000]
CodeHeap 'non-nmethods': size=5760Kb used=2268Kb max_used=2320Kb free=3491Kb
 bounds [0x000001720c030000, 0x000001720c2a0000, 0x000001720c5d0000]
 total_blobs=7834 nmethods=6973 adapters=770
 compilation: enabled
              stopped_count=0, restarted_count=0
 full_count=0

Compilation events (20 events):
Event: 8.235 Thread 0x0000017223283800 nmethod 6947 0x000001720d402390 code [0x000001720d402560, 0x000001720d4027f8]
Event: 8.235 Thread 0x0000017223283800 6948       3       org.gradle.internal.reflect.annotations.impl.DefaultTypeAnnotationMetadataStore::lambda$convertMethodToPropertyBuilders$4 (8 bytes)
Event: 8.235 Thread 0x0000017223283800 nmethod 6948 0x000001720d402910 code [0x000001720d402ac0, 0x000001720d402bf8]
Event: 8.235 Thread 0x0000017223283800 6945       3       com.google.common.collect.RegularImmutableMap$KeysOrValuesAsList::<init> (20 bytes)
Event: 8.235 Thread 0x0000017223283800 nmethod 6945 0x000001720d402d10 code [0x000001720d402ee0, 0x000001720d4031b8]
Event: 8.235 Thread 0x0000017223283800 6949       3       com.google.common.collect.CompactHashMap$Itr::next (53 bytes)
Event: 8.236 Thread 0x0000017223283800 nmethod 6949 0x000001720d403310 code [0x000001720d403520, 0x000001720d403b78]
Event: 8.236 Thread 0x0000017223283800 6950       3       com.google.common.collect.CompactHashMap::entrySet (24 bytes)
Event: 8.236 Thread 0x0000017223283800 nmethod 6950 0x000001720d403d90 code [0x000001720d403f80, 0x000001720d404458]
Event: 8.236 Thread 0x0000017223283800 6951       3       com.google.common.collect.CompactHashMap::createEntrySet (9 bytes)
Event: 8.236 Thread 0x0000017223283800 nmethod 6951 0x000001720d404610 code [0x000001720d4047e0, 0x000001720d404b18]
Event: 8.236 Thread 0x0000017223283800 6952       3       com.google.common.collect.ArrayListMultimap::get (6 bytes)
Event: 8.237 Thread 0x0000017223283800 nmethod 6952 0x000001720d404c90 code [0x000001720d404ec0, 0x000001720d405808]
Event: 8.237 Thread 0x0000017223283800 6953       3       com.google.common.collect.AbstractListMultimap::get (9 bytes)
Event: 8.237 Thread 0x0000017223283800 nmethod 6953 0x000001720d405a90 code [0x000001720d405ca0, 0x000001720d4064c8]
Event: 8.237 Thread 0x0000017223283800 6954       3       com.google.common.collect.HashMultimap::create (8 bytes)
Event: 8.238 Thread 0x0000017223283800 nmethod 6954 0x000001720d406690 code [0x000001720d406920, 0x000001720d407418]
Event: 8.238 Thread 0x0000017223283800 6956       3       com.google.common.collect.ComparatorOrdering::compare (12 bytes)
Event: 8.238 Thread 0x0000017223283800 nmethod 6956 0x000001720d407810 code [0x000001720d4079c0, 0x000001720d407b88]
Event: 8.238 Thread 0x0000017223283800 6955       3       com.google.common.collect.HashMultimap::<init> (8 bytes)

GC Heap History (16 events):
Event: 0.680 GC heap before
{Heap before GC invocations=0 (full 0):
 garbage-first heap   total 262144K, used 29696K [0x0000000080000000, 0x0000000100000000)
  region size 1024K, 24 young (24576K), 0 survivors (0K)
 Metaspace       used 9804K, capacity 9990K, committed 10112K, reserved 1058816K
  class space    used 1022K, capacity 1102K, committed 1152K, reserved 1048576K
}
Event: 0.685 GC heap after
{Heap after GC invocations=1 (full 0):
 garbage-first heap   total 262144K, used 9155K [0x0000000080000000, 0x0000000100000000)
  region size 1024K, 3 young (3072K), 3 survivors (3072K)
 Metaspace       used 9804K, capacity 9990K, committed 10112K, reserved 1058816K
  class space    used 1022K, capacity 1102K, committed 1152K, reserved 1048576K
}
Event: 2.251 GC heap before
{Heap before GC invocations=1 (full 0):
 garbage-first heap   total 262144K, used 104387K [0x0000000080000000, 0x0000000100000000)
  region size 1024K, 97 young (99328K), 3 survivors (3072K)
 Metaspace       used 20592K, capacity 21122K, committed 21248K, reserved 1067008K
  class space    used 2519K, capacity 2720K, committed 2816K, reserved 1048576K
}
Event: 2.260 GC heap after
{Heap after GC invocations=2 (full 0):
 garbage-first heap   total 262144K, used 16522K [0x0000000080000000, 0x0000000100000000)
  region size 1024K, 11 young (11264K), 11 survivors (11264K)
 Metaspace       used 20592K, capacity 21122K, committed 21248K, reserved 1067008K
  class space    used 2519K, capacity 2720K, committed 2816K, reserved 1048576K
}
Event: 2.792 GC heap before
{Heap before GC invocations=3 (full 0):
 garbage-first heap   total 262144K, used 77962K [0x0000000080000000, 0x0000000100000000)
  region size 1024K, 71 young (72704K), 11 survivors (11264K)
 Metaspace       used 26471K, capacity 27134K, committed 27392K, reserved 1073152K
  class space    used 3493K, capacity 3753K, committed 3840K, reserved 1048576K
}
Event: 2.798 GC heap after
{Heap after GC invocations=4 (full 0):
 garbage-first heap   total 262144K, used 18751K [0x0000000080000000, 0x0000000100000000)
  region size 1024K, 3 young (3072K), 3 survivors (3072K)
 Metaspace       used 26471K, capacity 27134K, committed 27392K, reserved 1073152K
  class space    used 3493K, capacity 3753K, committed 3840K, reserved 1048576K
}
Event: 3.468 GC heap before
{Heap before GC invocations=4 (full 0):
 garbage-first heap   total 262144K, used 65855K [0x0000000080000000, 0x0000000100000000)
  region size 1024K, 51 young (52224K), 3 survivors (3072K)
 Metaspace       used 35003K, capacity 35834K, committed 35840K, reserved 1081344K
  class space    used 4538K, capacity 4864K, committed 4864K, reserved 1048576K
}
Event: 3.476 GC heap after
{Heap after GC invocations=5 (full 0):
 garbage-first heap   total 262144K, used 21774K [0x0000000080000000, 0x0000000100000000)
  region size 1024K, 6 young (6144K), 6 survivors (6144K)
 Metaspace       used 35003K, capacity 35834K, committed 35840K, reserved 1081344K
  class space    used 4538K, capacity 4864K, committed 4864K, reserved 1048576K
}
Event: 4.677 GC heap before
{Heap before GC invocations=6 (full 0):
 garbage-first heap   total 262144K, used 141582K [0x0000000080000000, 0x0000000100000000)
  region size 1024K, 120 young (122880K), 6 survivors (6144K)
 Metaspace       used 43816K, capacity 44910K, committed 45004K, reserved 1087488K
  class space    used 5617K, capacity 6003K, committed 6092K, reserved 1048576K
}
Event: 4.691 GC heap after
{Heap after GC invocations=7 (full 0):
 garbage-first heap   total 262144K, used 28914K [0x0000000080000000, 0x0000000100000000)
  region size 1024K, 13 young (13312K), 13 survivors (13312K)
 Metaspace       used 43816K, capacity 44910K, committed 45004K, reserved 1087488K
  class space    used 5617K, capacity 6003K, committed 6092K, reserved 1048576K
}
Event: 6.274 GC heap before
{Heap before GC invocations=7 (full 0):
 garbage-first heap   total 262144K, used 173298K [0x0000000080000000, 0x0000000100000000)
  region size 1024K, 148 young (151552K), 13 survivors (13312K)
 Metaspace       used 56308K, capacity 57640K, committed 57932K, reserved 1099776K
  class space    used 7159K, capacity 7645K, committed 7756K, reserved 1048576K
}
Event: 6.288 GC heap after
{Heap after GC invocations=8 (full 0):
 garbage-first heap   total 262144K, used 47414K [0x0000000080000000, 0x0000000100000000)
  region size 1024K, 19 young (19456K), 19 survivors (19456K)
 Metaspace       used 56308K, capacity 57640K, committed 57932K, reserved 1099776K
  class space    used 7159K, capacity 7645K, committed 7756K, reserved 1048576K
}
Event: 6.444 GC heap before
{Heap before GC invocations=8 (full 0):
 garbage-first heap   total 262144K, used 58678K [0x0000000080000000, 0x0000000100000000)
  region size 1024K, 31 young (31744K), 19 survivors (19456K)
 Metaspace       used 58610K, capacity 60137K, committed 60236K, reserved 1101824K
  class space    used 7443K, capacity 7987K, committed 8012K, reserved 1048576K
}
Event: 6.464 GC heap after
{Heap after GC invocations=9 (full 0):
 garbage-first heap   total 262144K, used 51078K [0x0000000080000000, 0x0000000100000000)
  region size 1024K, 3 young (3072K), 3 survivors (3072K)
 Metaspace       used 58610K, capacity 60137K, committed 60236K, reserved 1101824K
  class space    used 7443K, capacity 7987K, committed 8012K, reserved 1048576K
}
Event: 7.195 GC heap before
{Heap before GC invocations=10 (full 0):
 garbage-first heap   total 262144K, used 138118K [0x0000000080000000, 0x0000000100000000)
  region size 1024K, 88 young (90112K), 3 survivors (3072K)
 Metaspace       used 63761K, capacity 65428K, committed 65612K, reserved 1105920K
  class space    used 8122K, capacity 8709K, committed 8780K, reserved 1048576K
}
Event: 7.210 GC heap after
{Heap after GC invocations=11 (full 0):
 garbage-first heap   total 262144K, used 56750K [0x0000000080000000, 0x0000000100000000)
  region size 1024K, 9 young (9216K), 9 survivors (9216K)
 Metaspace       used 63761K, capacity 65428K, committed 65612K, reserved 1105920K
  class space    used 8122K, capacity 8709K, committed 8780K, reserved 1048576K
}

Deoptimization events (20 events):
Event: 8.135 Thread 0x0000017225b9a000 Uncommon trap: trap_request=0xffffffc6 fr.pc=0x0000017213dc3aa8 relative=0x00000000000001e8
Event: 8.135 Thread 0x0000017225b9a000 Uncommon trap: reason=bimorphic_or_optimized_type_check action=maybe_recompile pc=0x0000017213dc3aa8 method=com.google.common.base.Objects.equal(Ljava/lang/Object;Ljava/lang/Object;)Z @ 11 c2
Event: 8.135 Thread 0x0000017225b9a000 DEOPT PACKING pc=0x0000017213dc3aa8 sp=0x0000001bc7dfa9a0
Event: 8.135 Thread 0x0000017225b9a000 DEOPT UNPACKING pc=0x000001720c0578af sp=0x0000001bc7dfa948 mode 2
Event: 8.135 Thread 0x0000017225b9a000 Uncommon trap: trap_request=0xffffffc6 fr.pc=0x0000017213dc3aa8 relative=0x00000000000001e8
Event: 8.135 Thread 0x0000017225b9a000 Uncommon trap: reason=bimorphic_or_optimized_type_check action=maybe_recompile pc=0x0000017213dc3aa8 method=com.google.common.base.Objects.equal(Ljava/lang/Object;Ljava/lang/Object;)Z @ 11 c2
Event: 8.135 Thread 0x0000017225b9a000 DEOPT PACKING pc=0x0000017213dc3aa8 sp=0x0000001bc7dfa9a0
Event: 8.135 Thread 0x0000017225b9a000 DEOPT UNPACKING pc=0x000001720c0578af sp=0x0000001bc7dfa948 mode 2
Event: 8.135 Thread 0x0000017225b9a000 Uncommon trap: trap_request=0xffffffc6 fr.pc=0x0000017213dc3aa8 relative=0x00000000000001e8
Event: 8.135 Thread 0x0000017225b9a000 Uncommon trap: reason=bimorphic_or_optimized_type_check action=maybe_recompile pc=0x0000017213dc3aa8 method=com.google.common.base.Objects.equal(Ljava/lang/Object;Ljava/lang/Object;)Z @ 11 c2
Event: 8.135 Thread 0x0000017225b9a000 DEOPT PACKING pc=0x0000017213dc3aa8 sp=0x0000001bc7dfa9a0
Event: 8.135 Thread 0x0000017225b9a000 DEOPT UNPACKING pc=0x000001720c0578af sp=0x0000001bc7dfa948 mode 2
Event: 8.215 Thread 0x0000017225b9a000 Uncommon trap: trap_request=0xffffff4d fr.pc=0x0000017213d3fd28 relative=0x00000000000000c8
Event: 8.215 Thread 0x0000017225b9a000 Uncommon trap: reason=unstable_if action=reinterpret pc=0x0000017213d3fd28 method=java.io.WinNTFileSystem.normalize(Ljava/lang/String;)Ljava/lang/String; @ 74 c2
Event: 8.215 Thread 0x0000017225b9a000 DEOPT PACKING pc=0x0000017213d3fd28 sp=0x0000001bc7df9c60
Event: 8.215 Thread 0x0000017225b9a000 DEOPT UNPACKING pc=0x000001720c0578af sp=0x0000001bc7df9bd8 mode 2
Event: 8.215 Thread 0x0000017225b9a000 Uncommon trap: trap_request=0xffffff4d fr.pc=0x0000017213ce2e7c relative=0x000000000000161c
Event: 8.215 Thread 0x0000017225b9a000 Uncommon trap: reason=unstable_if action=reinterpret pc=0x0000017213ce2e7c method=java.io.WinNTFileSystem.normalize(Ljava/lang/String;II)Ljava/lang/String; @ 100 c2
Event: 8.215 Thread 0x0000017225b9a000 DEOPT PACKING pc=0x0000017213ce2e7c sp=0x0000001bc7df9b30
Event: 8.215 Thread 0x0000017225b9a000 DEOPT UNPACKING pc=0x000001720c0578af sp=0x0000001bc7df9b38 mode 2

Classes redefined (0 events):
No events

Internal exceptions (20 events):
Event: 8.035 Thread 0x0000017225b9a000 Exception <a 'java/lang/ClassNotFoundException'{0x000000008c7bdd88}: com/google/android/gms/dependencies/DependencyInspectorBeanInfo> (0x000000008c7bdd88) thrown at [./src/hotspot/share/classfile/systemDictionary.cpp, line 231]
Event: 8.036 Thread 0x0000017225b9a000 Exception <a 'java/lang/ClassNotFoundException'{0x000000008c7d84d0}: com/google/android/gms/dependencies/DependencyInspectorCustomizer> (0x000000008c7d84d0) thrown at [./src/hotspot/share/classfile/systemDictionary.cpp, line 231]
Event: 8.043 Thread 0x0000017225b9a000 Exception <a 'java/lang/ClassNotFoundException'{0x000000008c470698}: org/gradle/api/internal/artifacts/configurations/DefaultConfigurationContainer_DecoratedBeanInfo> (0x000000008c470698) thrown at [./src/hotspot/share/classfile/systemDictionary.cpp, line 231]
Event: 8.044 Thread 0x0000017225b9a000 Exception <a 'java/lang/ClassNotFoundException'{0x000000008c49afa8}: org/gradle/api/internal/artifacts/configurations/DefaultConfigurationContainerBeanInfo> (0x000000008c49afa8) thrown at [./src/hotspot/share/classfile/systemDictionary.cpp, line 231]
Event: 8.044 Thread 0x0000017225b9a000 Exception <a 'java/lang/ClassNotFoundException'{0x000000008c4b56c8}: org/gradle/api/internal/AbstractValidatingNamedDomainObjectContainerBeanInfo> (0x000000008c4b56c8) thrown at [./src/hotspot/share/classfile/systemDictionary.cpp, line 231]
Event: 8.045 Thread 0x0000017225b9a000 Exception <a 'java/lang/ClassNotFoundException'{0x000000008c4cff88}: org/gradle/api/internal/AbstractValidatingNamedDomainObjectContainerCustomizer> (0x000000008c4cff88) thrown at [./src/hotspot/share/classfile/systemDictionary.cpp, line 231]
Event: 8.046 Thread 0x0000017225b9a000 Exception <a 'java/lang/ClassNotFoundException'{0x000000008c3058d0}: org/gradle/api/internal/artifacts/configurations/DefaultConfigurationContainerCustomizer> (0x000000008c3058d0) thrown at [./src/hotspot/share/classfile/systemDictionary.cpp, line 231]
Event: 8.048 Thread 0x0000017225b9a000 Exception <a 'java/lang/ClassNotFoundException'{0x000000008c346168}: org/gradle/api/internal/artifacts/configurations/DefaultConfigurationContainer_DecoratedCustomizer> (0x000000008c346168) thrown at [./src/hotspot/share/classfile/systemDictionary.cpp, line 231]
Event: 8.064 Thread 0x0000017225b9a000 Exception <a 'java/lang/ClassNotFoundException'{0x000000008c1c5498}: org/gradle/api/internal/artifacts/configurations/DefaultConfiguration_DecoratedBeanInfo> (0x000000008c1c5498) thrown at [./src/hotspot/share/classfile/systemDictionary.cpp, line 231]
Event: 8.065 Thread 0x0000017225b9a000 Exception <a 'java/lang/ClassNotFoundException'{0x000000008c1eedd8}: org/gradle/api/internal/artifacts/configurations/DefaultConfigurationBeanInfo> (0x000000008c1eedd8) thrown at [./src/hotspot/share/classfile/systemDictionary.cpp, line 231]
Event: 8.065 Thread 0x0000017225b9a000 Exception <a 'java/lang/ClassNotFoundException'{0x000000008c008858}: org/gradle/api/internal/file/AbstractFileCollectionBeanInfo> (0x000000008c008858) thrown at [./src/hotspot/share/classfile/systemDictionary.cpp, line 231]
Event: 8.066 Thread 0x0000017225b9a000 Exception <a 'java/lang/ClassNotFoundException'{0x000000008c021e88}: org/gradle/api/internal/file/AbstractFileCollectionCustomizer> (0x000000008c021e88) thrown at [./src/hotspot/share/classfile/systemDictionary.cpp, line 231]
Event: 8.067 Thread 0x0000017225b9a000 Exception <a 'java/lang/ClassNotFoundException'{0x000000008c05d818}: org/gradle/api/internal/artifacts/configurations/DefaultConfigurationCustomizer> (0x000000008c05d818) thrown at [./src/hotspot/share/classfile/systemDictionary.cpp, line 231]
Event: 8.069 Thread 0x0000017225b9a000 Exception <a 'java/lang/ClassNotFoundException'{0x000000008c0d88a0}: org/gradle/api/internal/artifacts/configurations/DefaultConfiguration_DecoratedCustomizer> (0x000000008c0d88a0) thrown at [./src/hotspot/share/classfile/systemDictionary.cpp, line 231]
Event: 8.078 Thread 0x0000017225b9a000 Exception <a 'java/lang/ClassNotFoundException'{0x000000008bd610f0}: org/codehaus/groovy/runtime/MethodClosureBeanInfo> (0x000000008bd610f0) thrown at [./src/hotspot/share/classfile/systemDictionary.cpp, line 231]
Event: 8.081 Thread 0x0000017225b9a000 Exception <a 'java/lang/ClassNotFoundException'{0x000000008bb39968}: org/codehaus/groovy/runtime/MethodClosureCustomizer> (0x000000008bb39968) thrown at [./src/hotspot/share/classfile/systemDictionary.cpp, line 231]
Event: 8.084 Thread 0x0000017225b9a000 Exception <a 'java/lang/ClassNotFoundException'{0x000000008bba2688}: org/gradle/api/internal/artifacts/configurations/DefaultConfiguration$ConfigurationResolvableDependencies_DecoratedBeanInfo> (0x000000008bba2688) thrown at [./src/hotspot/share/classfile/systemDictionary.cpp, line 231]
Event: 8.085 Thread 0x0000017225b9a000 Exception <a 'java/lang/ClassNotFoundException'{0x000000008bbd42a8}: org/gradle/api/internal/artifacts/configurations/DefaultConfiguration$ConfigurationResolvableDependenciesBeanInfo> (0x000000008bbd42a8) thrown at [./src/hotspot/share/classfile/systemDictionary.cpp, line 231]
Event: 8.086 Thread 0x0000017225b9a000 Exception <a 'java/lang/ClassNotFoundException'{0x000000008ba07d08}: org/gradle/api/internal/artifacts/configurations/DefaultConfiguration$ConfigurationResolvableDependenciesCustomizer> (0x000000008ba07d08) thrown at [./src/hotspot/share/classfile/systemDictionary.cpp, line 231]
Event: 8.087 Thread 0x0000017225b9a000 Exception <a 'java/lang/ClassNotFoundException'{0x000000008ba4c800}: org/gradle/api/internal/artifacts/configurations/DefaultConfiguration$ConfigurationResolvableDependencies_DecoratedCustomizer> (0x000000008ba4c800) thrown at [./src/hotspot/share/classfile/systemDictionary.cpp, line 231]

Events (20 events):
Event: 8.218 loading class com/google/common/collect/AbstractMultimap$Values
Event: 8.218 loading class com/google/common/collect/AbstractMultimap$Values done
Event: 8.220 loading class org/gradle/api/internal/tasks/properties/bean/AbstractNestedRuntimeBeanNode$BeanPropertyValue
Event: 8.220 loading class org/gradle/api/internal/tasks/properties/bean/AbstractNestedRuntimeBeanNode$BeanPropertyValue done
Event: 8.221 loading class org/gradle/api/internal/tasks/properties/bean/AbstractNestedRuntimeBeanNode$BeanPropertyValue$1
Event: 8.221 loading class org/gradle/api/internal/tasks/properties/bean/AbstractNestedRuntimeBeanNode$BeanPropertyValue$1 done
Event: 8.221 loading class org/gradle/api/internal/tasks/properties/bean/AbstractNestedRuntimeBeanNode$1
Event: 8.221 loading class org/gradle/api/internal/tasks/properties/bean/AbstractNestedRuntimeBeanNode$1 done
Event: 8.221 loading class org/gradle/api/internal/tasks/properties/OutputFilePropertyType
Event: 8.221 loading class org/gradle/api/internal/tasks/properties/OutputFilePropertyType done
Event: 8.222 loading class org/gradle/internal/file/TreeType
Event: 8.222 loading class org/gradle/internal/file/TreeType done
Event: 8.226 loading class org/gradle/api/internal/file/FileCollectionInternal
Event: 8.226 loading class org/gradle/api/internal/file/FileCollectionInternal done
Event: 8.226 loading class org/gradle/api/internal/tasks/TaskDependencyResolveContext
Event: 8.226 loading class org/gradle/api/internal/tasks/TaskDependencyResolveContext done
Event: 8.226 loading class org/gradle/api/internal/file/collections/UnpackingVisitor
Event: 8.226 loading class org/gradle/api/internal/file/collections/UnpackingVisitor done
Event: 8.228 loading class org/gradle/api/internal/tasks/properties/bean/AbstractNestedRuntimeBeanNode$BeanPropertyValue$1$1
Event: 8.228 loading class org/gradle/api/internal/tasks/properties/bean/AbstractNestedRuntimeBeanNode$BeanPropertyValue$1$1 done


Dynamic libraries:
0x00007ff7e7050000 - 0x00007ff7e705a000 	C:\Program Files\Android\Android Studio\jre\bin\java.exe
0x00007ffb21970000 - 0x00007ffb21b65000 	C:\WINDOWS\SYSTEM32\ntdll.dll
0x00007ffb21870000 - 0x00007ffb2192e000 	C:\WINDOWS\System32\KERNEL32.DLL
0x00007ffb1f090000 - 0x00007ffb1f359000 	C:\WINDOWS\System32\KERNELBASE.dll
0x00007ffb1f600000 - 0x00007ffb1f700000 	C:\WINDOWS\System32\ucrtbase.dll
0x00007ffb19560000 - 0x00007ffb19579000 	C:\Program Files\Android\Android Studio\jre\bin\jli.dll
0x00007ffb194c0000 - 0x00007ffb194d7000 	C:\Program Files\Android\Android Studio\jre\bin\VCRUNTIME140.dll
0x00007ffb20e90000 - 0x00007ffb21031000 	C:\WINDOWS\System32\USER32.dll
0x00007ffb0db80000 - 0x00007ffb0de1a000 	C:\WINDOWS\WinSxS\amd64_microsoft.windows.common-controls_6595b64144ccf1df_6.0.19041.1110_none_60b5254171f9507e\COMCTL32.dll
0x00007ffb1f700000 - 0x00007ffb1f722000 	C:\WINDOWS\System32\win32u.dll
0x00007ffb21570000 - 0x00007ffb2160e000 	C:\WINDOWS\System32\msvcrt.dll
0x00007ffb21040000 - 0x00007ffb2106b000 	C:\WINDOWS\System32\GDI32.dll
0x00007ffb1f8b0000 - 0x00007ffb1f9bb000 	C:\WINDOWS\System32\gdi32full.dll
0x00007ffb1f730000 - 0x00007ffb1f7cd000 	C:\WINDOWS\System32\msvcp_win.dll
0x00007ffb20c40000 - 0x00007ffb20c70000 	C:\WINDOWS\System32\IMM32.DLL
0x00007ffb141e0000 - 0x00007ffb1427d000 	C:\Program Files\Android\Android Studio\jre\bin\msvcp140.dll
0x00007ffa9d910000 - 0x00007ffa9e3df000 	C:\Program Files\Android\Android Studio\jre\bin\server\jvm.dll
0x00007ffb21430000 - 0x00007ffb214dc000 	C:\WINDOWS\System32\ADVAPI32.dll
0x00007ffb1fd80000 - 0x00007ffb1fe1b000 	C:\WINDOWS\System32\sechost.dll
0x00007ffb1fea0000 - 0x00007ffb1ffca000 	C:\WINDOWS\System32\RPCRT4.dll
0x00007ffb21290000 - 0x00007ffb21298000 	C:\WINDOWS\System32\PSAPI.DLL
0x00007ffb14d30000 - 0x00007ffb14d57000 	C:\WINDOWS\SYSTEM32\WINMM.dll
0x00007ffb14d20000 - 0x00007ffb14d29000 	C:\WINDOWS\SYSTEM32\WSOCK32.dll
0x00007ffb21070000 - 0x00007ffb210db000 	C:\WINDOWS\System32\WS2_32.dll
0x00007ffb18fb0000 - 0x00007ffb18fba000 	C:\WINDOWS\SYSTEM32\VERSION.dll
0x00007ffb1d960000 - 0x00007ffb1d972000 	C:\WINDOWS\SYSTEM32\kernel.appcore.dll
0x00007ffb19480000 - 0x00007ffb19491000 	C:\Program Files\Android\Android Studio\jre\bin\verify.dll
0x00007ffb1cf80000 - 0x00007ffb1d164000 	C:\WINDOWS\SYSTEM32\DBGHELP.DLL
0x00007ffb11780000 - 0x00007ffb117ac000 	C:\WINDOWS\SYSTEM32\dbgcore.DLL
0x00007ffb1f570000 - 0x00007ffb1f5f3000 	C:\WINDOWS\System32\bcryptPrimitives.dll
0x00007ffb0bcc0000 - 0x00007ffb0bce9000 	C:\Program Files\Android\Android Studio\jre\bin\java.dll
0x00007ffb1a4f0000 - 0x00007ffb1a4fb000 	C:\Program Files\Android\Android Studio\jre\bin\jimage.dll
0x00007ffb0bca0000 - 0x00007ffb0bcb8000 	C:\Program Files\Android\Android Studio\jre\bin\zip.dll
0x00007ffb1ffd0000 - 0x00007ffb2070f000 	C:\WINDOWS\System32\SHELL32.dll
0x00007ffb1d190000 - 0x00007ffb1d920000 	C:\WINDOWS\SYSTEM32\windows.storage.dll
0x00007ffb1fa20000 - 0x00007ffb1fd75000 	C:\WINDOWS\System32\combase.dll
0x00007ffb1eae0000 - 0x00007ffb1eb0c000 	C:\WINDOWS\SYSTEM32\Wldp.dll
0x00007ffb20c70000 - 0x00007ffb20d1d000 	C:\WINDOWS\System32\SHCORE.dll
0x00007ffb1f9c0000 - 0x00007ffb1fa15000 	C:\WINDOWS\System32\shlwapi.dll
0x00007ffb1efd0000 - 0x00007ffb1efef000 	C:\WINDOWS\SYSTEM32\profapi.dll
0x00007ffb0bc80000 - 0x00007ffb0bc9a000 	C:\Program Files\Android\Android Studio\jre\bin\net.dll
0x00007ffb16e80000 - 0x00007ffb16f88000 	C:\WINDOWS\SYSTEM32\WINHTTP.dll
0x00007ffb1e840000 - 0x00007ffb1e8aa000 	C:\WINDOWS\system32\mswsock.dll
0x00007ffb0bc60000 - 0x00007ffb0bc74000 	C:\Program Files\Android\Android Studio\jre\bin\nio.dll
0x00007ffb195e0000 - 0x00007ffb19607000 	C:\Users\Ando\.gradle\native\8bec1ad78214c89d9ad589b4d07fe93259594b29d510b10fafb7a158f7737e5d\windows-amd64\native-platform.dll
0x00007ffaf45b0000 - 0x00007ffaf46ed000 	C:\Users\Ando\.gradle\native\53dbd7edfb1c66fb8903c78663c9afc45aea4f116125fa6feffd364cf09443e8\windows-amd64\native-platform-file-events.dll
0x00007ffb1a4c0000 - 0x00007ffb1a4ca000 	C:\Program Files\Android\Android Studio\jre\bin\management.dll
0x00007ffb19550000 - 0x00007ffb1955c000 	C:\Program Files\Android\Android Studio\jre\bin\management_ext.dll
0x00007ffb1ea30000 - 0x00007ffb1ea48000 	C:\WINDOWS\SYSTEM32\CRYPTSP.dll
0x00007ffb1e150000 - 0x00007ffb1e184000 	C:\WINDOWS\system32\rsaenh.dll
0x00007ffb1f820000 - 0x00007ffb1f847000 	C:\WINDOWS\System32\bcrypt.dll
0x00007ffb1ef90000 - 0x00007ffb1efbe000 	C:\WINDOWS\SYSTEM32\USERENV.dll
0x00007ffb1ea50000 - 0x00007ffb1ea5c000 	C:\WINDOWS\SYSTEM32\CRYPTBASE.dll
0x00007ffb1e4e0000 - 0x00007ffb1e51b000 	C:\WINDOWS\SYSTEM32\IPHLPAPI.DLL
0x00007ffb21610000 - 0x00007ffb21618000 	C:\WINDOWS\System32\NSI.dll
0x00007ffb18f50000 - 0x00007ffb18f67000 	C:\WINDOWS\SYSTEM32\dhcpcsvc6.DLL
0x00007ffb18800000 - 0x00007ffb1881d000 	C:\WINDOWS\SYSTEM32\dhcpcsvc.DLL
0x00007ffb1e520000 - 0x00007ffb1e5ec000 	C:\WINDOWS\SYSTEM32\DNSAPI.dll

dbghelp: loaded successfully - version: 4.0.5 - missing functions: none
symbol engine: initialized successfully - sym options: 0x614 - pdb path: .;C:\Program Files\Android\Android Studio\jre\bin;C:\WINDOWS\SYSTEM32;C:\WINDOWS\WinSxS\amd64_microsoft.windows.common-controls_6595b64144ccf1df_6.0.19041.1110_none_60b5254171f9507e;C:\Program Files\Android\Android Studio\jre\bin\server;C:\Users\Ando\.gradle\native\8bec1ad78214c89d9ad589b4d07fe93259594b29d510b10fafb7a158f7737e5d\windows-amd64;C:\Users\Ando\.gradle\native\53dbd7edfb1c66fb8903c78663c9afc45aea4f116125fa6feffd364cf09443e8\windows-amd64

VM Arguments:
jvm_args: --add-opens=java.base/java.util=ALL-UNNAMED --add-opens=java.base/java.lang=ALL-UNNAMED --add-opens=java.base/java.lang.invoke=ALL-UNNAMED --add-opens=java.base/java.util=ALL-UNNAMED --add-opens=java.prefs/java.util.prefs=ALL-UNNAMED --add-opens=java.prefs/java.util.prefs=ALL-UNNAMED --add-opens=java.base/java.nio.charset=ALL-UNNAMED --add-opens=java.base/java.net=ALL-UNNAMED --add-opens=java.base/java.util.concurrent.atomic=ALL-UNNAMED -Xmx2048m -Dfile.encoding=UTF-8 -Duser.country=US -Duser.language=en -Duser.variant 
java_command: org.gradle.launcher.daemon.bootstrap.GradleDaemon 7.0.2
java_class_path (initial): C:\Users\Ando\.gradle\wrapper\dists\gradle-7.0.2-bin\857tjihv64xamwrf0h14cai3r\gradle-7.0.2\lib\gradle-launcher-7.0.2.jar
Launcher Type: SUN_STANDARD

[Global flags]
     intx CICompilerCount                          = 4                                         {product} {ergonomic}
     uint ConcGCThreads                            = 2                                         {product} {ergonomic}
     uint G1ConcRefinementThreads                  = 8                                         {product} {ergonomic}
   size_t G1HeapRegionSize                         = 1048576                                   {product} {ergonomic}
    uintx GCDrainStackTargetSize                   = 64                                        {product} {ergonomic}
   size_t InitialHeapSize                          = 268435456                                 {product} {ergonomic}
   size_t MarkStackSize                            = 4194304                                   {product} {ergonomic}
   size_t MaxHeapSize                              = 2147483648                                {product} {command line}
   size_t MaxNewSize                               = 1287651328                                {product} {ergonomic}
   size_t MinHeapDeltaBytes                        = 1048576                                   {product} {ergonomic}
    uintx NonNMethodCodeHeapSize                   = 5836300                                {pd product} {ergonomic}
    uintx NonProfiledCodeHeapSize                  = 122910970                              {pd product} {ergonomic}
    uintx ProfiledCodeHeapSize                     = 122910970                              {pd product} {ergonomic}
    uintx ReservedCodeCacheSize                    = 251658240                              {pd product} {ergonomic}
     bool SegmentedCodeCache                       = true                                      {product} {ergonomic}
     bool UseCompressedClassPointers               = true                                 {lp64_product} {ergonomic}
     bool UseCompressedOops                        = true                                 {lp64_product} {ergonomic}
     bool UseG1GC                                  = true                                      {product} {ergonomic}
     bool UseLargePagesIndividualAllocation        = false                                  {pd product} {ergonomic}

Logging:
Log output configuration:
 #0: stdout all=warning uptime,level,tags
 #1: stderr all=off uptime,level,tags

Environment Variables:
JAVA_HOME=C:\Program Files\AdoptOpenJDK\jdk-8.0.272.10-hotspot\
PATH=C:\RoboDK\Python37\Scripts\;C:\RoboDK\Python37\;C:\Program Files\AdoptOpenJDK\jdk-11.0.9.11-hotspot\bin;C:\Program Files\AdoptOpenJDK\jdk-8.0.272.10-hotspot\bin;C:\Program Files (x86)\AdoptOpenJDK\jdk-8.0.272.10-hotspot\bin;C:\Program Files\AdoptOpenJDK\jre-11.0.9.11-hotspot\bin;C:\Program Files (x86)\AdoptOpenJDK\jre-8.0.272.10-hotspot\bin;C:\WINDOWS\system32;C:\WINDOWS;C:\WINDOWS\System32\Wbem;C:\WINDOWS\System32\WindowsPowerShell\v1.0\;C:\Program Files\Microsoft VS Code\bin;C:\WINDOWS\System32\OpenSSH\;C:\Program Files\NVIDIA Corporation\NVIDIA NvDLISR;C:\Program Files (x86)\NVIDIA Corporation\PhysX\Common;C:\WINDOWS\system32;C:\WINDOWS;C:\WINDOWS\System32\Wbem;C:\WINDOWS\System32\WindowsPowerShell\v1.0\;C:\WINDOWS\System32\OpenSSH\;C:\Program Files\dotnet\;C:\Program Files (x86)\dotnet\;C:\Program Files (x86)\CODESYS\APInstaller\;C:\Program Files\MATLAB\R2021a\bin;C:\Program Files\Git\cmd;C:\Users\Ando\AppData\Local\Microsoft\WindowsApps;
USERNAME=Ando
OS=Windows_NT
PROCESSOR_IDENTIFIER=Intel64 Family 6 Model 94 Stepping 3, GenuineIntel



---------------  S Y S T E M  ---------------

OS: Windows 10 , 64 bit Build 19041 (10.0.19041.1202)
OS uptime: 1 days 13:26 hours

CPU:total 8 (initial active 8) (4 cores per cpu, 2 threads per core) family 6 model 94 stepping 3 microcode 0xcc, cmov, cx8, fxsr, mmx, sse, sse2, sse3, ssse3, sse4.1, sse4.2, popcnt, avx, avx2, aes, clmul, erms, rtm, 3dnowpref, lzcnt, ht, tsc, tscinvbit, bmi1, bmi2, adx, fma

Memory: 4k page, system-wide physical 16299M (6040M free)
TotalPageFile size 26299M (AvailPageFile size 5M)
current process WorkingSet (physical memory assigned to process): 445M, peak: 448M
current process commit charge ("private bytes"): 524M, peak: 528M

vm_info: OpenJDK 64-Bit Server VM (11.0.10+0-b96-7249189) for windows-amd64 JRE (11.0.10+0-b96-7249189), built on Mar 31 2021 21:44:00 by "builder" with MS VC++ 14.0 (VS2015)

END.
